<?xml version="1.0" encoding="UTF-8"?>
<testsuite xmlns:xsi="http://www.w3.org/2001/XMLSchema-instance" xsi:noNamespaceSchemaLocation="https://maven.apache.org/surefire/maven-surefire-plugin/xsd/surefire-test-report.xsd" name="com.example.demo.repository.PersonRepoTest" time="3.831" tests="7" errors="2" skipped="0" failures="0">
  <properties>
    <property name="java.specification.version" value="19"/>
    <property name="sun.jnu.encoding" value="UTF-8"/>
    <property name="java.class.path" value="/Users/walidaddouche/Downloads/demo 2/target/test-classes:/Users/walidaddouche/Downloads/demo 2/target/classes:/Users/walidaddouche/.m2/repository/org/springframework/boot/spring-boot-starter-data-jpa/2.7.10/spring-boot-starter-data-jpa-2.7.10.jar:/Users/walidaddouche/.m2/repository/org/springframework/boot/spring-boot-starter-aop/2.7.10/spring-boot-starter-aop-2.7.10.jar:/Users/walidaddouche/.m2/repository/org/aspectj/aspectjweaver/1.9.7/aspectjweaver-1.9.7.jar:/Users/walidaddouche/.m2/repository/org/springframework/boot/spring-boot-starter-jdbc/2.7.10/spring-boot-starter-jdbc-2.7.10.jar:/Users/walidaddouche/.m2/repository/com/zaxxer/HikariCP/4.0.3/HikariCP-4.0.3.jar:/Users/walidaddouche/.m2/repository/org/springframework/spring-jdbc/5.3.26/spring-jdbc-5.3.26.jar:/Users/walidaddouche/.m2/repository/jakarta/transaction/jakarta.transaction-api/1.3.3/jakarta.transaction-api-1.3.3.jar:/Users/walidaddouche/.m2/repository/jakarta/persistence/jakarta.persistence-api/2.2.3/jakarta.persistence-api-2.2.3.jar:/Users/walidaddouche/.m2/repository/org/hibernate/hibernate-core/5.6.15.Final/hibernate-core-5.6.15.Final.jar:/Users/walidaddouche/.m2/repository/org/jboss/logging/jboss-logging/3.4.3.Final/jboss-logging-3.4.3.Final.jar:/Users/walidaddouche/.m2/repository/net/bytebuddy/byte-buddy/1.12.23/byte-buddy-1.12.23.jar:/Users/walidaddouche/.m2/repository/antlr/antlr/2.7.7/antlr-2.7.7.jar:/Users/walidaddouche/.m2/repository/org/jboss/jandex/2.4.2.Final/jandex-2.4.2.Final.jar:/Users/walidaddouche/.m2/repository/com/fasterxml/classmate/1.5.1/classmate-1.5.1.jar:/Users/walidaddouche/.m2/repository/org/hibernate/common/hibernate-commons-annotations/5.1.2.Final/hibernate-commons-annotations-5.1.2.Final.jar:/Users/walidaddouche/.m2/repository/org/glassfish/jaxb/jaxb-runtime/2.3.8/jaxb-runtime-2.3.8.jar:/Users/walidaddouche/.m2/repository/org/glassfish/jaxb/txw2/2.3.8/txw2-2.3.8.jar:/Users/walidaddouche/.m2/repository/com/sun/istack/istack-commons-runtime/3.0.12/istack-commons-runtime-3.0.12.jar:/Users/walidaddouche/.m2/repository/org/springframework/data/spring-data-jpa/2.7.10/spring-data-jpa-2.7.10.jar:/Users/walidaddouche/.m2/repository/org/springframework/data/spring-data-commons/2.7.10/spring-data-commons-2.7.10.jar:/Users/walidaddouche/.m2/repository/org/springframework/spring-orm/5.3.26/spring-orm-5.3.26.jar:/Users/walidaddouche/.m2/repository/org/springframework/spring-context/5.3.26/spring-context-5.3.26.jar:/Users/walidaddouche/.m2/repository/org/springframework/spring-tx/5.3.26/spring-tx-5.3.26.jar:/Users/walidaddouche/.m2/repository/org/springframework/spring-beans/5.3.26/spring-beans-5.3.26.jar:/Users/walidaddouche/.m2/repository/org/slf4j/slf4j-api/1.7.36/slf4j-api-1.7.36.jar:/Users/walidaddouche/.m2/repository/org/springframework/spring-aspects/5.3.26/spring-aspects-5.3.26.jar:/Users/walidaddouche/.m2/repository/org/springframework/boot/spring-boot-starter-tomcat/2.4.4/spring-boot-starter-tomcat-2.4.4.jar:/Users/walidaddouche/.m2/repository/jakarta/annotation/jakarta.annotation-api/1.3.5/jakarta.annotation-api-1.3.5.jar:/Users/walidaddouche/.m2/repository/org/apache/tomcat/embed/tomcat-embed-core/9.0.73/tomcat-embed-core-9.0.73.jar:/Users/walidaddouche/.m2/repository/org/glassfish/jakarta.el/3.0.4/jakarta.el-3.0.4.jar:/Users/walidaddouche/.m2/repository/org/apache/tomcat/embed/tomcat-embed-websocket/9.0.73/tomcat-embed-websocket-9.0.73.jar:/Users/walidaddouche/.m2/repository/org/springframework/boot/spring-boot-starter-web/3.0.5/spring-boot-starter-web-3.0.5.jar:/Users/walidaddouche/.m2/repository/org/springframework/boot/spring-boot-starter/2.7.10/spring-boot-starter-2.7.10.jar:/Users/walidaddouche/.m2/repository/org/springframework/boot/spring-boot/2.7.10/spring-boot-2.7.10.jar:/Users/walidaddouche/.m2/repository/org/springframework/boot/spring-boot-autoconfigure/2.7.10/spring-boot-autoconfigure-2.7.10.jar:/Users/walidaddouche/.m2/repository/org/springframework/boot/spring-boot-starter-logging/2.7.10/spring-boot-starter-logging-2.7.10.jar:/Users/walidaddouche/.m2/repository/ch/qos/logback/logback-classic/1.2.11/logback-classic-1.2.11.jar:/Users/walidaddouche/.m2/repository/ch/qos/logback/logback-core/1.2.11/logback-core-1.2.11.jar:/Users/walidaddouche/.m2/repository/org/apache/logging/log4j/log4j-to-slf4j/2.17.2/log4j-to-slf4j-2.17.2.jar:/Users/walidaddouche/.m2/repository/org/apache/logging/log4j/log4j-api/2.17.2/log4j-api-2.17.2.jar:/Users/walidaddouche/.m2/repository/org/slf4j/jul-to-slf4j/1.7.36/jul-to-slf4j-1.7.36.jar:/Users/walidaddouche/.m2/repository/org/yaml/snakeyaml/1.30/snakeyaml-1.30.jar:/Users/walidaddouche/.m2/repository/org/springframework/boot/spring-boot-starter-json/2.7.10/spring-boot-starter-json-2.7.10.jar:/Users/walidaddouche/.m2/repository/com/fasterxml/jackson/core/jackson-databind/2.13.5/jackson-databind-2.13.5.jar:/Users/walidaddouche/.m2/repository/com/fasterxml/jackson/core/jackson-annotations/2.13.5/jackson-annotations-2.13.5.jar:/Users/walidaddouche/.m2/repository/com/fasterxml/jackson/core/jackson-core/2.13.5/jackson-core-2.13.5.jar:/Users/walidaddouche/.m2/repository/com/fasterxml/jackson/datatype/jackson-datatype-jdk8/2.13.5/jackson-datatype-jdk8-2.13.5.jar:/Users/walidaddouche/.m2/repository/com/fasterxml/jackson/datatype/jackson-datatype-jsr310/2.13.5/jackson-datatype-jsr310-2.13.5.jar:/Users/walidaddouche/.m2/repository/com/fasterxml/jackson/module/jackson-module-parameter-names/2.13.5/jackson-module-parameter-names-2.13.5.jar:/Users/walidaddouche/.m2/repository/org/springframework/spring-web/5.3.26/spring-web-5.3.26.jar:/Users/walidaddouche/.m2/repository/org/springframework/spring-webmvc/5.3.26/spring-webmvc-5.3.26.jar:/Users/walidaddouche/.m2/repository/org/springframework/spring-expression/5.3.26/spring-expression-5.3.26.jar:/Users/walidaddouche/.m2/repository/javax/servlet/jstl/1.2/jstl-1.2.jar:/Users/walidaddouche/.m2/repository/com/h2database/h2/2.1.214/h2-2.1.214.jar:/Users/walidaddouche/.m2/repository/org/springframework/boot/spring-boot-starter-test/2.7.10/spring-boot-starter-test-2.7.10.jar:/Users/walidaddouche/.m2/repository/org/springframework/boot/spring-boot-test/2.7.10/spring-boot-test-2.7.10.jar:/Users/walidaddouche/.m2/repository/org/springframework/boot/spring-boot-test-autoconfigure/2.7.10/spring-boot-test-autoconfigure-2.7.10.jar:/Users/walidaddouche/.m2/repository/com/jayway/jsonpath/json-path/2.7.0/json-path-2.7.0.jar:/Users/walidaddouche/.m2/repository/net/minidev/json-smart/2.4.10/json-smart-2.4.10.jar:/Users/walidaddouche/.m2/repository/net/minidev/accessors-smart/2.4.9/accessors-smart-2.4.9.jar:/Users/walidaddouche/.m2/repository/org/ow2/asm/asm/9.3/asm-9.3.jar:/Users/walidaddouche/.m2/repository/jakarta/xml/bind/jakarta.xml.bind-api/2.3.3/jakarta.xml.bind-api-2.3.3.jar:/Users/walidaddouche/.m2/repository/jakarta/activation/jakarta.activation-api/1.2.2/jakarta.activation-api-1.2.2.jar:/Users/walidaddouche/.m2/repository/org/assertj/assertj-core/3.22.0/assertj-core-3.22.0.jar:/Users/walidaddouche/.m2/repository/org/hamcrest/hamcrest/2.2/hamcrest-2.2.jar:/Users/walidaddouche/.m2/repository/org/junit/jupiter/junit-jupiter/5.8.2/junit-jupiter-5.8.2.jar:/Users/walidaddouche/.m2/repository/org/junit/jupiter/junit-jupiter-api/5.8.2/junit-jupiter-api-5.8.2.jar:/Users/walidaddouche/.m2/repository/org/opentest4j/opentest4j/1.2.0/opentest4j-1.2.0.jar:/Users/walidaddouche/.m2/repository/org/junit/platform/junit-platform-commons/1.8.2/junit-platform-commons-1.8.2.jar:/Users/walidaddouche/.m2/repository/org/apiguardian/apiguardian-api/1.1.2/apiguardian-api-1.1.2.jar:/Users/walidaddouche/.m2/repository/org/junit/jupiter/junit-jupiter-params/5.8.2/junit-jupiter-params-5.8.2.jar:/Users/walidaddouche/.m2/repository/org/junit/jupiter/junit-jupiter-engine/5.8.2/junit-jupiter-engine-5.8.2.jar:/Users/walidaddouche/.m2/repository/org/junit/platform/junit-platform-engine/1.8.2/junit-platform-engine-1.8.2.jar:/Users/walidaddouche/.m2/repository/org/mockito/mockito-core/4.5.1/mockito-core-4.5.1.jar:/Users/walidaddouche/.m2/repository/net/bytebuddy/byte-buddy-agent/1.12.23/byte-buddy-agent-1.12.23.jar:/Users/walidaddouche/.m2/repository/org/objenesis/objenesis/3.2/objenesis-3.2.jar:/Users/walidaddouche/.m2/repository/org/mockito/mockito-junit-jupiter/4.5.1/mockito-junit-jupiter-4.5.1.jar:/Users/walidaddouche/.m2/repository/org/skyscreamer/jsonassert/1.5.1/jsonassert-1.5.1.jar:/Users/walidaddouche/.m2/repository/com/vaadin/external/google/android-json/0.0.20131108.vaadin1/android-json-0.0.20131108.vaadin1.jar:/Users/walidaddouche/.m2/repository/org/springframework/spring-core/5.3.26/spring-core-5.3.26.jar:/Users/walidaddouche/.m2/repository/org/springframework/spring-jcl/5.3.26/spring-jcl-5.3.26.jar:/Users/walidaddouche/.m2/repository/org/springframework/spring-test/5.3.26/spring-test-5.3.26.jar:/Users/walidaddouche/.m2/repository/org/xmlunit/xmlunit-core/2.9.1/xmlunit-core-2.9.1.jar:/Users/walidaddouche/.m2/repository/org/projectlombok/lombok/1.18.26/lombok-1.18.26.jar:/Users/walidaddouche/.m2/repository/org/apache/tomcat/embed/tomcat-embed-jasper/9.0.73/tomcat-embed-jasper-9.0.73.jar:/Users/walidaddouche/.m2/repository/org/apache/tomcat/embed/tomcat-embed-el/9.0.73/tomcat-embed-el-9.0.73.jar:/Users/walidaddouche/.m2/repository/org/eclipse/jdt/ecj/3.26.0/ecj-3.26.0.jar:/Users/walidaddouche/.m2/repository/org/springframework/boot/spring-boot-starter-actuator/2.7.10/spring-boot-starter-actuator-2.7.10.jar:/Users/walidaddouche/.m2/repository/org/springframework/boot/spring-boot-actuator-autoconfigure/2.7.10/spring-boot-actuator-autoconfigure-2.7.10.jar:/Users/walidaddouche/.m2/repository/org/springframework/boot/spring-boot-actuator/2.7.10/spring-boot-actuator-2.7.10.jar:/Users/walidaddouche/.m2/repository/io/micrometer/micrometer-core/1.9.9/micrometer-core-1.9.9.jar:/Users/walidaddouche/.m2/repository/org/hdrhistogram/HdrHistogram/2.1.12/HdrHistogram-2.1.12.jar:/Users/walidaddouche/.m2/repository/org/latencyutils/LatencyUtils/2.0.3/LatencyUtils-2.0.3.jar:/Users/walidaddouche/.m2/repository/org/springframework/boot/spring-boot-starter-mail/2.7.10/spring-boot-starter-mail-2.7.10.jar:/Users/walidaddouche/.m2/repository/org/springframework/spring-context-support/5.3.26/spring-context-support-5.3.26.jar:/Users/walidaddouche/.m2/repository/com/sun/mail/jakarta.mail/1.6.7/jakarta.mail-1.6.7.jar:/Users/walidaddouche/.m2/repository/com/sun/activation/jakarta.activation/1.2.2/jakarta.activation-1.2.2.jar:/Users/walidaddouche/.m2/repository/com/github/javafaker/javafaker/1.0.2/javafaker-1.0.2.jar:/Users/walidaddouche/.m2/repository/org/apache/commons/commons-lang3/3.12.0/commons-lang3-3.12.0.jar:/Users/walidaddouche/.m2/repository/org/yaml/snakeyaml/1.23/snakeyaml-1.23-android.jar:/Users/walidaddouche/.m2/repository/com/github/mifmif/generex/1.0.2/generex-1.0.2.jar:/Users/walidaddouche/.m2/repository/dk/brics/automaton/automaton/1.11-8/automaton-1.11-8.jar:/Users/walidaddouche/.m2/repository/org/springframework/boot/spring-boot-starter-security/2.7.10/spring-boot-starter-security-2.7.10.jar:/Users/walidaddouche/.m2/repository/org/springframework/spring-aop/5.3.26/spring-aop-5.3.26.jar:/Users/walidaddouche/.m2/repository/org/springframework/security/spring-security-config/5.7.7/spring-security-config-5.7.7.jar:/Users/walidaddouche/.m2/repository/org/springframework/security/spring-security-core/5.7.7/spring-security-core-5.7.7.jar:/Users/walidaddouche/.m2/repository/org/springframework/security/spring-security-crypto/5.7.7/spring-security-crypto-5.7.7.jar:/Users/walidaddouche/.m2/repository/org/springframework/security/spring-security-web/5.7.7/spring-security-web-5.7.7.jar:"/>
    <property name="java.vm.vendor" value="Homebrew"/>
    <property name="sun.arch.data.model" value="64"/>
    <property name="java.vendor.url" value="https://github.com/Homebrew/homebrew-core/issues"/>
    <property name="os.name" value="Mac OS X"/>
    <property name="java.vm.specification.version" value="19"/>
    <property name="sun.java.launcher" value="SUN_STANDARD"/>
    <property name="user.country" value="FR"/>
    <property name="sun.boot.library.path" value="/opt/homebrew/Cellar/openjdk/19.0.2/libexec/openjdk.jdk/Contents/Home/lib"/>
    <property name="sun.java.command" value="/Users/walidaddouche/Downloads/demo 2/target/surefire/surefirebooter14748822056895925585.jar /Users/walidaddouche/Downloads/demo 2/target/surefire 2023-04-12T22-44-00_913-jvmRun1 surefire18004367793596528389tmp surefire_02406645842436142829tmp"/>
    <property name="http.nonProxyHosts" value="local|*.local|169.254/16|*.169.254/16"/>
    <property name="jdk.debug" value="release"/>
    <property name="surefire.test.class.path" value="/Users/walidaddouche/Downloads/demo 2/target/test-classes:/Users/walidaddouche/Downloads/demo 2/target/classes:/Users/walidaddouche/.m2/repository/org/springframework/boot/spring-boot-starter-data-jpa/2.7.10/spring-boot-starter-data-jpa-2.7.10.jar:/Users/walidaddouche/.m2/repository/org/springframework/boot/spring-boot-starter-aop/2.7.10/spring-boot-starter-aop-2.7.10.jar:/Users/walidaddouche/.m2/repository/org/aspectj/aspectjweaver/1.9.7/aspectjweaver-1.9.7.jar:/Users/walidaddouche/.m2/repository/org/springframework/boot/spring-boot-starter-jdbc/2.7.10/spring-boot-starter-jdbc-2.7.10.jar:/Users/walidaddouche/.m2/repository/com/zaxxer/HikariCP/4.0.3/HikariCP-4.0.3.jar:/Users/walidaddouche/.m2/repository/org/springframework/spring-jdbc/5.3.26/spring-jdbc-5.3.26.jar:/Users/walidaddouche/.m2/repository/jakarta/transaction/jakarta.transaction-api/1.3.3/jakarta.transaction-api-1.3.3.jar:/Users/walidaddouche/.m2/repository/jakarta/persistence/jakarta.persistence-api/2.2.3/jakarta.persistence-api-2.2.3.jar:/Users/walidaddouche/.m2/repository/org/hibernate/hibernate-core/5.6.15.Final/hibernate-core-5.6.15.Final.jar:/Users/walidaddouche/.m2/repository/org/jboss/logging/jboss-logging/3.4.3.Final/jboss-logging-3.4.3.Final.jar:/Users/walidaddouche/.m2/repository/net/bytebuddy/byte-buddy/1.12.23/byte-buddy-1.12.23.jar:/Users/walidaddouche/.m2/repository/antlr/antlr/2.7.7/antlr-2.7.7.jar:/Users/walidaddouche/.m2/repository/org/jboss/jandex/2.4.2.Final/jandex-2.4.2.Final.jar:/Users/walidaddouche/.m2/repository/com/fasterxml/classmate/1.5.1/classmate-1.5.1.jar:/Users/walidaddouche/.m2/repository/org/hibernate/common/hibernate-commons-annotations/5.1.2.Final/hibernate-commons-annotations-5.1.2.Final.jar:/Users/walidaddouche/.m2/repository/org/glassfish/jaxb/jaxb-runtime/2.3.8/jaxb-runtime-2.3.8.jar:/Users/walidaddouche/.m2/repository/org/glassfish/jaxb/txw2/2.3.8/txw2-2.3.8.jar:/Users/walidaddouche/.m2/repository/com/sun/istack/istack-commons-runtime/3.0.12/istack-commons-runtime-3.0.12.jar:/Users/walidaddouche/.m2/repository/org/springframework/data/spring-data-jpa/2.7.10/spring-data-jpa-2.7.10.jar:/Users/walidaddouche/.m2/repository/org/springframework/data/spring-data-commons/2.7.10/spring-data-commons-2.7.10.jar:/Users/walidaddouche/.m2/repository/org/springframework/spring-orm/5.3.26/spring-orm-5.3.26.jar:/Users/walidaddouche/.m2/repository/org/springframework/spring-context/5.3.26/spring-context-5.3.26.jar:/Users/walidaddouche/.m2/repository/org/springframework/spring-tx/5.3.26/spring-tx-5.3.26.jar:/Users/walidaddouche/.m2/repository/org/springframework/spring-beans/5.3.26/spring-beans-5.3.26.jar:/Users/walidaddouche/.m2/repository/org/slf4j/slf4j-api/1.7.36/slf4j-api-1.7.36.jar:/Users/walidaddouche/.m2/repository/org/springframework/spring-aspects/5.3.26/spring-aspects-5.3.26.jar:/Users/walidaddouche/.m2/repository/org/springframework/boot/spring-boot-starter-tomcat/2.4.4/spring-boot-starter-tomcat-2.4.4.jar:/Users/walidaddouche/.m2/repository/jakarta/annotation/jakarta.annotation-api/1.3.5/jakarta.annotation-api-1.3.5.jar:/Users/walidaddouche/.m2/repository/org/apache/tomcat/embed/tomcat-embed-core/9.0.73/tomcat-embed-core-9.0.73.jar:/Users/walidaddouche/.m2/repository/org/glassfish/jakarta.el/3.0.4/jakarta.el-3.0.4.jar:/Users/walidaddouche/.m2/repository/org/apache/tomcat/embed/tomcat-embed-websocket/9.0.73/tomcat-embed-websocket-9.0.73.jar:/Users/walidaddouche/.m2/repository/org/springframework/boot/spring-boot-starter-web/3.0.5/spring-boot-starter-web-3.0.5.jar:/Users/walidaddouche/.m2/repository/org/springframework/boot/spring-boot-starter/2.7.10/spring-boot-starter-2.7.10.jar:/Users/walidaddouche/.m2/repository/org/springframework/boot/spring-boot/2.7.10/spring-boot-2.7.10.jar:/Users/walidaddouche/.m2/repository/org/springframework/boot/spring-boot-autoconfigure/2.7.10/spring-boot-autoconfigure-2.7.10.jar:/Users/walidaddouche/.m2/repository/org/springframework/boot/spring-boot-starter-logging/2.7.10/spring-boot-starter-logging-2.7.10.jar:/Users/walidaddouche/.m2/repository/ch/qos/logback/logback-classic/1.2.11/logback-classic-1.2.11.jar:/Users/walidaddouche/.m2/repository/ch/qos/logback/logback-core/1.2.11/logback-core-1.2.11.jar:/Users/walidaddouche/.m2/repository/org/apache/logging/log4j/log4j-to-slf4j/2.17.2/log4j-to-slf4j-2.17.2.jar:/Users/walidaddouche/.m2/repository/org/apache/logging/log4j/log4j-api/2.17.2/log4j-api-2.17.2.jar:/Users/walidaddouche/.m2/repository/org/slf4j/jul-to-slf4j/1.7.36/jul-to-slf4j-1.7.36.jar:/Users/walidaddouche/.m2/repository/org/yaml/snakeyaml/1.30/snakeyaml-1.30.jar:/Users/walidaddouche/.m2/repository/org/springframework/boot/spring-boot-starter-json/2.7.10/spring-boot-starter-json-2.7.10.jar:/Users/walidaddouche/.m2/repository/com/fasterxml/jackson/core/jackson-databind/2.13.5/jackson-databind-2.13.5.jar:/Users/walidaddouche/.m2/repository/com/fasterxml/jackson/core/jackson-annotations/2.13.5/jackson-annotations-2.13.5.jar:/Users/walidaddouche/.m2/repository/com/fasterxml/jackson/core/jackson-core/2.13.5/jackson-core-2.13.5.jar:/Users/walidaddouche/.m2/repository/com/fasterxml/jackson/datatype/jackson-datatype-jdk8/2.13.5/jackson-datatype-jdk8-2.13.5.jar:/Users/walidaddouche/.m2/repository/com/fasterxml/jackson/datatype/jackson-datatype-jsr310/2.13.5/jackson-datatype-jsr310-2.13.5.jar:/Users/walidaddouche/.m2/repository/com/fasterxml/jackson/module/jackson-module-parameter-names/2.13.5/jackson-module-parameter-names-2.13.5.jar:/Users/walidaddouche/.m2/repository/org/springframework/spring-web/5.3.26/spring-web-5.3.26.jar:/Users/walidaddouche/.m2/repository/org/springframework/spring-webmvc/5.3.26/spring-webmvc-5.3.26.jar:/Users/walidaddouche/.m2/repository/org/springframework/spring-expression/5.3.26/spring-expression-5.3.26.jar:/Users/walidaddouche/.m2/repository/javax/servlet/jstl/1.2/jstl-1.2.jar:/Users/walidaddouche/.m2/repository/com/h2database/h2/2.1.214/h2-2.1.214.jar:/Users/walidaddouche/.m2/repository/org/springframework/boot/spring-boot-starter-test/2.7.10/spring-boot-starter-test-2.7.10.jar:/Users/walidaddouche/.m2/repository/org/springframework/boot/spring-boot-test/2.7.10/spring-boot-test-2.7.10.jar:/Users/walidaddouche/.m2/repository/org/springframework/boot/spring-boot-test-autoconfigure/2.7.10/spring-boot-test-autoconfigure-2.7.10.jar:/Users/walidaddouche/.m2/repository/com/jayway/jsonpath/json-path/2.7.0/json-path-2.7.0.jar:/Users/walidaddouche/.m2/repository/net/minidev/json-smart/2.4.10/json-smart-2.4.10.jar:/Users/walidaddouche/.m2/repository/net/minidev/accessors-smart/2.4.9/accessors-smart-2.4.9.jar:/Users/walidaddouche/.m2/repository/org/ow2/asm/asm/9.3/asm-9.3.jar:/Users/walidaddouche/.m2/repository/jakarta/xml/bind/jakarta.xml.bind-api/2.3.3/jakarta.xml.bind-api-2.3.3.jar:/Users/walidaddouche/.m2/repository/jakarta/activation/jakarta.activation-api/1.2.2/jakarta.activation-api-1.2.2.jar:/Users/walidaddouche/.m2/repository/org/assertj/assertj-core/3.22.0/assertj-core-3.22.0.jar:/Users/walidaddouche/.m2/repository/org/hamcrest/hamcrest/2.2/hamcrest-2.2.jar:/Users/walidaddouche/.m2/repository/org/junit/jupiter/junit-jupiter/5.8.2/junit-jupiter-5.8.2.jar:/Users/walidaddouche/.m2/repository/org/junit/jupiter/junit-jupiter-api/5.8.2/junit-jupiter-api-5.8.2.jar:/Users/walidaddouche/.m2/repository/org/opentest4j/opentest4j/1.2.0/opentest4j-1.2.0.jar:/Users/walidaddouche/.m2/repository/org/junit/platform/junit-platform-commons/1.8.2/junit-platform-commons-1.8.2.jar:/Users/walidaddouche/.m2/repository/org/apiguardian/apiguardian-api/1.1.2/apiguardian-api-1.1.2.jar:/Users/walidaddouche/.m2/repository/org/junit/jupiter/junit-jupiter-params/5.8.2/junit-jupiter-params-5.8.2.jar:/Users/walidaddouche/.m2/repository/org/junit/jupiter/junit-jupiter-engine/5.8.2/junit-jupiter-engine-5.8.2.jar:/Users/walidaddouche/.m2/repository/org/junit/platform/junit-platform-engine/1.8.2/junit-platform-engine-1.8.2.jar:/Users/walidaddouche/.m2/repository/org/mockito/mockito-core/4.5.1/mockito-core-4.5.1.jar:/Users/walidaddouche/.m2/repository/net/bytebuddy/byte-buddy-agent/1.12.23/byte-buddy-agent-1.12.23.jar:/Users/walidaddouche/.m2/repository/org/objenesis/objenesis/3.2/objenesis-3.2.jar:/Users/walidaddouche/.m2/repository/org/mockito/mockito-junit-jupiter/4.5.1/mockito-junit-jupiter-4.5.1.jar:/Users/walidaddouche/.m2/repository/org/skyscreamer/jsonassert/1.5.1/jsonassert-1.5.1.jar:/Users/walidaddouche/.m2/repository/com/vaadin/external/google/android-json/0.0.20131108.vaadin1/android-json-0.0.20131108.vaadin1.jar:/Users/walidaddouche/.m2/repository/org/springframework/spring-core/5.3.26/spring-core-5.3.26.jar:/Users/walidaddouche/.m2/repository/org/springframework/spring-jcl/5.3.26/spring-jcl-5.3.26.jar:/Users/walidaddouche/.m2/repository/org/springframework/spring-test/5.3.26/spring-test-5.3.26.jar:/Users/walidaddouche/.m2/repository/org/xmlunit/xmlunit-core/2.9.1/xmlunit-core-2.9.1.jar:/Users/walidaddouche/.m2/repository/org/projectlombok/lombok/1.18.26/lombok-1.18.26.jar:/Users/walidaddouche/.m2/repository/org/apache/tomcat/embed/tomcat-embed-jasper/9.0.73/tomcat-embed-jasper-9.0.73.jar:/Users/walidaddouche/.m2/repository/org/apache/tomcat/embed/tomcat-embed-el/9.0.73/tomcat-embed-el-9.0.73.jar:/Users/walidaddouche/.m2/repository/org/eclipse/jdt/ecj/3.26.0/ecj-3.26.0.jar:/Users/walidaddouche/.m2/repository/org/springframework/boot/spring-boot-starter-actuator/2.7.10/spring-boot-starter-actuator-2.7.10.jar:/Users/walidaddouche/.m2/repository/org/springframework/boot/spring-boot-actuator-autoconfigure/2.7.10/spring-boot-actuator-autoconfigure-2.7.10.jar:/Users/walidaddouche/.m2/repository/org/springframework/boot/spring-boot-actuator/2.7.10/spring-boot-actuator-2.7.10.jar:/Users/walidaddouche/.m2/repository/io/micrometer/micrometer-core/1.9.9/micrometer-core-1.9.9.jar:/Users/walidaddouche/.m2/repository/org/hdrhistogram/HdrHistogram/2.1.12/HdrHistogram-2.1.12.jar:/Users/walidaddouche/.m2/repository/org/latencyutils/LatencyUtils/2.0.3/LatencyUtils-2.0.3.jar:/Users/walidaddouche/.m2/repository/org/springframework/boot/spring-boot-starter-mail/2.7.10/spring-boot-starter-mail-2.7.10.jar:/Users/walidaddouche/.m2/repository/org/springframework/spring-context-support/5.3.26/spring-context-support-5.3.26.jar:/Users/walidaddouche/.m2/repository/com/sun/mail/jakarta.mail/1.6.7/jakarta.mail-1.6.7.jar:/Users/walidaddouche/.m2/repository/com/sun/activation/jakarta.activation/1.2.2/jakarta.activation-1.2.2.jar:/Users/walidaddouche/.m2/repository/com/github/javafaker/javafaker/1.0.2/javafaker-1.0.2.jar:/Users/walidaddouche/.m2/repository/org/apache/commons/commons-lang3/3.12.0/commons-lang3-3.12.0.jar:/Users/walidaddouche/.m2/repository/org/yaml/snakeyaml/1.23/snakeyaml-1.23-android.jar:/Users/walidaddouche/.m2/repository/com/github/mifmif/generex/1.0.2/generex-1.0.2.jar:/Users/walidaddouche/.m2/repository/dk/brics/automaton/automaton/1.11-8/automaton-1.11-8.jar:/Users/walidaddouche/.m2/repository/org/springframework/boot/spring-boot-starter-security/2.7.10/spring-boot-starter-security-2.7.10.jar:/Users/walidaddouche/.m2/repository/org/springframework/spring-aop/5.3.26/spring-aop-5.3.26.jar:/Users/walidaddouche/.m2/repository/org/springframework/security/spring-security-config/5.7.7/spring-security-config-5.7.7.jar:/Users/walidaddouche/.m2/repository/org/springframework/security/spring-security-core/5.7.7/spring-security-core-5.7.7.jar:/Users/walidaddouche/.m2/repository/org/springframework/security/spring-security-crypto/5.7.7/spring-security-crypto-5.7.7.jar:/Users/walidaddouche/.m2/repository/org/springframework/security/spring-security-web/5.7.7/spring-security-web-5.7.7.jar:"/>
    <property name="sun.cpu.endian" value="little"/>
    <property name="user.home" value="/Users/walidaddouche"/>
    <property name="user.language" value="en"/>
    <property name="java.specification.vendor" value="Oracle Corporation"/>
    <property name="java.version.date" value="2023-01-17"/>
    <property name="java.home" value="/opt/homebrew/Cellar/openjdk/19.0.2/libexec/openjdk.jdk/Contents/Home"/>
    <property name="file.separator" value="/"/>
    <property name="basedir" value="/Users/walidaddouche/Downloads/demo 2"/>
    <property name="java.vm.compressedOopsMode" value="Zero based"/>
    <property name="line.separator" value="&#10;"/>
    <property name="java.vm.specification.vendor" value="Oracle Corporation"/>
    <property name="java.specification.name" value="Java Platform API Specification"/>
    <property name="apple.awt.application.name" value="ForkedBooter"/>
    <property name="surefire.real.class.path" value="/Users/walidaddouche/Downloads/demo 2/target/surefire/surefirebooter14748822056895925585.jar"/>
    <property name="sun.management.compiler" value="HotSpot 64-Bit Tiered Compilers"/>
    <property name="ftp.nonProxyHosts" value="local|*.local|169.254/16|*.169.254/16"/>
    <property name="java.runtime.version" value="19.0.2"/>
    <property name="user.name" value="walidaddouche"/>
    <property name="stdout.encoding" value="UTF-8"/>
    <property name="path.separator" value=":"/>
    <property name="os.version" value="12.4"/>
    <property name="java.runtime.name" value="OpenJDK Runtime Environment"/>
    <property name="file.encoding" value="UTF-8"/>
    <property name="java.vm.name" value="OpenJDK 64-Bit Server VM"/>
    <property name="java.vendor.version" value="Homebrew"/>
    <property name="localRepository" value="/Users/walidaddouche/.m2/repository"/>
    <property name="java.vendor.url.bug" value="https://github.com/Homebrew/homebrew-core/issues"/>
    <property name="java.io.tmpdir" value="/var/folders/zk/jzy7rlrj6jvcypy0rd2bm28w0000gn/T/"/>
    <property name="java.version" value="19.0.2"/>
    <property name="user.dir" value="/Users/walidaddouche/Downloads/demo 2"/>
    <property name="os.arch" value="aarch64"/>
    <property name="java.vm.specification.name" value="Java Virtual Machine Specification"/>
    <property name="native.encoding" value="UTF-8"/>
    <property name="java.library.path" value="/Users/walidaddouche/Library/Java/Extensions:/Library/Java/Extensions:/Network/Library/Java/Extensions:/System/Library/Java/Extensions:/usr/lib/java:."/>
    <property name="java.vm.info" value="mixed mode, sharing"/>
    <property name="stderr.encoding" value="UTF-8"/>
    <property name="java.vendor" value="Homebrew"/>
    <property name="java.vm.version" value="19.0.2"/>
    <property name="sun.io.unicode.encoding" value="UnicodeBig"/>
    <property name="socksNonProxyHosts" value="local|*.local|169.254/16|*.169.254/16"/>
    <property name="java.class.version" value="63.0"/>
  </properties>
  <testcase name="testFindByLastName" classname="com.example.demo.repository.PersonRepoTest" time="1.281">
    <error message="Failed to load ApplicationContext" type="java.lang.IllegalStateException">java.lang.IllegalStateException: Failed to load ApplicationContext
Caused by: java.lang.IllegalStateException: Failed to execute CommandLineRunner
Caused by: org.springframework.dao.DataIntegrityViolationException: 
could not execute statement; SQL [n/a]; constraint ["PUBLIC.UK_FWMWI44U55BO4RVWSV0CLN012_INDEX_8 ON PUBLIC.PERSON(EMAIL NULLS FIRST) VALUES ( /* 278 */ 'roderick.parisian@gmail.com' )"; SQL statement:
insert into person (id, date_of_birth, email, first_name, group_ref, last_name, password, website) values (default, ?, ?, ?, ?, ?, ?, ?) [23505-214]]; nested exception is org.hibernate.exception.ConstraintViolationException: could not execute statement
Caused by: org.hibernate.exception.ConstraintViolationException: could not execute statement
Caused by: org.h2.jdbc.JdbcSQLIntegrityConstraintViolationException: 
Unique index or primary key violation: "PUBLIC.UK_FWMWI44U55BO4RVWSV0CLN012_INDEX_8 ON PUBLIC.PERSON(EMAIL NULLS FIRST) VALUES ( /* 278 */ 'roderick.parisian@gmail.com' )"; SQL statement:
insert into person (id, date_of_birth, email, first_name, group_ref, last_name, password, website) values (default, ?, ?, ?, ?, ?, ?, ?) [23505-214]
</error>
    <system-out><![CDATA[2023-04-12 22:44:05.601  INFO 87919 --- [           main] b.t.a.o.j.DataJpaTestContextBootstrapper : Neither @ContextConfiguration nor @ContextHierarchy found for test class [com.example.demo.repository.PersonRepoTest], using SpringBootContextLoader
2023-04-12 22:44:05.601  INFO 87919 --- [           main] o.s.t.c.support.AbstractContextLoader    : Could not detect default resource locations for test class [com.example.demo.repository.PersonRepoTest]: no resource found for suffixes {-context.xml, Context.groovy}.
2023-04-12 22:44:05.601  INFO 87919 --- [           main] t.c.s.AnnotationConfigContextLoaderUtils : Could not detect default configuration classes for test class [com.example.demo.repository.PersonRepoTest]: PersonRepoTest does not declare any static, non-private, non-final, nested classes annotated with @Configuration.
2023-04-12 22:44:05.603  INFO 87919 --- [           main] .b.t.c.SpringBootTestContextBootstrapper : Found @SpringBootConfiguration com.example.demo.DemoApplication for test class com.example.demo.repository.PersonRepoTest
2023-04-12 22:44:05.604  INFO 87919 --- [           main] b.t.a.o.j.DataJpaTestContextBootstrapper : Loaded default TestExecutionListener class names from location [META-INF/spring.factories]: [org.springframework.boot.test.mock.mockito.MockitoTestExecutionListener, org.springframework.boot.test.mock.mockito.ResetMocksTestExecutionListener, org.springframework.boot.test.autoconfigure.restdocs.RestDocsTestExecutionListener, org.springframework.boot.test.autoconfigure.web.client.MockRestServiceServerResetTestExecutionListener, org.springframework.boot.test.autoconfigure.web.servlet.MockMvcPrintOnlyOnFailureTestExecutionListener, org.springframework.boot.test.autoconfigure.web.servlet.WebDriverTestExecutionListener, org.springframework.boot.test.autoconfigure.webservices.client.MockWebServiceServerTestExecutionListener, org.springframework.test.context.web.ServletTestExecutionListener, org.springframework.test.context.support.DirtiesContextBeforeModesTestExecutionListener, org.springframework.test.context.event.ApplicationEventsTestExecutionListener, org.springframework.test.context.support.DependencyInjectionTestExecutionListener, org.springframework.test.context.support.DirtiesContextTestExecutionListener, org.springframework.test.context.transaction.TransactionalTestExecutionListener, org.springframework.test.context.jdbc.SqlScriptsTestExecutionListener, org.springframework.test.context.event.EventPublishingTestExecutionListener]
2023-04-12 22:44:05.604  INFO 87919 --- [           main] b.t.a.o.j.DataJpaTestContextBootstrapper : Using TestExecutionListeners: [org.springframework.test.context.web.ServletTestExecutionListener@20d33910, org.springframework.test.context.support.DirtiesContextBeforeModesTestExecutionListener@281ad698, org.springframework.test.context.event.ApplicationEventsTestExecutionListener@7a5ca80d, org.springframework.boot.test.mock.mockito.MockitoTestExecutionListener@39a911f, org.springframework.boot.test.autoconfigure.SpringBootDependencyInjectionTestExecutionListener@3ab833c5, org.springframework.test.context.support.DirtiesContextTestExecutionListener@44e88c1c, org.springframework.test.context.transaction.TransactionalTestExecutionListener@5b6b484c, org.springframework.test.context.jdbc.SqlScriptsTestExecutionListener@cae3857, org.springframework.test.context.event.EventPublishingTestExecutionListener@7773141c, org.springframework.boot.test.mock.mockito.ResetMocksTestExecutionListener@777bfe82, org.springframework.boot.test.autoconfigure.restdocs.RestDocsTestExecutionListener@7653e109, org.springframework.boot.test.autoconfigure.web.client.MockRestServiceServerResetTestExecutionListener@bc21314, org.springframework.boot.test.autoconfigure.web.servlet.MockMvcPrintOnlyOnFailureTestExecutionListener@64fe3584, org.springframework.boot.test.autoconfigure.web.servlet.WebDriverTestExecutionListener@4c594877, org.springframework.boot.test.autoconfigure.webservices.client.MockWebServiceServerTestExecutionListener@256ba35c]
2023-04-12 22:44:05.613  INFO 87919 --- [           main] j.LocalContainerEntityManagerFactoryBean : Closing JPA EntityManagerFactory for persistence unit 'default'
2023-04-12 22:44:05.614  INFO 87919 --- [           main] .SchemaDropperImpl$DelayedDropActionImpl : HHH000477: Starting delayed evictData of schema as part of SessionFactory shut-down'
Hibernate: drop table if exists group_table CASCADE 
Hibernate: drop table if exists person CASCADE 

  .   ____          _            __ _ _
 /\\ / ___'_ __ _ _(_)_ __  __ _ \ \ \ \
( ( )\___ | '_ | '_| | '_ \/ _` | \ \ \ \
 \\/  ___)| |_)| | | | | || (_| |  ) ) ) )
  '  |____| .__|_| |_|_| |_\__, | / / / /
 =========|_|==============|___/=/_/_/_/
 :: Spring Boot ::               (v2.7.10)

2023-04-12 22:44:05.626  INFO 87919 --- [           main] c.e.demo.repository.PersonRepoTest       : Starting PersonRepoTest using Java 19.0.2 on MacBook-Air-de-Walid.local with PID 87919 (started by walidaddouche in /Users/walidaddouche/Downloads/demo 2)
2023-04-12 22:44:05.626  INFO 87919 --- [           main] c.e.demo.repository.PersonRepoTest       : No active profile set, falling back to 1 default profile: "default"
2023-04-12 22:44:05.647  INFO 87919 --- [           main] .s.d.r.c.RepositoryConfigurationDelegate : Bootstrapping Spring Data JPA repositories in DEFAULT mode.
2023-04-12 22:44:05.651  INFO 87919 --- [           main] .s.d.r.c.RepositoryConfigurationDelegate : Finished Spring Data repository scanning in 4 ms. Found 2 JPA repository interfaces.
2023-04-12 22:44:05.655  INFO 87919 --- [           main] beddedDataSourceBeanFactoryPostProcessor : Replacing 'dataSource' DataSource bean with embedded version
2023-04-12 22:44:05.663  INFO 87919 --- [           main] o.s.j.d.e.EmbeddedDatabaseFactory        : Starting embedded database: url='jdbc:h2:mem:32450327-4dcd-4eb1-998c-e76add0d839d;DB_CLOSE_DELAY=-1;DB_CLOSE_ON_EXIT=false', username='sa'
2023-04-12 22:44:05.673  INFO 87919 --- [           main] o.hibernate.jpa.internal.util.LogHelper  : HHH000204: Processing PersistenceUnitInfo [name: default]
2023-04-12 22:44:05.674  INFO 87919 --- [           main] org.hibernate.dialect.Dialect            : HHH000400: Using dialect: org.hibernate.dialect.H2Dialect
Hibernate: drop table if exists group_table CASCADE 
Hibernate: drop table if exists person CASCADE 
Hibernate: create table group_table (id bigint generated by default as identity, name varchar(255), primary key (id))
Hibernate: create table person (id bigint generated by default as identity, date_of_birth date, email varchar(255) not null, first_name varchar(255), last_name varchar(255), password varchar(255) not null, website varchar(255), group_ref bigint, primary key (id))
Hibernate: alter table person add constraint UK_fwmwi44u55bo4rvwsv0cln012 unique (email)
Hibernate: alter table person add constraint FKpcniehyk2d7hvfd403i27htix foreign key (group_ref) references group_table
2023-04-12 22:44:05.690  INFO 87919 --- [           main] o.h.e.t.j.p.i.JtaPlatformInitiator       : HHH000490: Using JtaPlatform implementation: [org.hibernate.engine.transaction.jta.platform.internal.NoJtaPlatform]
2023-04-12 22:44:05.690  INFO 87919 --- [           main] j.LocalContainerEntityManagerFactoryBean : Initialized JPA EntityManagerFactory for persistence unit 'default'
2023-04-12 22:44:05.726  INFO 87919 --- [           main] c.e.demo.repository.PersonRepoTest       : Started PersonRepoTest in 0.109 seconds (JVM running for 4.582)
Hibernate: insert into group_table (id, name) values (default, ?)
Hibernate: insert into group_table (id, name) values (default, ?)
Hibernate: insert into group_table (id, name) values (default, ?)
Hibernate: insert into group_table (id, name) values (default, ?)
Hibernate: insert into group_table (id, name) values (default, ?)
Hibernate: insert into group_table (id, name) values (default, ?)
Hibernate: insert into group_table (id, name) values (default, ?)
Hibernate: insert into group_table (id, name) values (default, ?)
Hibernate: insert into group_table (id, name) values (default, ?)
Hibernate: insert into group_table (id, name) values (default, ?)
Hibernate: insert into group_table (id, name) values (default, ?)
Hibernate: insert into group_table (id, name) values (default, ?)
Hibernate: insert into group_table (id, name) values (default, ?)
Hibernate: insert into group_table (id, name) values (default, ?)
Hibernate: insert into group_table (id, name) values (default, ?)
Hibernate: insert into group_table (id, name) values (default, ?)
Hibernate: insert into group_table (id, name) values (default, ?)
Hibernate: insert into group_table (id, name) values (default, ?)
Hibernate: insert into group_table (id, name) values (default, ?)
Hibernate: insert into group_table (id, name) values (default, ?)
Hibernate: insert into group_table (id, name) values (default, ?)
Hibernate: insert into group_table (id, name) values (default, ?)
Hibernate: insert into group_table (id, name) values (default, ?)
Hibernate: insert into group_table (id, name) values (default, ?)
Hibernate: insert into group_table (id, name) values (default, ?)
Hibernate: insert into group_table (id, name) values (default, ?)
Hibernate: insert into group_table (id, name) values (default, ?)
Hibernate: insert into group_table (id, name) values (default, ?)
Hibernate: insert into group_table (id, name) values (default, ?)
Hibernate: insert into group_table (id, name) values (default, ?)
Hibernate: insert into group_table (id, name) values (default, ?)
Hibernate: insert into group_table (id, name) values (default, ?)
Hibernate: insert into group_table (id, name) values (default, ?)
Hibernate: insert into group_table (id, name) values (default, ?)
Hibernate: insert into group_table (id, name) values (default, ?)
Hibernate: insert into group_table (id, name) values (default, ?)
Hibernate: insert into group_table (id, name) values (default, ?)
Hibernate: insert into group_table (id, name) values (default, ?)
Hibernate: insert into group_table (id, name) values (default, ?)
Hibernate: insert into group_table (id, name) values (default, ?)
Hibernate: insert into group_table (id, name) values (default, ?)
Hibernate: insert into group_table (id, name) values (default, ?)
Hibernate: insert into group_table (id, name) values (default, ?)
Hibernate: insert into group_table (id, name) values (default, ?)
Hibernate: insert into group_table (id, name) values (default, ?)
Hibernate: insert into group_table (id, name) values (default, ?)
Hibernate: insert into group_table (id, name) values (default, ?)
Hibernate: insert into group_table (id, name) values (default, ?)
Hibernate: insert into group_table (id, name) values (default, ?)
Hibernate: insert into group_table (id, name) values (default, ?)
Hibernate: insert into group_table (id, name) values (default, ?)
Hibernate: insert into group_table (id, name) values (default, ?)
Hibernate: insert into group_table (id, name) values (default, ?)
Hibernate: insert into group_table (id, name) values (default, ?)
Hibernate: insert into group_table (id, name) values (default, ?)
Hibernate: insert into group_table (id, name) values (default, ?)
Hibernate: insert into group_table (id, name) values (default, ?)
Hibernate: insert into group_table (id, name) values (default, ?)
Hibernate: insert into group_table (id, name) values (default, ?)
Hibernate: insert into group_table (id, name) values (default, ?)
Hibernate: insert into group_table (id, name) values (default, ?)
Hibernate: insert into group_table (id, name) values (default, ?)
Hibernate: insert into group_table (id, name) values (default, ?)
Hibernate: insert into group_table (id, name) values (default, ?)
Hibernate: insert into group_table (id, name) values (default, ?)
Hibernate: insert into group_table (id, name) values (default, ?)
Hibernate: insert into group_table (id, name) values (default, ?)
Hibernate: insert into group_table (id, name) values (default, ?)
Hibernate: insert into group_table (id, name) values (default, ?)
Hibernate: insert into group_table (id, name) values (default, ?)
Hibernate: insert into group_table (id, name) values (default, ?)
Hibernate: insert into group_table (id, name) values (default, ?)
Hibernate: insert into group_table (id, name) values (default, ?)
Hibernate: insert into group_table (id, name) values (default, ?)
Hibernate: insert into group_table (id, name) values (default, ?)
Hibernate: insert into group_table (id, name) values (default, ?)
Hibernate: insert into group_table (id, name) values (default, ?)
Hibernate: insert into group_table (id, name) values (default, ?)
Hibernate: insert into group_table (id, name) values (default, ?)
Hibernate: insert into group_table (id, name) values (default, ?)
Hibernate: insert into group_table (id, name) values (default, ?)
Hibernate: insert into group_table (id, name) values (default, ?)
Hibernate: insert into group_table (id, name) values (default, ?)
Hibernate: insert into group_table (id, name) values (default, ?)
Hibernate: insert into group_table (id, name) values (default, ?)
Hibernate: insert into group_table (id, name) values (default, ?)
Hibernate: insert into group_table (id, name) values (default, ?)
Hibernate: insert into group_table (id, name) values (default, ?)
Hibernate: insert into group_table (id, name) values (default, ?)
Hibernate: insert into group_table (id, name) values (default, ?)
Hibernate: insert into group_table (id, name) values (default, ?)
Hibernate: insert into group_table (id, name) values (default, ?)
Hibernate: insert into group_table (id, name) values (default, ?)
Hibernate: insert into group_table (id, name) values (default, ?)
Hibernate: insert into group_table (id, name) values (default, ?)
Hibernate: insert into group_table (id, name) values (default, ?)
Hibernate: insert into group_table (id, name) values (default, ?)
Hibernate: insert into group_table (id, name) values (default, ?)
Hibernate: insert into group_table (id, name) values (default, ?)
Hibernate: insert into group_table (id, name) values (default, ?)
Hibernate: insert into group_table (id, name) values (default, ?)
Hibernate: insert into group_table (id, name) values (default, ?)
Hibernate: insert into group_table (id, name) values (default, ?)
Hibernate: insert into group_table (id, name) values (default, ?)
Hibernate: insert into group_table (id, name) values (default, ?)
Hibernate: insert into group_table (id, name) values (default, ?)
Hibernate: insert into group_table (id, name) values (default, ?)
Hibernate: insert into group_table (id, name) values (default, ?)
Hibernate: insert into group_table (id, name) values (default, ?)
Hibernate: insert into group_table (id, name) values (default, ?)
Hibernate: insert into group_table (id, name) values (default, ?)
Hibernate: insert into group_table (id, name) values (default, ?)
Hibernate: insert into group_table (id, name) values (default, ?)
Hibernate: insert into group_table (id, name) values (default, ?)
Hibernate: insert into group_table (id, name) values (default, ?)
Hibernate: insert into group_table (id, name) values (default, ?)
Hibernate: insert into group_table (id, name) values (default, ?)
Hibernate: insert into group_table (id, name) values (default, ?)
Hibernate: insert into group_table (id, name) values (default, ?)
Hibernate: insert into group_table (id, name) values (default, ?)
Hibernate: insert into group_table (id, name) values (default, ?)
Hibernate: insert into group_table (id, name) values (default, ?)
Hibernate: insert into group_table (id, name) values (default, ?)
Hibernate: insert into group_table (id, name) values (default, ?)
Hibernate: insert into group_table (id, name) values (default, ?)
Hibernate: insert into group_table (id, name) values (default, ?)
Hibernate: insert into group_table (id, name) values (default, ?)
Hibernate: insert into group_table (id, name) values (default, ?)
Hibernate: insert into group_table (id, name) values (default, ?)
Hibernate: insert into group_table (id, name) values (default, ?)
Hibernate: insert into group_table (id, name) values (default, ?)
Hibernate: insert into group_table (id, name) values (default, ?)
Hibernate: insert into group_table (id, name) values (default, ?)
Hibernate: insert into group_table (id, name) values (default, ?)
Hibernate: insert into group_table (id, name) values (default, ?)
Hibernate: insert into group_table (id, name) values (default, ?)
Hibernate: insert into group_table (id, name) values (default, ?)
Hibernate: insert into group_table (id, name) values (default, ?)
Hibernate: insert into group_table (id, name) values (default, ?)
Hibernate: insert into group_table (id, name) values (default, ?)
Hibernate: insert into group_table (id, name) values (default, ?)
Hibernate: insert into group_table (id, name) values (default, ?)
Hibernate: insert into group_table (id, name) values (default, ?)
Hibernate: insert into group_table (id, name) values (default, ?)
Hibernate: insert into group_table (id, name) values (default, ?)
Hibernate: insert into group_table (id, name) values (default, ?)
Hibernate: insert into group_table (id, name) values (default, ?)
Hibernate: insert into group_table (id, name) values (default, ?)
Hibernate: insert into group_table (id, name) values (default, ?)
Hibernate: insert into group_table (id, name) values (default, ?)
Hibernate: insert into group_table (id, name) values (default, ?)
Hibernate: insert into group_table (id, name) values (default, ?)
Hibernate: insert into group_table (id, name) values (default, ?)
Hibernate: insert into group_table (id, name) values (default, ?)
Hibernate: insert into group_table (id, name) values (default, ?)
Hibernate: insert into group_table (id, name) values (default, ?)
Hibernate: insert into group_table (id, name) values (default, ?)
Hibernate: insert into group_table (id, name) values (default, ?)
Hibernate: insert into group_table (id, name) values (default, ?)
Hibernate: insert into group_table (id, name) values (default, ?)
Hibernate: insert into group_table (id, name) values (default, ?)
Hibernate: insert into group_table (id, name) values (default, ?)
Hibernate: insert into group_table (id, name) values (default, ?)
Hibernate: insert into group_table (id, name) values (default, ?)
Hibernate: insert into group_table (id, name) values (default, ?)
Hibernate: insert into group_table (id, name) values (default, ?)
Hibernate: insert into group_table (id, name) values (default, ?)
Hibernate: insert into group_table (id, name) values (default, ?)
Hibernate: insert into group_table (id, name) values (default, ?)
Hibernate: insert into group_table (id, name) values (default, ?)
Hibernate: insert into group_table (id, name) values (default, ?)
Hibernate: insert into group_table (id, name) values (default, ?)
Hibernate: insert into group_table (id, name) values (default, ?)
Hibernate: insert into group_table (id, name) values (default, ?)
Hibernate: insert into group_table (id, name) values (default, ?)
Hibernate: insert into group_table (id, name) values (default, ?)
Hibernate: insert into group_table (id, name) values (default, ?)
Hibernate: insert into group_table (id, name) values (default, ?)
Hibernate: insert into group_table (id, name) values (default, ?)
Hibernate: insert into group_table (id, name) values (default, ?)
Hibernate: insert into group_table (id, name) values (default, ?)
Hibernate: insert into group_table (id, name) values (default, ?)
Hibernate: insert into group_table (id, name) values (default, ?)
Hibernate: insert into group_table (id, name) values (default, ?)
Hibernate: insert into group_table (id, name) values (default, ?)
Hibernate: insert into group_table (id, name) values (default, ?)
Hibernate: insert into group_table (id, name) values (default, ?)
Hibernate: insert into group_table (id, name) values (default, ?)
Hibernate: insert into group_table (id, name) values (default, ?)
Hibernate: insert into group_table (id, name) values (default, ?)
Hibernate: insert into group_table (id, name) values (default, ?)
Hibernate: insert into group_table (id, name) values (default, ?)
Hibernate: insert into group_table (id, name) values (default, ?)
Hibernate: insert into group_table (id, name) values (default, ?)
Hibernate: insert into group_table (id, name) values (default, ?)
Hibernate: insert into group_table (id, name) values (default, ?)
Hibernate: insert into group_table (id, name) values (default, ?)
Hibernate: insert into group_table (id, name) values (default, ?)
Hibernate: insert into group_table (id, name) values (default, ?)
Hibernate: insert into group_table (id, name) values (default, ?)
Hibernate: insert into person (id, date_of_birth, email, first_name, group_ref, last_name, password, website) values (default, ?, ?, ?, ?, ?, ?, ?)
Hibernate: insert into person (id, date_of_birth, email, first_name, group_ref, last_name, password, website) values (default, ?, ?, ?, ?, ?, ?, ?)
Hibernate: insert into person (id, date_of_birth, email, first_name, group_ref, last_name, password, website) values (default, ?, ?, ?, ?, ?, ?, ?)
Hibernate: insert into person (id, date_of_birth, email, first_name, group_ref, last_name, password, website) values (default, ?, ?, ?, ?, ?, ?, ?)
Hibernate: insert into person (id, date_of_birth, email, first_name, group_ref, last_name, password, website) values (default, ?, ?, ?, ?, ?, ?, ?)
Hibernate: insert into person (id, date_of_birth, email, first_name, group_ref, last_name, password, website) values (default, ?, ?, ?, ?, ?, ?, ?)
Hibernate: insert into person (id, date_of_birth, email, first_name, group_ref, last_name, password, website) values (default, ?, ?, ?, ?, ?, ?, ?)
Hibernate: insert into person (id, date_of_birth, email, first_name, group_ref, last_name, password, website) values (default, ?, ?, ?, ?, ?, ?, ?)
Hibernate: insert into person (id, date_of_birth, email, first_name, group_ref, last_name, password, website) values (default, ?, ?, ?, ?, ?, ?, ?)
Hibernate: insert into person (id, date_of_birth, email, first_name, group_ref, last_name, password, website) values (default, ?, ?, ?, ?, ?, ?, ?)
Hibernate: insert into person (id, date_of_birth, email, first_name, group_ref, last_name, password, website) values (default, ?, ?, ?, ?, ?, ?, ?)
Hibernate: insert into person (id, date_of_birth, email, first_name, group_ref, last_name, password, website) values (default, ?, ?, ?, ?, ?, ?, ?)
Hibernate: insert into person (id, date_of_birth, email, first_name, group_ref, last_name, password, website) values (default, ?, ?, ?, ?, ?, ?, ?)
Hibernate: insert into person (id, date_of_birth, email, first_name, group_ref, last_name, password, website) values (default, ?, ?, ?, ?, ?, ?, ?)
Hibernate: insert into person (id, date_of_birth, email, first_name, group_ref, last_name, password, website) values (default, ?, ?, ?, ?, ?, ?, ?)
Hibernate: insert into person (id, date_of_birth, email, first_name, group_ref, last_name, password, website) values (default, ?, ?, ?, ?, ?, ?, ?)
Hibernate: insert into person (id, date_of_birth, email, first_name, group_ref, last_name, password, website) values (default, ?, ?, ?, ?, ?, ?, ?)
Hibernate: insert into person (id, date_of_birth, email, first_name, group_ref, last_name, password, website) values (default, ?, ?, ?, ?, ?, ?, ?)
Hibernate: insert into person (id, date_of_birth, email, first_name, group_ref, last_name, password, website) values (default, ?, ?, ?, ?, ?, ?, ?)
Hibernate: insert into person (id, date_of_birth, email, first_name, group_ref, last_name, password, website) values (default, ?, ?, ?, ?, ?, ?, ?)
Hibernate: insert into person (id, date_of_birth, email, first_name, group_ref, last_name, password, website) values (default, ?, ?, ?, ?, ?, ?, ?)
Hibernate: insert into person (id, date_of_birth, email, first_name, group_ref, last_name, password, website) values (default, ?, ?, ?, ?, ?, ?, ?)
Hibernate: insert into person (id, date_of_birth, email, first_name, group_ref, last_name, password, website) values (default, ?, ?, ?, ?, ?, ?, ?)
Hibernate: insert into person (id, date_of_birth, email, first_name, group_ref, last_name, password, website) values (default, ?, ?, ?, ?, ?, ?, ?)
Hibernate: insert into person (id, date_of_birth, email, first_name, group_ref, last_name, password, website) values (default, ?, ?, ?, ?, ?, ?, ?)
Hibernate: insert into person (id, date_of_birth, email, first_name, group_ref, last_name, password, website) values (default, ?, ?, ?, ?, ?, ?, ?)
Hibernate: insert into person (id, date_of_birth, email, first_name, group_ref, last_name, password, website) values (default, ?, ?, ?, ?, ?, ?, ?)
Hibernate: insert into person (id, date_of_birth, email, first_name, group_ref, last_name, password, website) values (default, ?, ?, ?, ?, ?, ?, ?)
Hibernate: insert into person (id, date_of_birth, email, first_name, group_ref, last_name, password, website) values (default, ?, ?, ?, ?, ?, ?, ?)
Hibernate: insert into person (id, date_of_birth, email, first_name, group_ref, last_name, password, website) values (default, ?, ?, ?, ?, ?, ?, ?)
Hibernate: insert into person (id, date_of_birth, email, first_name, group_ref, last_name, password, website) values (default, ?, ?, ?, ?, ?, ?, ?)
Hibernate: insert into person (id, date_of_birth, email, first_name, group_ref, last_name, password, website) values (default, ?, ?, ?, ?, ?, ?, ?)
Hibernate: insert into person (id, date_of_birth, email, first_name, group_ref, last_name, password, website) values (default, ?, ?, ?, ?, ?, ?, ?)
Hibernate: insert into person (id, date_of_birth, email, first_name, group_ref, last_name, password, website) values (default, ?, ?, ?, ?, ?, ?, ?)
Hibernate: insert into person (id, date_of_birth, email, first_name, group_ref, last_name, password, website) values (default, ?, ?, ?, ?, ?, ?, ?)
Hibernate: insert into person (id, date_of_birth, email, first_name, group_ref, last_name, password, website) values (default, ?, ?, ?, ?, ?, ?, ?)
Hibernate: insert into person (id, date_of_birth, email, first_name, group_ref, last_name, password, website) values (default, ?, ?, ?, ?, ?, ?, ?)
Hibernate: insert into person (id, date_of_birth, email, first_name, group_ref, last_name, password, website) values (default, ?, ?, ?, ?, ?, ?, ?)
Hibernate: insert into person (id, date_of_birth, email, first_name, group_ref, last_name, password, website) values (default, ?, ?, ?, ?, ?, ?, ?)
Hibernate: insert into person (id, date_of_birth, email, first_name, group_ref, last_name, password, website) values (default, ?, ?, ?, ?, ?, ?, ?)
Hibernate: insert into person (id, date_of_birth, email, first_name, group_ref, last_name, password, website) values (default, ?, ?, ?, ?, ?, ?, ?)
Hibernate: insert into person (id, date_of_birth, email, first_name, group_ref, last_name, password, website) values (default, ?, ?, ?, ?, ?, ?, ?)
Hibernate: insert into person (id, date_of_birth, email, first_name, group_ref, last_name, password, website) values (default, ?, ?, ?, ?, ?, ?, ?)
Hibernate: insert into person (id, date_of_birth, email, first_name, group_ref, last_name, password, website) values (default, ?, ?, ?, ?, ?, ?, ?)
Hibernate: insert into person (id, date_of_birth, email, first_name, group_ref, last_name, password, website) values (default, ?, ?, ?, ?, ?, ?, ?)
Hibernate: insert into person (id, date_of_birth, email, first_name, group_ref, last_name, password, website) values (default, ?, ?, ?, ?, ?, ?, ?)
Hibernate: insert into person (id, date_of_birth, email, first_name, group_ref, last_name, password, website) values (default, ?, ?, ?, ?, ?, ?, ?)
Hibernate: insert into person (id, date_of_birth, email, first_name, group_ref, last_name, password, website) values (default, ?, ?, ?, ?, ?, ?, ?)
Hibernate: insert into person (id, date_of_birth, email, first_name, group_ref, last_name, password, website) values (default, ?, ?, ?, ?, ?, ?, ?)
Hibernate: insert into person (id, date_of_birth, email, first_name, group_ref, last_name, password, website) values (default, ?, ?, ?, ?, ?, ?, ?)
Hibernate: insert into person (id, date_of_birth, email, first_name, group_ref, last_name, password, website) values (default, ?, ?, ?, ?, ?, ?, ?)
Hibernate: insert into person (id, date_of_birth, email, first_name, group_ref, last_name, password, website) values (default, ?, ?, ?, ?, ?, ?, ?)
Hibernate: insert into person (id, date_of_birth, email, first_name, group_ref, last_name, password, website) values (default, ?, ?, ?, ?, ?, ?, ?)
Hibernate: insert into person (id, date_of_birth, email, first_name, group_ref, last_name, password, website) values (default, ?, ?, ?, ?, ?, ?, ?)
Hibernate: insert into person (id, date_of_birth, email, first_name, group_ref, last_name, password, website) values (default, ?, ?, ?, ?, ?, ?, ?)
Hibernate: insert into person (id, date_of_birth, email, first_name, group_ref, last_name, password, website) values (default, ?, ?, ?, ?, ?, ?, ?)
Hibernate: insert into person (id, date_of_birth, email, first_name, group_ref, last_name, password, website) values (default, ?, ?, ?, ?, ?, ?, ?)
Hibernate: insert into person (id, date_of_birth, email, first_name, group_ref, last_name, password, website) values (default, ?, ?, ?, ?, ?, ?, ?)
Hibernate: insert into person (id, date_of_birth, email, first_name, group_ref, last_name, password, website) values (default, ?, ?, ?, ?, ?, ?, ?)
Hibernate: insert into person (id, date_of_birth, email, first_name, group_ref, last_name, password, website) values (default, ?, ?, ?, ?, ?, ?, ?)
Hibernate: insert into person (id, date_of_birth, email, first_name, group_ref, last_name, password, website) values (default, ?, ?, ?, ?, ?, ?, ?)
Hibernate: insert into person (id, date_of_birth, email, first_name, group_ref, last_name, password, website) values (default, ?, ?, ?, ?, ?, ?, ?)
Hibernate: insert into person (id, date_of_birth, email, first_name, group_ref, last_name, password, website) values (default, ?, ?, ?, ?, ?, ?, ?)
Hibernate: insert into person (id, date_of_birth, email, first_name, group_ref, last_name, password, website) values (default, ?, ?, ?, ?, ?, ?, ?)
Hibernate: insert into person (id, date_of_birth, email, first_name, group_ref, last_name, password, website) values (default, ?, ?, ?, ?, ?, ?, ?)
Hibernate: insert into person (id, date_of_birth, email, first_name, group_ref, last_name, password, website) values (default, ?, ?, ?, ?, ?, ?, ?)
Hibernate: insert into person (id, date_of_birth, email, first_name, group_ref, last_name, password, website) values (default, ?, ?, ?, ?, ?, ?, ?)
Hibernate: insert into person (id, date_of_birth, email, first_name, group_ref, last_name, password, website) values (default, ?, ?, ?, ?, ?, ?, ?)
Hibernate: insert into person (id, date_of_birth, email, first_name, group_ref, last_name, password, website) values (default, ?, ?, ?, ?, ?, ?, ?)
Hibernate: insert into person (id, date_of_birth, email, first_name, group_ref, last_name, password, website) values (default, ?, ?, ?, ?, ?, ?, ?)
Hibernate: insert into person (id, date_of_birth, email, first_name, group_ref, last_name, password, website) values (default, ?, ?, ?, ?, ?, ?, ?)
Hibernate: insert into person (id, date_of_birth, email, first_name, group_ref, last_name, password, website) values (default, ?, ?, ?, ?, ?, ?, ?)
Hibernate: insert into person (id, date_of_birth, email, first_name, group_ref, last_name, password, website) values (default, ?, ?, ?, ?, ?, ?, ?)
Hibernate: insert into person (id, date_of_birth, email, first_name, group_ref, last_name, password, website) values (default, ?, ?, ?, ?, ?, ?, ?)
Hibernate: insert into person (id, date_of_birth, email, first_name, group_ref, last_name, password, website) values (default, ?, ?, ?, ?, ?, ?, ?)
Hibernate: insert into person (id, date_of_birth, email, first_name, group_ref, last_name, password, website) values (default, ?, ?, ?, ?, ?, ?, ?)
Hibernate: insert into person (id, date_of_birth, email, first_name, group_ref, last_name, password, website) values (default, ?, ?, ?, ?, ?, ?, ?)
Hibernate: insert into person (id, date_of_birth, email, first_name, group_ref, last_name, password, website) values (default, ?, ?, ?, ?, ?, ?, ?)
Hibernate: insert into person (id, date_of_birth, email, first_name, group_ref, last_name, password, website) values (default, ?, ?, ?, ?, ?, ?, ?)
Hibernate: insert into person (id, date_of_birth, email, first_name, group_ref, last_name, password, website) values (default, ?, ?, ?, ?, ?, ?, ?)
Hibernate: insert into person (id, date_of_birth, email, first_name, group_ref, last_name, password, website) values (default, ?, ?, ?, ?, ?, ?, ?)
Hibernate: insert into person (id, date_of_birth, email, first_name, group_ref, last_name, password, website) values (default, ?, ?, ?, ?, ?, ?, ?)
Hibernate: insert into person (id, date_of_birth, email, first_name, group_ref, last_name, password, website) values (default, ?, ?, ?, ?, ?, ?, ?)
Hibernate: insert into person (id, date_of_birth, email, first_name, group_ref, last_name, password, website) values (default, ?, ?, ?, ?, ?, ?, ?)
Hibernate: insert into person (id, date_of_birth, email, first_name, group_ref, last_name, password, website) values (default, ?, ?, ?, ?, ?, ?, ?)
Hibernate: insert into person (id, date_of_birth, email, first_name, group_ref, last_name, password, website) values (default, ?, ?, ?, ?, ?, ?, ?)
Hibernate: insert into person (id, date_of_birth, email, first_name, group_ref, last_name, password, website) values (default, ?, ?, ?, ?, ?, ?, ?)
Hibernate: insert into person (id, date_of_birth, email, first_name, group_ref, last_name, password, website) values (default, ?, ?, ?, ?, ?, ?, ?)
Hibernate: insert into person (id, date_of_birth, email, first_name, group_ref, last_name, password, website) values (default, ?, ?, ?, ?, ?, ?, ?)
Hibernate: insert into person (id, date_of_birth, email, first_name, group_ref, last_name, password, website) values (default, ?, ?, ?, ?, ?, ?, ?)
Hibernate: insert into person (id, date_of_birth, email, first_name, group_ref, last_name, password, website) values (default, ?, ?, ?, ?, ?, ?, ?)
Hibernate: insert into person (id, date_of_birth, email, first_name, group_ref, last_name, password, website) values (default, ?, ?, ?, ?, ?, ?, ?)
Hibernate: insert into person (id, date_of_birth, email, first_name, group_ref, last_name, password, website) values (default, ?, ?, ?, ?, ?, ?, ?)
Hibernate: insert into person (id, date_of_birth, email, first_name, group_ref, last_name, password, website) values (default, ?, ?, ?, ?, ?, ?, ?)
Hibernate: insert into person (id, date_of_birth, email, first_name, group_ref, last_name, password, website) values (default, ?, ?, ?, ?, ?, ?, ?)
Hibernate: insert into person (id, date_of_birth, email, first_name, group_ref, last_name, password, website) values (default, ?, ?, ?, ?, ?, ?, ?)
Hibernate: insert into person (id, date_of_birth, email, first_name, group_ref, last_name, password, website) values (default, ?, ?, ?, ?, ?, ?, ?)
Hibernate: insert into person (id, date_of_birth, email, first_name, group_ref, last_name, password, website) values (default, ?, ?, ?, ?, ?, ?, ?)
Hibernate: insert into person (id, date_of_birth, email, first_name, group_ref, last_name, password, website) values (default, ?, ?, ?, ?, ?, ?, ?)
Hibernate: insert into person (id, date_of_birth, email, first_name, group_ref, last_name, password, website) values (default, ?, ?, ?, ?, ?, ?, ?)
Hibernate: insert into person (id, date_of_birth, email, first_name, group_ref, last_name, password, website) values (default, ?, ?, ?, ?, ?, ?, ?)
Hibernate: insert into person (id, date_of_birth, email, first_name, group_ref, last_name, password, website) values (default, ?, ?, ?, ?, ?, ?, ?)
Hibernate: insert into person (id, date_of_birth, email, first_name, group_ref, last_name, password, website) values (default, ?, ?, ?, ?, ?, ?, ?)
Hibernate: insert into person (id, date_of_birth, email, first_name, group_ref, last_name, password, website) values (default, ?, ?, ?, ?, ?, ?, ?)
Hibernate: insert into person (id, date_of_birth, email, first_name, group_ref, last_name, password, website) values (default, ?, ?, ?, ?, ?, ?, ?)
Hibernate: insert into person (id, date_of_birth, email, first_name, group_ref, last_name, password, website) values (default, ?, ?, ?, ?, ?, ?, ?)
Hibernate: insert into person (id, date_of_birth, email, first_name, group_ref, last_name, password, website) values (default, ?, ?, ?, ?, ?, ?, ?)
Hibernate: insert into person (id, date_of_birth, email, first_name, group_ref, last_name, password, website) values (default, ?, ?, ?, ?, ?, ?, ?)
Hibernate: insert into person (id, date_of_birth, email, first_name, group_ref, last_name, password, website) values (default, ?, ?, ?, ?, ?, ?, ?)
Hibernate: insert into person (id, date_of_birth, email, first_name, group_ref, last_name, password, website) values (default, ?, ?, ?, ?, ?, ?, ?)
Hibernate: insert into person (id, date_of_birth, email, first_name, group_ref, last_name, password, website) values (default, ?, ?, ?, ?, ?, ?, ?)
Hibernate: insert into person (id, date_of_birth, email, first_name, group_ref, last_name, password, website) values (default, ?, ?, ?, ?, ?, ?, ?)
Hibernate: insert into person (id, date_of_birth, email, first_name, group_ref, last_name, password, website) values (default, ?, ?, ?, ?, ?, ?, ?)
Hibernate: insert into person (id, date_of_birth, email, first_name, group_ref, last_name, password, website) values (default, ?, ?, ?, ?, ?, ?, ?)
Hibernate: insert into person (id, date_of_birth, email, first_name, group_ref, last_name, password, website) values (default, ?, ?, ?, ?, ?, ?, ?)
Hibernate: insert into person (id, date_of_birth, email, first_name, group_ref, last_name, password, website) values (default, ?, ?, ?, ?, ?, ?, ?)
Hibernate: insert into person (id, date_of_birth, email, first_name, group_ref, last_name, password, website) values (default, ?, ?, ?, ?, ?, ?, ?)
Hibernate: insert into person (id, date_of_birth, email, first_name, group_ref, last_name, password, website) values (default, ?, ?, ?, ?, ?, ?, ?)
Hibernate: insert into person (id, date_of_birth, email, first_name, group_ref, last_name, password, website) values (default, ?, ?, ?, ?, ?, ?, ?)
Hibernate: insert into person (id, date_of_birth, email, first_name, group_ref, last_name, password, website) values (default, ?, ?, ?, ?, ?, ?, ?)
Hibernate: insert into person (id, date_of_birth, email, first_name, group_ref, last_name, password, website) values (default, ?, ?, ?, ?, ?, ?, ?)
Hibernate: insert into person (id, date_of_birth, email, first_name, group_ref, last_name, password, website) values (default, ?, ?, ?, ?, ?, ?, ?)
Hibernate: insert into person (id, date_of_birth, email, first_name, group_ref, last_name, password, website) values (default, ?, ?, ?, ?, ?, ?, ?)
Hibernate: insert into person (id, date_of_birth, email, first_name, group_ref, last_name, password, website) values (default, ?, ?, ?, ?, ?, ?, ?)
Hibernate: insert into person (id, date_of_birth, email, first_name, group_ref, last_name, password, website) values (default, ?, ?, ?, ?, ?, ?, ?)
Hibernate: insert into person (id, date_of_birth, email, first_name, group_ref, last_name, password, website) values (default, ?, ?, ?, ?, ?, ?, ?)
Hibernate: insert into person (id, date_of_birth, email, first_name, group_ref, last_name, password, website) values (default, ?, ?, ?, ?, ?, ?, ?)
Hibernate: insert into person (id, date_of_birth, email, first_name, group_ref, last_name, password, website) values (default, ?, ?, ?, ?, ?, ?, ?)
Hibernate: insert into person (id, date_of_birth, email, first_name, group_ref, last_name, password, website) values (default, ?, ?, ?, ?, ?, ?, ?)
Hibernate: insert into person (id, date_of_birth, email, first_name, group_ref, last_name, password, website) values (default, ?, ?, ?, ?, ?, ?, ?)
Hibernate: insert into person (id, date_of_birth, email, first_name, group_ref, last_name, password, website) values (default, ?, ?, ?, ?, ?, ?, ?)
Hibernate: insert into person (id, date_of_birth, email, first_name, group_ref, last_name, password, website) values (default, ?, ?, ?, ?, ?, ?, ?)
Hibernate: insert into person (id, date_of_birth, email, first_name, group_ref, last_name, password, website) values (default, ?, ?, ?, ?, ?, ?, ?)
Hibernate: insert into person (id, date_of_birth, email, first_name, group_ref, last_name, password, website) values (default, ?, ?, ?, ?, ?, ?, ?)
Hibernate: insert into person (id, date_of_birth, email, first_name, group_ref, last_name, password, website) values (default, ?, ?, ?, ?, ?, ?, ?)
Hibernate: insert into person (id, date_of_birth, email, first_name, group_ref, last_name, password, website) values (default, ?, ?, ?, ?, ?, ?, ?)
Hibernate: insert into person (id, date_of_birth, email, first_name, group_ref, last_name, password, website) values (default, ?, ?, ?, ?, ?, ?, ?)
Hibernate: insert into person (id, date_of_birth, email, first_name, group_ref, last_name, password, website) values (default, ?, ?, ?, ?, ?, ?, ?)
Hibernate: insert into person (id, date_of_birth, email, first_name, group_ref, last_name, password, website) values (default, ?, ?, ?, ?, ?, ?, ?)
Hibernate: insert into person (id, date_of_birth, email, first_name, group_ref, last_name, password, website) values (default, ?, ?, ?, ?, ?, ?, ?)
Hibernate: insert into person (id, date_of_birth, email, first_name, group_ref, last_name, password, website) values (default, ?, ?, ?, ?, ?, ?, ?)
Hibernate: insert into person (id, date_of_birth, email, first_name, group_ref, last_name, password, website) values (default, ?, ?, ?, ?, ?, ?, ?)
Hibernate: insert into person (id, date_of_birth, email, first_name, group_ref, last_name, password, website) values (default, ?, ?, ?, ?, ?, ?, ?)
Hibernate: insert into person (id, date_of_birth, email, first_name, group_ref, last_name, password, website) values (default, ?, ?, ?, ?, ?, ?, ?)
Hibernate: insert into person (id, date_of_birth, email, first_name, group_ref, last_name, password, website) values (default, ?, ?, ?, ?, ?, ?, ?)
Hibernate: insert into person (id, date_of_birth, email, first_name, group_ref, last_name, password, website) values (default, ?, ?, ?, ?, ?, ?, ?)
Hibernate: insert into person (id, date_of_birth, email, first_name, group_ref, last_name, password, website) values (default, ?, ?, ?, ?, ?, ?, ?)
Hibernate: insert into person (id, date_of_birth, email, first_name, group_ref, last_name, password, website) values (default, ?, ?, ?, ?, ?, ?, ?)
Hibernate: insert into person (id, date_of_birth, email, first_name, group_ref, last_name, password, website) values (default, ?, ?, ?, ?, ?, ?, ?)
Hibernate: insert into person (id, date_of_birth, email, first_name, group_ref, last_name, password, website) values (default, ?, ?, ?, ?, ?, ?, ?)
Hibernate: insert into person (id, date_of_birth, email, first_name, group_ref, last_name, password, website) values (default, ?, ?, ?, ?, ?, ?, ?)
Hibernate: insert into person (id, date_of_birth, email, first_name, group_ref, last_name, password, website) values (default, ?, ?, ?, ?, ?, ?, ?)
Hibernate: insert into person (id, date_of_birth, email, first_name, group_ref, last_name, password, website) values (default, ?, ?, ?, ?, ?, ?, ?)
Hibernate: insert into person (id, date_of_birth, email, first_name, group_ref, last_name, password, website) values (default, ?, ?, ?, ?, ?, ?, ?)
Hibernate: insert into person (id, date_of_birth, email, first_name, group_ref, last_name, password, website) values (default, ?, ?, ?, ?, ?, ?, ?)
Hibernate: insert into person (id, date_of_birth, email, first_name, group_ref, last_name, password, website) values (default, ?, ?, ?, ?, ?, ?, ?)
Hibernate: insert into person (id, date_of_birth, email, first_name, group_ref, last_name, password, website) values (default, ?, ?, ?, ?, ?, ?, ?)
Hibernate: insert into person (id, date_of_birth, email, first_name, group_ref, last_name, password, website) values (default, ?, ?, ?, ?, ?, ?, ?)
Hibernate: insert into person (id, date_of_birth, email, first_name, group_ref, last_name, password, website) values (default, ?, ?, ?, ?, ?, ?, ?)
Hibernate: insert into person (id, date_of_birth, email, first_name, group_ref, last_name, password, website) values (default, ?, ?, ?, ?, ?, ?, ?)
Hibernate: insert into person (id, date_of_birth, email, first_name, group_ref, last_name, password, website) values (default, ?, ?, ?, ?, ?, ?, ?)
Hibernate: insert into person (id, date_of_birth, email, first_name, group_ref, last_name, password, website) values (default, ?, ?, ?, ?, ?, ?, ?)
Hibernate: insert into person (id, date_of_birth, email, first_name, group_ref, last_name, password, website) values (default, ?, ?, ?, ?, ?, ?, ?)
Hibernate: insert into person (id, date_of_birth, email, first_name, group_ref, last_name, password, website) values (default, ?, ?, ?, ?, ?, ?, ?)
Hibernate: insert into person (id, date_of_birth, email, first_name, group_ref, last_name, password, website) values (default, ?, ?, ?, ?, ?, ?, ?)
Hibernate: insert into person (id, date_of_birth, email, first_name, group_ref, last_name, password, website) values (default, ?, ?, ?, ?, ?, ?, ?)
Hibernate: insert into person (id, date_of_birth, email, first_name, group_ref, last_name, password, website) values (default, ?, ?, ?, ?, ?, ?, ?)
Hibernate: insert into person (id, date_of_birth, email, first_name, group_ref, last_name, password, website) values (default, ?, ?, ?, ?, ?, ?, ?)
Hibernate: insert into person (id, date_of_birth, email, first_name, group_ref, last_name, password, website) values (default, ?, ?, ?, ?, ?, ?, ?)
Hibernate: insert into person (id, date_of_birth, email, first_name, group_ref, last_name, password, website) values (default, ?, ?, ?, ?, ?, ?, ?)
Hibernate: insert into person (id, date_of_birth, email, first_name, group_ref, last_name, password, website) values (default, ?, ?, ?, ?, ?, ?, ?)
Hibernate: insert into person (id, date_of_birth, email, first_name, group_ref, last_name, password, website) values (default, ?, ?, ?, ?, ?, ?, ?)
Hibernate: insert into person (id, date_of_birth, email, first_name, group_ref, last_name, password, website) values (default, ?, ?, ?, ?, ?, ?, ?)
Hibernate: insert into person (id, date_of_birth, email, first_name, group_ref, last_name, password, website) values (default, ?, ?, ?, ?, ?, ?, ?)
Hibernate: insert into person (id, date_of_birth, email, first_name, group_ref, last_name, password, website) values (default, ?, ?, ?, ?, ?, ?, ?)
Hibernate: insert into person (id, date_of_birth, email, first_name, group_ref, last_name, password, website) values (default, ?, ?, ?, ?, ?, ?, ?)
Hibernate: insert into person (id, date_of_birth, email, first_name, group_ref, last_name, password, website) values (default, ?, ?, ?, ?, ?, ?, ?)
Hibernate: insert into person (id, date_of_birth, email, first_name, group_ref, last_name, password, website) values (default, ?, ?, ?, ?, ?, ?, ?)
Hibernate: insert into person (id, date_of_birth, email, first_name, group_ref, last_name, password, website) values (default, ?, ?, ?, ?, ?, ?, ?)
Hibernate: insert into person (id, date_of_birth, email, first_name, group_ref, last_name, password, website) values (default, ?, ?, ?, ?, ?, ?, ?)
Hibernate: insert into person (id, date_of_birth, email, first_name, group_ref, last_name, password, website) values (default, ?, ?, ?, ?, ?, ?, ?)
Hibernate: insert into person (id, date_of_birth, email, first_name, group_ref, last_name, password, website) values (default, ?, ?, ?, ?, ?, ?, ?)
Hibernate: insert into person (id, date_of_birth, email, first_name, group_ref, last_name, password, website) values (default, ?, ?, ?, ?, ?, ?, ?)
Hibernate: insert into person (id, date_of_birth, email, first_name, group_ref, last_name, password, website) values (default, ?, ?, ?, ?, ?, ?, ?)
Hibernate: insert into person (id, date_of_birth, email, first_name, group_ref, last_name, password, website) values (default, ?, ?, ?, ?, ?, ?, ?)
Hibernate: insert into person (id, date_of_birth, email, first_name, group_ref, last_name, password, website) values (default, ?, ?, ?, ?, ?, ?, ?)
Hibernate: insert into person (id, date_of_birth, email, first_name, group_ref, last_name, password, website) values (default, ?, ?, ?, ?, ?, ?, ?)
Hibernate: insert into person (id, date_of_birth, email, first_name, group_ref, last_name, password, website) values (default, ?, ?, ?, ?, ?, ?, ?)
Hibernate: insert into person (id, date_of_birth, email, first_name, group_ref, last_name, password, website) values (default, ?, ?, ?, ?, ?, ?, ?)
Hibernate: insert into person (id, date_of_birth, email, first_name, group_ref, last_name, password, website) values (default, ?, ?, ?, ?, ?, ?, ?)
Hibernate: insert into person (id, date_of_birth, email, first_name, group_ref, last_name, password, website) values (default, ?, ?, ?, ?, ?, ?, ?)
Hibernate: insert into person (id, date_of_birth, email, first_name, group_ref, last_name, password, website) values (default, ?, ?, ?, ?, ?, ?, ?)
Hibernate: insert into person (id, date_of_birth, email, first_name, group_ref, last_name, password, website) values (default, ?, ?, ?, ?, ?, ?, ?)
Hibernate: insert into person (id, date_of_birth, email, first_name, group_ref, last_name, password, website) values (default, ?, ?, ?, ?, ?, ?, ?)
Hibernate: insert into person (id, date_of_birth, email, first_name, group_ref, last_name, password, website) values (default, ?, ?, ?, ?, ?, ?, ?)
Hibernate: insert into person (id, date_of_birth, email, first_name, group_ref, last_name, password, website) values (default, ?, ?, ?, ?, ?, ?, ?)
Hibernate: insert into person (id, date_of_birth, email, first_name, group_ref, last_name, password, website) values (default, ?, ?, ?, ?, ?, ?, ?)
Hibernate: insert into person (id, date_of_birth, email, first_name, group_ref, last_name, password, website) values (default, ?, ?, ?, ?, ?, ?, ?)
Hibernate: insert into person (id, date_of_birth, email, first_name, group_ref, last_name, password, website) values (default, ?, ?, ?, ?, ?, ?, ?)
Hibernate: insert into person (id, date_of_birth, email, first_name, group_ref, last_name, password, website) values (default, ?, ?, ?, ?, ?, ?, ?)
Hibernate: insert into person (id, date_of_birth, email, first_name, group_ref, last_name, password, website) values (default, ?, ?, ?, ?, ?, ?, ?)
Hibernate: insert into person (id, date_of_birth, email, first_name, group_ref, last_name, password, website) values (default, ?, ?, ?, ?, ?, ?, ?)
Hibernate: insert into person (id, date_of_birth, email, first_name, group_ref, last_name, password, website) values (default, ?, ?, ?, ?, ?, ?, ?)
Hibernate: insert into person (id, date_of_birth, email, first_name, group_ref, last_name, password, website) values (default, ?, ?, ?, ?, ?, ?, ?)
Hibernate: insert into person (id, date_of_birth, email, first_name, group_ref, last_name, password, website) values (default, ?, ?, ?, ?, ?, ?, ?)
Hibernate: insert into person (id, date_of_birth, email, first_name, group_ref, last_name, password, website) values (default, ?, ?, ?, ?, ?, ?, ?)
Hibernate: insert into person (id, date_of_birth, email, first_name, group_ref, last_name, password, website) values (default, ?, ?, ?, ?, ?, ?, ?)
Hibernate: insert into person (id, date_of_birth, email, first_name, group_ref, last_name, password, website) values (default, ?, ?, ?, ?, ?, ?, ?)
Hibernate: insert into person (id, date_of_birth, email, first_name, group_ref, last_name, password, website) values (default, ?, ?, ?, ?, ?, ?, ?)
Hibernate: insert into person (id, date_of_birth, email, first_name, group_ref, last_name, password, website) values (default, ?, ?, ?, ?, ?, ?, ?)
Hibernate: insert into person (id, date_of_birth, email, first_name, group_ref, last_name, password, website) values (default, ?, ?, ?, ?, ?, ?, ?)
Hibernate: insert into person (id, date_of_birth, email, first_name, group_ref, last_name, password, website) values (default, ?, ?, ?, ?, ?, ?, ?)
Hibernate: insert into person (id, date_of_birth, email, first_name, group_ref, last_name, password, website) values (default, ?, ?, ?, ?, ?, ?, ?)
Hibernate: insert into person (id, date_of_birth, email, first_name, group_ref, last_name, password, website) values (default, ?, ?, ?, ?, ?, ?, ?)
Hibernate: insert into person (id, date_of_birth, email, first_name, group_ref, last_name, password, website) values (default, ?, ?, ?, ?, ?, ?, ?)
Hibernate: insert into person (id, date_of_birth, email, first_name, group_ref, last_name, password, website) values (default, ?, ?, ?, ?, ?, ?, ?)
Hibernate: insert into person (id, date_of_birth, email, first_name, group_ref, last_name, password, website) values (default, ?, ?, ?, ?, ?, ?, ?)
Hibernate: insert into person (id, date_of_birth, email, first_name, group_ref, last_name, password, website) values (default, ?, ?, ?, ?, ?, ?, ?)
Hibernate: insert into person (id, date_of_birth, email, first_name, group_ref, last_name, password, website) values (default, ?, ?, ?, ?, ?, ?, ?)
Hibernate: insert into person (id, date_of_birth, email, first_name, group_ref, last_name, password, website) values (default, ?, ?, ?, ?, ?, ?, ?)
Hibernate: insert into person (id, date_of_birth, email, first_name, group_ref, last_name, password, website) values (default, ?, ?, ?, ?, ?, ?, ?)
Hibernate: insert into person (id, date_of_birth, email, first_name, group_ref, last_name, password, website) values (default, ?, ?, ?, ?, ?, ?, ?)
Hibernate: insert into person (id, date_of_birth, email, first_name, group_ref, last_name, password, website) values (default, ?, ?, ?, ?, ?, ?, ?)
Hibernate: insert into person (id, date_of_birth, email, first_name, group_ref, last_name, password, website) values (default, ?, ?, ?, ?, ?, ?, ?)
Hibernate: insert into person (id, date_of_birth, email, first_name, group_ref, last_name, password, website) values (default, ?, ?, ?, ?, ?, ?, ?)
Hibernate: insert into person (id, date_of_birth, email, first_name, group_ref, last_name, password, website) values (default, ?, ?, ?, ?, ?, ?, ?)
Hibernate: insert into person (id, date_of_birth, email, first_name, group_ref, last_name, password, website) values (default, ?, ?, ?, ?, ?, ?, ?)
Hibernate: insert into person (id, date_of_birth, email, first_name, group_ref, last_name, password, website) values (default, ?, ?, ?, ?, ?, ?, ?)
Hibernate: insert into person (id, date_of_birth, email, first_name, group_ref, last_name, password, website) values (default, ?, ?, ?, ?, ?, ?, ?)
Hibernate: insert into person (id, date_of_birth, email, first_name, group_ref, last_name, password, website) values (default, ?, ?, ?, ?, ?, ?, ?)
Hibernate: insert into person (id, date_of_birth, email, first_name, group_ref, last_name, password, website) values (default, ?, ?, ?, ?, ?, ?, ?)
Hibernate: insert into person (id, date_of_birth, email, first_name, group_ref, last_name, password, website) values (default, ?, ?, ?, ?, ?, ?, ?)
Hibernate: insert into person (id, date_of_birth, email, first_name, group_ref, last_name, password, website) values (default, ?, ?, ?, ?, ?, ?, ?)
Hibernate: insert into person (id, date_of_birth, email, first_name, group_ref, last_name, password, website) values (default, ?, ?, ?, ?, ?, ?, ?)
Hibernate: insert into person (id, date_of_birth, email, first_name, group_ref, last_name, password, website) values (default, ?, ?, ?, ?, ?, ?, ?)
Hibernate: insert into person (id, date_of_birth, email, first_name, group_ref, last_name, password, website) values (default, ?, ?, ?, ?, ?, ?, ?)
Hibernate: insert into person (id, date_of_birth, email, first_name, group_ref, last_name, password, website) values (default, ?, ?, ?, ?, ?, ?, ?)
Hibernate: insert into person (id, date_of_birth, email, first_name, group_ref, last_name, password, website) values (default, ?, ?, ?, ?, ?, ?, ?)
Hibernate: insert into person (id, date_of_birth, email, first_name, group_ref, last_name, password, website) values (default, ?, ?, ?, ?, ?, ?, ?)
Hibernate: insert into person (id, date_of_birth, email, first_name, group_ref, last_name, password, website) values (default, ?, ?, ?, ?, ?, ?, ?)
Hibernate: insert into person (id, date_of_birth, email, first_name, group_ref, last_name, password, website) values (default, ?, ?, ?, ?, ?, ?, ?)
Hibernate: insert into person (id, date_of_birth, email, first_name, group_ref, last_name, password, website) values (default, ?, ?, ?, ?, ?, ?, ?)
Hibernate: insert into person (id, date_of_birth, email, first_name, group_ref, last_name, password, website) values (default, ?, ?, ?, ?, ?, ?, ?)
Hibernate: insert into person (id, date_of_birth, email, first_name, group_ref, last_name, password, website) values (default, ?, ?, ?, ?, ?, ?, ?)
Hibernate: insert into person (id, date_of_birth, email, first_name, group_ref, last_name, password, website) values (default, ?, ?, ?, ?, ?, ?, ?)
Hibernate: insert into person (id, date_of_birth, email, first_name, group_ref, last_name, password, website) values (default, ?, ?, ?, ?, ?, ?, ?)
Hibernate: insert into person (id, date_of_birth, email, first_name, group_ref, last_name, password, website) values (default, ?, ?, ?, ?, ?, ?, ?)
Hibernate: insert into person (id, date_of_birth, email, first_name, group_ref, last_name, password, website) values (default, ?, ?, ?, ?, ?, ?, ?)
Hibernate: insert into person (id, date_of_birth, email, first_name, group_ref, last_name, password, website) values (default, ?, ?, ?, ?, ?, ?, ?)
Hibernate: insert into person (id, date_of_birth, email, first_name, group_ref, last_name, password, website) values (default, ?, ?, ?, ?, ?, ?, ?)
Hibernate: insert into person (id, date_of_birth, email, first_name, group_ref, last_name, password, website) values (default, ?, ?, ?, ?, ?, ?, ?)
Hibernate: insert into person (id, date_of_birth, email, first_name, group_ref, last_name, password, website) values (default, ?, ?, ?, ?, ?, ?, ?)
Hibernate: insert into person (id, date_of_birth, email, first_name, group_ref, last_name, password, website) values (default, ?, ?, ?, ?, ?, ?, ?)
Hibernate: insert into person (id, date_of_birth, email, first_name, group_ref, last_name, password, website) values (default, ?, ?, ?, ?, ?, ?, ?)
Hibernate: insert into person (id, date_of_birth, email, first_name, group_ref, last_name, password, website) values (default, ?, ?, ?, ?, ?, ?, ?)
Hibernate: insert into person (id, date_of_birth, email, first_name, group_ref, last_name, password, website) values (default, ?, ?, ?, ?, ?, ?, ?)
Hibernate: insert into person (id, date_of_birth, email, first_name, group_ref, last_name, password, website) values (default, ?, ?, ?, ?, ?, ?, ?)
Hibernate: insert into person (id, date_of_birth, email, first_name, group_ref, last_name, password, website) values (default, ?, ?, ?, ?, ?, ?, ?)
Hibernate: insert into person (id, date_of_birth, email, first_name, group_ref, last_name, password, website) values (default, ?, ?, ?, ?, ?, ?, ?)
Hibernate: insert into person (id, date_of_birth, email, first_name, group_ref, last_name, password, website) values (default, ?, ?, ?, ?, ?, ?, ?)
Hibernate: insert into person (id, date_of_birth, email, first_name, group_ref, last_name, password, website) values (default, ?, ?, ?, ?, ?, ?, ?)
Hibernate: insert into person (id, date_of_birth, email, first_name, group_ref, last_name, password, website) values (default, ?, ?, ?, ?, ?, ?, ?)
Hibernate: insert into person (id, date_of_birth, email, first_name, group_ref, last_name, password, website) values (default, ?, ?, ?, ?, ?, ?, ?)
Hibernate: insert into person (id, date_of_birth, email, first_name, group_ref, last_name, password, website) values (default, ?, ?, ?, ?, ?, ?, ?)
Hibernate: insert into person (id, date_of_birth, email, first_name, group_ref, last_name, password, website) values (default, ?, ?, ?, ?, ?, ?, ?)
Hibernate: insert into person (id, date_of_birth, email, first_name, group_ref, last_name, password, website) values (default, ?, ?, ?, ?, ?, ?, ?)
Hibernate: insert into person (id, date_of_birth, email, first_name, group_ref, last_name, password, website) values (default, ?, ?, ?, ?, ?, ?, ?)
Hibernate: insert into person (id, date_of_birth, email, first_name, group_ref, last_name, password, website) values (default, ?, ?, ?, ?, ?, ?, ?)
Hibernate: insert into person (id, date_of_birth, email, first_name, group_ref, last_name, password, website) values (default, ?, ?, ?, ?, ?, ?, ?)
Hibernate: insert into person (id, date_of_birth, email, first_name, group_ref, last_name, password, website) values (default, ?, ?, ?, ?, ?, ?, ?)
Hibernate: insert into person (id, date_of_birth, email, first_name, group_ref, last_name, password, website) values (default, ?, ?, ?, ?, ?, ?, ?)
Hibernate: insert into person (id, date_of_birth, email, first_name, group_ref, last_name, password, website) values (default, ?, ?, ?, ?, ?, ?, ?)
Hibernate: insert into person (id, date_of_birth, email, first_name, group_ref, last_name, password, website) values (default, ?, ?, ?, ?, ?, ?, ?)
Hibernate: insert into person (id, date_of_birth, email, first_name, group_ref, last_name, password, website) values (default, ?, ?, ?, ?, ?, ?, ?)
Hibernate: insert into person (id, date_of_birth, email, first_name, group_ref, last_name, password, website) values (default, ?, ?, ?, ?, ?, ?, ?)
Hibernate: insert into person (id, date_of_birth, email, first_name, group_ref, last_name, password, website) values (default, ?, ?, ?, ?, ?, ?, ?)
Hibernate: insert into person (id, date_of_birth, email, first_name, group_ref, last_name, password, website) values (default, ?, ?, ?, ?, ?, ?, ?)
Hibernate: insert into person (id, date_of_birth, email, first_name, group_ref, last_name, password, website) values (default, ?, ?, ?, ?, ?, ?, ?)
Hibernate: insert into person (id, date_of_birth, email, first_name, group_ref, last_name, password, website) values (default, ?, ?, ?, ?, ?, ?, ?)
Hibernate: insert into person (id, date_of_birth, email, first_name, group_ref, last_name, password, website) values (default, ?, ?, ?, ?, ?, ?, ?)
Hibernate: insert into person (id, date_of_birth, email, first_name, group_ref, last_name, password, website) values (default, ?, ?, ?, ?, ?, ?, ?)
Hibernate: insert into person (id, date_of_birth, email, first_name, group_ref, last_name, password, website) values (default, ?, ?, ?, ?, ?, ?, ?)
Hibernate: insert into person (id, date_of_birth, email, first_name, group_ref, last_name, password, website) values (default, ?, ?, ?, ?, ?, ?, ?)
Hibernate: insert into person (id, date_of_birth, email, first_name, group_ref, last_name, password, website) values (default, ?, ?, ?, ?, ?, ?, ?)
Hibernate: insert into person (id, date_of_birth, email, first_name, group_ref, last_name, password, website) values (default, ?, ?, ?, ?, ?, ?, ?)
Hibernate: insert into person (id, date_of_birth, email, first_name, group_ref, last_name, password, website) values (default, ?, ?, ?, ?, ?, ?, ?)
Hibernate: insert into person (id, date_of_birth, email, first_name, group_ref, last_name, password, website) values (default, ?, ?, ?, ?, ?, ?, ?)
Hibernate: insert into person (id, date_of_birth, email, first_name, group_ref, last_name, password, website) values (default, ?, ?, ?, ?, ?, ?, ?)
Hibernate: insert into person (id, date_of_birth, email, first_name, group_ref, last_name, password, website) values (default, ?, ?, ?, ?, ?, ?, ?)
Hibernate: insert into person (id, date_of_birth, email, first_name, group_ref, last_name, password, website) values (default, ?, ?, ?, ?, ?, ?, ?)
Hibernate: insert into person (id, date_of_birth, email, first_name, group_ref, last_name, password, website) values (default, ?, ?, ?, ?, ?, ?, ?)
Hibernate: insert into person (id, date_of_birth, email, first_name, group_ref, last_name, password, website) values (default, ?, ?, ?, ?, ?, ?, ?)
Hibernate: insert into person (id, date_of_birth, email, first_name, group_ref, last_name, password, website) values (default, ?, ?, ?, ?, ?, ?, ?)
Hibernate: insert into person (id, date_of_birth, email, first_name, group_ref, last_name, password, website) values (default, ?, ?, ?, ?, ?, ?, ?)
Hibernate: insert into person (id, date_of_birth, email, first_name, group_ref, last_name, password, website) values (default, ?, ?, ?, ?, ?, ?, ?)
Hibernate: insert into person (id, date_of_birth, email, first_name, group_ref, last_name, password, website) values (default, ?, ?, ?, ?, ?, ?, ?)
Hibernate: insert into person (id, date_of_birth, email, first_name, group_ref, last_name, password, website) values (default, ?, ?, ?, ?, ?, ?, ?)
Hibernate: insert into person (id, date_of_birth, email, first_name, group_ref, last_name, password, website) values (default, ?, ?, ?, ?, ?, ?, ?)
Hibernate: insert into person (id, date_of_birth, email, first_name, group_ref, last_name, password, website) values (default, ?, ?, ?, ?, ?, ?, ?)
Hibernate: insert into person (id, date_of_birth, email, first_name, group_ref, last_name, password, website) values (default, ?, ?, ?, ?, ?, ?, ?)
Hibernate: insert into person (id, date_of_birth, email, first_name, group_ref, last_name, password, website) values (default, ?, ?, ?, ?, ?, ?, ?)
Hibernate: insert into person (id, date_of_birth, email, first_name, group_ref, last_name, password, website) values (default, ?, ?, ?, ?, ?, ?, ?)
Hibernate: insert into person (id, date_of_birth, email, first_name, group_ref, last_name, password, website) values (default, ?, ?, ?, ?, ?, ?, ?)
Hibernate: insert into person (id, date_of_birth, email, first_name, group_ref, last_name, password, website) values (default, ?, ?, ?, ?, ?, ?, ?)
Hibernate: insert into person (id, date_of_birth, email, first_name, group_ref, last_name, password, website) values (default, ?, ?, ?, ?, ?, ?, ?)
Hibernate: insert into person (id, date_of_birth, email, first_name, group_ref, last_name, password, website) values (default, ?, ?, ?, ?, ?, ?, ?)
Hibernate: insert into person (id, date_of_birth, email, first_name, group_ref, last_name, password, website) values (default, ?, ?, ?, ?, ?, ?, ?)
Hibernate: insert into person (id, date_of_birth, email, first_name, group_ref, last_name, password, website) values (default, ?, ?, ?, ?, ?, ?, ?)
Hibernate: insert into person (id, date_of_birth, email, first_name, group_ref, last_name, password, website) values (default, ?, ?, ?, ?, ?, ?, ?)
Hibernate: insert into person (id, date_of_birth, email, first_name, group_ref, last_name, password, website) values (default, ?, ?, ?, ?, ?, ?, ?)
Hibernate: insert into person (id, date_of_birth, email, first_name, group_ref, last_name, password, website) values (default, ?, ?, ?, ?, ?, ?, ?)
Hibernate: insert into person (id, date_of_birth, email, first_name, group_ref, last_name, password, website) values (default, ?, ?, ?, ?, ?, ?, ?)
Hibernate: insert into person (id, date_of_birth, email, first_name, group_ref, last_name, password, website) values (default, ?, ?, ?, ?, ?, ?, ?)
Hibernate: insert into person (id, date_of_birth, email, first_name, group_ref, last_name, password, website) values (default, ?, ?, ?, ?, ?, ?, ?)
Hibernate: insert into person (id, date_of_birth, email, first_name, group_ref, last_name, password, website) values (default, ?, ?, ?, ?, ?, ?, ?)
Hibernate: insert into person (id, date_of_birth, email, first_name, group_ref, last_name, password, website) values (default, ?, ?, ?, ?, ?, ?, ?)
Hibernate: insert into person (id, date_of_birth, email, first_name, group_ref, last_name, password, website) values (default, ?, ?, ?, ?, ?, ?, ?)
Hibernate: insert into person (id, date_of_birth, email, first_name, group_ref, last_name, password, website) values (default, ?, ?, ?, ?, ?, ?, ?)
Hibernate: insert into person (id, date_of_birth, email, first_name, group_ref, last_name, password, website) values (default, ?, ?, ?, ?, ?, ?, ?)
Hibernate: insert into person (id, date_of_birth, email, first_name, group_ref, last_name, password, website) values (default, ?, ?, ?, ?, ?, ?, ?)
Hibernate: insert into person (id, date_of_birth, email, first_name, group_ref, last_name, password, website) values (default, ?, ?, ?, ?, ?, ?, ?)
Hibernate: insert into person (id, date_of_birth, email, first_name, group_ref, last_name, password, website) values (default, ?, ?, ?, ?, ?, ?, ?)
Hibernate: insert into person (id, date_of_birth, email, first_name, group_ref, last_name, password, website) values (default, ?, ?, ?, ?, ?, ?, ?)
Hibernate: insert into person (id, date_of_birth, email, first_name, group_ref, last_name, password, website) values (default, ?, ?, ?, ?, ?, ?, ?)
Hibernate: insert into person (id, date_of_birth, email, first_name, group_ref, last_name, password, website) values (default, ?, ?, ?, ?, ?, ?, ?)
Hibernate: insert into person (id, date_of_birth, email, first_name, group_ref, last_name, password, website) values (default, ?, ?, ?, ?, ?, ?, ?)
Hibernate: insert into person (id, date_of_birth, email, first_name, group_ref, last_name, password, website) values (default, ?, ?, ?, ?, ?, ?, ?)
Hibernate: insert into person (id, date_of_birth, email, first_name, group_ref, last_name, password, website) values (default, ?, ?, ?, ?, ?, ?, ?)
Hibernate: insert into person (id, date_of_birth, email, first_name, group_ref, last_name, password, website) values (default, ?, ?, ?, ?, ?, ?, ?)
Hibernate: insert into person (id, date_of_birth, email, first_name, group_ref, last_name, password, website) values (default, ?, ?, ?, ?, ?, ?, ?)
Hibernate: insert into person (id, date_of_birth, email, first_name, group_ref, last_name, password, website) values (default, ?, ?, ?, ?, ?, ?, ?)
Hibernate: insert into person (id, date_of_birth, email, first_name, group_ref, last_name, password, website) values (default, ?, ?, ?, ?, ?, ?, ?)
Hibernate: insert into person (id, date_of_birth, email, first_name, group_ref, last_name, password, website) values (default, ?, ?, ?, ?, ?, ?, ?)
Hibernate: insert into person (id, date_of_birth, email, first_name, group_ref, last_name, password, website) values (default, ?, ?, ?, ?, ?, ?, ?)
Hibernate: insert into person (id, date_of_birth, email, first_name, group_ref, last_name, password, website) values (default, ?, ?, ?, ?, ?, ?, ?)
Hibernate: insert into person (id, date_of_birth, email, first_name, group_ref, last_name, password, website) values (default, ?, ?, ?, ?, ?, ?, ?)
Hibernate: insert into person (id, date_of_birth, email, first_name, group_ref, last_name, password, website) values (default, ?, ?, ?, ?, ?, ?, ?)
Hibernate: insert into person (id, date_of_birth, email, first_name, group_ref, last_name, password, website) values (default, ?, ?, ?, ?, ?, ?, ?)
Hibernate: insert into person (id, date_of_birth, email, first_name, group_ref, last_name, password, website) values (default, ?, ?, ?, ?, ?, ?, ?)
Hibernate: insert into person (id, date_of_birth, email, first_name, group_ref, last_name, password, website) values (default, ?, ?, ?, ?, ?, ?, ?)
Hibernate: insert into person (id, date_of_birth, email, first_name, group_ref, last_name, password, website) values (default, ?, ?, ?, ?, ?, ?, ?)
Hibernate: insert into person (id, date_of_birth, email, first_name, group_ref, last_name, password, website) values (default, ?, ?, ?, ?, ?, ?, ?)
Hibernate: insert into person (id, date_of_birth, email, first_name, group_ref, last_name, password, website) values (default, ?, ?, ?, ?, ?, ?, ?)
Hibernate: insert into person (id, date_of_birth, email, first_name, group_ref, last_name, password, website) values (default, ?, ?, ?, ?, ?, ?, ?)
Hibernate: insert into person (id, date_of_birth, email, first_name, group_ref, last_name, password, website) values (default, ?, ?, ?, ?, ?, ?, ?)
Hibernate: insert into person (id, date_of_birth, email, first_name, group_ref, last_name, password, website) values (default, ?, ?, ?, ?, ?, ?, ?)
Hibernate: insert into person (id, date_of_birth, email, first_name, group_ref, last_name, password, website) values (default, ?, ?, ?, ?, ?, ?, ?)
Hibernate: insert into person (id, date_of_birth, email, first_name, group_ref, last_name, password, website) values (default, ?, ?, ?, ?, ?, ?, ?)
Hibernate: insert into person (id, date_of_birth, email, first_name, group_ref, last_name, password, website) values (default, ?, ?, ?, ?, ?, ?, ?)
Hibernate: insert into person (id, date_of_birth, email, first_name, group_ref, last_name, password, website) values (default, ?, ?, ?, ?, ?, ?, ?)
Hibernate: insert into person (id, date_of_birth, email, first_name, group_ref, last_name, password, website) values (default, ?, ?, ?, ?, ?, ?, ?)
Hibernate: insert into person (id, date_of_birth, email, first_name, group_ref, last_name, password, website) values (default, ?, ?, ?, ?, ?, ?, ?)
Hibernate: insert into person (id, date_of_birth, email, first_name, group_ref, last_name, password, website) values (default, ?, ?, ?, ?, ?, ?, ?)
Hibernate: insert into person (id, date_of_birth, email, first_name, group_ref, last_name, password, website) values (default, ?, ?, ?, ?, ?, ?, ?)
Hibernate: insert into person (id, date_of_birth, email, first_name, group_ref, last_name, password, website) values (default, ?, ?, ?, ?, ?, ?, ?)
Hibernate: insert into person (id, date_of_birth, email, first_name, group_ref, last_name, password, website) values (default, ?, ?, ?, ?, ?, ?, ?)
Hibernate: insert into person (id, date_of_birth, email, first_name, group_ref, last_name, password, website) values (default, ?, ?, ?, ?, ?, ?, ?)
Hibernate: insert into person (id, date_of_birth, email, first_name, group_ref, last_name, password, website) values (default, ?, ?, ?, ?, ?, ?, ?)
Hibernate: insert into person (id, date_of_birth, email, first_name, group_ref, last_name, password, website) values (default, ?, ?, ?, ?, ?, ?, ?)
Hibernate: insert into person (id, date_of_birth, email, first_name, group_ref, last_name, password, website) values (default, ?, ?, ?, ?, ?, ?, ?)
Hibernate: insert into person (id, date_of_birth, email, first_name, group_ref, last_name, password, website) values (default, ?, ?, ?, ?, ?, ?, ?)
Hibernate: insert into person (id, date_of_birth, email, first_name, group_ref, last_name, password, website) values (default, ?, ?, ?, ?, ?, ?, ?)
Hibernate: insert into person (id, date_of_birth, email, first_name, group_ref, last_name, password, website) values (default, ?, ?, ?, ?, ?, ?, ?)
Hibernate: insert into person (id, date_of_birth, email, first_name, group_ref, last_name, password, website) values (default, ?, ?, ?, ?, ?, ?, ?)
Hibernate: insert into person (id, date_of_birth, email, first_name, group_ref, last_name, password, website) values (default, ?, ?, ?, ?, ?, ?, ?)
Hibernate: insert into person (id, date_of_birth, email, first_name, group_ref, last_name, password, website) values (default, ?, ?, ?, ?, ?, ?, ?)
Hibernate: insert into person (id, date_of_birth, email, first_name, group_ref, last_name, password, website) values (default, ?, ?, ?, ?, ?, ?, ?)
Hibernate: insert into person (id, date_of_birth, email, first_name, group_ref, last_name, password, website) values (default, ?, ?, ?, ?, ?, ?, ?)
Hibernate: insert into person (id, date_of_birth, email, first_name, group_ref, last_name, password, website) values (default, ?, ?, ?, ?, ?, ?, ?)
Hibernate: insert into person (id, date_of_birth, email, first_name, group_ref, last_name, password, website) values (default, ?, ?, ?, ?, ?, ?, ?)
Hibernate: insert into person (id, date_of_birth, email, first_name, group_ref, last_name, password, website) values (default, ?, ?, ?, ?, ?, ?, ?)
Hibernate: insert into person (id, date_of_birth, email, first_name, group_ref, last_name, password, website) values (default, ?, ?, ?, ?, ?, ?, ?)
Hibernate: insert into person (id, date_of_birth, email, first_name, group_ref, last_name, password, website) values (default, ?, ?, ?, ?, ?, ?, ?)
Hibernate: insert into person (id, date_of_birth, email, first_name, group_ref, last_name, password, website) values (default, ?, ?, ?, ?, ?, ?, ?)
Hibernate: insert into person (id, date_of_birth, email, first_name, group_ref, last_name, password, website) values (default, ?, ?, ?, ?, ?, ?, ?)
Hibernate: insert into person (id, date_of_birth, email, first_name, group_ref, last_name, password, website) values (default, ?, ?, ?, ?, ?, ?, ?)
Hibernate: insert into person (id, date_of_birth, email, first_name, group_ref, last_name, password, website) values (default, ?, ?, ?, ?, ?, ?, ?)
Hibernate: insert into person (id, date_of_birth, email, first_name, group_ref, last_name, password, website) values (default, ?, ?, ?, ?, ?, ?, ?)
Hibernate: insert into person (id, date_of_birth, email, first_name, group_ref, last_name, password, website) values (default, ?, ?, ?, ?, ?, ?, ?)
Hibernate: insert into person (id, date_of_birth, email, first_name, group_ref, last_name, password, website) values (default, ?, ?, ?, ?, ?, ?, ?)
Hibernate: insert into person (id, date_of_birth, email, first_name, group_ref, last_name, password, website) values (default, ?, ?, ?, ?, ?, ?, ?)
Hibernate: insert into person (id, date_of_birth, email, first_name, group_ref, last_name, password, website) values (default, ?, ?, ?, ?, ?, ?, ?)
Hibernate: insert into person (id, date_of_birth, email, first_name, group_ref, last_name, password, website) values (default, ?, ?, ?, ?, ?, ?, ?)
Hibernate: insert into person (id, date_of_birth, email, first_name, group_ref, last_name, password, website) values (default, ?, ?, ?, ?, ?, ?, ?)
Hibernate: insert into person (id, date_of_birth, email, first_name, group_ref, last_name, password, website) values (default, ?, ?, ?, ?, ?, ?, ?)
Hibernate: insert into person (id, date_of_birth, email, first_name, group_ref, last_name, password, website) values (default, ?, ?, ?, ?, ?, ?, ?)
Hibernate: insert into person (id, date_of_birth, email, first_name, group_ref, last_name, password, website) values (default, ?, ?, ?, ?, ?, ?, ?)
Hibernate: insert into person (id, date_of_birth, email, first_name, group_ref, last_name, password, website) values (default, ?, ?, ?, ?, ?, ?, ?)
Hibernate: insert into person (id, date_of_birth, email, first_name, group_ref, last_name, password, website) values (default, ?, ?, ?, ?, ?, ?, ?)
Hibernate: insert into person (id, date_of_birth, email, first_name, group_ref, last_name, password, website) values (default, ?, ?, ?, ?, ?, ?, ?)
Hibernate: insert into person (id, date_of_birth, email, first_name, group_ref, last_name, password, website) values (default, ?, ?, ?, ?, ?, ?, ?)
Hibernate: insert into person (id, date_of_birth, email, first_name, group_ref, last_name, password, website) values (default, ?, ?, ?, ?, ?, ?, ?)
Hibernate: insert into person (id, date_of_birth, email, first_name, group_ref, last_name, password, website) values (default, ?, ?, ?, ?, ?, ?, ?)
Hibernate: insert into person (id, date_of_birth, email, first_name, group_ref, last_name, password, website) values (default, ?, ?, ?, ?, ?, ?, ?)
Hibernate: insert into person (id, date_of_birth, email, first_name, group_ref, last_name, password, website) values (default, ?, ?, ?, ?, ?, ?, ?)
Hibernate: insert into person (id, date_of_birth, email, first_name, group_ref, last_name, password, website) values (default, ?, ?, ?, ?, ?, ?, ?)
Hibernate: insert into person (id, date_of_birth, email, first_name, group_ref, last_name, password, website) values (default, ?, ?, ?, ?, ?, ?, ?)
Hibernate: insert into person (id, date_of_birth, email, first_name, group_ref, last_name, password, website) values (default, ?, ?, ?, ?, ?, ?, ?)
Hibernate: insert into person (id, date_of_birth, email, first_name, group_ref, last_name, password, website) values (default, ?, ?, ?, ?, ?, ?, ?)
Hibernate: insert into person (id, date_of_birth, email, first_name, group_ref, last_name, password, website) values (default, ?, ?, ?, ?, ?, ?, ?)
Hibernate: insert into person (id, date_of_birth, email, first_name, group_ref, last_name, password, website) values (default, ?, ?, ?, ?, ?, ?, ?)
Hibernate: insert into person (id, date_of_birth, email, first_name, group_ref, last_name, password, website) values (default, ?, ?, ?, ?, ?, ?, ?)
Hibernate: insert into person (id, date_of_birth, email, first_name, group_ref, last_name, password, website) values (default, ?, ?, ?, ?, ?, ?, ?)
Hibernate: insert into person (id, date_of_birth, email, first_name, group_ref, last_name, password, website) values (default, ?, ?, ?, ?, ?, ?, ?)
Hibernate: insert into person (id, date_of_birth, email, first_name, group_ref, last_name, password, website) values (default, ?, ?, ?, ?, ?, ?, ?)
Hibernate: insert into person (id, date_of_birth, email, first_name, group_ref, last_name, password, website) values (default, ?, ?, ?, ?, ?, ?, ?)
Hibernate: insert into person (id, date_of_birth, email, first_name, group_ref, last_name, password, website) values (default, ?, ?, ?, ?, ?, ?, ?)
Hibernate: insert into person (id, date_of_birth, email, first_name, group_ref, last_name, password, website) values (default, ?, ?, ?, ?, ?, ?, ?)
Hibernate: insert into person (id, date_of_birth, email, first_name, group_ref, last_name, password, website) values (default, ?, ?, ?, ?, ?, ?, ?)
Hibernate: insert into person (id, date_of_birth, email, first_name, group_ref, last_name, password, website) values (default, ?, ?, ?, ?, ?, ?, ?)
Hibernate: insert into person (id, date_of_birth, email, first_name, group_ref, last_name, password, website) values (default, ?, ?, ?, ?, ?, ?, ?)
Hibernate: insert into person (id, date_of_birth, email, first_name, group_ref, last_name, password, website) values (default, ?, ?, ?, ?, ?, ?, ?)
Hibernate: insert into person (id, date_of_birth, email, first_name, group_ref, last_name, password, website) values (default, ?, ?, ?, ?, ?, ?, ?)
Hibernate: insert into person (id, date_of_birth, email, first_name, group_ref, last_name, password, website) values (default, ?, ?, ?, ?, ?, ?, ?)
Hibernate: insert into person (id, date_of_birth, email, first_name, group_ref, last_name, password, website) values (default, ?, ?, ?, ?, ?, ?, ?)
Hibernate: insert into person (id, date_of_birth, email, first_name, group_ref, last_name, password, website) values (default, ?, ?, ?, ?, ?, ?, ?)
Hibernate: insert into person (id, date_of_birth, email, first_name, group_ref, last_name, password, website) values (default, ?, ?, ?, ?, ?, ?, ?)
Hibernate: insert into person (id, date_of_birth, email, first_name, group_ref, last_name, password, website) values (default, ?, ?, ?, ?, ?, ?, ?)
Hibernate: insert into person (id, date_of_birth, email, first_name, group_ref, last_name, password, website) values (default, ?, ?, ?, ?, ?, ?, ?)
Hibernate: insert into person (id, date_of_birth, email, first_name, group_ref, last_name, password, website) values (default, ?, ?, ?, ?, ?, ?, ?)
Hibernate: insert into person (id, date_of_birth, email, first_name, group_ref, last_name, password, website) values (default, ?, ?, ?, ?, ?, ?, ?)
Hibernate: insert into person (id, date_of_birth, email, first_name, group_ref, last_name, password, website) values (default, ?, ?, ?, ?, ?, ?, ?)
Hibernate: insert into person (id, date_of_birth, email, first_name, group_ref, last_name, password, website) values (default, ?, ?, ?, ?, ?, ?, ?)
Hibernate: insert into person (id, date_of_birth, email, first_name, group_ref, last_name, password, website) values (default, ?, ?, ?, ?, ?, ?, ?)
Hibernate: insert into person (id, date_of_birth, email, first_name, group_ref, last_name, password, website) values (default, ?, ?, ?, ?, ?, ?, ?)
Hibernate: insert into person (id, date_of_birth, email, first_name, group_ref, last_name, password, website) values (default, ?, ?, ?, ?, ?, ?, ?)
Hibernate: insert into person (id, date_of_birth, email, first_name, group_ref, last_name, password, website) values (default, ?, ?, ?, ?, ?, ?, ?)
Hibernate: insert into person (id, date_of_birth, email, first_name, group_ref, last_name, password, website) values (default, ?, ?, ?, ?, ?, ?, ?)
Hibernate: insert into person (id, date_of_birth, email, first_name, group_ref, last_name, password, website) values (default, ?, ?, ?, ?, ?, ?, ?)
Hibernate: insert into person (id, date_of_birth, email, first_name, group_ref, last_name, password, website) values (default, ?, ?, ?, ?, ?, ?, ?)
Hibernate: insert into person (id, date_of_birth, email, first_name, group_ref, last_name, password, website) values (default, ?, ?, ?, ?, ?, ?, ?)
Hibernate: insert into person (id, date_of_birth, email, first_name, group_ref, last_name, password, website) values (default, ?, ?, ?, ?, ?, ?, ?)
Hibernate: insert into person (id, date_of_birth, email, first_name, group_ref, last_name, password, website) values (default, ?, ?, ?, ?, ?, ?, ?)
Hibernate: insert into person (id, date_of_birth, email, first_name, group_ref, last_name, password, website) values (default, ?, ?, ?, ?, ?, ?, ?)
Hibernate: insert into person (id, date_of_birth, email, first_name, group_ref, last_name, password, website) values (default, ?, ?, ?, ?, ?, ?, ?)
Hibernate: insert into person (id, date_of_birth, email, first_name, group_ref, last_name, password, website) values (default, ?, ?, ?, ?, ?, ?, ?)
Hibernate: insert into person (id, date_of_birth, email, first_name, group_ref, last_name, password, website) values (default, ?, ?, ?, ?, ?, ?, ?)
Hibernate: insert into person (id, date_of_birth, email, first_name, group_ref, last_name, password, website) values (default, ?, ?, ?, ?, ?, ?, ?)
Hibernate: insert into person (id, date_of_birth, email, first_name, group_ref, last_name, password, website) values (default, ?, ?, ?, ?, ?, ?, ?)
Hibernate: insert into person (id, date_of_birth, email, first_name, group_ref, last_name, password, website) values (default, ?, ?, ?, ?, ?, ?, ?)
Hibernate: insert into person (id, date_of_birth, email, first_name, group_ref, last_name, password, website) values (default, ?, ?, ?, ?, ?, ?, ?)
Hibernate: insert into person (id, date_of_birth, email, first_name, group_ref, last_name, password, website) values (default, ?, ?, ?, ?, ?, ?, ?)
Hibernate: insert into person (id, date_of_birth, email, first_name, group_ref, last_name, password, website) values (default, ?, ?, ?, ?, ?, ?, ?)
Hibernate: insert into person (id, date_of_birth, email, first_name, group_ref, last_name, password, website) values (default, ?, ?, ?, ?, ?, ?, ?)
Hibernate: insert into person (id, date_of_birth, email, first_name, group_ref, last_name, password, website) values (default, ?, ?, ?, ?, ?, ?, ?)
Hibernate: insert into person (id, date_of_birth, email, first_name, group_ref, last_name, password, website) values (default, ?, ?, ?, ?, ?, ?, ?)
Hibernate: insert into person (id, date_of_birth, email, first_name, group_ref, last_name, password, website) values (default, ?, ?, ?, ?, ?, ?, ?)
Hibernate: insert into person (id, date_of_birth, email, first_name, group_ref, last_name, password, website) values (default, ?, ?, ?, ?, ?, ?, ?)
Hibernate: insert into person (id, date_of_birth, email, first_name, group_ref, last_name, password, website) values (default, ?, ?, ?, ?, ?, ?, ?)
Hibernate: insert into person (id, date_of_birth, email, first_name, group_ref, last_name, password, website) values (default, ?, ?, ?, ?, ?, ?, ?)
Hibernate: insert into person (id, date_of_birth, email, first_name, group_ref, last_name, password, website) values (default, ?, ?, ?, ?, ?, ?, ?)
Hibernate: insert into person (id, date_of_birth, email, first_name, group_ref, last_name, password, website) values (default, ?, ?, ?, ?, ?, ?, ?)
Hibernate: insert into person (id, date_of_birth, email, first_name, group_ref, last_name, password, website) values (default, ?, ?, ?, ?, ?, ?, ?)
Hibernate: insert into person (id, date_of_birth, email, first_name, group_ref, last_name, password, website) values (default, ?, ?, ?, ?, ?, ?, ?)
Hibernate: insert into person (id, date_of_birth, email, first_name, group_ref, last_name, password, website) values (default, ?, ?, ?, ?, ?, ?, ?)
Hibernate: insert into person (id, date_of_birth, email, first_name, group_ref, last_name, password, website) values (default, ?, ?, ?, ?, ?, ?, ?)
Hibernate: insert into person (id, date_of_birth, email, first_name, group_ref, last_name, password, website) values (default, ?, ?, ?, ?, ?, ?, ?)
Hibernate: insert into person (id, date_of_birth, email, first_name, group_ref, last_name, password, website) values (default, ?, ?, ?, ?, ?, ?, ?)
Hibernate: insert into person (id, date_of_birth, email, first_name, group_ref, last_name, password, website) values (default, ?, ?, ?, ?, ?, ?, ?)
Hibernate: insert into person (id, date_of_birth, email, first_name, group_ref, last_name, password, website) values (default, ?, ?, ?, ?, ?, ?, ?)
Hibernate: insert into person (id, date_of_birth, email, first_name, group_ref, last_name, password, website) values (default, ?, ?, ?, ?, ?, ?, ?)
Hibernate: insert into person (id, date_of_birth, email, first_name, group_ref, last_name, password, website) values (default, ?, ?, ?, ?, ?, ?, ?)
Hibernate: insert into person (id, date_of_birth, email, first_name, group_ref, last_name, password, website) values (default, ?, ?, ?, ?, ?, ?, ?)
Hibernate: insert into person (id, date_of_birth, email, first_name, group_ref, last_name, password, website) values (default, ?, ?, ?, ?, ?, ?, ?)
Hibernate: insert into person (id, date_of_birth, email, first_name, group_ref, last_name, password, website) values (default, ?, ?, ?, ?, ?, ?, ?)
Hibernate: insert into person (id, date_of_birth, email, first_name, group_ref, last_name, password, website) values (default, ?, ?, ?, ?, ?, ?, ?)
Hibernate: insert into person (id, date_of_birth, email, first_name, group_ref, last_name, password, website) values (default, ?, ?, ?, ?, ?, ?, ?)
Hibernate: insert into person (id, date_of_birth, email, first_name, group_ref, last_name, password, website) values (default, ?, ?, ?, ?, ?, ?, ?)
Hibernate: insert into person (id, date_of_birth, email, first_name, group_ref, last_name, password, website) values (default, ?, ?, ?, ?, ?, ?, ?)
Hibernate: insert into person (id, date_of_birth, email, first_name, group_ref, last_name, password, website) values (default, ?, ?, ?, ?, ?, ?, ?)
Hibernate: insert into person (id, date_of_birth, email, first_name, group_ref, last_name, password, website) values (default, ?, ?, ?, ?, ?, ?, ?)
Hibernate: insert into person (id, date_of_birth, email, first_name, group_ref, last_name, password, website) values (default, ?, ?, ?, ?, ?, ?, ?)
Hibernate: insert into person (id, date_of_birth, email, first_name, group_ref, last_name, password, website) values (default, ?, ?, ?, ?, ?, ?, ?)
Hibernate: insert into person (id, date_of_birth, email, first_name, group_ref, last_name, password, website) values (default, ?, ?, ?, ?, ?, ?, ?)
Hibernate: insert into person (id, date_of_birth, email, first_name, group_ref, last_name, password, website) values (default, ?, ?, ?, ?, ?, ?, ?)
Hibernate: insert into person (id, date_of_birth, email, first_name, group_ref, last_name, password, website) values (default, ?, ?, ?, ?, ?, ?, ?)
Hibernate: insert into person (id, date_of_birth, email, first_name, group_ref, last_name, password, website) values (default, ?, ?, ?, ?, ?, ?, ?)
Hibernate: insert into person (id, date_of_birth, email, first_name, group_ref, last_name, password, website) values (default, ?, ?, ?, ?, ?, ?, ?)
Hibernate: insert into person (id, date_of_birth, email, first_name, group_ref, last_name, password, website) values (default, ?, ?, ?, ?, ?, ?, ?)
Hibernate: insert into person (id, date_of_birth, email, first_name, group_ref, last_name, password, website) values (default, ?, ?, ?, ?, ?, ?, ?)
Hibernate: insert into person (id, date_of_birth, email, first_name, group_ref, last_name, password, website) values (default, ?, ?, ?, ?, ?, ?, ?)
Hibernate: insert into person (id, date_of_birth, email, first_name, group_ref, last_name, password, website) values (default, ?, ?, ?, ?, ?, ?, ?)
Hibernate: insert into person (id, date_of_birth, email, first_name, group_ref, last_name, password, website) values (default, ?, ?, ?, ?, ?, ?, ?)
Hibernate: insert into person (id, date_of_birth, email, first_name, group_ref, last_name, password, website) values (default, ?, ?, ?, ?, ?, ?, ?)
Hibernate: insert into person (id, date_of_birth, email, first_name, group_ref, last_name, password, website) values (default, ?, ?, ?, ?, ?, ?, ?)
Hibernate: insert into person (id, date_of_birth, email, first_name, group_ref, last_name, password, website) values (default, ?, ?, ?, ?, ?, ?, ?)
Hibernate: insert into person (id, date_of_birth, email, first_name, group_ref, last_name, password, website) values (default, ?, ?, ?, ?, ?, ?, ?)
Hibernate: insert into person (id, date_of_birth, email, first_name, group_ref, last_name, password, website) values (default, ?, ?, ?, ?, ?, ?, ?)
Hibernate: insert into person (id, date_of_birth, email, first_name, group_ref, last_name, password, website) values (default, ?, ?, ?, ?, ?, ?, ?)
Hibernate: insert into person (id, date_of_birth, email, first_name, group_ref, last_name, password, website) values (default, ?, ?, ?, ?, ?, ?, ?)
Hibernate: insert into person (id, date_of_birth, email, first_name, group_ref, last_name, password, website) values (default, ?, ?, ?, ?, ?, ?, ?)
Hibernate: insert into person (id, date_of_birth, email, first_name, group_ref, last_name, password, website) values (default, ?, ?, ?, ?, ?, ?, ?)
Hibernate: insert into person (id, date_of_birth, email, first_name, group_ref, last_name, password, website) values (default, ?, ?, ?, ?, ?, ?, ?)
Hibernate: insert into person (id, date_of_birth, email, first_name, group_ref, last_name, password, website) values (default, ?, ?, ?, ?, ?, ?, ?)
Hibernate: insert into person (id, date_of_birth, email, first_name, group_ref, last_name, password, website) values (default, ?, ?, ?, ?, ?, ?, ?)
Hibernate: insert into person (id, date_of_birth, email, first_name, group_ref, last_name, password, website) values (default, ?, ?, ?, ?, ?, ?, ?)
Hibernate: insert into person (id, date_of_birth, email, first_name, group_ref, last_name, password, website) values (default, ?, ?, ?, ?, ?, ?, ?)
Hibernate: insert into person (id, date_of_birth, email, first_name, group_ref, last_name, password, website) values (default, ?, ?, ?, ?, ?, ?, ?)
Hibernate: insert into person (id, date_of_birth, email, first_name, group_ref, last_name, password, website) values (default, ?, ?, ?, ?, ?, ?, ?)
Hibernate: insert into person (id, date_of_birth, email, first_name, group_ref, last_name, password, website) values (default, ?, ?, ?, ?, ?, ?, ?)
Hibernate: insert into person (id, date_of_birth, email, first_name, group_ref, last_name, password, website) values (default, ?, ?, ?, ?, ?, ?, ?)
Hibernate: insert into person (id, date_of_birth, email, first_name, group_ref, last_name, password, website) values (default, ?, ?, ?, ?, ?, ?, ?)
Hibernate: insert into person (id, date_of_birth, email, first_name, group_ref, last_name, password, website) values (default, ?, ?, ?, ?, ?, ?, ?)
Hibernate: insert into person (id, date_of_birth, email, first_name, group_ref, last_name, password, website) values (default, ?, ?, ?, ?, ?, ?, ?)
Hibernate: insert into person (id, date_of_birth, email, first_name, group_ref, last_name, password, website) values (default, ?, ?, ?, ?, ?, ?, ?)
Hibernate: insert into person (id, date_of_birth, email, first_name, group_ref, last_name, password, website) values (default, ?, ?, ?, ?, ?, ?, ?)
Hibernate: insert into person (id, date_of_birth, email, first_name, group_ref, last_name, password, website) values (default, ?, ?, ?, ?, ?, ?, ?)
Hibernate: insert into person (id, date_of_birth, email, first_name, group_ref, last_name, password, website) values (default, ?, ?, ?, ?, ?, ?, ?)
2023-04-12 22:44:05.849  WARN 87919 --- [           main] o.h.engine.jdbc.spi.SqlExceptionHelper   : SQL Error: 23505, SQLState: 23505
2023-04-12 22:44:05.849 ERROR 87919 --- [           main] o.h.engine.jdbc.spi.SqlExceptionHelper   : Unique index or primary key violation: "PUBLIC.UK_FWMWI44U55BO4RVWSV0CLN012_INDEX_8 ON PUBLIC.PERSON(EMAIL NULLS FIRST) VALUES ( /* 278 */ 'roderick.parisian@gmail.com' )"; SQL statement:
insert into person (id, date_of_birth, email, first_name, group_ref, last_name, password, website) values (default, ?, ?, ?, ?, ?, ?, ?) [23505-214]
2023-04-12 22:44:05.853  INFO 87919 --- [           main] ConditionEvaluationReportLoggingListener : 

Error starting ApplicationContext. To display the conditions report re-run your application with 'debug' enabled.
2023-04-12 22:44:05.869 ERROR 87919 --- [           main] o.s.boot.SpringApplication               : Application run failed

java.lang.IllegalStateException: Failed to execute CommandLineRunner
	at org.springframework.boot.SpringApplication.callRunner(SpringApplication.java:771) ~[spring-boot-2.7.10.jar:2.7.10]
	at org.springframework.boot.SpringApplication.callRunners(SpringApplication.java:752) ~[spring-boot-2.7.10.jar:2.7.10]
	at org.springframework.boot.SpringApplication.run(SpringApplication.java:314) ~[spring-boot-2.7.10.jar:2.7.10]
	at org.springframework.boot.test.context.SpringBootContextLoader.loadContext(SpringBootContextLoader.java:136) ~[spring-boot-test-2.7.10.jar:2.7.10]
	at org.springframework.test.context.cache.DefaultCacheAwareContextLoaderDelegate.loadContextInternal(DefaultCacheAwareContextLoaderDelegate.java:141) ~[spring-test-5.3.26.jar:5.3.26]
	at org.springframework.test.context.cache.DefaultCacheAwareContextLoaderDelegate.loadContext(DefaultCacheAwareContextLoaderDelegate.java:90) ~[spring-test-5.3.26.jar:5.3.26]
	at org.springframework.test.context.support.DefaultTestContext.getApplicationContext(DefaultTestContext.java:124) ~[spring-test-5.3.26.jar:5.3.26]
	at org.springframework.test.context.support.DependencyInjectionTestExecutionListener.injectDependencies(DependencyInjectionTestExecutionListener.java:118) ~[spring-test-5.3.26.jar:5.3.26]
	at org.springframework.test.context.support.DependencyInjectionTestExecutionListener.beforeTestMethod(DependencyInjectionTestExecutionListener.java:99) ~[spring-test-5.3.26.jar:5.3.26]
	at org.springframework.test.context.TestContextManager.beforeTestMethod(TestContextManager.java:293) ~[spring-test-5.3.26.jar:5.3.26]
	at org.springframework.test.context.junit.jupiter.SpringExtension.beforeEach(SpringExtension.java:174) ~[spring-test-5.3.26.jar:5.3.26]
	at org.junit.jupiter.engine.descriptor.TestMethodTestDescriptor.lambda$invokeBeforeEachCallbacks$2(TestMethodTestDescriptor.java:163) ~[junit-jupiter-engine-5.8.2.jar:5.8.2]
	at org.junit.jupiter.engine.descriptor.TestMethodTestDescriptor.lambda$invokeBeforeMethodsOrCallbacksUntilExceptionOccurs$6(TestMethodTestDescriptor.java:199) ~[junit-jupiter-engine-5.8.2.jar:5.8.2]
	at org.junit.platform.engine.support.hierarchical.ThrowableCollector.execute(ThrowableCollector.java:73) ~[junit-platform-engine-1.8.2.jar:1.8.2]
	at org.junit.jupiter.engine.descriptor.TestMethodTestDescriptor.invokeBeforeMethodsOrCallbacksUntilExceptionOccurs(TestMethodTestDescriptor.java:199) ~[junit-jupiter-engine-5.8.2.jar:5.8.2]
	at org.junit.jupiter.engine.descriptor.TestMethodTestDescriptor.invokeBeforeEachCallbacks(TestMethodTestDescriptor.java:162) ~[junit-jupiter-engine-5.8.2.jar:5.8.2]
	at org.junit.jupiter.engine.descriptor.TestMethodTestDescriptor.execute(TestMethodTestDescriptor.java:129) ~[junit-jupiter-engine-5.8.2.jar:5.8.2]
	at org.junit.jupiter.engine.descriptor.TestMethodTestDescriptor.execute(TestMethodTestDescriptor.java:66) ~[junit-jupiter-engine-5.8.2.jar:5.8.2]
	at org.junit.platform.engine.support.hierarchical.NodeTestTask.lambda$executeRecursively$6(NodeTestTask.java:151) ~[junit-platform-engine-1.8.2.jar:1.8.2]
	at org.junit.platform.engine.support.hierarchical.ThrowableCollector.execute(ThrowableCollector.java:73) ~[junit-platform-engine-1.8.2.jar:1.8.2]
	at org.junit.platform.engine.support.hierarchical.NodeTestTask.lambda$executeRecursively$8(NodeTestTask.java:141) ~[junit-platform-engine-1.8.2.jar:1.8.2]
	at org.junit.platform.engine.support.hierarchical.Node.around(Node.java:137) ~[junit-platform-engine-1.8.2.jar:1.8.2]
	at org.junit.platform.engine.support.hierarchical.NodeTestTask.lambda$executeRecursively$9(NodeTestTask.java:139) ~[junit-platform-engine-1.8.2.jar:1.8.2]
	at org.junit.platform.engine.support.hierarchical.ThrowableCollector.execute(ThrowableCollector.java:73) ~[junit-platform-engine-1.8.2.jar:1.8.2]
	at org.junit.platform.engine.support.hierarchical.NodeTestTask.executeRecursively(NodeTestTask.java:138) ~[junit-platform-engine-1.8.2.jar:1.8.2]
	at org.junit.platform.engine.support.hierarchical.NodeTestTask.execute(NodeTestTask.java:95) ~[junit-platform-engine-1.8.2.jar:1.8.2]
	at java.base/java.util.ArrayList.forEach(ArrayList.java:1511) ~[na:na]
	at org.junit.platform.engine.support.hierarchical.SameThreadHierarchicalTestExecutorService.invokeAll(SameThreadHierarchicalTestExecutorService.java:41) ~[junit-platform-engine-1.8.2.jar:1.8.2]
	at org.junit.platform.engine.support.hierarchical.NodeTestTask.lambda$executeRecursively$6(NodeTestTask.java:155) ~[junit-platform-engine-1.8.2.jar:1.8.2]
	at org.junit.platform.engine.support.hierarchical.ThrowableCollector.execute(ThrowableCollector.java:73) ~[junit-platform-engine-1.8.2.jar:1.8.2]
	at org.junit.platform.engine.support.hierarchical.NodeTestTask.lambda$executeRecursively$8(NodeTestTask.java:141) ~[junit-platform-engine-1.8.2.jar:1.8.2]
	at org.junit.platform.engine.support.hierarchical.Node.around(Node.java:137) ~[junit-platform-engine-1.8.2.jar:1.8.2]
	at org.junit.platform.engine.support.hierarchical.NodeTestTask.lambda$executeRecursively$9(NodeTestTask.java:139) ~[junit-platform-engine-1.8.2.jar:1.8.2]
	at org.junit.platform.engine.support.hierarchical.ThrowableCollector.execute(ThrowableCollector.java:73) ~[junit-platform-engine-1.8.2.jar:1.8.2]
	at org.junit.platform.engine.support.hierarchical.NodeTestTask.executeRecursively(NodeTestTask.java:138) ~[junit-platform-engine-1.8.2.jar:1.8.2]
	at org.junit.platform.engine.support.hierarchical.NodeTestTask.execute(NodeTestTask.java:95) ~[junit-platform-engine-1.8.2.jar:1.8.2]
	at java.base/java.util.ArrayList.forEach(ArrayList.java:1511) ~[na:na]
	at org.junit.platform.engine.support.hierarchical.SameThreadHierarchicalTestExecutorService.invokeAll(SameThreadHierarchicalTestExecutorService.java:41) ~[junit-platform-engine-1.8.2.jar:1.8.2]
	at org.junit.platform.engine.support.hierarchical.NodeTestTask.lambda$executeRecursively$6(NodeTestTask.java:155) ~[junit-platform-engine-1.8.2.jar:1.8.2]
	at org.junit.platform.engine.support.hierarchical.ThrowableCollector.execute(ThrowableCollector.java:73) ~[junit-platform-engine-1.8.2.jar:1.8.2]
	at org.junit.platform.engine.support.hierarchical.NodeTestTask.lambda$executeRecursively$8(NodeTestTask.java:141) ~[junit-platform-engine-1.8.2.jar:1.8.2]
	at org.junit.platform.engine.support.hierarchical.Node.around(Node.java:137) ~[junit-platform-engine-1.8.2.jar:1.8.2]
	at org.junit.platform.engine.support.hierarchical.NodeTestTask.lambda$executeRecursively$9(NodeTestTask.java:139) ~[junit-platform-engine-1.8.2.jar:1.8.2]
	at org.junit.platform.engine.support.hierarchical.ThrowableCollector.execute(ThrowableCollector.java:73) ~[junit-platform-engine-1.8.2.jar:1.8.2]
	at org.junit.platform.engine.support.hierarchical.NodeTestTask.executeRecursively(NodeTestTask.java:138) ~[junit-platform-engine-1.8.2.jar:1.8.2]
	at org.junit.platform.engine.support.hierarchical.NodeTestTask.execute(NodeTestTask.java:95) ~[junit-platform-engine-1.8.2.jar:1.8.2]
	at org.junit.platform.engine.support.hierarchical.SameThreadHierarchicalTestExecutorService.submit(SameThreadHierarchicalTestExecutorService.java:35) ~[junit-platform-engine-1.8.2.jar:1.8.2]
	at org.junit.platform.engine.support.hierarchical.HierarchicalTestExecutor.execute(HierarchicalTestExecutor.java:57) ~[junit-platform-engine-1.8.2.jar:1.8.2]
	at org.junit.platform.engine.support.hierarchical.HierarchicalTestEngine.execute(HierarchicalTestEngine.java:54) ~[junit-platform-engine-1.8.2.jar:1.8.2]
	at org.junit.platform.launcher.core.DefaultLauncher.execute(DefaultLauncher.java:220) ~[junit-platform-launcher-1.3.1.jar:1.3.1]
	at org.junit.platform.launcher.core.DefaultLauncher.lambda$execute$6(DefaultLauncher.java:188) ~[junit-platform-launcher-1.3.1.jar:1.3.1]
	at org.junit.platform.launcher.core.DefaultLauncher.withInterceptedStreams(DefaultLauncher.java:202) ~[junit-platform-launcher-1.3.1.jar:1.3.1]
	at org.junit.platform.launcher.core.DefaultLauncher.execute(DefaultLauncher.java:181) ~[junit-platform-launcher-1.3.1.jar:1.3.1]
	at org.junit.platform.launcher.core.DefaultLauncher.execute(DefaultLauncher.java:128) ~[junit-platform-launcher-1.3.1.jar:1.3.1]
	at org.apache.maven.surefire.junitplatform.JUnitPlatformProvider.invokeAllTests(JUnitPlatformProvider.java:150) ~[surefire-junit-platform-2.22.2.jar:2.22.2]
	at org.apache.maven.surefire.junitplatform.JUnitPlatformProvider.invoke(JUnitPlatformProvider.java:124) ~[surefire-junit-platform-2.22.2.jar:2.22.2]
	at org.apache.maven.surefire.booter.ForkedBooter.invokeProviderInSameClassLoader(ForkedBooter.java:384) ~[surefire-booter-2.22.2.jar:2.22.2]
	at org.apache.maven.surefire.booter.ForkedBooter.runSuitesInProcess(ForkedBooter.java:345) ~[surefire-booter-2.22.2.jar:2.22.2]
	at org.apache.maven.surefire.booter.ForkedBooter.execute(ForkedBooter.java:126) ~[surefire-booter-2.22.2.jar:2.22.2]
	at org.apache.maven.surefire.booter.ForkedBooter.main(ForkedBooter.java:418) ~[surefire-booter-2.22.2.jar:2.22.2]
Caused by: org.springframework.dao.DataIntegrityViolationException: could not execute statement; SQL [n/a]; constraint ["PUBLIC.UK_FWMWI44U55BO4RVWSV0CLN012_INDEX_8 ON PUBLIC.PERSON(EMAIL NULLS FIRST) VALUES ( /* 278 */ 'roderick.parisian@gmail.com' )"; SQL statement:
insert into person (id, date_of_birth, email, first_name, group_ref, last_name, password, website) values (default, ?, ?, ?, ?, ?, ?, ?) [23505-214]]; nested exception is org.hibernate.exception.ConstraintViolationException: could not execute statement
	at org.springframework.orm.jpa.vendor.HibernateJpaDialect.convertHibernateAccessException(HibernateJpaDialect.java:276) ~[spring-orm-5.3.26.jar:5.3.26]
	at org.springframework.orm.jpa.vendor.HibernateJpaDialect.translateExceptionIfPossible(HibernateJpaDialect.java:233) ~[spring-orm-5.3.26.jar:5.3.26]
	at org.springframework.orm.jpa.AbstractEntityManagerFactoryBean.translateExceptionIfPossible(AbstractEntityManagerFactoryBean.java:551) ~[spring-orm-5.3.26.jar:5.3.26]
	at org.springframework.dao.support.ChainedPersistenceExceptionTranslator.translateExceptionIfPossible(ChainedPersistenceExceptionTranslator.java:61) ~[spring-tx-5.3.26.jar:5.3.26]
	at org.springframework.dao.support.DataAccessUtils.translateIfNecessary(DataAccessUtils.java:242) ~[spring-tx-5.3.26.jar:5.3.26]
	at org.springframework.dao.support.PersistenceExceptionTranslationInterceptor.invoke(PersistenceExceptionTranslationInterceptor.java:152) ~[spring-tx-5.3.26.jar:5.3.26]
	at org.springframework.aop.framework.ReflectiveMethodInvocation.proceed(ReflectiveMethodInvocation.java:186) ~[spring-aop-5.3.26.jar:5.3.26]
	at org.springframework.data.jpa.repository.support.CrudMethodMetadataPostProcessor$CrudMethodMetadataPopulatingMethodInterceptor.invoke(CrudMethodMetadataPostProcessor.java:174) ~[spring-data-jpa-2.7.10.jar:2.7.10]
	at org.springframework.aop.framework.ReflectiveMethodInvocation.proceed(ReflectiveMethodInvocation.java:186) ~[spring-aop-5.3.26.jar:5.3.26]
	at org.springframework.aop.interceptor.ExposeInvocationInterceptor.invoke(ExposeInvocationInterceptor.java:97) ~[spring-aop-5.3.26.jar:5.3.26]
	at org.springframework.aop.framework.ReflectiveMethodInvocation.proceed(ReflectiveMethodInvocation.java:186) ~[spring-aop-5.3.26.jar:5.3.26]
	at org.springframework.aop.framework.JdkDynamicAopProxy.invoke(JdkDynamicAopProxy.java:215) ~[spring-aop-5.3.26.jar:5.3.26]
	at jdk.proxy2/jdk.proxy2.$Proxy115.save(Unknown Source) ~[na:na]
	at com.example.demo.DemoApplication.lambda$commandLineRunner$0(DemoApplication.java:60) ~[classes/:na]
	at org.springframework.boot.SpringApplication.callRunner(SpringApplication.java:768) ~[spring-boot-2.7.10.jar:2.7.10]
	... 59 common frames omitted
Caused by: org.hibernate.exception.ConstraintViolationException: could not execute statement
	at org.hibernate.exception.internal.SQLExceptionTypeDelegate.convert(SQLExceptionTypeDelegate.java:59) ~[hibernate-core-5.6.15.Final.jar:5.6.15.Final]
	at org.hibernate.exception.internal.StandardSQLExceptionConverter.convert(StandardSQLExceptionConverter.java:37) ~[hibernate-core-5.6.15.Final.jar:5.6.15.Final]
	at org.hibernate.engine.jdbc.spi.SqlExceptionHelper.convert(SqlExceptionHelper.java:113) ~[hibernate-core-5.6.15.Final.jar:5.6.15.Final]
	at org.hibernate.engine.jdbc.spi.SqlExceptionHelper.convert(SqlExceptionHelper.java:99) ~[hibernate-core-5.6.15.Final.jar:5.6.15.Final]
	at org.hibernate.engine.jdbc.internal.ResultSetReturnImpl.executeUpdate(ResultSetReturnImpl.java:200) ~[hibernate-core-5.6.15.Final.jar:5.6.15.Final]
	at org.hibernate.dialect.identity.GetGeneratedKeysDelegate.executeAndExtract(GetGeneratedKeysDelegate.java:58) ~[hibernate-core-5.6.15.Final.jar:5.6.15.Final]
	at org.hibernate.id.insert.AbstractReturningDelegate.performInsert(AbstractReturningDelegate.java:43) ~[hibernate-core-5.6.15.Final.jar:5.6.15.Final]
	at org.hibernate.persister.entity.AbstractEntityPersister.insert(AbstractEntityPersister.java:3279) ~[hibernate-core-5.6.15.Final.jar:5.6.15.Final]
	at org.hibernate.persister.entity.AbstractEntityPersister.insert(AbstractEntityPersister.java:3914) ~[hibernate-core-5.6.15.Final.jar:5.6.15.Final]
	at org.hibernate.action.internal.EntityIdentityInsertAction.execute(EntityIdentityInsertAction.java:84) ~[hibernate-core-5.6.15.Final.jar:5.6.15.Final]
	at org.hibernate.engine.spi.ActionQueue.execute(ActionQueue.java:645) ~[hibernate-core-5.6.15.Final.jar:5.6.15.Final]
	at org.hibernate.engine.spi.ActionQueue.addResolvedEntityInsertAction(ActionQueue.java:282) ~[hibernate-core-5.6.15.Final.jar:5.6.15.Final]
	at org.hibernate.engine.spi.ActionQueue.addInsertAction(ActionQueue.java:263) ~[hibernate-core-5.6.15.Final.jar:5.6.15.Final]
	at org.hibernate.engine.spi.ActionQueue.addAction(ActionQueue.java:317) ~[hibernate-core-5.6.15.Final.jar:5.6.15.Final]
	at org.hibernate.event.internal.AbstractSaveEventListener.addInsertAction(AbstractSaveEventListener.java:329) ~[hibernate-core-5.6.15.Final.jar:5.6.15.Final]
	at org.hibernate.event.internal.AbstractSaveEventListener.performSaveOrReplicate(AbstractSaveEventListener.java:286) ~[hibernate-core-5.6.15.Final.jar:5.6.15.Final]
	at org.hibernate.event.internal.AbstractSaveEventListener.performSave(AbstractSaveEventListener.java:192) ~[hibernate-core-5.6.15.Final.jar:5.6.15.Final]
	at org.hibernate.event.internal.AbstractSaveEventListener.saveWithGeneratedId(AbstractSaveEventListener.java:122) ~[hibernate-core-5.6.15.Final.jar:5.6.15.Final]
	at org.hibernate.event.internal.DefaultPersistEventListener.entityIsTransient(DefaultPersistEventListener.java:185) ~[hibernate-core-5.6.15.Final.jar:5.6.15.Final]
	at org.hibernate.event.internal.DefaultPersistEventListener.onPersist(DefaultPersistEventListener.java:128) ~[hibernate-core-5.6.15.Final.jar:5.6.15.Final]
	at org.hibernate.event.internal.DefaultPersistEventListener.onPersist(DefaultPersistEventListener.java:55) ~[hibernate-core-5.6.15.Final.jar:5.6.15.Final]
	at org.hibernate.event.service.internal.EventListenerGroupImpl.fireEventOnEachListener(EventListenerGroupImpl.java:107) ~[hibernate-core-5.6.15.Final.jar:5.6.15.Final]
	at org.hibernate.internal.SessionImpl.firePersist(SessionImpl.java:756) ~[hibernate-core-5.6.15.Final.jar:5.6.15.Final]
	at org.hibernate.internal.SessionImpl.persist(SessionImpl.java:742) ~[hibernate-core-5.6.15.Final.jar:5.6.15.Final]
	at java.base/jdk.internal.reflect.DirectMethodHandleAccessor.invoke(DirectMethodHandleAccessor.java:104) ~[na:na]
	at java.base/java.lang.reflect.Method.invoke(Method.java:578) ~[na:na]
	at org.springframework.orm.jpa.SharedEntityManagerCreator$SharedEntityManagerInvocationHandler.invoke(SharedEntityManagerCreator.java:315) ~[spring-orm-5.3.26.jar:5.3.26]
	at jdk.proxy2/jdk.proxy2.$Proxy111.persist(Unknown Source) ~[na:na]
	at org.springframework.data.jpa.repository.support.SimpleJpaRepository.save(SimpleJpaRepository.java:666) ~[spring-data-jpa-2.7.10.jar:2.7.10]
	at java.base/jdk.internal.reflect.DirectMethodHandleAccessor.invoke(DirectMethodHandleAccessor.java:104) ~[na:na]
	at java.base/java.lang.reflect.Method.invoke(Method.java:578) ~[na:na]
	at org.springframework.data.repository.core.support.RepositoryMethodInvoker$RepositoryFragmentMethodInvoker.lambda$new$0(RepositoryMethodInvoker.java:289) ~[spring-data-commons-2.7.10.jar:2.7.10]
	at org.springframework.data.repository.core.support.RepositoryMethodInvoker.doInvoke(RepositoryMethodInvoker.java:137) ~[spring-data-commons-2.7.10.jar:2.7.10]
	at org.springframework.data.repository.core.support.RepositoryMethodInvoker.invoke(RepositoryMethodInvoker.java:121) ~[spring-data-commons-2.7.10.jar:2.7.10]
	at org.springframework.data.repository.core.support.RepositoryComposition$RepositoryFragments.invoke(RepositoryComposition.java:530) ~[spring-data-commons-2.7.10.jar:2.7.10]
	at org.springframework.data.repository.core.support.RepositoryComposition.invoke(RepositoryComposition.java:286) ~[spring-data-commons-2.7.10.jar:2.7.10]
	at org.springframework.data.repository.core.support.RepositoryFactorySupport$ImplementationMethodExecutionInterceptor.invoke(RepositoryFactorySupport.java:640) ~[spring-data-commons-2.7.10.jar:2.7.10]
	at org.springframework.aop.framework.ReflectiveMethodInvocation.proceed(ReflectiveMethodInvocation.java:186) ~[spring-aop-5.3.26.jar:5.3.26]
	at org.springframework.data.repository.core.support.QueryExecutorMethodInterceptor.doInvoke(QueryExecutorMethodInterceptor.java:164) ~[spring-data-commons-2.7.10.jar:2.7.10]
	at org.springframework.data.repository.core.support.QueryExecutorMethodInterceptor.invoke(QueryExecutorMethodInterceptor.java:139) ~[spring-data-commons-2.7.10.jar:2.7.10]
	at org.springframework.aop.framework.ReflectiveMethodInvocation.proceed(ReflectiveMethodInvocation.java:186) ~[spring-aop-5.3.26.jar:5.3.26]
	at org.springframework.transaction.interceptor.TransactionInterceptor$1.proceedWithInvocation(TransactionInterceptor.java:123) ~[spring-tx-5.3.26.jar:5.3.26]
	at org.springframework.transaction.interceptor.TransactionAspectSupport.invokeWithinTransaction(TransactionAspectSupport.java:388) ~[spring-tx-5.3.26.jar:5.3.26]
	at org.springframework.transaction.interceptor.TransactionInterceptor.invoke(TransactionInterceptor.java:119) ~[spring-tx-5.3.26.jar:5.3.26]
	at org.springframework.aop.framework.ReflectiveMethodInvocation.proceed(ReflectiveMethodInvocation.java:186) ~[spring-aop-5.3.26.jar:5.3.26]
	at org.springframework.dao.support.PersistenceExceptionTranslationInterceptor.invoke(PersistenceExceptionTranslationInterceptor.java:137) ~[spring-tx-5.3.26.jar:5.3.26]
	... 68 common frames omitted
Caused by: org.h2.jdbc.JdbcSQLIntegrityConstraintViolationException: Unique index or primary key violation: "PUBLIC.UK_FWMWI44U55BO4RVWSV0CLN012_INDEX_8 ON PUBLIC.PERSON(EMAIL NULLS FIRST) VALUES ( /* 278 */ 'roderick.parisian@gmail.com' )"; SQL statement:
insert into person (id, date_of_birth, email, first_name, group_ref, last_name, password, website) values (default, ?, ?, ?, ?, ?, ?, ?) [23505-214]
	at org.h2.message.DbException.getJdbcSQLException(DbException.java:508) ~[h2-2.1.214.jar:2.1.214]
	at org.h2.message.DbException.getJdbcSQLException(DbException.java:477) ~[h2-2.1.214.jar:2.1.214]
	at org.h2.message.DbException.get(DbException.java:223) ~[h2-2.1.214.jar:2.1.214]
	at org.h2.message.DbException.get(DbException.java:199) ~[h2-2.1.214.jar:2.1.214]
	at org.h2.index.Index.getDuplicateKeyException(Index.java:525) ~[h2-2.1.214.jar:2.1.214]
	at org.h2.mvstore.db.MVSecondaryIndex.checkUnique(MVSecondaryIndex.java:223) ~[h2-2.1.214.jar:2.1.214]
	at org.h2.mvstore.db.MVSecondaryIndex.add(MVSecondaryIndex.java:184) ~[h2-2.1.214.jar:2.1.214]
	at org.h2.mvstore.db.MVTable.addRow(MVTable.java:519) ~[h2-2.1.214.jar:2.1.214]
	at org.h2.command.dml.Insert.insertRows(Insert.java:174) ~[h2-2.1.214.jar:2.1.214]
	at org.h2.command.dml.Insert.update(Insert.java:135) ~[h2-2.1.214.jar:2.1.214]
	at org.h2.command.CommandContainer.executeUpdateWithGeneratedKeys(CommandContainer.java:242) ~[h2-2.1.214.jar:2.1.214]
	at org.h2.command.CommandContainer.update(CommandContainer.java:163) ~[h2-2.1.214.jar:2.1.214]
	at org.h2.command.Command.executeUpdate(Command.java:252) ~[h2-2.1.214.jar:2.1.214]
	at org.h2.jdbc.JdbcPreparedStatement.executeUpdateInternal(JdbcPreparedStatement.java:209) ~[h2-2.1.214.jar:2.1.214]
	at org.h2.jdbc.JdbcPreparedStatement.executeUpdate(JdbcPreparedStatement.java:169) ~[h2-2.1.214.jar:2.1.214]
	at org.hibernate.engine.jdbc.internal.ResultSetReturnImpl.executeUpdate(ResultSetReturnImpl.java:197) ~[hibernate-core-5.6.15.Final.jar:5.6.15.Final]
	... 109 common frames omitted

2023-04-12 22:44:05.870  INFO 87919 --- [           main] j.LocalContainerEntityManagerFactoryBean : Closing JPA EntityManagerFactory for persistence unit 'default'
2023-04-12 22:44:05.870  INFO 87919 --- [           main] .SchemaDropperImpl$DelayedDropActionImpl : HHH000477: Starting delayed evictData of schema as part of SessionFactory shut-down'
Hibernate: drop table if exists group_table CASCADE 
Hibernate: drop table if exists person CASCADE 
2023-04-12 22:44:05.873  WARN 87919 --- [           main] o.s.test.context.TestContextManager      : Caught exception while invoking 'beforeTestMethod' callback on TestExecutionListener [org.springframework.boot.test.autoconfigure.SpringBootDependencyInjectionTestExecutionListener@3ab833c5] for test method [public void com.example.demo.repository.PersonRepoTest.testFindByLastName()] and test instance [com.example.demo.repository.PersonRepoTest@528c9ffc]

java.lang.IllegalStateException: Failed to load ApplicationContext
	at org.springframework.test.context.cache.DefaultCacheAwareContextLoaderDelegate.loadContext(DefaultCacheAwareContextLoaderDelegate.java:98) ~[spring-test-5.3.26.jar:5.3.26]
	at org.springframework.test.context.support.DefaultTestContext.getApplicationContext(DefaultTestContext.java:124) ~[spring-test-5.3.26.jar:5.3.26]
	at org.springframework.test.context.support.DependencyInjectionTestExecutionListener.injectDependencies(DependencyInjectionTestExecutionListener.java:118) ~[spring-test-5.3.26.jar:5.3.26]
	at org.springframework.test.context.support.DependencyInjectionTestExecutionListener.beforeTestMethod(DependencyInjectionTestExecutionListener.java:99) ~[spring-test-5.3.26.jar:5.3.26]
	at org.springframework.test.context.TestContextManager.beforeTestMethod(TestContextManager.java:293) ~[spring-test-5.3.26.jar:5.3.26]
	at org.springframework.test.context.junit.jupiter.SpringExtension.beforeEach(SpringExtension.java:174) ~[spring-test-5.3.26.jar:5.3.26]
	at org.junit.jupiter.engine.descriptor.TestMethodTestDescriptor.lambda$invokeBeforeEachCallbacks$2(TestMethodTestDescriptor.java:163) ~[junit-jupiter-engine-5.8.2.jar:5.8.2]
	at org.junit.jupiter.engine.descriptor.TestMethodTestDescriptor.lambda$invokeBeforeMethodsOrCallbacksUntilExceptionOccurs$6(TestMethodTestDescriptor.java:199) ~[junit-jupiter-engine-5.8.2.jar:5.8.2]
	at org.junit.platform.engine.support.hierarchical.ThrowableCollector.execute(ThrowableCollector.java:73) ~[junit-platform-engine-1.8.2.jar:1.8.2]
	at org.junit.jupiter.engine.descriptor.TestMethodTestDescriptor.invokeBeforeMethodsOrCallbacksUntilExceptionOccurs(TestMethodTestDescriptor.java:199) ~[junit-jupiter-engine-5.8.2.jar:5.8.2]
	at org.junit.jupiter.engine.descriptor.TestMethodTestDescriptor.invokeBeforeEachCallbacks(TestMethodTestDescriptor.java:162) ~[junit-jupiter-engine-5.8.2.jar:5.8.2]
	at org.junit.jupiter.engine.descriptor.TestMethodTestDescriptor.execute(TestMethodTestDescriptor.java:129) ~[junit-jupiter-engine-5.8.2.jar:5.8.2]
	at org.junit.jupiter.engine.descriptor.TestMethodTestDescriptor.execute(TestMethodTestDescriptor.java:66) ~[junit-jupiter-engine-5.8.2.jar:5.8.2]
	at org.junit.platform.engine.support.hierarchical.NodeTestTask.lambda$executeRecursively$6(NodeTestTask.java:151) ~[junit-platform-engine-1.8.2.jar:1.8.2]
	at org.junit.platform.engine.support.hierarchical.ThrowableCollector.execute(ThrowableCollector.java:73) ~[junit-platform-engine-1.8.2.jar:1.8.2]
	at org.junit.platform.engine.support.hierarchical.NodeTestTask.lambda$executeRecursively$8(NodeTestTask.java:141) ~[junit-platform-engine-1.8.2.jar:1.8.2]
	at org.junit.platform.engine.support.hierarchical.Node.around(Node.java:137) ~[junit-platform-engine-1.8.2.jar:1.8.2]
	at org.junit.platform.engine.support.hierarchical.NodeTestTask.lambda$executeRecursively$9(NodeTestTask.java:139) ~[junit-platform-engine-1.8.2.jar:1.8.2]
	at org.junit.platform.engine.support.hierarchical.ThrowableCollector.execute(ThrowableCollector.java:73) ~[junit-platform-engine-1.8.2.jar:1.8.2]
	at org.junit.platform.engine.support.hierarchical.NodeTestTask.executeRecursively(NodeTestTask.java:138) ~[junit-platform-engine-1.8.2.jar:1.8.2]
	at org.junit.platform.engine.support.hierarchical.NodeTestTask.execute(NodeTestTask.java:95) ~[junit-platform-engine-1.8.2.jar:1.8.2]
	at java.base/java.util.ArrayList.forEach(ArrayList.java:1511) ~[na:na]
	at org.junit.platform.engine.support.hierarchical.SameThreadHierarchicalTestExecutorService.invokeAll(SameThreadHierarchicalTestExecutorService.java:41) ~[junit-platform-engine-1.8.2.jar:1.8.2]
	at org.junit.platform.engine.support.hierarchical.NodeTestTask.lambda$executeRecursively$6(NodeTestTask.java:155) ~[junit-platform-engine-1.8.2.jar:1.8.2]
	at org.junit.platform.engine.support.hierarchical.ThrowableCollector.execute(ThrowableCollector.java:73) ~[junit-platform-engine-1.8.2.jar:1.8.2]
	at org.junit.platform.engine.support.hierarchical.NodeTestTask.lambda$executeRecursively$8(NodeTestTask.java:141) ~[junit-platform-engine-1.8.2.jar:1.8.2]
	at org.junit.platform.engine.support.hierarchical.Node.around(Node.java:137) ~[junit-platform-engine-1.8.2.jar:1.8.2]
	at org.junit.platform.engine.support.hierarchical.NodeTestTask.lambda$executeRecursively$9(NodeTestTask.java:139) ~[junit-platform-engine-1.8.2.jar:1.8.2]
	at org.junit.platform.engine.support.hierarchical.ThrowableCollector.execute(ThrowableCollector.java:73) ~[junit-platform-engine-1.8.2.jar:1.8.2]
	at org.junit.platform.engine.support.hierarchical.NodeTestTask.executeRecursively(NodeTestTask.java:138) ~[junit-platform-engine-1.8.2.jar:1.8.2]
	at org.junit.platform.engine.support.hierarchical.NodeTestTask.execute(NodeTestTask.java:95) ~[junit-platform-engine-1.8.2.jar:1.8.2]
	at java.base/java.util.ArrayList.forEach(ArrayList.java:1511) ~[na:na]
	at org.junit.platform.engine.support.hierarchical.SameThreadHierarchicalTestExecutorService.invokeAll(SameThreadHierarchicalTestExecutorService.java:41) ~[junit-platform-engine-1.8.2.jar:1.8.2]
	at org.junit.platform.engine.support.hierarchical.NodeTestTask.lambda$executeRecursively$6(NodeTestTask.java:155) ~[junit-platform-engine-1.8.2.jar:1.8.2]
	at org.junit.platform.engine.support.hierarchical.ThrowableCollector.execute(ThrowableCollector.java:73) ~[junit-platform-engine-1.8.2.jar:1.8.2]
	at org.junit.platform.engine.support.hierarchical.NodeTestTask.lambda$executeRecursively$8(NodeTestTask.java:141) ~[junit-platform-engine-1.8.2.jar:1.8.2]
	at org.junit.platform.engine.support.hierarchical.Node.around(Node.java:137) ~[junit-platform-engine-1.8.2.jar:1.8.2]
	at org.junit.platform.engine.support.hierarchical.NodeTestTask.lambda$executeRecursively$9(NodeTestTask.java:139) ~[junit-platform-engine-1.8.2.jar:1.8.2]
	at org.junit.platform.engine.support.hierarchical.ThrowableCollector.execute(ThrowableCollector.java:73) ~[junit-platform-engine-1.8.2.jar:1.8.2]
	at org.junit.platform.engine.support.hierarchical.NodeTestTask.executeRecursively(NodeTestTask.java:138) ~[junit-platform-engine-1.8.2.jar:1.8.2]
	at org.junit.platform.engine.support.hierarchical.NodeTestTask.execute(NodeTestTask.java:95) ~[junit-platform-engine-1.8.2.jar:1.8.2]
	at org.junit.platform.engine.support.hierarchical.SameThreadHierarchicalTestExecutorService.submit(SameThreadHierarchicalTestExecutorService.java:35) ~[junit-platform-engine-1.8.2.jar:1.8.2]
	at org.junit.platform.engine.support.hierarchical.HierarchicalTestExecutor.execute(HierarchicalTestExecutor.java:57) ~[junit-platform-engine-1.8.2.jar:1.8.2]
	at org.junit.platform.engine.support.hierarchical.HierarchicalTestEngine.execute(HierarchicalTestEngine.java:54) ~[junit-platform-engine-1.8.2.jar:1.8.2]
	at org.junit.platform.launcher.core.DefaultLauncher.execute(DefaultLauncher.java:220) ~[junit-platform-launcher-1.3.1.jar:1.3.1]
	at org.junit.platform.launcher.core.DefaultLauncher.lambda$execute$6(DefaultLauncher.java:188) ~[junit-platform-launcher-1.3.1.jar:1.3.1]
	at org.junit.platform.launcher.core.DefaultLauncher.withInterceptedStreams(DefaultLauncher.java:202) ~[junit-platform-launcher-1.3.1.jar:1.3.1]
	at org.junit.platform.launcher.core.DefaultLauncher.execute(DefaultLauncher.java:181) ~[junit-platform-launcher-1.3.1.jar:1.3.1]
	at org.junit.platform.launcher.core.DefaultLauncher.execute(DefaultLauncher.java:128) ~[junit-platform-launcher-1.3.1.jar:1.3.1]
	at org.apache.maven.surefire.junitplatform.JUnitPlatformProvider.invokeAllTests(JUnitPlatformProvider.java:150) ~[surefire-junit-platform-2.22.2.jar:2.22.2]
	at org.apache.maven.surefire.junitplatform.JUnitPlatformProvider.invoke(JUnitPlatformProvider.java:124) ~[surefire-junit-platform-2.22.2.jar:2.22.2]
	at org.apache.maven.surefire.booter.ForkedBooter.invokeProviderInSameClassLoader(ForkedBooter.java:384) ~[surefire-booter-2.22.2.jar:2.22.2]
	at org.apache.maven.surefire.booter.ForkedBooter.runSuitesInProcess(ForkedBooter.java:345) ~[surefire-booter-2.22.2.jar:2.22.2]
	at org.apache.maven.surefire.booter.ForkedBooter.execute(ForkedBooter.java:126) ~[surefire-booter-2.22.2.jar:2.22.2]
	at org.apache.maven.surefire.booter.ForkedBooter.main(ForkedBooter.java:418) ~[surefire-booter-2.22.2.jar:2.22.2]
Caused by: java.lang.IllegalStateException: Failed to execute CommandLineRunner
	at org.springframework.boot.SpringApplication.callRunner(SpringApplication.java:771) ~[spring-boot-2.7.10.jar:2.7.10]
	at org.springframework.boot.SpringApplication.callRunners(SpringApplication.java:752) ~[spring-boot-2.7.10.jar:2.7.10]
	at org.springframework.boot.SpringApplication.run(SpringApplication.java:314) ~[spring-boot-2.7.10.jar:2.7.10]
	at org.springframework.boot.test.context.SpringBootContextLoader.loadContext(SpringBootContextLoader.java:136) ~[spring-boot-test-2.7.10.jar:2.7.10]
	at org.springframework.test.context.cache.DefaultCacheAwareContextLoaderDelegate.loadContextInternal(DefaultCacheAwareContextLoaderDelegate.java:141) ~[spring-test-5.3.26.jar:5.3.26]
	at org.springframework.test.context.cache.DefaultCacheAwareContextLoaderDelegate.loadContext(DefaultCacheAwareContextLoaderDelegate.java:90) ~[spring-test-5.3.26.jar:5.3.26]
	... 54 common frames omitted
Caused by: org.springframework.dao.DataIntegrityViolationException: could not execute statement; SQL [n/a]; constraint ["PUBLIC.UK_FWMWI44U55BO4RVWSV0CLN012_INDEX_8 ON PUBLIC.PERSON(EMAIL NULLS FIRST) VALUES ( /* 278 */ 'roderick.parisian@gmail.com' )"; SQL statement:
insert into person (id, date_of_birth, email, first_name, group_ref, last_name, password, website) values (default, ?, ?, ?, ?, ?, ?, ?) [23505-214]]; nested exception is org.hibernate.exception.ConstraintViolationException: could not execute statement
	at org.springframework.orm.jpa.vendor.HibernateJpaDialect.convertHibernateAccessException(HibernateJpaDialect.java:276) ~[spring-orm-5.3.26.jar:5.3.26]
	at org.springframework.orm.jpa.vendor.HibernateJpaDialect.translateExceptionIfPossible(HibernateJpaDialect.java:233) ~[spring-orm-5.3.26.jar:5.3.26]
	at org.springframework.orm.jpa.AbstractEntityManagerFactoryBean.translateExceptionIfPossible(AbstractEntityManagerFactoryBean.java:551) ~[spring-orm-5.3.26.jar:5.3.26]
	at org.springframework.dao.support.ChainedPersistenceExceptionTranslator.translateExceptionIfPossible(ChainedPersistenceExceptionTranslator.java:61) ~[spring-tx-5.3.26.jar:5.3.26]
	at org.springframework.dao.support.DataAccessUtils.translateIfNecessary(DataAccessUtils.java:242) ~[spring-tx-5.3.26.jar:5.3.26]
	at org.springframework.dao.support.PersistenceExceptionTranslationInterceptor.invoke(PersistenceExceptionTranslationInterceptor.java:152) ~[spring-tx-5.3.26.jar:5.3.26]
	at org.springframework.aop.framework.ReflectiveMethodInvocation.proceed(ReflectiveMethodInvocation.java:186) ~[spring-aop-5.3.26.jar:5.3.26]
	at org.springframework.data.jpa.repository.support.CrudMethodMetadataPostProcessor$CrudMethodMetadataPopulatingMethodInterceptor.invoke(CrudMethodMetadataPostProcessor.java:174) ~[spring-data-jpa-2.7.10.jar:2.7.10]
	at org.springframework.aop.framework.ReflectiveMethodInvocation.proceed(ReflectiveMethodInvocation.java:186) ~[spring-aop-5.3.26.jar:5.3.26]
	at org.springframework.aop.interceptor.ExposeInvocationInterceptor.invoke(ExposeInvocationInterceptor.java:97) ~[spring-aop-5.3.26.jar:5.3.26]
	at org.springframework.aop.framework.ReflectiveMethodInvocation.proceed(ReflectiveMethodInvocation.java:186) ~[spring-aop-5.3.26.jar:5.3.26]
	at org.springframework.aop.framework.JdkDynamicAopProxy.invoke(JdkDynamicAopProxy.java:215) ~[spring-aop-5.3.26.jar:5.3.26]
	at jdk.proxy2/jdk.proxy2.$Proxy115.save(Unknown Source) ~[na:na]
	at com.example.demo.DemoApplication.lambda$commandLineRunner$0(DemoApplication.java:60) ~[classes/:na]
	at org.springframework.boot.SpringApplication.callRunner(SpringApplication.java:768) ~[spring-boot-2.7.10.jar:2.7.10]
	... 59 common frames omitted
Caused by: org.hibernate.exception.ConstraintViolationException: could not execute statement
	at org.hibernate.exception.internal.SQLExceptionTypeDelegate.convert(SQLExceptionTypeDelegate.java:59) ~[hibernate-core-5.6.15.Final.jar:5.6.15.Final]
	at org.hibernate.exception.internal.StandardSQLExceptionConverter.convert(StandardSQLExceptionConverter.java:37) ~[hibernate-core-5.6.15.Final.jar:5.6.15.Final]
	at org.hibernate.engine.jdbc.spi.SqlExceptionHelper.convert(SqlExceptionHelper.java:113) ~[hibernate-core-5.6.15.Final.jar:5.6.15.Final]
	at org.hibernate.engine.jdbc.spi.SqlExceptionHelper.convert(SqlExceptionHelper.java:99) ~[hibernate-core-5.6.15.Final.jar:5.6.15.Final]
	at org.hibernate.engine.jdbc.internal.ResultSetReturnImpl.executeUpdate(ResultSetReturnImpl.java:200) ~[hibernate-core-5.6.15.Final.jar:5.6.15.Final]
	at org.hibernate.dialect.identity.GetGeneratedKeysDelegate.executeAndExtract(GetGeneratedKeysDelegate.java:58) ~[hibernate-core-5.6.15.Final.jar:5.6.15.Final]
	at org.hibernate.id.insert.AbstractReturningDelegate.performInsert(AbstractReturningDelegate.java:43) ~[hibernate-core-5.6.15.Final.jar:5.6.15.Final]
	at org.hibernate.persister.entity.AbstractEntityPersister.insert(AbstractEntityPersister.java:3279) ~[hibernate-core-5.6.15.Final.jar:5.6.15.Final]
	at org.hibernate.persister.entity.AbstractEntityPersister.insert(AbstractEntityPersister.java:3914) ~[hibernate-core-5.6.15.Final.jar:5.6.15.Final]
	at org.hibernate.action.internal.EntityIdentityInsertAction.execute(EntityIdentityInsertAction.java:84) ~[hibernate-core-5.6.15.Final.jar:5.6.15.Final]
	at org.hibernate.engine.spi.ActionQueue.execute(ActionQueue.java:645) ~[hibernate-core-5.6.15.Final.jar:5.6.15.Final]
	at org.hibernate.engine.spi.ActionQueue.addResolvedEntityInsertAction(ActionQueue.java:282) ~[hibernate-core-5.6.15.Final.jar:5.6.15.Final]
	at org.hibernate.engine.spi.ActionQueue.addInsertAction(ActionQueue.java:263) ~[hibernate-core-5.6.15.Final.jar:5.6.15.Final]
	at org.hibernate.engine.spi.ActionQueue.addAction(ActionQueue.java:317) ~[hibernate-core-5.6.15.Final.jar:5.6.15.Final]
	at org.hibernate.event.internal.AbstractSaveEventListener.addInsertAction(AbstractSaveEventListener.java:329) ~[hibernate-core-5.6.15.Final.jar:5.6.15.Final]
	at org.hibernate.event.internal.AbstractSaveEventListener.performSaveOrReplicate(AbstractSaveEventListener.java:286) ~[hibernate-core-5.6.15.Final.jar:5.6.15.Final]
	at org.hibernate.event.internal.AbstractSaveEventListener.performSave(AbstractSaveEventListener.java:192) ~[hibernate-core-5.6.15.Final.jar:5.6.15.Final]
	at org.hibernate.event.internal.AbstractSaveEventListener.saveWithGeneratedId(AbstractSaveEventListener.java:122) ~[hibernate-core-5.6.15.Final.jar:5.6.15.Final]
	at org.hibernate.event.internal.DefaultPersistEventListener.entityIsTransient(DefaultPersistEventListener.java:185) ~[hibernate-core-5.6.15.Final.jar:5.6.15.Final]
	at org.hibernate.event.internal.DefaultPersistEventListener.onPersist(DefaultPersistEventListener.java:128) ~[hibernate-core-5.6.15.Final.jar:5.6.15.Final]
	at org.hibernate.event.internal.DefaultPersistEventListener.onPersist(DefaultPersistEventListener.java:55) ~[hibernate-core-5.6.15.Final.jar:5.6.15.Final]
	at org.hibernate.event.service.internal.EventListenerGroupImpl.fireEventOnEachListener(EventListenerGroupImpl.java:107) ~[hibernate-core-5.6.15.Final.jar:5.6.15.Final]
	at org.hibernate.internal.SessionImpl.firePersist(SessionImpl.java:756) ~[hibernate-core-5.6.15.Final.jar:5.6.15.Final]
	at org.hibernate.internal.SessionImpl.persist(SessionImpl.java:742) ~[hibernate-core-5.6.15.Final.jar:5.6.15.Final]
	at java.base/jdk.internal.reflect.DirectMethodHandleAccessor.invoke(DirectMethodHandleAccessor.java:104) ~[na:na]
	at java.base/java.lang.reflect.Method.invoke(Method.java:578) ~[na:na]
	at org.springframework.orm.jpa.SharedEntityManagerCreator$SharedEntityManagerInvocationHandler.invoke(SharedEntityManagerCreator.java:315) ~[spring-orm-5.3.26.jar:5.3.26]
	at jdk.proxy2/jdk.proxy2.$Proxy111.persist(Unknown Source) ~[na:na]
	at org.springframework.data.jpa.repository.support.SimpleJpaRepository.save(SimpleJpaRepository.java:666) ~[spring-data-jpa-2.7.10.jar:2.7.10]
	at java.base/jdk.internal.reflect.DirectMethodHandleAccessor.invoke(DirectMethodHandleAccessor.java:104) ~[na:na]
	at java.base/java.lang.reflect.Method.invoke(Method.java:578) ~[na:na]
	at org.springframework.data.repository.core.support.RepositoryMethodInvoker$RepositoryFragmentMethodInvoker.lambda$new$0(RepositoryMethodInvoker.java:289) ~[spring-data-commons-2.7.10.jar:2.7.10]
	at org.springframework.data.repository.core.support.RepositoryMethodInvoker.doInvoke(RepositoryMethodInvoker.java:137) ~[spring-data-commons-2.7.10.jar:2.7.10]
	at org.springframework.data.repository.core.support.RepositoryMethodInvoker.invoke(RepositoryMethodInvoker.java:121) ~[spring-data-commons-2.7.10.jar:2.7.10]
	at org.springframework.data.repository.core.support.RepositoryComposition$RepositoryFragments.invoke(RepositoryComposition.java:530) ~[spring-data-commons-2.7.10.jar:2.7.10]
	at org.springframework.data.repository.core.support.RepositoryComposition.invoke(RepositoryComposition.java:286) ~[spring-data-commons-2.7.10.jar:2.7.10]
	at org.springframework.data.repository.core.support.RepositoryFactorySupport$ImplementationMethodExecutionInterceptor.invoke(RepositoryFactorySupport.java:640) ~[spring-data-commons-2.7.10.jar:2.7.10]
	at org.springframework.aop.framework.ReflectiveMethodInvocation.proceed(ReflectiveMethodInvocation.java:186) ~[spring-aop-5.3.26.jar:5.3.26]
	at org.springframework.data.repository.core.support.QueryExecutorMethodInterceptor.doInvoke(QueryExecutorMethodInterceptor.java:164) ~[spring-data-commons-2.7.10.jar:2.7.10]
	at org.springframework.data.repository.core.support.QueryExecutorMethodInterceptor.invoke(QueryExecutorMethodInterceptor.java:139) ~[spring-data-commons-2.7.10.jar:2.7.10]
	at org.springframework.aop.framework.ReflectiveMethodInvocation.proceed(ReflectiveMethodInvocation.java:186) ~[spring-aop-5.3.26.jar:5.3.26]
	at org.springframework.transaction.interceptor.TransactionInterceptor$1.proceedWithInvocation(TransactionInterceptor.java:123) ~[spring-tx-5.3.26.jar:5.3.26]
	at org.springframework.transaction.interceptor.TransactionAspectSupport.invokeWithinTransaction(TransactionAspectSupport.java:388) ~[spring-tx-5.3.26.jar:5.3.26]
	at org.springframework.transaction.interceptor.TransactionInterceptor.invoke(TransactionInterceptor.java:119) ~[spring-tx-5.3.26.jar:5.3.26]
	at org.springframework.aop.framework.ReflectiveMethodInvocation.proceed(ReflectiveMethodInvocation.java:186) ~[spring-aop-5.3.26.jar:5.3.26]
	at org.springframework.dao.support.PersistenceExceptionTranslationInterceptor.invoke(PersistenceExceptionTranslationInterceptor.java:137) ~[spring-tx-5.3.26.jar:5.3.26]
	... 68 common frames omitted
Caused by: org.h2.jdbc.JdbcSQLIntegrityConstraintViolationException: Unique index or primary key violation: "PUBLIC.UK_FWMWI44U55BO4RVWSV0CLN012_INDEX_8 ON PUBLIC.PERSON(EMAIL NULLS FIRST) VALUES ( /* 278 */ 'roderick.parisian@gmail.com' )"; SQL statement:
insert into person (id, date_of_birth, email, first_name, group_ref, last_name, password, website) values (default, ?, ?, ?, ?, ?, ?, ?) [23505-214]
	at org.h2.message.DbException.getJdbcSQLException(DbException.java:508) ~[h2-2.1.214.jar:2.1.214]
	at org.h2.message.DbException.getJdbcSQLException(DbException.java:477) ~[h2-2.1.214.jar:2.1.214]
	at org.h2.message.DbException.get(DbException.java:223) ~[h2-2.1.214.jar:2.1.214]
	at org.h2.message.DbException.get(DbException.java:199) ~[h2-2.1.214.jar:2.1.214]
	at org.h2.index.Index.getDuplicateKeyException(Index.java:525) ~[h2-2.1.214.jar:2.1.214]
	at org.h2.mvstore.db.MVSecondaryIndex.checkUnique(MVSecondaryIndex.java:223) ~[h2-2.1.214.jar:2.1.214]
	at org.h2.mvstore.db.MVSecondaryIndex.add(MVSecondaryIndex.java:184) ~[h2-2.1.214.jar:2.1.214]
	at org.h2.mvstore.db.MVTable.addRow(MVTable.java:519) ~[h2-2.1.214.jar:2.1.214]
	at org.h2.command.dml.Insert.insertRows(Insert.java:174) ~[h2-2.1.214.jar:2.1.214]
	at org.h2.command.dml.Insert.update(Insert.java:135) ~[h2-2.1.214.jar:2.1.214]
	at org.h2.command.CommandContainer.executeUpdateWithGeneratedKeys(CommandContainer.java:242) ~[h2-2.1.214.jar:2.1.214]
	at org.h2.command.CommandContainer.update(CommandContainer.java:163) ~[h2-2.1.214.jar:2.1.214]
	at org.h2.command.Command.executeUpdate(Command.java:252) ~[h2-2.1.214.jar:2.1.214]
	at org.h2.jdbc.JdbcPreparedStatement.executeUpdateInternal(JdbcPreparedStatement.java:209) ~[h2-2.1.214.jar:2.1.214]
	at org.h2.jdbc.JdbcPreparedStatement.executeUpdate(JdbcPreparedStatement.java:169) ~[h2-2.1.214.jar:2.1.214]
	at org.hibernate.engine.jdbc.internal.ResultSetReturnImpl.executeUpdate(ResultSetReturnImpl.java:197) ~[hibernate-core-5.6.15.Final.jar:5.6.15.Final]
	... 109 common frames omitted


  .   ____          _            __ _ _
 /\\ / ___'_ __ _ _(_)_ __  __ _ \ \ \ \
( ( )\___ | '_ | '_| | '_ \/ _` | \ \ \ \
 \\/  ___)| |_)| | | | | || (_| |  ) ) ) )
  '  |____| .__|_| |_|_| |_\__, | / / / /
 =========|_|==============|___/=/_/_/_/
 :: Spring Boot ::               (v2.7.10)

2023-04-12 22:44:05.882  INFO 87919 --- [           main] c.e.demo.repository.PersonRepoTest       : Starting PersonRepoTest using Java 19.0.2 on MacBook-Air-de-Walid.local with PID 87919 (started by walidaddouche in /Users/walidaddouche/Downloads/demo 2)
2023-04-12 22:44:05.883  INFO 87919 --- [           main] c.e.demo.repository.PersonRepoTest       : No active profile set, falling back to 1 default profile: "default"
2023-04-12 22:44:05.923  INFO 87919 --- [           main] .s.d.r.c.RepositoryConfigurationDelegate : Bootstrapping Spring Data JPA repositories in DEFAULT mode.
2023-04-12 22:44:05.926  INFO 87919 --- [           main] .s.d.r.c.RepositoryConfigurationDelegate : Finished Spring Data repository scanning in 3 ms. Found 2 JPA repository interfaces.
2023-04-12 22:44:05.930  INFO 87919 --- [           main] beddedDataSourceBeanFactoryPostProcessor : Replacing 'dataSource' DataSource bean with embedded version
2023-04-12 22:44:05.939  INFO 87919 --- [           main] o.s.j.d.e.EmbeddedDatabaseFactory        : Starting embedded database: url='jdbc:h2:mem:d95c52ad-cc30-4fec-aeaa-7caf35cb62d8;DB_CLOSE_DELAY=-1;DB_CLOSE_ON_EXIT=false', username='sa'
2023-04-12 22:44:05.954  INFO 87919 --- [           main] o.hibernate.jpa.internal.util.LogHelper  : HHH000204: Processing PersistenceUnitInfo [name: default]
2023-04-12 22:44:05.955  INFO 87919 --- [           main] org.hibernate.dialect.Dialect            : HHH000400: Using dialect: org.hibernate.dialect.H2Dialect
Hibernate: drop table if exists group_table CASCADE 
Hibernate: drop table if exists person CASCADE 
Hibernate: create table group_table (id bigint generated by default as identity, name varchar(255), primary key (id))
Hibernate: create table person (id bigint generated by default as identity, date_of_birth date, email varchar(255) not null, first_name varchar(255), last_name varchar(255), password varchar(255) not null, website varchar(255), group_ref bigint, primary key (id))
Hibernate: alter table person add constraint UK_fwmwi44u55bo4rvwsv0cln012 unique (email)
Hibernate: alter table person add constraint FKpcniehyk2d7hvfd403i27htix foreign key (group_ref) references group_table
2023-04-12 22:44:05.972  INFO 87919 --- [           main] o.h.e.t.j.p.i.JtaPlatformInitiator       : HHH000490: Using JtaPlatform implementation: [org.hibernate.engine.transaction.jta.platform.internal.NoJtaPlatform]
2023-04-12 22:44:05.972  INFO 87919 --- [           main] j.LocalContainerEntityManagerFactoryBean : Initialized JPA EntityManagerFactory for persistence unit 'default'
2023-04-12 22:44:06.012  INFO 87919 --- [           main] c.e.demo.repository.PersonRepoTest       : Started PersonRepoTest in 0.137 seconds (JVM running for 4.869)
Hibernate: insert into group_table (id, name) values (default, ?)
Hibernate: insert into group_table (id, name) values (default, ?)
Hibernate: insert into group_table (id, name) values (default, ?)
Hibernate: insert into group_table (id, name) values (default, ?)
Hibernate: insert into group_table (id, name) values (default, ?)
Hibernate: insert into group_table (id, name) values (default, ?)
Hibernate: insert into group_table (id, name) values (default, ?)
Hibernate: insert into group_table (id, name) values (default, ?)
Hibernate: insert into group_table (id, name) values (default, ?)
Hibernate: insert into group_table (id, name) values (default, ?)
Hibernate: insert into group_table (id, name) values (default, ?)
Hibernate: insert into group_table (id, name) values (default, ?)
Hibernate: insert into group_table (id, name) values (default, ?)
Hibernate: insert into group_table (id, name) values (default, ?)
Hibernate: insert into group_table (id, name) values (default, ?)
Hibernate: insert into group_table (id, name) values (default, ?)
Hibernate: insert into group_table (id, name) values (default, ?)
Hibernate: insert into group_table (id, name) values (default, ?)
Hibernate: insert into group_table (id, name) values (default, ?)
Hibernate: insert into group_table (id, name) values (default, ?)
Hibernate: insert into group_table (id, name) values (default, ?)
Hibernate: insert into group_table (id, name) values (default, ?)
Hibernate: insert into group_table (id, name) values (default, ?)
Hibernate: insert into group_table (id, name) values (default, ?)
Hibernate: insert into group_table (id, name) values (default, ?)
Hibernate: insert into group_table (id, name) values (default, ?)
Hibernate: insert into group_table (id, name) values (default, ?)
Hibernate: insert into group_table (id, name) values (default, ?)
Hibernate: insert into group_table (id, name) values (default, ?)
Hibernate: insert into group_table (id, name) values (default, ?)
Hibernate: insert into group_table (id, name) values (default, ?)
Hibernate: insert into group_table (id, name) values (default, ?)
Hibernate: insert into group_table (id, name) values (default, ?)
Hibernate: insert into group_table (id, name) values (default, ?)
Hibernate: insert into group_table (id, name) values (default, ?)
Hibernate: insert into group_table (id, name) values (default, ?)
Hibernate: insert into group_table (id, name) values (default, ?)
Hibernate: insert into group_table (id, name) values (default, ?)
Hibernate: insert into group_table (id, name) values (default, ?)
Hibernate: insert into group_table (id, name) values (default, ?)
Hibernate: insert into group_table (id, name) values (default, ?)
Hibernate: insert into group_table (id, name) values (default, ?)
Hibernate: insert into group_table (id, name) values (default, ?)
Hibernate: insert into group_table (id, name) values (default, ?)
Hibernate: insert into group_table (id, name) values (default, ?)
Hibernate: insert into group_table (id, name) values (default, ?)
Hibernate: insert into group_table (id, name) values (default, ?)
Hibernate: insert into group_table (id, name) values (default, ?)
Hibernate: insert into group_table (id, name) values (default, ?)
Hibernate: insert into group_table (id, name) values (default, ?)
Hibernate: insert into group_table (id, name) values (default, ?)
Hibernate: insert into group_table (id, name) values (default, ?)
Hibernate: insert into group_table (id, name) values (default, ?)
Hibernate: insert into group_table (id, name) values (default, ?)
Hibernate: insert into group_table (id, name) values (default, ?)
Hibernate: insert into group_table (id, name) values (default, ?)
Hibernate: insert into group_table (id, name) values (default, ?)
Hibernate: insert into group_table (id, name) values (default, ?)
Hibernate: insert into group_table (id, name) values (default, ?)
Hibernate: insert into group_table (id, name) values (default, ?)
Hibernate: insert into group_table (id, name) values (default, ?)
Hibernate: insert into group_table (id, name) values (default, ?)
Hibernate: insert into group_table (id, name) values (default, ?)
Hibernate: insert into group_table (id, name) values (default, ?)
Hibernate: insert into group_table (id, name) values (default, ?)
Hibernate: insert into group_table (id, name) values (default, ?)
Hibernate: insert into group_table (id, name) values (default, ?)
Hibernate: insert into group_table (id, name) values (default, ?)
Hibernate: insert into group_table (id, name) values (default, ?)
Hibernate: insert into group_table (id, name) values (default, ?)
Hibernate: insert into group_table (id, name) values (default, ?)
Hibernate: insert into group_table (id, name) values (default, ?)
Hibernate: insert into group_table (id, name) values (default, ?)
Hibernate: insert into group_table (id, name) values (default, ?)
Hibernate: insert into group_table (id, name) values (default, ?)
Hibernate: insert into group_table (id, name) values (default, ?)
Hibernate: insert into group_table (id, name) values (default, ?)
Hibernate: insert into group_table (id, name) values (default, ?)
Hibernate: insert into group_table (id, name) values (default, ?)
Hibernate: insert into group_table (id, name) values (default, ?)
Hibernate: insert into group_table (id, name) values (default, ?)
Hibernate: insert into group_table (id, name) values (default, ?)
Hibernate: insert into group_table (id, name) values (default, ?)
Hibernate: insert into group_table (id, name) values (default, ?)
Hibernate: insert into group_table (id, name) values (default, ?)
Hibernate: insert into group_table (id, name) values (default, ?)
Hibernate: insert into group_table (id, name) values (default, ?)
Hibernate: insert into group_table (id, name) values (default, ?)
Hibernate: insert into group_table (id, name) values (default, ?)
Hibernate: insert into group_table (id, name) values (default, ?)
Hibernate: insert into group_table (id, name) values (default, ?)
Hibernate: insert into group_table (id, name) values (default, ?)
Hibernate: insert into group_table (id, name) values (default, ?)
Hibernate: insert into group_table (id, name) values (default, ?)
Hibernate: insert into group_table (id, name) values (default, ?)
Hibernate: insert into group_table (id, name) values (default, ?)
Hibernate: insert into group_table (id, name) values (default, ?)
Hibernate: insert into group_table (id, name) values (default, ?)
Hibernate: insert into group_table (id, name) values (default, ?)
Hibernate: insert into group_table (id, name) values (default, ?)
Hibernate: insert into group_table (id, name) values (default, ?)
Hibernate: insert into group_table (id, name) values (default, ?)
Hibernate: insert into group_table (id, name) values (default, ?)
Hibernate: insert into group_table (id, name) values (default, ?)
Hibernate: insert into group_table (id, name) values (default, ?)
Hibernate: insert into group_table (id, name) values (default, ?)
Hibernate: insert into group_table (id, name) values (default, ?)
Hibernate: insert into group_table (id, name) values (default, ?)
Hibernate: insert into group_table (id, name) values (default, ?)
Hibernate: insert into group_table (id, name) values (default, ?)
Hibernate: insert into group_table (id, name) values (default, ?)
Hibernate: insert into group_table (id, name) values (default, ?)
Hibernate: insert into group_table (id, name) values (default, ?)
Hibernate: insert into group_table (id, name) values (default, ?)
Hibernate: insert into group_table (id, name) values (default, ?)
Hibernate: insert into group_table (id, name) values (default, ?)
Hibernate: insert into group_table (id, name) values (default, ?)
Hibernate: insert into group_table (id, name) values (default, ?)
Hibernate: insert into group_table (id, name) values (default, ?)
Hibernate: insert into group_table (id, name) values (default, ?)
Hibernate: insert into group_table (id, name) values (default, ?)
Hibernate: insert into group_table (id, name) values (default, ?)
Hibernate: insert into group_table (id, name) values (default, ?)
Hibernate: insert into group_table (id, name) values (default, ?)
Hibernate: insert into group_table (id, name) values (default, ?)
Hibernate: insert into group_table (id, name) values (default, ?)
Hibernate: insert into group_table (id, name) values (default, ?)
Hibernate: insert into group_table (id, name) values (default, ?)
Hibernate: insert into group_table (id, name) values (default, ?)
Hibernate: insert into group_table (id, name) values (default, ?)
Hibernate: insert into group_table (id, name) values (default, ?)
Hibernate: insert into group_table (id, name) values (default, ?)
Hibernate: insert into group_table (id, name) values (default, ?)
Hibernate: insert into group_table (id, name) values (default, ?)
Hibernate: insert into group_table (id, name) values (default, ?)
Hibernate: insert into group_table (id, name) values (default, ?)
Hibernate: insert into group_table (id, name) values (default, ?)
Hibernate: insert into group_table (id, name) values (default, ?)
Hibernate: insert into group_table (id, name) values (default, ?)
Hibernate: insert into group_table (id, name) values (default, ?)
Hibernate: insert into group_table (id, name) values (default, ?)
Hibernate: insert into group_table (id, name) values (default, ?)
Hibernate: insert into group_table (id, name) values (default, ?)
Hibernate: insert into group_table (id, name) values (default, ?)
Hibernate: insert into group_table (id, name) values (default, ?)
Hibernate: insert into group_table (id, name) values (default, ?)
Hibernate: insert into group_table (id, name) values (default, ?)
Hibernate: insert into group_table (id, name) values (default, ?)
Hibernate: insert into group_table (id, name) values (default, ?)
Hibernate: insert into group_table (id, name) values (default, ?)
Hibernate: insert into group_table (id, name) values (default, ?)
Hibernate: insert into group_table (id, name) values (default, ?)
Hibernate: insert into group_table (id, name) values (default, ?)
Hibernate: insert into group_table (id, name) values (default, ?)
Hibernate: insert into group_table (id, name) values (default, ?)
Hibernate: insert into group_table (id, name) values (default, ?)
Hibernate: insert into group_table (id, name) values (default, ?)
Hibernate: insert into group_table (id, name) values (default, ?)
Hibernate: insert into group_table (id, name) values (default, ?)
Hibernate: insert into group_table (id, name) values (default, ?)
Hibernate: insert into group_table (id, name) values (default, ?)
Hibernate: insert into group_table (id, name) values (default, ?)
Hibernate: insert into group_table (id, name) values (default, ?)
Hibernate: insert into group_table (id, name) values (default, ?)
Hibernate: insert into group_table (id, name) values (default, ?)
Hibernate: insert into group_table (id, name) values (default, ?)
Hibernate: insert into group_table (id, name) values (default, ?)
Hibernate: insert into group_table (id, name) values (default, ?)
Hibernate: insert into group_table (id, name) values (default, ?)
Hibernate: insert into group_table (id, name) values (default, ?)
Hibernate: insert into group_table (id, name) values (default, ?)
Hibernate: insert into group_table (id, name) values (default, ?)
Hibernate: insert into group_table (id, name) values (default, ?)
Hibernate: insert into group_table (id, name) values (default, ?)
Hibernate: insert into group_table (id, name) values (default, ?)
Hibernate: insert into group_table (id, name) values (default, ?)
Hibernate: insert into group_table (id, name) values (default, ?)
Hibernate: insert into group_table (id, name) values (default, ?)
Hibernate: insert into group_table (id, name) values (default, ?)
Hibernate: insert into group_table (id, name) values (default, ?)
Hibernate: insert into group_table (id, name) values (default, ?)
Hibernate: insert into group_table (id, name) values (default, ?)
Hibernate: insert into group_table (id, name) values (default, ?)
Hibernate: insert into group_table (id, name) values (default, ?)
Hibernate: insert into group_table (id, name) values (default, ?)
Hibernate: insert into group_table (id, name) values (default, ?)
Hibernate: insert into group_table (id, name) values (default, ?)
Hibernate: insert into group_table (id, name) values (default, ?)
Hibernate: insert into group_table (id, name) values (default, ?)
Hibernate: insert into group_table (id, name) values (default, ?)
Hibernate: insert into group_table (id, name) values (default, ?)
Hibernate: insert into group_table (id, name) values (default, ?)
Hibernate: insert into group_table (id, name) values (default, ?)
Hibernate: insert into group_table (id, name) values (default, ?)
Hibernate: insert into group_table (id, name) values (default, ?)
Hibernate: insert into group_table (id, name) values (default, ?)
Hibernate: insert into group_table (id, name) values (default, ?)
Hibernate: insert into group_table (id, name) values (default, ?)
Hibernate: insert into group_table (id, name) values (default, ?)
Hibernate: insert into group_table (id, name) values (default, ?)
Hibernate: insert into person (id, date_of_birth, email, first_name, group_ref, last_name, password, website) values (default, ?, ?, ?, ?, ?, ?, ?)
Hibernate: insert into person (id, date_of_birth, email, first_name, group_ref, last_name, password, website) values (default, ?, ?, ?, ?, ?, ?, ?)
Hibernate: insert into person (id, date_of_birth, email, first_name, group_ref, last_name, password, website) values (default, ?, ?, ?, ?, ?, ?, ?)
Hibernate: insert into person (id, date_of_birth, email, first_name, group_ref, last_name, password, website) values (default, ?, ?, ?, ?, ?, ?, ?)
Hibernate: insert into person (id, date_of_birth, email, first_name, group_ref, last_name, password, website) values (default, ?, ?, ?, ?, ?, ?, ?)
Hibernate: insert into person (id, date_of_birth, email, first_name, group_ref, last_name, password, website) values (default, ?, ?, ?, ?, ?, ?, ?)
Hibernate: insert into person (id, date_of_birth, email, first_name, group_ref, last_name, password, website) values (default, ?, ?, ?, ?, ?, ?, ?)
Hibernate: insert into person (id, date_of_birth, email, first_name, group_ref, last_name, password, website) values (default, ?, ?, ?, ?, ?, ?, ?)
Hibernate: insert into person (id, date_of_birth, email, first_name, group_ref, last_name, password, website) values (default, ?, ?, ?, ?, ?, ?, ?)
Hibernate: insert into person (id, date_of_birth, email, first_name, group_ref, last_name, password, website) values (default, ?, ?, ?, ?, ?, ?, ?)
Hibernate: insert into person (id, date_of_birth, email, first_name, group_ref, last_name, password, website) values (default, ?, ?, ?, ?, ?, ?, ?)
Hibernate: insert into person (id, date_of_birth, email, first_name, group_ref, last_name, password, website) values (default, ?, ?, ?, ?, ?, ?, ?)
Hibernate: insert into person (id, date_of_birth, email, first_name, group_ref, last_name, password, website) values (default, ?, ?, ?, ?, ?, ?, ?)
Hibernate: insert into person (id, date_of_birth, email, first_name, group_ref, last_name, password, website) values (default, ?, ?, ?, ?, ?, ?, ?)
Hibernate: insert into person (id, date_of_birth, email, first_name, group_ref, last_name, password, website) values (default, ?, ?, ?, ?, ?, ?, ?)
Hibernate: insert into person (id, date_of_birth, email, first_name, group_ref, last_name, password, website) values (default, ?, ?, ?, ?, ?, ?, ?)
Hibernate: insert into person (id, date_of_birth, email, first_name, group_ref, last_name, password, website) values (default, ?, ?, ?, ?, ?, ?, ?)
Hibernate: insert into person (id, date_of_birth, email, first_name, group_ref, last_name, password, website) values (default, ?, ?, ?, ?, ?, ?, ?)
Hibernate: insert into person (id, date_of_birth, email, first_name, group_ref, last_name, password, website) values (default, ?, ?, ?, ?, ?, ?, ?)
Hibernate: insert into person (id, date_of_birth, email, first_name, group_ref, last_name, password, website) values (default, ?, ?, ?, ?, ?, ?, ?)
Hibernate: insert into person (id, date_of_birth, email, first_name, group_ref, last_name, password, website) values (default, ?, ?, ?, ?, ?, ?, ?)
Hibernate: insert into person (id, date_of_birth, email, first_name, group_ref, last_name, password, website) values (default, ?, ?, ?, ?, ?, ?, ?)
Hibernate: insert into person (id, date_of_birth, email, first_name, group_ref, last_name, password, website) values (default, ?, ?, ?, ?, ?, ?, ?)
Hibernate: insert into person (id, date_of_birth, email, first_name, group_ref, last_name, password, website) values (default, ?, ?, ?, ?, ?, ?, ?)
Hibernate: insert into person (id, date_of_birth, email, first_name, group_ref, last_name, password, website) values (default, ?, ?, ?, ?, ?, ?, ?)
Hibernate: insert into person (id, date_of_birth, email, first_name, group_ref, last_name, password, website) values (default, ?, ?, ?, ?, ?, ?, ?)
Hibernate: insert into person (id, date_of_birth, email, first_name, group_ref, last_name, password, website) values (default, ?, ?, ?, ?, ?, ?, ?)
Hibernate: insert into person (id, date_of_birth, email, first_name, group_ref, last_name, password, website) values (default, ?, ?, ?, ?, ?, ?, ?)
Hibernate: insert into person (id, date_of_birth, email, first_name, group_ref, last_name, password, website) values (default, ?, ?, ?, ?, ?, ?, ?)
Hibernate: insert into person (id, date_of_birth, email, first_name, group_ref, last_name, password, website) values (default, ?, ?, ?, ?, ?, ?, ?)
Hibernate: insert into person (id, date_of_birth, email, first_name, group_ref, last_name, password, website) values (default, ?, ?, ?, ?, ?, ?, ?)
Hibernate: insert into person (id, date_of_birth, email, first_name, group_ref, last_name, password, website) values (default, ?, ?, ?, ?, ?, ?, ?)
Hibernate: insert into person (id, date_of_birth, email, first_name, group_ref, last_name, password, website) values (default, ?, ?, ?, ?, ?, ?, ?)
Hibernate: insert into person (id, date_of_birth, email, first_name, group_ref, last_name, password, website) values (default, ?, ?, ?, ?, ?, ?, ?)
Hibernate: insert into person (id, date_of_birth, email, first_name, group_ref, last_name, password, website) values (default, ?, ?, ?, ?, ?, ?, ?)
Hibernate: insert into person (id, date_of_birth, email, first_name, group_ref, last_name, password, website) values (default, ?, ?, ?, ?, ?, ?, ?)
Hibernate: insert into person (id, date_of_birth, email, first_name, group_ref, last_name, password, website) values (default, ?, ?, ?, ?, ?, ?, ?)
Hibernate: insert into person (id, date_of_birth, email, first_name, group_ref, last_name, password, website) values (default, ?, ?, ?, ?, ?, ?, ?)
Hibernate: insert into person (id, date_of_birth, email, first_name, group_ref, last_name, password, website) values (default, ?, ?, ?, ?, ?, ?, ?)
Hibernate: insert into person (id, date_of_birth, email, first_name, group_ref, last_name, password, website) values (default, ?, ?, ?, ?, ?, ?, ?)
Hibernate: insert into person (id, date_of_birth, email, first_name, group_ref, last_name, password, website) values (default, ?, ?, ?, ?, ?, ?, ?)
Hibernate: insert into person (id, date_of_birth, email, first_name, group_ref, last_name, password, website) values (default, ?, ?, ?, ?, ?, ?, ?)
Hibernate: insert into person (id, date_of_birth, email, first_name, group_ref, last_name, password, website) values (default, ?, ?, ?, ?, ?, ?, ?)
Hibernate: insert into person (id, date_of_birth, email, first_name, group_ref, last_name, password, website) values (default, ?, ?, ?, ?, ?, ?, ?)
Hibernate: insert into person (id, date_of_birth, email, first_name, group_ref, last_name, password, website) values (default, ?, ?, ?, ?, ?, ?, ?)
Hibernate: insert into person (id, date_of_birth, email, first_name, group_ref, last_name, password, website) values (default, ?, ?, ?, ?, ?, ?, ?)
Hibernate: insert into person (id, date_of_birth, email, first_name, group_ref, last_name, password, website) values (default, ?, ?, ?, ?, ?, ?, ?)
Hibernate: insert into person (id, date_of_birth, email, first_name, group_ref, last_name, password, website) values (default, ?, ?, ?, ?, ?, ?, ?)
Hibernate: insert into person (id, date_of_birth, email, first_name, group_ref, last_name, password, website) values (default, ?, ?, ?, ?, ?, ?, ?)
Hibernate: insert into person (id, date_of_birth, email, first_name, group_ref, last_name, password, website) values (default, ?, ?, ?, ?, ?, ?, ?)
Hibernate: insert into person (id, date_of_birth, email, first_name, group_ref, last_name, password, website) values (default, ?, ?, ?, ?, ?, ?, ?)
Hibernate: insert into person (id, date_of_birth, email, first_name, group_ref, last_name, password, website) values (default, ?, ?, ?, ?, ?, ?, ?)
Hibernate: insert into person (id, date_of_birth, email, first_name, group_ref, last_name, password, website) values (default, ?, ?, ?, ?, ?, ?, ?)
Hibernate: insert into person (id, date_of_birth, email, first_name, group_ref, last_name, password, website) values (default, ?, ?, ?, ?, ?, ?, ?)
Hibernate: insert into person (id, date_of_birth, email, first_name, group_ref, last_name, password, website) values (default, ?, ?, ?, ?, ?, ?, ?)
Hibernate: insert into person (id, date_of_birth, email, first_name, group_ref, last_name, password, website) values (default, ?, ?, ?, ?, ?, ?, ?)
Hibernate: insert into person (id, date_of_birth, email, first_name, group_ref, last_name, password, website) values (default, ?, ?, ?, ?, ?, ?, ?)
Hibernate: insert into person (id, date_of_birth, email, first_name, group_ref, last_name, password, website) values (default, ?, ?, ?, ?, ?, ?, ?)
Hibernate: insert into person (id, date_of_birth, email, first_name, group_ref, last_name, password, website) values (default, ?, ?, ?, ?, ?, ?, ?)
Hibernate: insert into person (id, date_of_birth, email, first_name, group_ref, last_name, password, website) values (default, ?, ?, ?, ?, ?, ?, ?)
Hibernate: insert into person (id, date_of_birth, email, first_name, group_ref, last_name, password, website) values (default, ?, ?, ?, ?, ?, ?, ?)
Hibernate: insert into person (id, date_of_birth, email, first_name, group_ref, last_name, password, website) values (default, ?, ?, ?, ?, ?, ?, ?)
Hibernate: insert into person (id, date_of_birth, email, first_name, group_ref, last_name, password, website) values (default, ?, ?, ?, ?, ?, ?, ?)
Hibernate: insert into person (id, date_of_birth, email, first_name, group_ref, last_name, password, website) values (default, ?, ?, ?, ?, ?, ?, ?)
Hibernate: insert into person (id, date_of_birth, email, first_name, group_ref, last_name, password, website) values (default, ?, ?, ?, ?, ?, ?, ?)
Hibernate: insert into person (id, date_of_birth, email, first_name, group_ref, last_name, password, website) values (default, ?, ?, ?, ?, ?, ?, ?)
Hibernate: insert into person (id, date_of_birth, email, first_name, group_ref, last_name, password, website) values (default, ?, ?, ?, ?, ?, ?, ?)
Hibernate: insert into person (id, date_of_birth, email, first_name, group_ref, last_name, password, website) values (default, ?, ?, ?, ?, ?, ?, ?)
Hibernate: insert into person (id, date_of_birth, email, first_name, group_ref, last_name, password, website) values (default, ?, ?, ?, ?, ?, ?, ?)
Hibernate: insert into person (id, date_of_birth, email, first_name, group_ref, last_name, password, website) values (default, ?, ?, ?, ?, ?, ?, ?)
Hibernate: insert into person (id, date_of_birth, email, first_name, group_ref, last_name, password, website) values (default, ?, ?, ?, ?, ?, ?, ?)
Hibernate: insert into person (id, date_of_birth, email, first_name, group_ref, last_name, password, website) values (default, ?, ?, ?, ?, ?, ?, ?)
Hibernate: insert into person (id, date_of_birth, email, first_name, group_ref, last_name, password, website) values (default, ?, ?, ?, ?, ?, ?, ?)
Hibernate: insert into person (id, date_of_birth, email, first_name, group_ref, last_name, password, website) values (default, ?, ?, ?, ?, ?, ?, ?)
Hibernate: insert into person (id, date_of_birth, email, first_name, group_ref, last_name, password, website) values (default, ?, ?, ?, ?, ?, ?, ?)
Hibernate: insert into person (id, date_of_birth, email, first_name, group_ref, last_name, password, website) values (default, ?, ?, ?, ?, ?, ?, ?)
Hibernate: insert into person (id, date_of_birth, email, first_name, group_ref, last_name, password, website) values (default, ?, ?, ?, ?, ?, ?, ?)
Hibernate: insert into person (id, date_of_birth, email, first_name, group_ref, last_name, password, website) values (default, ?, ?, ?, ?, ?, ?, ?)
Hibernate: insert into person (id, date_of_birth, email, first_name, group_ref, last_name, password, website) values (default, ?, ?, ?, ?, ?, ?, ?)
Hibernate: insert into person (id, date_of_birth, email, first_name, group_ref, last_name, password, website) values (default, ?, ?, ?, ?, ?, ?, ?)
Hibernate: insert into person (id, date_of_birth, email, first_name, group_ref, last_name, password, website) values (default, ?, ?, ?, ?, ?, ?, ?)
Hibernate: insert into person (id, date_of_birth, email, first_name, group_ref, last_name, password, website) values (default, ?, ?, ?, ?, ?, ?, ?)
Hibernate: insert into person (id, date_of_birth, email, first_name, group_ref, last_name, password, website) values (default, ?, ?, ?, ?, ?, ?, ?)
Hibernate: insert into person (id, date_of_birth, email, first_name, group_ref, last_name, password, website) values (default, ?, ?, ?, ?, ?, ?, ?)
Hibernate: insert into person (id, date_of_birth, email, first_name, group_ref, last_name, password, website) values (default, ?, ?, ?, ?, ?, ?, ?)
Hibernate: insert into person (id, date_of_birth, email, first_name, group_ref, last_name, password, website) values (default, ?, ?, ?, ?, ?, ?, ?)
Hibernate: insert into person (id, date_of_birth, email, first_name, group_ref, last_name, password, website) values (default, ?, ?, ?, ?, ?, ?, ?)
Hibernate: insert into person (id, date_of_birth, email, first_name, group_ref, last_name, password, website) values (default, ?, ?, ?, ?, ?, ?, ?)
Hibernate: insert into person (id, date_of_birth, email, first_name, group_ref, last_name, password, website) values (default, ?, ?, ?, ?, ?, ?, ?)
Hibernate: insert into person (id, date_of_birth, email, first_name, group_ref, last_name, password, website) values (default, ?, ?, ?, ?, ?, ?, ?)
Hibernate: insert into person (id, date_of_birth, email, first_name, group_ref, last_name, password, website) values (default, ?, ?, ?, ?, ?, ?, ?)
Hibernate: insert into person (id, date_of_birth, email, first_name, group_ref, last_name, password, website) values (default, ?, ?, ?, ?, ?, ?, ?)
Hibernate: insert into person (id, date_of_birth, email, first_name, group_ref, last_name, password, website) values (default, ?, ?, ?, ?, ?, ?, ?)
Hibernate: insert into person (id, date_of_birth, email, first_name, group_ref, last_name, password, website) values (default, ?, ?, ?, ?, ?, ?, ?)
Hibernate: insert into person (id, date_of_birth, email, first_name, group_ref, last_name, password, website) values (default, ?, ?, ?, ?, ?, ?, ?)
Hibernate: insert into person (id, date_of_birth, email, first_name, group_ref, last_name, password, website) values (default, ?, ?, ?, ?, ?, ?, ?)
Hibernate: insert into person (id, date_of_birth, email, first_name, group_ref, last_name, password, website) values (default, ?, ?, ?, ?, ?, ?, ?)
Hibernate: insert into person (id, date_of_birth, email, first_name, group_ref, last_name, password, website) values (default, ?, ?, ?, ?, ?, ?, ?)
Hibernate: insert into person (id, date_of_birth, email, first_name, group_ref, last_name, password, website) values (default, ?, ?, ?, ?, ?, ?, ?)
Hibernate: insert into person (id, date_of_birth, email, first_name, group_ref, last_name, password, website) values (default, ?, ?, ?, ?, ?, ?, ?)
Hibernate: insert into person (id, date_of_birth, email, first_name, group_ref, last_name, password, website) values (default, ?, ?, ?, ?, ?, ?, ?)
Hibernate: insert into person (id, date_of_birth, email, first_name, group_ref, last_name, password, website) values (default, ?, ?, ?, ?, ?, ?, ?)
Hibernate: insert into person (id, date_of_birth, email, first_name, group_ref, last_name, password, website) values (default, ?, ?, ?, ?, ?, ?, ?)
Hibernate: insert into person (id, date_of_birth, email, first_name, group_ref, last_name, password, website) values (default, ?, ?, ?, ?, ?, ?, ?)
Hibernate: insert into person (id, date_of_birth, email, first_name, group_ref, last_name, password, website) values (default, ?, ?, ?, ?, ?, ?, ?)
Hibernate: insert into person (id, date_of_birth, email, first_name, group_ref, last_name, password, website) values (default, ?, ?, ?, ?, ?, ?, ?)
Hibernate: insert into person (id, date_of_birth, email, first_name, group_ref, last_name, password, website) values (default, ?, ?, ?, ?, ?, ?, ?)
Hibernate: insert into person (id, date_of_birth, email, first_name, group_ref, last_name, password, website) values (default, ?, ?, ?, ?, ?, ?, ?)
Hibernate: insert into person (id, date_of_birth, email, first_name, group_ref, last_name, password, website) values (default, ?, ?, ?, ?, ?, ?, ?)
Hibernate: insert into person (id, date_of_birth, email, first_name, group_ref, last_name, password, website) values (default, ?, ?, ?, ?, ?, ?, ?)
Hibernate: insert into person (id, date_of_birth, email, first_name, group_ref, last_name, password, website) values (default, ?, ?, ?, ?, ?, ?, ?)
Hibernate: insert into person (id, date_of_birth, email, first_name, group_ref, last_name, password, website) values (default, ?, ?, ?, ?, ?, ?, ?)
Hibernate: insert into person (id, date_of_birth, email, first_name, group_ref, last_name, password, website) values (default, ?, ?, ?, ?, ?, ?, ?)
Hibernate: insert into person (id, date_of_birth, email, first_name, group_ref, last_name, password, website) values (default, ?, ?, ?, ?, ?, ?, ?)
Hibernate: insert into person (id, date_of_birth, email, first_name, group_ref, last_name, password, website) values (default, ?, ?, ?, ?, ?, ?, ?)
Hibernate: insert into person (id, date_of_birth, email, first_name, group_ref, last_name, password, website) values (default, ?, ?, ?, ?, ?, ?, ?)
Hibernate: insert into person (id, date_of_birth, email, first_name, group_ref, last_name, password, website) values (default, ?, ?, ?, ?, ?, ?, ?)
Hibernate: insert into person (id, date_of_birth, email, first_name, group_ref, last_name, password, website) values (default, ?, ?, ?, ?, ?, ?, ?)
Hibernate: insert into person (id, date_of_birth, email, first_name, group_ref, last_name, password, website) values (default, ?, ?, ?, ?, ?, ?, ?)
Hibernate: insert into person (id, date_of_birth, email, first_name, group_ref, last_name, password, website) values (default, ?, ?, ?, ?, ?, ?, ?)
Hibernate: insert into person (id, date_of_birth, email, first_name, group_ref, last_name, password, website) values (default, ?, ?, ?, ?, ?, ?, ?)
Hibernate: insert into person (id, date_of_birth, email, first_name, group_ref, last_name, password, website) values (default, ?, ?, ?, ?, ?, ?, ?)
Hibernate: insert into person (id, date_of_birth, email, first_name, group_ref, last_name, password, website) values (default, ?, ?, ?, ?, ?, ?, ?)
Hibernate: insert into person (id, date_of_birth, email, first_name, group_ref, last_name, password, website) values (default, ?, ?, ?, ?, ?, ?, ?)
Hibernate: insert into person (id, date_of_birth, email, first_name, group_ref, last_name, password, website) values (default, ?, ?, ?, ?, ?, ?, ?)
Hibernate: insert into person (id, date_of_birth, email, first_name, group_ref, last_name, password, website) values (default, ?, ?, ?, ?, ?, ?, ?)
Hibernate: insert into person (id, date_of_birth, email, first_name, group_ref, last_name, password, website) values (default, ?, ?, ?, ?, ?, ?, ?)
Hibernate: insert into person (id, date_of_birth, email, first_name, group_ref, last_name, password, website) values (default, ?, ?, ?, ?, ?, ?, ?)
Hibernate: insert into person (id, date_of_birth, email, first_name, group_ref, last_name, password, website) values (default, ?, ?, ?, ?, ?, ?, ?)
Hibernate: insert into person (id, date_of_birth, email, first_name, group_ref, last_name, password, website) values (default, ?, ?, ?, ?, ?, ?, ?)
Hibernate: insert into person (id, date_of_birth, email, first_name, group_ref, last_name, password, website) values (default, ?, ?, ?, ?, ?, ?, ?)
Hibernate: insert into person (id, date_of_birth, email, first_name, group_ref, last_name, password, website) values (default, ?, ?, ?, ?, ?, ?, ?)
Hibernate: insert into person (id, date_of_birth, email, first_name, group_ref, last_name, password, website) values (default, ?, ?, ?, ?, ?, ?, ?)
Hibernate: insert into person (id, date_of_birth, email, first_name, group_ref, last_name, password, website) values (default, ?, ?, ?, ?, ?, ?, ?)
Hibernate: insert into person (id, date_of_birth, email, first_name, group_ref, last_name, password, website) values (default, ?, ?, ?, ?, ?, ?, ?)
Hibernate: insert into person (id, date_of_birth, email, first_name, group_ref, last_name, password, website) values (default, ?, ?, ?, ?, ?, ?, ?)
Hibernate: insert into person (id, date_of_birth, email, first_name, group_ref, last_name, password, website) values (default, ?, ?, ?, ?, ?, ?, ?)
Hibernate: insert into person (id, date_of_birth, email, first_name, group_ref, last_name, password, website) values (default, ?, ?, ?, ?, ?, ?, ?)
Hibernate: insert into person (id, date_of_birth, email, first_name, group_ref, last_name, password, website) values (default, ?, ?, ?, ?, ?, ?, ?)
Hibernate: insert into person (id, date_of_birth, email, first_name, group_ref, last_name, password, website) values (default, ?, ?, ?, ?, ?, ?, ?)
Hibernate: insert into person (id, date_of_birth, email, first_name, group_ref, last_name, password, website) values (default, ?, ?, ?, ?, ?, ?, ?)
Hibernate: insert into person (id, date_of_birth, email, first_name, group_ref, last_name, password, website) values (default, ?, ?, ?, ?, ?, ?, ?)
Hibernate: insert into person (id, date_of_birth, email, first_name, group_ref, last_name, password, website) values (default, ?, ?, ?, ?, ?, ?, ?)
Hibernate: insert into person (id, date_of_birth, email, first_name, group_ref, last_name, password, website) values (default, ?, ?, ?, ?, ?, ?, ?)
Hibernate: insert into person (id, date_of_birth, email, first_name, group_ref, last_name, password, website) values (default, ?, ?, ?, ?, ?, ?, ?)
Hibernate: insert into person (id, date_of_birth, email, first_name, group_ref, last_name, password, website) values (default, ?, ?, ?, ?, ?, ?, ?)
Hibernate: insert into person (id, date_of_birth, email, first_name, group_ref, last_name, password, website) values (default, ?, ?, ?, ?, ?, ?, ?)
Hibernate: insert into person (id, date_of_birth, email, first_name, group_ref, last_name, password, website) values (default, ?, ?, ?, ?, ?, ?, ?)
Hibernate: insert into person (id, date_of_birth, email, first_name, group_ref, last_name, password, website) values (default, ?, ?, ?, ?, ?, ?, ?)
Hibernate: insert into person (id, date_of_birth, email, first_name, group_ref, last_name, password, website) values (default, ?, ?, ?, ?, ?, ?, ?)
Hibernate: insert into person (id, date_of_birth, email, first_name, group_ref, last_name, password, website) values (default, ?, ?, ?, ?, ?, ?, ?)
Hibernate: insert into person (id, date_of_birth, email, first_name, group_ref, last_name, password, website) values (default, ?, ?, ?, ?, ?, ?, ?)
Hibernate: insert into person (id, date_of_birth, email, first_name, group_ref, last_name, password, website) values (default, ?, ?, ?, ?, ?, ?, ?)
Hibernate: insert into person (id, date_of_birth, email, first_name, group_ref, last_name, password, website) values (default, ?, ?, ?, ?, ?, ?, ?)
Hibernate: insert into person (id, date_of_birth, email, first_name, group_ref, last_name, password, website) values (default, ?, ?, ?, ?, ?, ?, ?)
Hibernate: insert into person (id, date_of_birth, email, first_name, group_ref, last_name, password, website) values (default, ?, ?, ?, ?, ?, ?, ?)
Hibernate: insert into person (id, date_of_birth, email, first_name, group_ref, last_name, password, website) values (default, ?, ?, ?, ?, ?, ?, ?)
Hibernate: insert into person (id, date_of_birth, email, first_name, group_ref, last_name, password, website) values (default, ?, ?, ?, ?, ?, ?, ?)
Hibernate: insert into person (id, date_of_birth, email, first_name, group_ref, last_name, password, website) values (default, ?, ?, ?, ?, ?, ?, ?)
Hibernate: insert into person (id, date_of_birth, email, first_name, group_ref, last_name, password, website) values (default, ?, ?, ?, ?, ?, ?, ?)
Hibernate: insert into person (id, date_of_birth, email, first_name, group_ref, last_name, password, website) values (default, ?, ?, ?, ?, ?, ?, ?)
Hibernate: insert into person (id, date_of_birth, email, first_name, group_ref, last_name, password, website) values (default, ?, ?, ?, ?, ?, ?, ?)
Hibernate: insert into person (id, date_of_birth, email, first_name, group_ref, last_name, password, website) values (default, ?, ?, ?, ?, ?, ?, ?)
Hibernate: insert into person (id, date_of_birth, email, first_name, group_ref, last_name, password, website) values (default, ?, ?, ?, ?, ?, ?, ?)
Hibernate: insert into person (id, date_of_birth, email, first_name, group_ref, last_name, password, website) values (default, ?, ?, ?, ?, ?, ?, ?)
Hibernate: insert into person (id, date_of_birth, email, first_name, group_ref, last_name, password, website) values (default, ?, ?, ?, ?, ?, ?, ?)
Hibernate: insert into person (id, date_of_birth, email, first_name, group_ref, last_name, password, website) values (default, ?, ?, ?, ?, ?, ?, ?)
Hibernate: insert into person (id, date_of_birth, email, first_name, group_ref, last_name, password, website) values (default, ?, ?, ?, ?, ?, ?, ?)
Hibernate: insert into person (id, date_of_birth, email, first_name, group_ref, last_name, password, website) values (default, ?, ?, ?, ?, ?, ?, ?)
Hibernate: insert into person (id, date_of_birth, email, first_name, group_ref, last_name, password, website) values (default, ?, ?, ?, ?, ?, ?, ?)
Hibernate: insert into person (id, date_of_birth, email, first_name, group_ref, last_name, password, website) values (default, ?, ?, ?, ?, ?, ?, ?)
Hibernate: insert into person (id, date_of_birth, email, first_name, group_ref, last_name, password, website) values (default, ?, ?, ?, ?, ?, ?, ?)
Hibernate: insert into person (id, date_of_birth, email, first_name, group_ref, last_name, password, website) values (default, ?, ?, ?, ?, ?, ?, ?)
Hibernate: insert into person (id, date_of_birth, email, first_name, group_ref, last_name, password, website) values (default, ?, ?, ?, ?, ?, ?, ?)
Hibernate: insert into person (id, date_of_birth, email, first_name, group_ref, last_name, password, website) values (default, ?, ?, ?, ?, ?, ?, ?)
Hibernate: insert into person (id, date_of_birth, email, first_name, group_ref, last_name, password, website) values (default, ?, ?, ?, ?, ?, ?, ?)
Hibernate: insert into person (id, date_of_birth, email, first_name, group_ref, last_name, password, website) values (default, ?, ?, ?, ?, ?, ?, ?)
Hibernate: insert into person (id, date_of_birth, email, first_name, group_ref, last_name, password, website) values (default, ?, ?, ?, ?, ?, ?, ?)
Hibernate: insert into person (id, date_of_birth, email, first_name, group_ref, last_name, password, website) values (default, ?, ?, ?, ?, ?, ?, ?)
Hibernate: insert into person (id, date_of_birth, email, first_name, group_ref, last_name, password, website) values (default, ?, ?, ?, ?, ?, ?, ?)
Hibernate: insert into person (id, date_of_birth, email, first_name, group_ref, last_name, password, website) values (default, ?, ?, ?, ?, ?, ?, ?)
Hibernate: insert into person (id, date_of_birth, email, first_name, group_ref, last_name, password, website) values (default, ?, ?, ?, ?, ?, ?, ?)
Hibernate: insert into person (id, date_of_birth, email, first_name, group_ref, last_name, password, website) values (default, ?, ?, ?, ?, ?, ?, ?)
Hibernate: insert into person (id, date_of_birth, email, first_name, group_ref, last_name, password, website) values (default, ?, ?, ?, ?, ?, ?, ?)
Hibernate: insert into person (id, date_of_birth, email, first_name, group_ref, last_name, password, website) values (default, ?, ?, ?, ?, ?, ?, ?)
Hibernate: insert into person (id, date_of_birth, email, first_name, group_ref, last_name, password, website) values (default, ?, ?, ?, ?, ?, ?, ?)
Hibernate: insert into person (id, date_of_birth, email, first_name, group_ref, last_name, password, website) values (default, ?, ?, ?, ?, ?, ?, ?)
Hibernate: insert into person (id, date_of_birth, email, first_name, group_ref, last_name, password, website) values (default, ?, ?, ?, ?, ?, ?, ?)
Hibernate: insert into person (id, date_of_birth, email, first_name, group_ref, last_name, password, website) values (default, ?, ?, ?, ?, ?, ?, ?)
Hibernate: insert into person (id, date_of_birth, email, first_name, group_ref, last_name, password, website) values (default, ?, ?, ?, ?, ?, ?, ?)
Hibernate: insert into person (id, date_of_birth, email, first_name, group_ref, last_name, password, website) values (default, ?, ?, ?, ?, ?, ?, ?)
Hibernate: insert into person (id, date_of_birth, email, first_name, group_ref, last_name, password, website) values (default, ?, ?, ?, ?, ?, ?, ?)
Hibernate: insert into person (id, date_of_birth, email, first_name, group_ref, last_name, password, website) values (default, ?, ?, ?, ?, ?, ?, ?)
Hibernate: insert into person (id, date_of_birth, email, first_name, group_ref, last_name, password, website) values (default, ?, ?, ?, ?, ?, ?, ?)
Hibernate: insert into person (id, date_of_birth, email, first_name, group_ref, last_name, password, website) values (default, ?, ?, ?, ?, ?, ?, ?)
Hibernate: insert into person (id, date_of_birth, email, first_name, group_ref, last_name, password, website) values (default, ?, ?, ?, ?, ?, ?, ?)
Hibernate: insert into person (id, date_of_birth, email, first_name, group_ref, last_name, password, website) values (default, ?, ?, ?, ?, ?, ?, ?)
Hibernate: insert into person (id, date_of_birth, email, first_name, group_ref, last_name, password, website) values (default, ?, ?, ?, ?, ?, ?, ?)
Hibernate: insert into person (id, date_of_birth, email, first_name, group_ref, last_name, password, website) values (default, ?, ?, ?, ?, ?, ?, ?)
Hibernate: insert into person (id, date_of_birth, email, first_name, group_ref, last_name, password, website) values (default, ?, ?, ?, ?, ?, ?, ?)
Hibernate: insert into person (id, date_of_birth, email, first_name, group_ref, last_name, password, website) values (default, ?, ?, ?, ?, ?, ?, ?)
Hibernate: insert into person (id, date_of_birth, email, first_name, group_ref, last_name, password, website) values (default, ?, ?, ?, ?, ?, ?, ?)
Hibernate: insert into person (id, date_of_birth, email, first_name, group_ref, last_name, password, website) values (default, ?, ?, ?, ?, ?, ?, ?)
Hibernate: insert into person (id, date_of_birth, email, first_name, group_ref, last_name, password, website) values (default, ?, ?, ?, ?, ?, ?, ?)
Hibernate: insert into person (id, date_of_birth, email, first_name, group_ref, last_name, password, website) values (default, ?, ?, ?, ?, ?, ?, ?)
Hibernate: insert into person (id, date_of_birth, email, first_name, group_ref, last_name, password, website) values (default, ?, ?, ?, ?, ?, ?, ?)
Hibernate: insert into person (id, date_of_birth, email, first_name, group_ref, last_name, password, website) values (default, ?, ?, ?, ?, ?, ?, ?)
Hibernate: insert into person (id, date_of_birth, email, first_name, group_ref, last_name, password, website) values (default, ?, ?, ?, ?, ?, ?, ?)
Hibernate: insert into person (id, date_of_birth, email, first_name, group_ref, last_name, password, website) values (default, ?, ?, ?, ?, ?, ?, ?)
Hibernate: insert into person (id, date_of_birth, email, first_name, group_ref, last_name, password, website) values (default, ?, ?, ?, ?, ?, ?, ?)
Hibernate: insert into person (id, date_of_birth, email, first_name, group_ref, last_name, password, website) values (default, ?, ?, ?, ?, ?, ?, ?)
Hibernate: insert into person (id, date_of_birth, email, first_name, group_ref, last_name, password, website) values (default, ?, ?, ?, ?, ?, ?, ?)
Hibernate: insert into person (id, date_of_birth, email, first_name, group_ref, last_name, password, website) values (default, ?, ?, ?, ?, ?, ?, ?)
Hibernate: insert into person (id, date_of_birth, email, first_name, group_ref, last_name, password, website) values (default, ?, ?, ?, ?, ?, ?, ?)
Hibernate: insert into person (id, date_of_birth, email, first_name, group_ref, last_name, password, website) values (default, ?, ?, ?, ?, ?, ?, ?)
Hibernate: insert into person (id, date_of_birth, email, first_name, group_ref, last_name, password, website) values (default, ?, ?, ?, ?, ?, ?, ?)
Hibernate: insert into person (id, date_of_birth, email, first_name, group_ref, last_name, password, website) values (default, ?, ?, ?, ?, ?, ?, ?)
Hibernate: insert into person (id, date_of_birth, email, first_name, group_ref, last_name, password, website) values (default, ?, ?, ?, ?, ?, ?, ?)
Hibernate: insert into person (id, date_of_birth, email, first_name, group_ref, last_name, password, website) values (default, ?, ?, ?, ?, ?, ?, ?)
Hibernate: insert into person (id, date_of_birth, email, first_name, group_ref, last_name, password, website) values (default, ?, ?, ?, ?, ?, ?, ?)
Hibernate: insert into person (id, date_of_birth, email, first_name, group_ref, last_name, password, website) values (default, ?, ?, ?, ?, ?, ?, ?)
Hibernate: insert into person (id, date_of_birth, email, first_name, group_ref, last_name, password, website) values (default, ?, ?, ?, ?, ?, ?, ?)
Hibernate: insert into person (id, date_of_birth, email, first_name, group_ref, last_name, password, website) values (default, ?, ?, ?, ?, ?, ?, ?)
Hibernate: insert into person (id, date_of_birth, email, first_name, group_ref, last_name, password, website) values (default, ?, ?, ?, ?, ?, ?, ?)
Hibernate: insert into person (id, date_of_birth, email, first_name, group_ref, last_name, password, website) values (default, ?, ?, ?, ?, ?, ?, ?)
Hibernate: insert into person (id, date_of_birth, email, first_name, group_ref, last_name, password, website) values (default, ?, ?, ?, ?, ?, ?, ?)
Hibernate: insert into person (id, date_of_birth, email, first_name, group_ref, last_name, password, website) values (default, ?, ?, ?, ?, ?, ?, ?)
Hibernate: insert into person (id, date_of_birth, email, first_name, group_ref, last_name, password, website) values (default, ?, ?, ?, ?, ?, ?, ?)
Hibernate: insert into person (id, date_of_birth, email, first_name, group_ref, last_name, password, website) values (default, ?, ?, ?, ?, ?, ?, ?)
Hibernate: insert into person (id, date_of_birth, email, first_name, group_ref, last_name, password, website) values (default, ?, ?, ?, ?, ?, ?, ?)
Hibernate: insert into person (id, date_of_birth, email, first_name, group_ref, last_name, password, website) values (default, ?, ?, ?, ?, ?, ?, ?)
Hibernate: insert into person (id, date_of_birth, email, first_name, group_ref, last_name, password, website) values (default, ?, ?, ?, ?, ?, ?, ?)
Hibernate: insert into person (id, date_of_birth, email, first_name, group_ref, last_name, password, website) values (default, ?, ?, ?, ?, ?, ?, ?)
Hibernate: insert into person (id, date_of_birth, email, first_name, group_ref, last_name, password, website) values (default, ?, ?, ?, ?, ?, ?, ?)
Hibernate: insert into person (id, date_of_birth, email, first_name, group_ref, last_name, password, website) values (default, ?, ?, ?, ?, ?, ?, ?)
Hibernate: insert into person (id, date_of_birth, email, first_name, group_ref, last_name, password, website) values (default, ?, ?, ?, ?, ?, ?, ?)
Hibernate: insert into person (id, date_of_birth, email, first_name, group_ref, last_name, password, website) values (default, ?, ?, ?, ?, ?, ?, ?)
Hibernate: insert into person (id, date_of_birth, email, first_name, group_ref, last_name, password, website) values (default, ?, ?, ?, ?, ?, ?, ?)
Hibernate: insert into person (id, date_of_birth, email, first_name, group_ref, last_name, password, website) values (default, ?, ?, ?, ?, ?, ?, ?)
Hibernate: insert into person (id, date_of_birth, email, first_name, group_ref, last_name, password, website) values (default, ?, ?, ?, ?, ?, ?, ?)
Hibernate: insert into person (id, date_of_birth, email, first_name, group_ref, last_name, password, website) values (default, ?, ?, ?, ?, ?, ?, ?)
Hibernate: insert into person (id, date_of_birth, email, first_name, group_ref, last_name, password, website) values (default, ?, ?, ?, ?, ?, ?, ?)
Hibernate: insert into person (id, date_of_birth, email, first_name, group_ref, last_name, password, website) values (default, ?, ?, ?, ?, ?, ?, ?)
Hibernate: insert into person (id, date_of_birth, email, first_name, group_ref, last_name, password, website) values (default, ?, ?, ?, ?, ?, ?, ?)
Hibernate: insert into person (id, date_of_birth, email, first_name, group_ref, last_name, password, website) values (default, ?, ?, ?, ?, ?, ?, ?)
Hibernate: insert into person (id, date_of_birth, email, first_name, group_ref, last_name, password, website) values (default, ?, ?, ?, ?, ?, ?, ?)
Hibernate: insert into person (id, date_of_birth, email, first_name, group_ref, last_name, password, website) values (default, ?, ?, ?, ?, ?, ?, ?)
Hibernate: insert into person (id, date_of_birth, email, first_name, group_ref, last_name, password, website) values (default, ?, ?, ?, ?, ?, ?, ?)
Hibernate: insert into person (id, date_of_birth, email, first_name, group_ref, last_name, password, website) values (default, ?, ?, ?, ?, ?, ?, ?)
Hibernate: insert into person (id, date_of_birth, email, first_name, group_ref, last_name, password, website) values (default, ?, ?, ?, ?, ?, ?, ?)
Hibernate: insert into person (id, date_of_birth, email, first_name, group_ref, last_name, password, website) values (default, ?, ?, ?, ?, ?, ?, ?)
Hibernate: insert into person (id, date_of_birth, email, first_name, group_ref, last_name, password, website) values (default, ?, ?, ?, ?, ?, ?, ?)
Hibernate: insert into person (id, date_of_birth, email, first_name, group_ref, last_name, password, website) values (default, ?, ?, ?, ?, ?, ?, ?)
Hibernate: insert into person (id, date_of_birth, email, first_name, group_ref, last_name, password, website) values (default, ?, ?, ?, ?, ?, ?, ?)
Hibernate: insert into person (id, date_of_birth, email, first_name, group_ref, last_name, password, website) values (default, ?, ?, ?, ?, ?, ?, ?)
Hibernate: insert into person (id, date_of_birth, email, first_name, group_ref, last_name, password, website) values (default, ?, ?, ?, ?, ?, ?, ?)
Hibernate: insert into person (id, date_of_birth, email, first_name, group_ref, last_name, password, website) values (default, ?, ?, ?, ?, ?, ?, ?)
Hibernate: insert into person (id, date_of_birth, email, first_name, group_ref, last_name, password, website) values (default, ?, ?, ?, ?, ?, ?, ?)
Hibernate: insert into person (id, date_of_birth, email, first_name, group_ref, last_name, password, website) values (default, ?, ?, ?, ?, ?, ?, ?)
Hibernate: insert into person (id, date_of_birth, email, first_name, group_ref, last_name, password, website) values (default, ?, ?, ?, ?, ?, ?, ?)
Hibernate: insert into person (id, date_of_birth, email, first_name, group_ref, last_name, password, website) values (default, ?, ?, ?, ?, ?, ?, ?)
Hibernate: insert into person (id, date_of_birth, email, first_name, group_ref, last_name, password, website) values (default, ?, ?, ?, ?, ?, ?, ?)
Hibernate: insert into person (id, date_of_birth, email, first_name, group_ref, last_name, password, website) values (default, ?, ?, ?, ?, ?, ?, ?)
Hibernate: insert into person (id, date_of_birth, email, first_name, group_ref, last_name, password, website) values (default, ?, ?, ?, ?, ?, ?, ?)
Hibernate: insert into person (id, date_of_birth, email, first_name, group_ref, last_name, password, website) values (default, ?, ?, ?, ?, ?, ?, ?)
Hibernate: insert into person (id, date_of_birth, email, first_name, group_ref, last_name, password, website) values (default, ?, ?, ?, ?, ?, ?, ?)
Hibernate: insert into person (id, date_of_birth, email, first_name, group_ref, last_name, password, website) values (default, ?, ?, ?, ?, ?, ?, ?)
Hibernate: insert into person (id, date_of_birth, email, first_name, group_ref, last_name, password, website) values (default, ?, ?, ?, ?, ?, ?, ?)
Hibernate: insert into person (id, date_of_birth, email, first_name, group_ref, last_name, password, website) values (default, ?, ?, ?, ?, ?, ?, ?)
Hibernate: insert into person (id, date_of_birth, email, first_name, group_ref, last_name, password, website) values (default, ?, ?, ?, ?, ?, ?, ?)
Hibernate: insert into person (id, date_of_birth, email, first_name, group_ref, last_name, password, website) values (default, ?, ?, ?, ?, ?, ?, ?)
Hibernate: insert into person (id, date_of_birth, email, first_name, group_ref, last_name, password, website) values (default, ?, ?, ?, ?, ?, ?, ?)
Hibernate: insert into person (id, date_of_birth, email, first_name, group_ref, last_name, password, website) values (default, ?, ?, ?, ?, ?, ?, ?)
Hibernate: insert into person (id, date_of_birth, email, first_name, group_ref, last_name, password, website) values (default, ?, ?, ?, ?, ?, ?, ?)
Hibernate: insert into person (id, date_of_birth, email, first_name, group_ref, last_name, password, website) values (default, ?, ?, ?, ?, ?, ?, ?)
Hibernate: insert into person (id, date_of_birth, email, first_name, group_ref, last_name, password, website) values (default, ?, ?, ?, ?, ?, ?, ?)
Hibernate: insert into person (id, date_of_birth, email, first_name, group_ref, last_name, password, website) values (default, ?, ?, ?, ?, ?, ?, ?)
Hibernate: insert into person (id, date_of_birth, email, first_name, group_ref, last_name, password, website) values (default, ?, ?, ?, ?, ?, ?, ?)
Hibernate: insert into person (id, date_of_birth, email, first_name, group_ref, last_name, password, website) values (default, ?, ?, ?, ?, ?, ?, ?)
Hibernate: insert into person (id, date_of_birth, email, first_name, group_ref, last_name, password, website) values (default, ?, ?, ?, ?, ?, ?, ?)
Hibernate: insert into person (id, date_of_birth, email, first_name, group_ref, last_name, password, website) values (default, ?, ?, ?, ?, ?, ?, ?)
Hibernate: insert into person (id, date_of_birth, email, first_name, group_ref, last_name, password, website) values (default, ?, ?, ?, ?, ?, ?, ?)
Hibernate: insert into person (id, date_of_birth, email, first_name, group_ref, last_name, password, website) values (default, ?, ?, ?, ?, ?, ?, ?)
Hibernate: insert into person (id, date_of_birth, email, first_name, group_ref, last_name, password, website) values (default, ?, ?, ?, ?, ?, ?, ?)
Hibernate: insert into person (id, date_of_birth, email, first_name, group_ref, last_name, password, website) values (default, ?, ?, ?, ?, ?, ?, ?)
Hibernate: insert into person (id, date_of_birth, email, first_name, group_ref, last_name, password, website) values (default, ?, ?, ?, ?, ?, ?, ?)
Hibernate: insert into person (id, date_of_birth, email, first_name, group_ref, last_name, password, website) values (default, ?, ?, ?, ?, ?, ?, ?)
Hibernate: insert into person (id, date_of_birth, email, first_name, group_ref, last_name, password, website) values (default, ?, ?, ?, ?, ?, ?, ?)
Hibernate: insert into person (id, date_of_birth, email, first_name, group_ref, last_name, password, website) values (default, ?, ?, ?, ?, ?, ?, ?)
Hibernate: insert into person (id, date_of_birth, email, first_name, group_ref, last_name, password, website) values (default, ?, ?, ?, ?, ?, ?, ?)
Hibernate: insert into person (id, date_of_birth, email, first_name, group_ref, last_name, password, website) values (default, ?, ?, ?, ?, ?, ?, ?)
Hibernate: insert into person (id, date_of_birth, email, first_name, group_ref, last_name, password, website) values (default, ?, ?, ?, ?, ?, ?, ?)
Hibernate: insert into person (id, date_of_birth, email, first_name, group_ref, last_name, password, website) values (default, ?, ?, ?, ?, ?, ?, ?)
Hibernate: insert into person (id, date_of_birth, email, first_name, group_ref, last_name, password, website) values (default, ?, ?, ?, ?, ?, ?, ?)
Hibernate: insert into person (id, date_of_birth, email, first_name, group_ref, last_name, password, website) values (default, ?, ?, ?, ?, ?, ?, ?)
Hibernate: insert into person (id, date_of_birth, email, first_name, group_ref, last_name, password, website) values (default, ?, ?, ?, ?, ?, ?, ?)
Hibernate: insert into person (id, date_of_birth, email, first_name, group_ref, last_name, password, website) values (default, ?, ?, ?, ?, ?, ?, ?)
Hibernate: insert into person (id, date_of_birth, email, first_name, group_ref, last_name, password, website) values (default, ?, ?, ?, ?, ?, ?, ?)
Hibernate: insert into person (id, date_of_birth, email, first_name, group_ref, last_name, password, website) values (default, ?, ?, ?, ?, ?, ?, ?)
Hibernate: insert into person (id, date_of_birth, email, first_name, group_ref, last_name, password, website) values (default, ?, ?, ?, ?, ?, ?, ?)
Hibernate: insert into person (id, date_of_birth, email, first_name, group_ref, last_name, password, website) values (default, ?, ?, ?, ?, ?, ?, ?)
Hibernate: insert into person (id, date_of_birth, email, first_name, group_ref, last_name, password, website) values (default, ?, ?, ?, ?, ?, ?, ?)
Hibernate: insert into person (id, date_of_birth, email, first_name, group_ref, last_name, password, website) values (default, ?, ?, ?, ?, ?, ?, ?)
Hibernate: insert into person (id, date_of_birth, email, first_name, group_ref, last_name, password, website) values (default, ?, ?, ?, ?, ?, ?, ?)
Hibernate: insert into person (id, date_of_birth, email, first_name, group_ref, last_name, password, website) values (default, ?, ?, ?, ?, ?, ?, ?)
Hibernate: insert into person (id, date_of_birth, email, first_name, group_ref, last_name, password, website) values (default, ?, ?, ?, ?, ?, ?, ?)
Hibernate: insert into person (id, date_of_birth, email, first_name, group_ref, last_name, password, website) values (default, ?, ?, ?, ?, ?, ?, ?)
Hibernate: insert into person (id, date_of_birth, email, first_name, group_ref, last_name, password, website) values (default, ?, ?, ?, ?, ?, ?, ?)
Hibernate: insert into person (id, date_of_birth, email, first_name, group_ref, last_name, password, website) values (default, ?, ?, ?, ?, ?, ?, ?)
Hibernate: insert into person (id, date_of_birth, email, first_name, group_ref, last_name, password, website) values (default, ?, ?, ?, ?, ?, ?, ?)
Hibernate: insert into person (id, date_of_birth, email, first_name, group_ref, last_name, password, website) values (default, ?, ?, ?, ?, ?, ?, ?)
Hibernate: insert into person (id, date_of_birth, email, first_name, group_ref, last_name, password, website) values (default, ?, ?, ?, ?, ?, ?, ?)
Hibernate: insert into person (id, date_of_birth, email, first_name, group_ref, last_name, password, website) values (default, ?, ?, ?, ?, ?, ?, ?)
Hibernate: insert into person (id, date_of_birth, email, first_name, group_ref, last_name, password, website) values (default, ?, ?, ?, ?, ?, ?, ?)
Hibernate: insert into person (id, date_of_birth, email, first_name, group_ref, last_name, password, website) values (default, ?, ?, ?, ?, ?, ?, ?)
Hibernate: insert into person (id, date_of_birth, email, first_name, group_ref, last_name, password, website) values (default, ?, ?, ?, ?, ?, ?, ?)
Hibernate: insert into person (id, date_of_birth, email, first_name, group_ref, last_name, password, website) values (default, ?, ?, ?, ?, ?, ?, ?)
Hibernate: insert into person (id, date_of_birth, email, first_name, group_ref, last_name, password, website) values (default, ?, ?, ?, ?, ?, ?, ?)
Hibernate: insert into person (id, date_of_birth, email, first_name, group_ref, last_name, password, website) values (default, ?, ?, ?, ?, ?, ?, ?)
Hibernate: insert into person (id, date_of_birth, email, first_name, group_ref, last_name, password, website) values (default, ?, ?, ?, ?, ?, ?, ?)
Hibernate: insert into person (id, date_of_birth, email, first_name, group_ref, last_name, password, website) values (default, ?, ?, ?, ?, ?, ?, ?)
Hibernate: insert into person (id, date_of_birth, email, first_name, group_ref, last_name, password, website) values (default, ?, ?, ?, ?, ?, ?, ?)
Hibernate: insert into person (id, date_of_birth, email, first_name, group_ref, last_name, password, website) values (default, ?, ?, ?, ?, ?, ?, ?)
Hibernate: insert into person (id, date_of_birth, email, first_name, group_ref, last_name, password, website) values (default, ?, ?, ?, ?, ?, ?, ?)
Hibernate: insert into person (id, date_of_birth, email, first_name, group_ref, last_name, password, website) values (default, ?, ?, ?, ?, ?, ?, ?)
Hibernate: insert into person (id, date_of_birth, email, first_name, group_ref, last_name, password, website) values (default, ?, ?, ?, ?, ?, ?, ?)
Hibernate: insert into person (id, date_of_birth, email, first_name, group_ref, last_name, password, website) values (default, ?, ?, ?, ?, ?, ?, ?)
Hibernate: insert into person (id, date_of_birth, email, first_name, group_ref, last_name, password, website) values (default, ?, ?, ?, ?, ?, ?, ?)
Hibernate: insert into person (id, date_of_birth, email, first_name, group_ref, last_name, password, website) values (default, ?, ?, ?, ?, ?, ?, ?)
Hibernate: insert into person (id, date_of_birth, email, first_name, group_ref, last_name, password, website) values (default, ?, ?, ?, ?, ?, ?, ?)
Hibernate: insert into person (id, date_of_birth, email, first_name, group_ref, last_name, password, website) values (default, ?, ?, ?, ?, ?, ?, ?)
Hibernate: insert into person (id, date_of_birth, email, first_name, group_ref, last_name, password, website) values (default, ?, ?, ?, ?, ?, ?, ?)
Hibernate: insert into person (id, date_of_birth, email, first_name, group_ref, last_name, password, website) values (default, ?, ?, ?, ?, ?, ?, ?)
Hibernate: insert into person (id, date_of_birth, email, first_name, group_ref, last_name, password, website) values (default, ?, ?, ?, ?, ?, ?, ?)
Hibernate: insert into person (id, date_of_birth, email, first_name, group_ref, last_name, password, website) values (default, ?, ?, ?, ?, ?, ?, ?)
Hibernate: insert into person (id, date_of_birth, email, first_name, group_ref, last_name, password, website) values (default, ?, ?, ?, ?, ?, ?, ?)
Hibernate: insert into person (id, date_of_birth, email, first_name, group_ref, last_name, password, website) values (default, ?, ?, ?, ?, ?, ?, ?)
Hibernate: insert into person (id, date_of_birth, email, first_name, group_ref, last_name, password, website) values (default, ?, ?, ?, ?, ?, ?, ?)
Hibernate: insert into person (id, date_of_birth, email, first_name, group_ref, last_name, password, website) values (default, ?, ?, ?, ?, ?, ?, ?)
Hibernate: insert into person (id, date_of_birth, email, first_name, group_ref, last_name, password, website) values (default, ?, ?, ?, ?, ?, ?, ?)
Hibernate: insert into person (id, date_of_birth, email, first_name, group_ref, last_name, password, website) values (default, ?, ?, ?, ?, ?, ?, ?)
Hibernate: insert into person (id, date_of_birth, email, first_name, group_ref, last_name, password, website) values (default, ?, ?, ?, ?, ?, ?, ?)
Hibernate: insert into person (id, date_of_birth, email, first_name, group_ref, last_name, password, website) values (default, ?, ?, ?, ?, ?, ?, ?)
Hibernate: insert into person (id, date_of_birth, email, first_name, group_ref, last_name, password, website) values (default, ?, ?, ?, ?, ?, ?, ?)
Hibernate: insert into person (id, date_of_birth, email, first_name, group_ref, last_name, password, website) values (default, ?, ?, ?, ?, ?, ?, ?)
2023-04-12 22:44:06.197  WARN 87919 --- [           main] o.h.engine.jdbc.spi.SqlExceptionHelper   : SQL Error: 23505, SQLState: 23505
2023-04-12 22:44:06.197 ERROR 87919 --- [           main] o.h.engine.jdbc.spi.SqlExceptionHelper   : Unique index or primary key violation: "PUBLIC.UK_FWMWI44U55BO4RVWSV0CLN012_INDEX_8 ON PUBLIC.PERSON(EMAIL NULLS FIRST) VALUES ( /* 272 */ 'roselee.runte@hotmail.com' )"; SQL statement:
insert into person (id, date_of_birth, email, first_name, group_ref, last_name, password, website) values (default, ?, ?, ?, ?, ?, ?, ?) [23505-214]
2023-04-12 22:44:06.198  INFO 87919 --- [           main] ConditionEvaluationReportLoggingListener : 

Error starting ApplicationContext. To display the conditions report re-run your application with 'debug' enabled.
2023-04-12 22:44:06.203 ERROR 87919 --- [           main] o.s.boot.SpringApplication               : Application run failed

java.lang.IllegalStateException: Failed to execute CommandLineRunner
	at org.springframework.boot.SpringApplication.callRunner(SpringApplication.java:771) ~[spring-boot-2.7.10.jar:2.7.10]
	at org.springframework.boot.SpringApplication.callRunners(SpringApplication.java:752) ~[spring-boot-2.7.10.jar:2.7.10]
	at org.springframework.boot.SpringApplication.run(SpringApplication.java:314) ~[spring-boot-2.7.10.jar:2.7.10]
	at org.springframework.boot.test.context.SpringBootContextLoader.loadContext(SpringBootContextLoader.java:136) ~[spring-boot-test-2.7.10.jar:2.7.10]
	at org.springframework.test.context.cache.DefaultCacheAwareContextLoaderDelegate.loadContextInternal(DefaultCacheAwareContextLoaderDelegate.java:141) ~[spring-test-5.3.26.jar:5.3.26]
	at org.springframework.test.context.cache.DefaultCacheAwareContextLoaderDelegate.loadContext(DefaultCacheAwareContextLoaderDelegate.java:90) ~[spring-test-5.3.26.jar:5.3.26]
	at org.springframework.test.context.support.DefaultTestContext.getApplicationContext(DefaultTestContext.java:124) ~[spring-test-5.3.26.jar:5.3.26]
	at org.springframework.boot.test.autoconfigure.web.servlet.WebDriverTestExecutionListener.afterTestMethod(WebDriverTestExecutionListener.java:41) ~[spring-boot-test-autoconfigure-2.7.10.jar:2.7.10]
	at org.springframework.test.context.TestContextManager.afterTestMethod(TestContextManager.java:445) ~[spring-test-5.3.26.jar:5.3.26]
	at org.springframework.test.context.junit.jupiter.SpringExtension.afterEach(SpringExtension.java:206) ~[spring-test-5.3.26.jar:5.3.26]
	at org.junit.jupiter.engine.descriptor.TestMethodTestDescriptor.lambda$invokeAfterEachCallbacks$12(TestMethodTestDescriptor.java:257) ~[junit-jupiter-engine-5.8.2.jar:5.8.2]
	at org.junit.jupiter.engine.descriptor.TestMethodTestDescriptor.lambda$invokeAllAfterMethodsOrCallbacks$13(TestMethodTestDescriptor.java:273) ~[junit-jupiter-engine-5.8.2.jar:5.8.2]
	at org.junit.platform.engine.support.hierarchical.ThrowableCollector.execute(ThrowableCollector.java:73) ~[junit-platform-engine-1.8.2.jar:1.8.2]
	at org.junit.jupiter.engine.descriptor.TestMethodTestDescriptor.lambda$invokeAllAfterMethodsOrCallbacks$14(TestMethodTestDescriptor.java:273) ~[junit-jupiter-engine-5.8.2.jar:5.8.2]
	at java.base/java.util.ArrayList.forEach(ArrayList.java:1511) ~[na:na]
	at org.junit.jupiter.engine.descriptor.TestMethodTestDescriptor.invokeAllAfterMethodsOrCallbacks(TestMethodTestDescriptor.java:272) ~[junit-jupiter-engine-5.8.2.jar:5.8.2]
	at org.junit.jupiter.engine.descriptor.TestMethodTestDescriptor.invokeAfterEachCallbacks(TestMethodTestDescriptor.java:256) ~[junit-jupiter-engine-5.8.2.jar:5.8.2]
	at org.junit.jupiter.engine.descriptor.TestMethodTestDescriptor.execute(TestMethodTestDescriptor.java:141) ~[junit-jupiter-engine-5.8.2.jar:5.8.2]
	at org.junit.jupiter.engine.descriptor.TestMethodTestDescriptor.execute(TestMethodTestDescriptor.java:66) ~[junit-jupiter-engine-5.8.2.jar:5.8.2]
	at org.junit.platform.engine.support.hierarchical.NodeTestTask.lambda$executeRecursively$6(NodeTestTask.java:151) ~[junit-platform-engine-1.8.2.jar:1.8.2]
	at org.junit.platform.engine.support.hierarchical.ThrowableCollector.execute(ThrowableCollector.java:73) ~[junit-platform-engine-1.8.2.jar:1.8.2]
	at org.junit.platform.engine.support.hierarchical.NodeTestTask.lambda$executeRecursively$8(NodeTestTask.java:141) ~[junit-platform-engine-1.8.2.jar:1.8.2]
	at org.junit.platform.engine.support.hierarchical.Node.around(Node.java:137) ~[junit-platform-engine-1.8.2.jar:1.8.2]
	at org.junit.platform.engine.support.hierarchical.NodeTestTask.lambda$executeRecursively$9(NodeTestTask.java:139) ~[junit-platform-engine-1.8.2.jar:1.8.2]
	at org.junit.platform.engine.support.hierarchical.ThrowableCollector.execute(ThrowableCollector.java:73) ~[junit-platform-engine-1.8.2.jar:1.8.2]
	at org.junit.platform.engine.support.hierarchical.NodeTestTask.executeRecursively(NodeTestTask.java:138) ~[junit-platform-engine-1.8.2.jar:1.8.2]
	at org.junit.platform.engine.support.hierarchical.NodeTestTask.execute(NodeTestTask.java:95) ~[junit-platform-engine-1.8.2.jar:1.8.2]
	at java.base/java.util.ArrayList.forEach(ArrayList.java:1511) ~[na:na]
	at org.junit.platform.engine.support.hierarchical.SameThreadHierarchicalTestExecutorService.invokeAll(SameThreadHierarchicalTestExecutorService.java:41) ~[junit-platform-engine-1.8.2.jar:1.8.2]
	at org.junit.platform.engine.support.hierarchical.NodeTestTask.lambda$executeRecursively$6(NodeTestTask.java:155) ~[junit-platform-engine-1.8.2.jar:1.8.2]
	at org.junit.platform.engine.support.hierarchical.ThrowableCollector.execute(ThrowableCollector.java:73) ~[junit-platform-engine-1.8.2.jar:1.8.2]
	at org.junit.platform.engine.support.hierarchical.NodeTestTask.lambda$executeRecursively$8(NodeTestTask.java:141) ~[junit-platform-engine-1.8.2.jar:1.8.2]
	at org.junit.platform.engine.support.hierarchical.Node.around(Node.java:137) ~[junit-platform-engine-1.8.2.jar:1.8.2]
	at org.junit.platform.engine.support.hierarchical.NodeTestTask.lambda$executeRecursively$9(NodeTestTask.java:139) ~[junit-platform-engine-1.8.2.jar:1.8.2]
	at org.junit.platform.engine.support.hierarchical.ThrowableCollector.execute(ThrowableCollector.java:73) ~[junit-platform-engine-1.8.2.jar:1.8.2]
	at org.junit.platform.engine.support.hierarchical.NodeTestTask.executeRecursively(NodeTestTask.java:138) ~[junit-platform-engine-1.8.2.jar:1.8.2]
	at org.junit.platform.engine.support.hierarchical.NodeTestTask.execute(NodeTestTask.java:95) ~[junit-platform-engine-1.8.2.jar:1.8.2]
	at java.base/java.util.ArrayList.forEach(ArrayList.java:1511) ~[na:na]
	at org.junit.platform.engine.support.hierarchical.SameThreadHierarchicalTestExecutorService.invokeAll(SameThreadHierarchicalTestExecutorService.java:41) ~[junit-platform-engine-1.8.2.jar:1.8.2]
	at org.junit.platform.engine.support.hierarchical.NodeTestTask.lambda$executeRecursively$6(NodeTestTask.java:155) ~[junit-platform-engine-1.8.2.jar:1.8.2]
	at org.junit.platform.engine.support.hierarchical.ThrowableCollector.execute(ThrowableCollector.java:73) ~[junit-platform-engine-1.8.2.jar:1.8.2]
	at org.junit.platform.engine.support.hierarchical.NodeTestTask.lambda$executeRecursively$8(NodeTestTask.java:141) ~[junit-platform-engine-1.8.2.jar:1.8.2]
	at org.junit.platform.engine.support.hierarchical.Node.around(Node.java:137) ~[junit-platform-engine-1.8.2.jar:1.8.2]
	at org.junit.platform.engine.support.hierarchical.NodeTestTask.lambda$executeRecursively$9(NodeTestTask.java:139) ~[junit-platform-engine-1.8.2.jar:1.8.2]
	at org.junit.platform.engine.support.hierarchical.ThrowableCollector.execute(ThrowableCollector.java:73) ~[junit-platform-engine-1.8.2.jar:1.8.2]
	at org.junit.platform.engine.support.hierarchical.NodeTestTask.executeRecursively(NodeTestTask.java:138) ~[junit-platform-engine-1.8.2.jar:1.8.2]
	at org.junit.platform.engine.support.hierarchical.NodeTestTask.execute(NodeTestTask.java:95) ~[junit-platform-engine-1.8.2.jar:1.8.2]
	at org.junit.platform.engine.support.hierarchical.SameThreadHierarchicalTestExecutorService.submit(SameThreadHierarchicalTestExecutorService.java:35) ~[junit-platform-engine-1.8.2.jar:1.8.2]
	at org.junit.platform.engine.support.hierarchical.HierarchicalTestExecutor.execute(HierarchicalTestExecutor.java:57) ~[junit-platform-engine-1.8.2.jar:1.8.2]
	at org.junit.platform.engine.support.hierarchical.HierarchicalTestEngine.execute(HierarchicalTestEngine.java:54) ~[junit-platform-engine-1.8.2.jar:1.8.2]
	at org.junit.platform.launcher.core.DefaultLauncher.execute(DefaultLauncher.java:220) ~[junit-platform-launcher-1.3.1.jar:1.3.1]
	at org.junit.platform.launcher.core.DefaultLauncher.lambda$execute$6(DefaultLauncher.java:188) ~[junit-platform-launcher-1.3.1.jar:1.3.1]
	at org.junit.platform.launcher.core.DefaultLauncher.withInterceptedStreams(DefaultLauncher.java:202) ~[junit-platform-launcher-1.3.1.jar:1.3.1]
	at org.junit.platform.launcher.core.DefaultLauncher.execute(DefaultLauncher.java:181) ~[junit-platform-launcher-1.3.1.jar:1.3.1]
	at org.junit.platform.launcher.core.DefaultLauncher.execute(DefaultLauncher.java:128) ~[junit-platform-launcher-1.3.1.jar:1.3.1]
	at org.apache.maven.surefire.junitplatform.JUnitPlatformProvider.invokeAllTests(JUnitPlatformProvider.java:150) ~[surefire-junit-platform-2.22.2.jar:2.22.2]
	at org.apache.maven.surefire.junitplatform.JUnitPlatformProvider.invoke(JUnitPlatformProvider.java:124) ~[surefire-junit-platform-2.22.2.jar:2.22.2]
	at org.apache.maven.surefire.booter.ForkedBooter.invokeProviderInSameClassLoader(ForkedBooter.java:384) ~[surefire-booter-2.22.2.jar:2.22.2]
	at org.apache.maven.surefire.booter.ForkedBooter.runSuitesInProcess(ForkedBooter.java:345) ~[surefire-booter-2.22.2.jar:2.22.2]
	at org.apache.maven.surefire.booter.ForkedBooter.execute(ForkedBooter.java:126) ~[surefire-booter-2.22.2.jar:2.22.2]
	at org.apache.maven.surefire.booter.ForkedBooter.main(ForkedBooter.java:418) ~[surefire-booter-2.22.2.jar:2.22.2]
Caused by: org.springframework.dao.DataIntegrityViolationException: could not execute statement; SQL [n/a]; constraint ["PUBLIC.UK_FWMWI44U55BO4RVWSV0CLN012_INDEX_8 ON PUBLIC.PERSON(EMAIL NULLS FIRST) VALUES ( /* 272 */ 'roselee.runte@hotmail.com' )"; SQL statement:
insert into person (id, date_of_birth, email, first_name, group_ref, last_name, password, website) values (default, ?, ?, ?, ?, ?, ?, ?) [23505-214]]; nested exception is org.hibernate.exception.ConstraintViolationException: could not execute statement
	at org.springframework.orm.jpa.vendor.HibernateJpaDialect.convertHibernateAccessException(HibernateJpaDialect.java:276) ~[spring-orm-5.3.26.jar:5.3.26]
	at org.springframework.orm.jpa.vendor.HibernateJpaDialect.translateExceptionIfPossible(HibernateJpaDialect.java:233) ~[spring-orm-5.3.26.jar:5.3.26]
	at org.springframework.orm.jpa.AbstractEntityManagerFactoryBean.translateExceptionIfPossible(AbstractEntityManagerFactoryBean.java:551) ~[spring-orm-5.3.26.jar:5.3.26]
	at org.springframework.dao.support.ChainedPersistenceExceptionTranslator.translateExceptionIfPossible(ChainedPersistenceExceptionTranslator.java:61) ~[spring-tx-5.3.26.jar:5.3.26]
	at org.springframework.dao.support.DataAccessUtils.translateIfNecessary(DataAccessUtils.java:242) ~[spring-tx-5.3.26.jar:5.3.26]
	at org.springframework.dao.support.PersistenceExceptionTranslationInterceptor.invoke(PersistenceExceptionTranslationInterceptor.java:152) ~[spring-tx-5.3.26.jar:5.3.26]
	at org.springframework.aop.framework.ReflectiveMethodInvocation.proceed(ReflectiveMethodInvocation.java:186) ~[spring-aop-5.3.26.jar:5.3.26]
	at org.springframework.data.jpa.repository.support.CrudMethodMetadataPostProcessor$CrudMethodMetadataPopulatingMethodInterceptor.invoke(CrudMethodMetadataPostProcessor.java:174) ~[spring-data-jpa-2.7.10.jar:2.7.10]
	at org.springframework.aop.framework.ReflectiveMethodInvocation.proceed(ReflectiveMethodInvocation.java:186) ~[spring-aop-5.3.26.jar:5.3.26]
	at org.springframework.aop.interceptor.ExposeInvocationInterceptor.invoke(ExposeInvocationInterceptor.java:97) ~[spring-aop-5.3.26.jar:5.3.26]
	at org.springframework.aop.framework.ReflectiveMethodInvocation.proceed(ReflectiveMethodInvocation.java:186) ~[spring-aop-5.3.26.jar:5.3.26]
	at org.springframework.aop.framework.JdkDynamicAopProxy.invoke(JdkDynamicAopProxy.java:215) ~[spring-aop-5.3.26.jar:5.3.26]
	at jdk.proxy2/jdk.proxy2.$Proxy115.save(Unknown Source) ~[na:na]
	at com.example.demo.DemoApplication.lambda$commandLineRunner$0(DemoApplication.java:60) ~[classes/:na]
	at org.springframework.boot.SpringApplication.callRunner(SpringApplication.java:768) ~[spring-boot-2.7.10.jar:2.7.10]
	... 60 common frames omitted
Caused by: org.hibernate.exception.ConstraintViolationException: could not execute statement
	at org.hibernate.exception.internal.SQLExceptionTypeDelegate.convert(SQLExceptionTypeDelegate.java:59) ~[hibernate-core-5.6.15.Final.jar:5.6.15.Final]
	at org.hibernate.exception.internal.StandardSQLExceptionConverter.convert(StandardSQLExceptionConverter.java:37) ~[hibernate-core-5.6.15.Final.jar:5.6.15.Final]
	at org.hibernate.engine.jdbc.spi.SqlExceptionHelper.convert(SqlExceptionHelper.java:113) ~[hibernate-core-5.6.15.Final.jar:5.6.15.Final]
	at org.hibernate.engine.jdbc.spi.SqlExceptionHelper.convert(SqlExceptionHelper.java:99) ~[hibernate-core-5.6.15.Final.jar:5.6.15.Final]
	at org.hibernate.engine.jdbc.internal.ResultSetReturnImpl.executeUpdate(ResultSetReturnImpl.java:200) ~[hibernate-core-5.6.15.Final.jar:5.6.15.Final]
	at org.hibernate.dialect.identity.GetGeneratedKeysDelegate.executeAndExtract(GetGeneratedKeysDelegate.java:58) ~[hibernate-core-5.6.15.Final.jar:5.6.15.Final]
	at org.hibernate.id.insert.AbstractReturningDelegate.performInsert(AbstractReturningDelegate.java:43) ~[hibernate-core-5.6.15.Final.jar:5.6.15.Final]
	at org.hibernate.persister.entity.AbstractEntityPersister.insert(AbstractEntityPersister.java:3279) ~[hibernate-core-5.6.15.Final.jar:5.6.15.Final]
	at org.hibernate.persister.entity.AbstractEntityPersister.insert(AbstractEntityPersister.java:3914) ~[hibernate-core-5.6.15.Final.jar:5.6.15.Final]
	at org.hibernate.action.internal.EntityIdentityInsertAction.execute(EntityIdentityInsertAction.java:84) ~[hibernate-core-5.6.15.Final.jar:5.6.15.Final]
	at org.hibernate.engine.spi.ActionQueue.execute(ActionQueue.java:645) ~[hibernate-core-5.6.15.Final.jar:5.6.15.Final]
	at org.hibernate.engine.spi.ActionQueue.addResolvedEntityInsertAction(ActionQueue.java:282) ~[hibernate-core-5.6.15.Final.jar:5.6.15.Final]
	at org.hibernate.engine.spi.ActionQueue.addInsertAction(ActionQueue.java:263) ~[hibernate-core-5.6.15.Final.jar:5.6.15.Final]
	at org.hibernate.engine.spi.ActionQueue.addAction(ActionQueue.java:317) ~[hibernate-core-5.6.15.Final.jar:5.6.15.Final]
	at org.hibernate.event.internal.AbstractSaveEventListener.addInsertAction(AbstractSaveEventListener.java:329) ~[hibernate-core-5.6.15.Final.jar:5.6.15.Final]
	at org.hibernate.event.internal.AbstractSaveEventListener.performSaveOrReplicate(AbstractSaveEventListener.java:286) ~[hibernate-core-5.6.15.Final.jar:5.6.15.Final]
	at org.hibernate.event.internal.AbstractSaveEventListener.performSave(AbstractSaveEventListener.java:192) ~[hibernate-core-5.6.15.Final.jar:5.6.15.Final]
	at org.hibernate.event.internal.AbstractSaveEventListener.saveWithGeneratedId(AbstractSaveEventListener.java:122) ~[hibernate-core-5.6.15.Final.jar:5.6.15.Final]
	at org.hibernate.event.internal.DefaultPersistEventListener.entityIsTransient(DefaultPersistEventListener.java:185) ~[hibernate-core-5.6.15.Final.jar:5.6.15.Final]
	at org.hibernate.event.internal.DefaultPersistEventListener.onPersist(DefaultPersistEventListener.java:128) ~[hibernate-core-5.6.15.Final.jar:5.6.15.Final]
	at org.hibernate.event.internal.DefaultPersistEventListener.onPersist(DefaultPersistEventListener.java:55) ~[hibernate-core-5.6.15.Final.jar:5.6.15.Final]
	at org.hibernate.event.service.internal.EventListenerGroupImpl.fireEventOnEachListener(EventListenerGroupImpl.java:107) ~[hibernate-core-5.6.15.Final.jar:5.6.15.Final]
	at org.hibernate.internal.SessionImpl.firePersist(SessionImpl.java:756) ~[hibernate-core-5.6.15.Final.jar:5.6.15.Final]
	at org.hibernate.internal.SessionImpl.persist(SessionImpl.java:742) ~[hibernate-core-5.6.15.Final.jar:5.6.15.Final]
	at java.base/jdk.internal.reflect.DirectMethodHandleAccessor.invoke(DirectMethodHandleAccessor.java:104) ~[na:na]
	at java.base/java.lang.reflect.Method.invoke(Method.java:578) ~[na:na]
	at org.springframework.orm.jpa.SharedEntityManagerCreator$SharedEntityManagerInvocationHandler.invoke(SharedEntityManagerCreator.java:315) ~[spring-orm-5.3.26.jar:5.3.26]
	at jdk.proxy2/jdk.proxy2.$Proxy111.persist(Unknown Source) ~[na:na]
	at org.springframework.data.jpa.repository.support.SimpleJpaRepository.save(SimpleJpaRepository.java:666) ~[spring-data-jpa-2.7.10.jar:2.7.10]
	at java.base/jdk.internal.reflect.DirectMethodHandleAccessor.invoke(DirectMethodHandleAccessor.java:104) ~[na:na]
	at java.base/java.lang.reflect.Method.invoke(Method.java:578) ~[na:na]
	at org.springframework.data.repository.core.support.RepositoryMethodInvoker$RepositoryFragmentMethodInvoker.lambda$new$0(RepositoryMethodInvoker.java:289) ~[spring-data-commons-2.7.10.jar:2.7.10]
	at org.springframework.data.repository.core.support.RepositoryMethodInvoker.doInvoke(RepositoryMethodInvoker.java:137) ~[spring-data-commons-2.7.10.jar:2.7.10]
	at org.springframework.data.repository.core.support.RepositoryMethodInvoker.invoke(RepositoryMethodInvoker.java:121) ~[spring-data-commons-2.7.10.jar:2.7.10]
	at org.springframework.data.repository.core.support.RepositoryComposition$RepositoryFragments.invoke(RepositoryComposition.java:530) ~[spring-data-commons-2.7.10.jar:2.7.10]
	at org.springframework.data.repository.core.support.RepositoryComposition.invoke(RepositoryComposition.java:286) ~[spring-data-commons-2.7.10.jar:2.7.10]
	at org.springframework.data.repository.core.support.RepositoryFactorySupport$ImplementationMethodExecutionInterceptor.invoke(RepositoryFactorySupport.java:640) ~[spring-data-commons-2.7.10.jar:2.7.10]
	at org.springframework.aop.framework.ReflectiveMethodInvocation.proceed(ReflectiveMethodInvocation.java:186) ~[spring-aop-5.3.26.jar:5.3.26]
	at org.springframework.data.repository.core.support.QueryExecutorMethodInterceptor.doInvoke(QueryExecutorMethodInterceptor.java:164) ~[spring-data-commons-2.7.10.jar:2.7.10]
	at org.springframework.data.repository.core.support.QueryExecutorMethodInterceptor.invoke(QueryExecutorMethodInterceptor.java:139) ~[spring-data-commons-2.7.10.jar:2.7.10]
	at org.springframework.aop.framework.ReflectiveMethodInvocation.proceed(ReflectiveMethodInvocation.java:186) ~[spring-aop-5.3.26.jar:5.3.26]
	at org.springframework.transaction.interceptor.TransactionInterceptor$1.proceedWithInvocation(TransactionInterceptor.java:123) ~[spring-tx-5.3.26.jar:5.3.26]
	at org.springframework.transaction.interceptor.TransactionAspectSupport.invokeWithinTransaction(TransactionAspectSupport.java:388) ~[spring-tx-5.3.26.jar:5.3.26]
	at org.springframework.transaction.interceptor.TransactionInterceptor.invoke(TransactionInterceptor.java:119) ~[spring-tx-5.3.26.jar:5.3.26]
	at org.springframework.aop.framework.ReflectiveMethodInvocation.proceed(ReflectiveMethodInvocation.java:186) ~[spring-aop-5.3.26.jar:5.3.26]
	at org.springframework.dao.support.PersistenceExceptionTranslationInterceptor.invoke(PersistenceExceptionTranslationInterceptor.java:137) ~[spring-tx-5.3.26.jar:5.3.26]
	... 69 common frames omitted
Caused by: org.h2.jdbc.JdbcSQLIntegrityConstraintViolationException: Unique index or primary key violation: "PUBLIC.UK_FWMWI44U55BO4RVWSV0CLN012_INDEX_8 ON PUBLIC.PERSON(EMAIL NULLS FIRST) VALUES ( /* 272 */ 'roselee.runte@hotmail.com' )"; SQL statement:
insert into person (id, date_of_birth, email, first_name, group_ref, last_name, password, website) values (default, ?, ?, ?, ?, ?, ?, ?) [23505-214]
	at org.h2.message.DbException.getJdbcSQLException(DbException.java:508) ~[h2-2.1.214.jar:2.1.214]
	at org.h2.message.DbException.getJdbcSQLException(DbException.java:477) ~[h2-2.1.214.jar:2.1.214]
	at org.h2.message.DbException.get(DbException.java:223) ~[h2-2.1.214.jar:2.1.214]
	at org.h2.message.DbException.get(DbException.java:199) ~[h2-2.1.214.jar:2.1.214]
	at org.h2.index.Index.getDuplicateKeyException(Index.java:525) ~[h2-2.1.214.jar:2.1.214]
	at org.h2.mvstore.db.MVSecondaryIndex.checkUnique(MVSecondaryIndex.java:223) ~[h2-2.1.214.jar:2.1.214]
	at org.h2.mvstore.db.MVSecondaryIndex.add(MVSecondaryIndex.java:184) ~[h2-2.1.214.jar:2.1.214]
	at org.h2.mvstore.db.MVTable.addRow(MVTable.java:519) ~[h2-2.1.214.jar:2.1.214]
	at org.h2.command.dml.Insert.insertRows(Insert.java:174) ~[h2-2.1.214.jar:2.1.214]
	at org.h2.command.dml.Insert.update(Insert.java:135) ~[h2-2.1.214.jar:2.1.214]
	at org.h2.command.CommandContainer.executeUpdateWithGeneratedKeys(CommandContainer.java:242) ~[h2-2.1.214.jar:2.1.214]
	at org.h2.command.CommandContainer.update(CommandContainer.java:163) ~[h2-2.1.214.jar:2.1.214]
	at org.h2.command.Command.executeUpdate(Command.java:252) ~[h2-2.1.214.jar:2.1.214]
	at org.h2.jdbc.JdbcPreparedStatement.executeUpdateInternal(JdbcPreparedStatement.java:209) ~[h2-2.1.214.jar:2.1.214]
	at org.h2.jdbc.JdbcPreparedStatement.executeUpdate(JdbcPreparedStatement.java:169) ~[h2-2.1.214.jar:2.1.214]
	at org.hibernate.engine.jdbc.internal.ResultSetReturnImpl.executeUpdate(ResultSetReturnImpl.java:197) ~[hibernate-core-5.6.15.Final.jar:5.6.15.Final]
	... 110 common frames omitted

2023-04-12 22:44:06.205  INFO 87919 --- [           main] j.LocalContainerEntityManagerFactoryBean : Closing JPA EntityManagerFactory for persistence unit 'default'
2023-04-12 22:44:06.205  INFO 87919 --- [           main] .SchemaDropperImpl$DelayedDropActionImpl : HHH000477: Starting delayed evictData of schema as part of SessionFactory shut-down'
Hibernate: drop table if exists group_table CASCADE 
Hibernate: drop table if exists person CASCADE 
2023-04-12 22:44:06.209  WARN 87919 --- [           main] o.s.test.context.TestContextManager      : Caught exception while invoking 'afterTestMethod' callback on TestExecutionListener [org.springframework.boot.test.autoconfigure.web.servlet.WebDriverTestExecutionListener@4c594877] for test method [public void com.example.demo.repository.PersonRepoTest.testFindByLastName()] and test instance [com.example.demo.repository.PersonRepoTest@528c9ffc]

java.lang.IllegalStateException: Failed to load ApplicationContext
	at org.springframework.test.context.cache.DefaultCacheAwareContextLoaderDelegate.loadContext(DefaultCacheAwareContextLoaderDelegate.java:98) ~[spring-test-5.3.26.jar:5.3.26]
	at org.springframework.test.context.support.DefaultTestContext.getApplicationContext(DefaultTestContext.java:124) ~[spring-test-5.3.26.jar:5.3.26]
	at org.springframework.boot.test.autoconfigure.web.servlet.WebDriverTestExecutionListener.afterTestMethod(WebDriverTestExecutionListener.java:41) ~[spring-boot-test-autoconfigure-2.7.10.jar:2.7.10]
	at org.springframework.test.context.TestContextManager.afterTestMethod(TestContextManager.java:445) ~[spring-test-5.3.26.jar:5.3.26]
	at org.springframework.test.context.junit.jupiter.SpringExtension.afterEach(SpringExtension.java:206) ~[spring-test-5.3.26.jar:5.3.26]
	at org.junit.jupiter.engine.descriptor.TestMethodTestDescriptor.lambda$invokeAfterEachCallbacks$12(TestMethodTestDescriptor.java:257) ~[junit-jupiter-engine-5.8.2.jar:5.8.2]
	at org.junit.jupiter.engine.descriptor.TestMethodTestDescriptor.lambda$invokeAllAfterMethodsOrCallbacks$13(TestMethodTestDescriptor.java:273) ~[junit-jupiter-engine-5.8.2.jar:5.8.2]
	at org.junit.platform.engine.support.hierarchical.ThrowableCollector.execute(ThrowableCollector.java:73) ~[junit-platform-engine-1.8.2.jar:1.8.2]
	at org.junit.jupiter.engine.descriptor.TestMethodTestDescriptor.lambda$invokeAllAfterMethodsOrCallbacks$14(TestMethodTestDescriptor.java:273) ~[junit-jupiter-engine-5.8.2.jar:5.8.2]
	at java.base/java.util.ArrayList.forEach(ArrayList.java:1511) ~[na:na]
	at org.junit.jupiter.engine.descriptor.TestMethodTestDescriptor.invokeAllAfterMethodsOrCallbacks(TestMethodTestDescriptor.java:272) ~[junit-jupiter-engine-5.8.2.jar:5.8.2]
	at org.junit.jupiter.engine.descriptor.TestMethodTestDescriptor.invokeAfterEachCallbacks(TestMethodTestDescriptor.java:256) ~[junit-jupiter-engine-5.8.2.jar:5.8.2]
	at org.junit.jupiter.engine.descriptor.TestMethodTestDescriptor.execute(TestMethodTestDescriptor.java:141) ~[junit-jupiter-engine-5.8.2.jar:5.8.2]
	at org.junit.jupiter.engine.descriptor.TestMethodTestDescriptor.execute(TestMethodTestDescriptor.java:66) ~[junit-jupiter-engine-5.8.2.jar:5.8.2]
	at org.junit.platform.engine.support.hierarchical.NodeTestTask.lambda$executeRecursively$6(NodeTestTask.java:151) ~[junit-platform-engine-1.8.2.jar:1.8.2]
	at org.junit.platform.engine.support.hierarchical.ThrowableCollector.execute(ThrowableCollector.java:73) ~[junit-platform-engine-1.8.2.jar:1.8.2]
	at org.junit.platform.engine.support.hierarchical.NodeTestTask.lambda$executeRecursively$8(NodeTestTask.java:141) ~[junit-platform-engine-1.8.2.jar:1.8.2]
	at org.junit.platform.engine.support.hierarchical.Node.around(Node.java:137) ~[junit-platform-engine-1.8.2.jar:1.8.2]
	at org.junit.platform.engine.support.hierarchical.NodeTestTask.lambda$executeRecursively$9(NodeTestTask.java:139) ~[junit-platform-engine-1.8.2.jar:1.8.2]
	at org.junit.platform.engine.support.hierarchical.ThrowableCollector.execute(ThrowableCollector.java:73) ~[junit-platform-engine-1.8.2.jar:1.8.2]
	at org.junit.platform.engine.support.hierarchical.NodeTestTask.executeRecursively(NodeTestTask.java:138) ~[junit-platform-engine-1.8.2.jar:1.8.2]
	at org.junit.platform.engine.support.hierarchical.NodeTestTask.execute(NodeTestTask.java:95) ~[junit-platform-engine-1.8.2.jar:1.8.2]
	at java.base/java.util.ArrayList.forEach(ArrayList.java:1511) ~[na:na]
	at org.junit.platform.engine.support.hierarchical.SameThreadHierarchicalTestExecutorService.invokeAll(SameThreadHierarchicalTestExecutorService.java:41) ~[junit-platform-engine-1.8.2.jar:1.8.2]
	at org.junit.platform.engine.support.hierarchical.NodeTestTask.lambda$executeRecursively$6(NodeTestTask.java:155) ~[junit-platform-engine-1.8.2.jar:1.8.2]
	at org.junit.platform.engine.support.hierarchical.ThrowableCollector.execute(ThrowableCollector.java:73) ~[junit-platform-engine-1.8.2.jar:1.8.2]
	at org.junit.platform.engine.support.hierarchical.NodeTestTask.lambda$executeRecursively$8(NodeTestTask.java:141) ~[junit-platform-engine-1.8.2.jar:1.8.2]
	at org.junit.platform.engine.support.hierarchical.Node.around(Node.java:137) ~[junit-platform-engine-1.8.2.jar:1.8.2]
	at org.junit.platform.engine.support.hierarchical.NodeTestTask.lambda$executeRecursively$9(NodeTestTask.java:139) ~[junit-platform-engine-1.8.2.jar:1.8.2]
	at org.junit.platform.engine.support.hierarchical.ThrowableCollector.execute(ThrowableCollector.java:73) ~[junit-platform-engine-1.8.2.jar:1.8.2]
	at org.junit.platform.engine.support.hierarchical.NodeTestTask.executeRecursively(NodeTestTask.java:138) ~[junit-platform-engine-1.8.2.jar:1.8.2]
	at org.junit.platform.engine.support.hierarchical.NodeTestTask.execute(NodeTestTask.java:95) ~[junit-platform-engine-1.8.2.jar:1.8.2]
	at java.base/java.util.ArrayList.forEach(ArrayList.java:1511) ~[na:na]
	at org.junit.platform.engine.support.hierarchical.SameThreadHierarchicalTestExecutorService.invokeAll(SameThreadHierarchicalTestExecutorService.java:41) ~[junit-platform-engine-1.8.2.jar:1.8.2]
	at org.junit.platform.engine.support.hierarchical.NodeTestTask.lambda$executeRecursively$6(NodeTestTask.java:155) ~[junit-platform-engine-1.8.2.jar:1.8.2]
	at org.junit.platform.engine.support.hierarchical.ThrowableCollector.execute(ThrowableCollector.java:73) ~[junit-platform-engine-1.8.2.jar:1.8.2]
	at org.junit.platform.engine.support.hierarchical.NodeTestTask.lambda$executeRecursively$8(NodeTestTask.java:141) ~[junit-platform-engine-1.8.2.jar:1.8.2]
	at org.junit.platform.engine.support.hierarchical.Node.around(Node.java:137) ~[junit-platform-engine-1.8.2.jar:1.8.2]
	at org.junit.platform.engine.support.hierarchical.NodeTestTask.lambda$executeRecursively$9(NodeTestTask.java:139) ~[junit-platform-engine-1.8.2.jar:1.8.2]
	at org.junit.platform.engine.support.hierarchical.ThrowableCollector.execute(ThrowableCollector.java:73) ~[junit-platform-engine-1.8.2.jar:1.8.2]
	at org.junit.platform.engine.support.hierarchical.NodeTestTask.executeRecursively(NodeTestTask.java:138) ~[junit-platform-engine-1.8.2.jar:1.8.2]
	at org.junit.platform.engine.support.hierarchical.NodeTestTask.execute(NodeTestTask.java:95) ~[junit-platform-engine-1.8.2.jar:1.8.2]
	at org.junit.platform.engine.support.hierarchical.SameThreadHierarchicalTestExecutorService.submit(SameThreadHierarchicalTestExecutorService.java:35) ~[junit-platform-engine-1.8.2.jar:1.8.2]
	at org.junit.platform.engine.support.hierarchical.HierarchicalTestExecutor.execute(HierarchicalTestExecutor.java:57) ~[junit-platform-engine-1.8.2.jar:1.8.2]
	at org.junit.platform.engine.support.hierarchical.HierarchicalTestEngine.execute(HierarchicalTestEngine.java:54) ~[junit-platform-engine-1.8.2.jar:1.8.2]
	at org.junit.platform.launcher.core.DefaultLauncher.execute(DefaultLauncher.java:220) ~[junit-platform-launcher-1.3.1.jar:1.3.1]
	at org.junit.platform.launcher.core.DefaultLauncher.lambda$execute$6(DefaultLauncher.java:188) ~[junit-platform-launcher-1.3.1.jar:1.3.1]
	at org.junit.platform.launcher.core.DefaultLauncher.withInterceptedStreams(DefaultLauncher.java:202) ~[junit-platform-launcher-1.3.1.jar:1.3.1]
	at org.junit.platform.launcher.core.DefaultLauncher.execute(DefaultLauncher.java:181) ~[junit-platform-launcher-1.3.1.jar:1.3.1]
	at org.junit.platform.launcher.core.DefaultLauncher.execute(DefaultLauncher.java:128) ~[junit-platform-launcher-1.3.1.jar:1.3.1]
	at org.apache.maven.surefire.junitplatform.JUnitPlatformProvider.invokeAllTests(JUnitPlatformProvider.java:150) ~[surefire-junit-platform-2.22.2.jar:2.22.2]
	at org.apache.maven.surefire.junitplatform.JUnitPlatformProvider.invoke(JUnitPlatformProvider.java:124) ~[surefire-junit-platform-2.22.2.jar:2.22.2]
	at org.apache.maven.surefire.booter.ForkedBooter.invokeProviderInSameClassLoader(ForkedBooter.java:384) ~[surefire-booter-2.22.2.jar:2.22.2]
	at org.apache.maven.surefire.booter.ForkedBooter.runSuitesInProcess(ForkedBooter.java:345) ~[surefire-booter-2.22.2.jar:2.22.2]
	at org.apache.maven.surefire.booter.ForkedBooter.execute(ForkedBooter.java:126) ~[surefire-booter-2.22.2.jar:2.22.2]
	at org.apache.maven.surefire.booter.ForkedBooter.main(ForkedBooter.java:418) ~[surefire-booter-2.22.2.jar:2.22.2]
Caused by: java.lang.IllegalStateException: Failed to execute CommandLineRunner
	at org.springframework.boot.SpringApplication.callRunner(SpringApplication.java:771) ~[spring-boot-2.7.10.jar:2.7.10]
	at org.springframework.boot.SpringApplication.callRunners(SpringApplication.java:752) ~[spring-boot-2.7.10.jar:2.7.10]
	at org.springframework.boot.SpringApplication.run(SpringApplication.java:314) ~[spring-boot-2.7.10.jar:2.7.10]
	at org.springframework.boot.test.context.SpringBootContextLoader.loadContext(SpringBootContextLoader.java:136) ~[spring-boot-test-2.7.10.jar:2.7.10]
	at org.springframework.test.context.cache.DefaultCacheAwareContextLoaderDelegate.loadContextInternal(DefaultCacheAwareContextLoaderDelegate.java:141) ~[spring-test-5.3.26.jar:5.3.26]
	at org.springframework.test.context.cache.DefaultCacheAwareContextLoaderDelegate.loadContext(DefaultCacheAwareContextLoaderDelegate.java:90) ~[spring-test-5.3.26.jar:5.3.26]
	... 55 common frames omitted
Caused by: org.springframework.dao.DataIntegrityViolationException: could not execute statement; SQL [n/a]; constraint ["PUBLIC.UK_FWMWI44U55BO4RVWSV0CLN012_INDEX_8 ON PUBLIC.PERSON(EMAIL NULLS FIRST) VALUES ( /* 272 */ 'roselee.runte@hotmail.com' )"; SQL statement:
insert into person (id, date_of_birth, email, first_name, group_ref, last_name, password, website) values (default, ?, ?, ?, ?, ?, ?, ?) [23505-214]]; nested exception is org.hibernate.exception.ConstraintViolationException: could not execute statement
	at org.springframework.orm.jpa.vendor.HibernateJpaDialect.convertHibernateAccessException(HibernateJpaDialect.java:276) ~[spring-orm-5.3.26.jar:5.3.26]
	at org.springframework.orm.jpa.vendor.HibernateJpaDialect.translateExceptionIfPossible(HibernateJpaDialect.java:233) ~[spring-orm-5.3.26.jar:5.3.26]
	at org.springframework.orm.jpa.AbstractEntityManagerFactoryBean.translateExceptionIfPossible(AbstractEntityManagerFactoryBean.java:551) ~[spring-orm-5.3.26.jar:5.3.26]
	at org.springframework.dao.support.ChainedPersistenceExceptionTranslator.translateExceptionIfPossible(ChainedPersistenceExceptionTranslator.java:61) ~[spring-tx-5.3.26.jar:5.3.26]
	at org.springframework.dao.support.DataAccessUtils.translateIfNecessary(DataAccessUtils.java:242) ~[spring-tx-5.3.26.jar:5.3.26]
	at org.springframework.dao.support.PersistenceExceptionTranslationInterceptor.invoke(PersistenceExceptionTranslationInterceptor.java:152) ~[spring-tx-5.3.26.jar:5.3.26]
	at org.springframework.aop.framework.ReflectiveMethodInvocation.proceed(ReflectiveMethodInvocation.java:186) ~[spring-aop-5.3.26.jar:5.3.26]
	at org.springframework.data.jpa.repository.support.CrudMethodMetadataPostProcessor$CrudMethodMetadataPopulatingMethodInterceptor.invoke(CrudMethodMetadataPostProcessor.java:174) ~[spring-data-jpa-2.7.10.jar:2.7.10]
	at org.springframework.aop.framework.ReflectiveMethodInvocation.proceed(ReflectiveMethodInvocation.java:186) ~[spring-aop-5.3.26.jar:5.3.26]
	at org.springframework.aop.interceptor.ExposeInvocationInterceptor.invoke(ExposeInvocationInterceptor.java:97) ~[spring-aop-5.3.26.jar:5.3.26]
	at org.springframework.aop.framework.ReflectiveMethodInvocation.proceed(ReflectiveMethodInvocation.java:186) ~[spring-aop-5.3.26.jar:5.3.26]
	at org.springframework.aop.framework.JdkDynamicAopProxy.invoke(JdkDynamicAopProxy.java:215) ~[spring-aop-5.3.26.jar:5.3.26]
	at jdk.proxy2/jdk.proxy2.$Proxy115.save(Unknown Source) ~[na:na]
	at com.example.demo.DemoApplication.lambda$commandLineRunner$0(DemoApplication.java:60) ~[classes/:na]
	at org.springframework.boot.SpringApplication.callRunner(SpringApplication.java:768) ~[spring-boot-2.7.10.jar:2.7.10]
	... 60 common frames omitted
Caused by: org.hibernate.exception.ConstraintViolationException: could not execute statement
	at org.hibernate.exception.internal.SQLExceptionTypeDelegate.convert(SQLExceptionTypeDelegate.java:59) ~[hibernate-core-5.6.15.Final.jar:5.6.15.Final]
	at org.hibernate.exception.internal.StandardSQLExceptionConverter.convert(StandardSQLExceptionConverter.java:37) ~[hibernate-core-5.6.15.Final.jar:5.6.15.Final]
	at org.hibernate.engine.jdbc.spi.SqlExceptionHelper.convert(SqlExceptionHelper.java:113) ~[hibernate-core-5.6.15.Final.jar:5.6.15.Final]
	at org.hibernate.engine.jdbc.spi.SqlExceptionHelper.convert(SqlExceptionHelper.java:99) ~[hibernate-core-5.6.15.Final.jar:5.6.15.Final]
	at org.hibernate.engine.jdbc.internal.ResultSetReturnImpl.executeUpdate(ResultSetReturnImpl.java:200) ~[hibernate-core-5.6.15.Final.jar:5.6.15.Final]
	at org.hibernate.dialect.identity.GetGeneratedKeysDelegate.executeAndExtract(GetGeneratedKeysDelegate.java:58) ~[hibernate-core-5.6.15.Final.jar:5.6.15.Final]
	at org.hibernate.id.insert.AbstractReturningDelegate.performInsert(AbstractReturningDelegate.java:43) ~[hibernate-core-5.6.15.Final.jar:5.6.15.Final]
	at org.hibernate.persister.entity.AbstractEntityPersister.insert(AbstractEntityPersister.java:3279) ~[hibernate-core-5.6.15.Final.jar:5.6.15.Final]
	at org.hibernate.persister.entity.AbstractEntityPersister.insert(AbstractEntityPersister.java:3914) ~[hibernate-core-5.6.15.Final.jar:5.6.15.Final]
	at org.hibernate.action.internal.EntityIdentityInsertAction.execute(EntityIdentityInsertAction.java:84) ~[hibernate-core-5.6.15.Final.jar:5.6.15.Final]
	at org.hibernate.engine.spi.ActionQueue.execute(ActionQueue.java:645) ~[hibernate-core-5.6.15.Final.jar:5.6.15.Final]
	at org.hibernate.engine.spi.ActionQueue.addResolvedEntityInsertAction(ActionQueue.java:282) ~[hibernate-core-5.6.15.Final.jar:5.6.15.Final]
	at org.hibernate.engine.spi.ActionQueue.addInsertAction(ActionQueue.java:263) ~[hibernate-core-5.6.15.Final.jar:5.6.15.Final]
	at org.hibernate.engine.spi.ActionQueue.addAction(ActionQueue.java:317) ~[hibernate-core-5.6.15.Final.jar:5.6.15.Final]
	at org.hibernate.event.internal.AbstractSaveEventListener.addInsertAction(AbstractSaveEventListener.java:329) ~[hibernate-core-5.6.15.Final.jar:5.6.15.Final]
	at org.hibernate.event.internal.AbstractSaveEventListener.performSaveOrReplicate(AbstractSaveEventListener.java:286) ~[hibernate-core-5.6.15.Final.jar:5.6.15.Final]
	at org.hibernate.event.internal.AbstractSaveEventListener.performSave(AbstractSaveEventListener.java:192) ~[hibernate-core-5.6.15.Final.jar:5.6.15.Final]
	at org.hibernate.event.internal.AbstractSaveEventListener.saveWithGeneratedId(AbstractSaveEventListener.java:122) ~[hibernate-core-5.6.15.Final.jar:5.6.15.Final]
	at org.hibernate.event.internal.DefaultPersistEventListener.entityIsTransient(DefaultPersistEventListener.java:185) ~[hibernate-core-5.6.15.Final.jar:5.6.15.Final]
	at org.hibernate.event.internal.DefaultPersistEventListener.onPersist(DefaultPersistEventListener.java:128) ~[hibernate-core-5.6.15.Final.jar:5.6.15.Final]
	at org.hibernate.event.internal.DefaultPersistEventListener.onPersist(DefaultPersistEventListener.java:55) ~[hibernate-core-5.6.15.Final.jar:5.6.15.Final]
	at org.hibernate.event.service.internal.EventListenerGroupImpl.fireEventOnEachListener(EventListenerGroupImpl.java:107) ~[hibernate-core-5.6.15.Final.jar:5.6.15.Final]
	at org.hibernate.internal.SessionImpl.firePersist(SessionImpl.java:756) ~[hibernate-core-5.6.15.Final.jar:5.6.15.Final]
	at org.hibernate.internal.SessionImpl.persist(SessionImpl.java:742) ~[hibernate-core-5.6.15.Final.jar:5.6.15.Final]
	at java.base/jdk.internal.reflect.DirectMethodHandleAccessor.invoke(DirectMethodHandleAccessor.java:104) ~[na:na]
	at java.base/java.lang.reflect.Method.invoke(Method.java:578) ~[na:na]
	at org.springframework.orm.jpa.SharedEntityManagerCreator$SharedEntityManagerInvocationHandler.invoke(SharedEntityManagerCreator.java:315) ~[spring-orm-5.3.26.jar:5.3.26]
	at jdk.proxy2/jdk.proxy2.$Proxy111.persist(Unknown Source) ~[na:na]
	at org.springframework.data.jpa.repository.support.SimpleJpaRepository.save(SimpleJpaRepository.java:666) ~[spring-data-jpa-2.7.10.jar:2.7.10]
	at java.base/jdk.internal.reflect.DirectMethodHandleAccessor.invoke(DirectMethodHandleAccessor.java:104) ~[na:na]
	at java.base/java.lang.reflect.Method.invoke(Method.java:578) ~[na:na]
	at org.springframework.data.repository.core.support.RepositoryMethodInvoker$RepositoryFragmentMethodInvoker.lambda$new$0(RepositoryMethodInvoker.java:289) ~[spring-data-commons-2.7.10.jar:2.7.10]
	at org.springframework.data.repository.core.support.RepositoryMethodInvoker.doInvoke(RepositoryMethodInvoker.java:137) ~[spring-data-commons-2.7.10.jar:2.7.10]
	at org.springframework.data.repository.core.support.RepositoryMethodInvoker.invoke(RepositoryMethodInvoker.java:121) ~[spring-data-commons-2.7.10.jar:2.7.10]
	at org.springframework.data.repository.core.support.RepositoryComposition$RepositoryFragments.invoke(RepositoryComposition.java:530) ~[spring-data-commons-2.7.10.jar:2.7.10]
	at org.springframework.data.repository.core.support.RepositoryComposition.invoke(RepositoryComposition.java:286) ~[spring-data-commons-2.7.10.jar:2.7.10]
	at org.springframework.data.repository.core.support.RepositoryFactorySupport$ImplementationMethodExecutionInterceptor.invoke(RepositoryFactorySupport.java:640) ~[spring-data-commons-2.7.10.jar:2.7.10]
	at org.springframework.aop.framework.ReflectiveMethodInvocation.proceed(ReflectiveMethodInvocation.java:186) ~[spring-aop-5.3.26.jar:5.3.26]
	at org.springframework.data.repository.core.support.QueryExecutorMethodInterceptor.doInvoke(QueryExecutorMethodInterceptor.java:164) ~[spring-data-commons-2.7.10.jar:2.7.10]
	at org.springframework.data.repository.core.support.QueryExecutorMethodInterceptor.invoke(QueryExecutorMethodInterceptor.java:139) ~[spring-data-commons-2.7.10.jar:2.7.10]
	at org.springframework.aop.framework.ReflectiveMethodInvocation.proceed(ReflectiveMethodInvocation.java:186) ~[spring-aop-5.3.26.jar:5.3.26]
	at org.springframework.transaction.interceptor.TransactionInterceptor$1.proceedWithInvocation(TransactionInterceptor.java:123) ~[spring-tx-5.3.26.jar:5.3.26]
	at org.springframework.transaction.interceptor.TransactionAspectSupport.invokeWithinTransaction(TransactionAspectSupport.java:388) ~[spring-tx-5.3.26.jar:5.3.26]
	at org.springframework.transaction.interceptor.TransactionInterceptor.invoke(TransactionInterceptor.java:119) ~[spring-tx-5.3.26.jar:5.3.26]
	at org.springframework.aop.framework.ReflectiveMethodInvocation.proceed(ReflectiveMethodInvocation.java:186) ~[spring-aop-5.3.26.jar:5.3.26]
	at org.springframework.dao.support.PersistenceExceptionTranslationInterceptor.invoke(PersistenceExceptionTranslationInterceptor.java:137) ~[spring-tx-5.3.26.jar:5.3.26]
	... 69 common frames omitted
Caused by: org.h2.jdbc.JdbcSQLIntegrityConstraintViolationException: Unique index or primary key violation: "PUBLIC.UK_FWMWI44U55BO4RVWSV0CLN012_INDEX_8 ON PUBLIC.PERSON(EMAIL NULLS FIRST) VALUES ( /* 272 */ 'roselee.runte@hotmail.com' )"; SQL statement:
insert into person (id, date_of_birth, email, first_name, group_ref, last_name, password, website) values (default, ?, ?, ?, ?, ?, ?, ?) [23505-214]
	at org.h2.message.DbException.getJdbcSQLException(DbException.java:508) ~[h2-2.1.214.jar:2.1.214]
	at org.h2.message.DbException.getJdbcSQLException(DbException.java:477) ~[h2-2.1.214.jar:2.1.214]
	at org.h2.message.DbException.get(DbException.java:223) ~[h2-2.1.214.jar:2.1.214]
	at org.h2.message.DbException.get(DbException.java:199) ~[h2-2.1.214.jar:2.1.214]
	at org.h2.index.Index.getDuplicateKeyException(Index.java:525) ~[h2-2.1.214.jar:2.1.214]
	at org.h2.mvstore.db.MVSecondaryIndex.checkUnique(MVSecondaryIndex.java:223) ~[h2-2.1.214.jar:2.1.214]
	at org.h2.mvstore.db.MVSecondaryIndex.add(MVSecondaryIndex.java:184) ~[h2-2.1.214.jar:2.1.214]
	at org.h2.mvstore.db.MVTable.addRow(MVTable.java:519) ~[h2-2.1.214.jar:2.1.214]
	at org.h2.command.dml.Insert.insertRows(Insert.java:174) ~[h2-2.1.214.jar:2.1.214]
	at org.h2.command.dml.Insert.update(Insert.java:135) ~[h2-2.1.214.jar:2.1.214]
	at org.h2.command.CommandContainer.executeUpdateWithGeneratedKeys(CommandContainer.java:242) ~[h2-2.1.214.jar:2.1.214]
	at org.h2.command.CommandContainer.update(CommandContainer.java:163) ~[h2-2.1.214.jar:2.1.214]
	at org.h2.command.Command.executeUpdate(Command.java:252) ~[h2-2.1.214.jar:2.1.214]
	at org.h2.jdbc.JdbcPreparedStatement.executeUpdateInternal(JdbcPreparedStatement.java:209) ~[h2-2.1.214.jar:2.1.214]
	at org.h2.jdbc.JdbcPreparedStatement.executeUpdate(JdbcPreparedStatement.java:169) ~[h2-2.1.214.jar:2.1.214]
	at org.hibernate.engine.jdbc.internal.ResultSetReturnImpl.executeUpdate(ResultSetReturnImpl.java:197) ~[hibernate-core-5.6.15.Final.jar:5.6.15.Final]
	... 110 common frames omitted


  .   ____          _            __ _ _
 /\\ / ___'_ __ _ _(_)_ __  __ _ \ \ \ \
( ( )\___ | '_ | '_| | '_ \/ _` | \ \ \ \
 \\/  ___)| |_)| | | | | || (_| |  ) ) ) )
  '  |____| .__|_| |_|_| |_\__, | / / / /
 =========|_|==============|___/=/_/_/_/
 :: Spring Boot ::               (v2.7.10)

2023-04-12 22:44:06.231  INFO 87919 --- [           main] c.e.demo.repository.PersonRepoTest       : Starting PersonRepoTest using Java 19.0.2 on MacBook-Air-de-Walid.local with PID 87919 (started by walidaddouche in /Users/walidaddouche/Downloads/demo 2)
2023-04-12 22:44:06.232  INFO 87919 --- [           main] c.e.demo.repository.PersonRepoTest       : No active profile set, falling back to 1 default profile: "default"
2023-04-12 22:44:06.309  INFO 87919 --- [           main] .s.d.r.c.RepositoryConfigurationDelegate : Bootstrapping Spring Data JPA repositories in DEFAULT mode.
2023-04-12 22:44:06.314  INFO 87919 --- [           main] .s.d.r.c.RepositoryConfigurationDelegate : Finished Spring Data repository scanning in 4 ms. Found 2 JPA repository interfaces.
2023-04-12 22:44:06.319  INFO 87919 --- [           main] beddedDataSourceBeanFactoryPostProcessor : Replacing 'dataSource' DataSource bean with embedded version
2023-04-12 22:44:06.337  INFO 87919 --- [           main] o.s.j.d.e.EmbeddedDatabaseFactory        : Starting embedded database: url='jdbc:h2:mem:3e5d3bee-0735-48b1-a2bc-b97c69358e11;DB_CLOSE_DELAY=-1;DB_CLOSE_ON_EXIT=false', username='sa'
2023-04-12 22:44:06.363  INFO 87919 --- [           main] o.hibernate.jpa.internal.util.LogHelper  : HHH000204: Processing PersistenceUnitInfo [name: default]
2023-04-12 22:44:06.369  INFO 87919 --- [           main] org.hibernate.dialect.Dialect            : HHH000400: Using dialect: org.hibernate.dialect.H2Dialect
Hibernate: drop table if exists group_table CASCADE 
Hibernate: drop table if exists person CASCADE 
Hibernate: create table group_table (id bigint generated by default as identity, name varchar(255), primary key (id))
Hibernate: create table person (id bigint generated by default as identity, date_of_birth date, email varchar(255) not null, first_name varchar(255), last_name varchar(255), password varchar(255) not null, website varchar(255), group_ref bigint, primary key (id))
Hibernate: alter table person add constraint UK_fwmwi44u55bo4rvwsv0cln012 unique (email)
Hibernate: alter table person add constraint FKpcniehyk2d7hvfd403i27htix foreign key (group_ref) references group_table
2023-04-12 22:44:06.401  INFO 87919 --- [           main] o.h.e.t.j.p.i.JtaPlatformInitiator       : HHH000490: Using JtaPlatform implementation: [org.hibernate.engine.transaction.jta.platform.internal.NoJtaPlatform]
2023-04-12 22:44:06.403  INFO 87919 --- [           main] j.LocalContainerEntityManagerFactoryBean : Initialized JPA EntityManagerFactory for persistence unit 'default'
2023-04-12 22:44:06.487  INFO 87919 --- [           main] c.e.demo.repository.PersonRepoTest       : Started PersonRepoTest in 0.277 seconds (JVM running for 5.344)
Hibernate: insert into group_table (id, name) values (default, ?)
Hibernate: insert into group_table (id, name) values (default, ?)
Hibernate: insert into group_table (id, name) values (default, ?)
Hibernate: insert into group_table (id, name) values (default, ?)
Hibernate: insert into group_table (id, name) values (default, ?)
Hibernate: insert into group_table (id, name) values (default, ?)
Hibernate: insert into group_table (id, name) values (default, ?)
Hibernate: insert into group_table (id, name) values (default, ?)
Hibernate: insert into group_table (id, name) values (default, ?)
Hibernate: insert into group_table (id, name) values (default, ?)
Hibernate: insert into group_table (id, name) values (default, ?)
Hibernate: insert into group_table (id, name) values (default, ?)
Hibernate: insert into group_table (id, name) values (default, ?)
Hibernate: insert into group_table (id, name) values (default, ?)
Hibernate: insert into group_table (id, name) values (default, ?)
Hibernate: insert into group_table (id, name) values (default, ?)
Hibernate: insert into group_table (id, name) values (default, ?)
Hibernate: insert into group_table (id, name) values (default, ?)
Hibernate: insert into group_table (id, name) values (default, ?)
Hibernate: insert into group_table (id, name) values (default, ?)
Hibernate: insert into group_table (id, name) values (default, ?)
Hibernate: insert into group_table (id, name) values (default, ?)
Hibernate: insert into group_table (id, name) values (default, ?)
Hibernate: insert into group_table (id, name) values (default, ?)
Hibernate: insert into group_table (id, name) values (default, ?)
Hibernate: insert into group_table (id, name) values (default, ?)
Hibernate: insert into group_table (id, name) values (default, ?)
Hibernate: insert into group_table (id, name) values (default, ?)
Hibernate: insert into group_table (id, name) values (default, ?)
Hibernate: insert into group_table (id, name) values (default, ?)
Hibernate: insert into group_table (id, name) values (default, ?)
Hibernate: insert into group_table (id, name) values (default, ?)
Hibernate: insert into group_table (id, name) values (default, ?)
Hibernate: insert into group_table (id, name) values (default, ?)
Hibernate: insert into group_table (id, name) values (default, ?)
Hibernate: insert into group_table (id, name) values (default, ?)
Hibernate: insert into group_table (id, name) values (default, ?)
Hibernate: insert into group_table (id, name) values (default, ?)
Hibernate: insert into group_table (id, name) values (default, ?)
Hibernate: insert into group_table (id, name) values (default, ?)
Hibernate: insert into group_table (id, name) values (default, ?)
Hibernate: insert into group_table (id, name) values (default, ?)
Hibernate: insert into group_table (id, name) values (default, ?)
Hibernate: insert into group_table (id, name) values (default, ?)
Hibernate: insert into group_table (id, name) values (default, ?)
Hibernate: insert into group_table (id, name) values (default, ?)
Hibernate: insert into group_table (id, name) values (default, ?)
Hibernate: insert into group_table (id, name) values (default, ?)
Hibernate: insert into group_table (id, name) values (default, ?)
Hibernate: insert into group_table (id, name) values (default, ?)
Hibernate: insert into group_table (id, name) values (default, ?)
Hibernate: insert into group_table (id, name) values (default, ?)
Hibernate: insert into group_table (id, name) values (default, ?)
Hibernate: insert into group_table (id, name) values (default, ?)
Hibernate: insert into group_table (id, name) values (default, ?)
Hibernate: insert into group_table (id, name) values (default, ?)
Hibernate: insert into group_table (id, name) values (default, ?)
Hibernate: insert into group_table (id, name) values (default, ?)
Hibernate: insert into group_table (id, name) values (default, ?)
Hibernate: insert into group_table (id, name) values (default, ?)
Hibernate: insert into group_table (id, name) values (default, ?)
Hibernate: insert into group_table (id, name) values (default, ?)
Hibernate: insert into group_table (id, name) values (default, ?)
Hibernate: insert into group_table (id, name) values (default, ?)
Hibernate: insert into group_table (id, name) values (default, ?)
Hibernate: insert into group_table (id, name) values (default, ?)
Hibernate: insert into group_table (id, name) values (default, ?)
Hibernate: insert into group_table (id, name) values (default, ?)
Hibernate: insert into group_table (id, name) values (default, ?)
Hibernate: insert into group_table (id, name) values (default, ?)
Hibernate: insert into group_table (id, name) values (default, ?)
Hibernate: insert into group_table (id, name) values (default, ?)
Hibernate: insert into group_table (id, name) values (default, ?)
Hibernate: insert into group_table (id, name) values (default, ?)
Hibernate: insert into group_table (id, name) values (default, ?)
Hibernate: insert into group_table (id, name) values (default, ?)
Hibernate: insert into group_table (id, name) values (default, ?)
Hibernate: insert into group_table (id, name) values (default, ?)
Hibernate: insert into group_table (id, name) values (default, ?)
Hibernate: insert into group_table (id, name) values (default, ?)
Hibernate: insert into group_table (id, name) values (default, ?)
Hibernate: insert into group_table (id, name) values (default, ?)
Hibernate: insert into group_table (id, name) values (default, ?)
Hibernate: insert into group_table (id, name) values (default, ?)
Hibernate: insert into group_table (id, name) values (default, ?)
Hibernate: insert into group_table (id, name) values (default, ?)
Hibernate: insert into group_table (id, name) values (default, ?)
Hibernate: insert into group_table (id, name) values (default, ?)
Hibernate: insert into group_table (id, name) values (default, ?)
Hibernate: insert into group_table (id, name) values (default, ?)
Hibernate: insert into group_table (id, name) values (default, ?)
Hibernate: insert into group_table (id, name) values (default, ?)
Hibernate: insert into group_table (id, name) values (default, ?)
Hibernate: insert into group_table (id, name) values (default, ?)
Hibernate: insert into group_table (id, name) values (default, ?)
Hibernate: insert into group_table (id, name) values (default, ?)
Hibernate: insert into group_table (id, name) values (default, ?)
Hibernate: insert into group_table (id, name) values (default, ?)
Hibernate: insert into group_table (id, name) values (default, ?)
Hibernate: insert into group_table (id, name) values (default, ?)
Hibernate: insert into group_table (id, name) values (default, ?)
Hibernate: insert into group_table (id, name) values (default, ?)
Hibernate: insert into group_table (id, name) values (default, ?)
Hibernate: insert into group_table (id, name) values (default, ?)
Hibernate: insert into group_table (id, name) values (default, ?)
Hibernate: insert into group_table (id, name) values (default, ?)
Hibernate: insert into group_table (id, name) values (default, ?)
Hibernate: insert into group_table (id, name) values (default, ?)
Hibernate: insert into group_table (id, name) values (default, ?)
Hibernate: insert into group_table (id, name) values (default, ?)
Hibernate: insert into group_table (id, name) values (default, ?)
Hibernate: insert into group_table (id, name) values (default, ?)
Hibernate: insert into group_table (id, name) values (default, ?)
Hibernate: insert into group_table (id, name) values (default, ?)
Hibernate: insert into group_table (id, name) values (default, ?)
Hibernate: insert into group_table (id, name) values (default, ?)
Hibernate: insert into group_table (id, name) values (default, ?)
Hibernate: insert into group_table (id, name) values (default, ?)
Hibernate: insert into group_table (id, name) values (default, ?)
Hibernate: insert into group_table (id, name) values (default, ?)
Hibernate: insert into group_table (id, name) values (default, ?)
Hibernate: insert into group_table (id, name) values (default, ?)
Hibernate: insert into group_table (id, name) values (default, ?)
Hibernate: insert into group_table (id, name) values (default, ?)
Hibernate: insert into group_table (id, name) values (default, ?)
Hibernate: insert into group_table (id, name) values (default, ?)
Hibernate: insert into group_table (id, name) values (default, ?)
Hibernate: insert into group_table (id, name) values (default, ?)
Hibernate: insert into group_table (id, name) values (default, ?)
Hibernate: insert into group_table (id, name) values (default, ?)
Hibernate: insert into group_table (id, name) values (default, ?)
Hibernate: insert into group_table (id, name) values (default, ?)
Hibernate: insert into group_table (id, name) values (default, ?)
Hibernate: insert into group_table (id, name) values (default, ?)
Hibernate: insert into group_table (id, name) values (default, ?)
Hibernate: insert into group_table (id, name) values (default, ?)
Hibernate: insert into group_table (id, name) values (default, ?)
Hibernate: insert into group_table (id, name) values (default, ?)
Hibernate: insert into group_table (id, name) values (default, ?)
Hibernate: insert into group_table (id, name) values (default, ?)
Hibernate: insert into group_table (id, name) values (default, ?)
Hibernate: insert into group_table (id, name) values (default, ?)
Hibernate: insert into group_table (id, name) values (default, ?)
Hibernate: insert into group_table (id, name) values (default, ?)
Hibernate: insert into group_table (id, name) values (default, ?)
Hibernate: insert into group_table (id, name) values (default, ?)
Hibernate: insert into group_table (id, name) values (default, ?)
Hibernate: insert into group_table (id, name) values (default, ?)
Hibernate: insert into group_table (id, name) values (default, ?)
Hibernate: insert into group_table (id, name) values (default, ?)
Hibernate: insert into group_table (id, name) values (default, ?)
Hibernate: insert into group_table (id, name) values (default, ?)
Hibernate: insert into group_table (id, name) values (default, ?)
Hibernate: insert into group_table (id, name) values (default, ?)
Hibernate: insert into group_table (id, name) values (default, ?)
Hibernate: insert into group_table (id, name) values (default, ?)
Hibernate: insert into group_table (id, name) values (default, ?)
Hibernate: insert into group_table (id, name) values (default, ?)
Hibernate: insert into group_table (id, name) values (default, ?)
Hibernate: insert into group_table (id, name) values (default, ?)
Hibernate: insert into group_table (id, name) values (default, ?)
Hibernate: insert into group_table (id, name) values (default, ?)
Hibernate: insert into group_table (id, name) values (default, ?)
Hibernate: insert into group_table (id, name) values (default, ?)
Hibernate: insert into group_table (id, name) values (default, ?)
Hibernate: insert into group_table (id, name) values (default, ?)
Hibernate: insert into group_table (id, name) values (default, ?)
Hibernate: insert into group_table (id, name) values (default, ?)
Hibernate: insert into group_table (id, name) values (default, ?)
Hibernate: insert into group_table (id, name) values (default, ?)
Hibernate: insert into group_table (id, name) values (default, ?)
Hibernate: insert into group_table (id, name) values (default, ?)
Hibernate: insert into group_table (id, name) values (default, ?)
Hibernate: insert into group_table (id, name) values (default, ?)
Hibernate: insert into group_table (id, name) values (default, ?)
Hibernate: insert into group_table (id, name) values (default, ?)
Hibernate: insert into group_table (id, name) values (default, ?)
Hibernate: insert into group_table (id, name) values (default, ?)
Hibernate: insert into group_table (id, name) values (default, ?)
Hibernate: insert into group_table (id, name) values (default, ?)
Hibernate: insert into group_table (id, name) values (default, ?)
Hibernate: insert into group_table (id, name) values (default, ?)
Hibernate: insert into group_table (id, name) values (default, ?)
Hibernate: insert into group_table (id, name) values (default, ?)
Hibernate: insert into group_table (id, name) values (default, ?)
Hibernate: insert into group_table (id, name) values (default, ?)
Hibernate: insert into group_table (id, name) values (default, ?)
Hibernate: insert into group_table (id, name) values (default, ?)
Hibernate: insert into group_table (id, name) values (default, ?)
Hibernate: insert into group_table (id, name) values (default, ?)
Hibernate: insert into group_table (id, name) values (default, ?)
Hibernate: insert into group_table (id, name) values (default, ?)
Hibernate: insert into group_table (id, name) values (default, ?)
Hibernate: insert into group_table (id, name) values (default, ?)
Hibernate: insert into group_table (id, name) values (default, ?)
Hibernate: insert into group_table (id, name) values (default, ?)
Hibernate: insert into group_table (id, name) values (default, ?)
Hibernate: insert into group_table (id, name) values (default, ?)
Hibernate: insert into group_table (id, name) values (default, ?)
Hibernate: insert into group_table (id, name) values (default, ?)
Hibernate: insert into person (id, date_of_birth, email, first_name, group_ref, last_name, password, website) values (default, ?, ?, ?, ?, ?, ?, ?)
Hibernate: insert into person (id, date_of_birth, email, first_name, group_ref, last_name, password, website) values (default, ?, ?, ?, ?, ?, ?, ?)
Hibernate: insert into person (id, date_of_birth, email, first_name, group_ref, last_name, password, website) values (default, ?, ?, ?, ?, ?, ?, ?)
Hibernate: insert into person (id, date_of_birth, email, first_name, group_ref, last_name, password, website) values (default, ?, ?, ?, ?, ?, ?, ?)
Hibernate: insert into person (id, date_of_birth, email, first_name, group_ref, last_name, password, website) values (default, ?, ?, ?, ?, ?, ?, ?)
Hibernate: insert into person (id, date_of_birth, email, first_name, group_ref, last_name, password, website) values (default, ?, ?, ?, ?, ?, ?, ?)
Hibernate: insert into person (id, date_of_birth, email, first_name, group_ref, last_name, password, website) values (default, ?, ?, ?, ?, ?, ?, ?)
Hibernate: insert into person (id, date_of_birth, email, first_name, group_ref, last_name, password, website) values (default, ?, ?, ?, ?, ?, ?, ?)
Hibernate: insert into person (id, date_of_birth, email, first_name, group_ref, last_name, password, website) values (default, ?, ?, ?, ?, ?, ?, ?)
Hibernate: insert into person (id, date_of_birth, email, first_name, group_ref, last_name, password, website) values (default, ?, ?, ?, ?, ?, ?, ?)
Hibernate: insert into person (id, date_of_birth, email, first_name, group_ref, last_name, password, website) values (default, ?, ?, ?, ?, ?, ?, ?)
Hibernate: insert into person (id, date_of_birth, email, first_name, group_ref, last_name, password, website) values (default, ?, ?, ?, ?, ?, ?, ?)
Hibernate: insert into person (id, date_of_birth, email, first_name, group_ref, last_name, password, website) values (default, ?, ?, ?, ?, ?, ?, ?)
Hibernate: insert into person (id, date_of_birth, email, first_name, group_ref, last_name, password, website) values (default, ?, ?, ?, ?, ?, ?, ?)
Hibernate: insert into person (id, date_of_birth, email, first_name, group_ref, last_name, password, website) values (default, ?, ?, ?, ?, ?, ?, ?)
Hibernate: insert into person (id, date_of_birth, email, first_name, group_ref, last_name, password, website) values (default, ?, ?, ?, ?, ?, ?, ?)
Hibernate: insert into person (id, date_of_birth, email, first_name, group_ref, last_name, password, website) values (default, ?, ?, ?, ?, ?, ?, ?)
Hibernate: insert into person (id, date_of_birth, email, first_name, group_ref, last_name, password, website) values (default, ?, ?, ?, ?, ?, ?, ?)
Hibernate: insert into person (id, date_of_birth, email, first_name, group_ref, last_name, password, website) values (default, ?, ?, ?, ?, ?, ?, ?)
Hibernate: insert into person (id, date_of_birth, email, first_name, group_ref, last_name, password, website) values (default, ?, ?, ?, ?, ?, ?, ?)
Hibernate: insert into person (id, date_of_birth, email, first_name, group_ref, last_name, password, website) values (default, ?, ?, ?, ?, ?, ?, ?)
Hibernate: insert into person (id, date_of_birth, email, first_name, group_ref, last_name, password, website) values (default, ?, ?, ?, ?, ?, ?, ?)
Hibernate: insert into person (id, date_of_birth, email, first_name, group_ref, last_name, password, website) values (default, ?, ?, ?, ?, ?, ?, ?)
Hibernate: insert into person (id, date_of_birth, email, first_name, group_ref, last_name, password, website) values (default, ?, ?, ?, ?, ?, ?, ?)
Hibernate: insert into person (id, date_of_birth, email, first_name, group_ref, last_name, password, website) values (default, ?, ?, ?, ?, ?, ?, ?)
Hibernate: insert into person (id, date_of_birth, email, first_name, group_ref, last_name, password, website) values (default, ?, ?, ?, ?, ?, ?, ?)
Hibernate: insert into person (id, date_of_birth, email, first_name, group_ref, last_name, password, website) values (default, ?, ?, ?, ?, ?, ?, ?)
Hibernate: insert into person (id, date_of_birth, email, first_name, group_ref, last_name, password, website) values (default, ?, ?, ?, ?, ?, ?, ?)
Hibernate: insert into person (id, date_of_birth, email, first_name, group_ref, last_name, password, website) values (default, ?, ?, ?, ?, ?, ?, ?)
Hibernate: insert into person (id, date_of_birth, email, first_name, group_ref, last_name, password, website) values (default, ?, ?, ?, ?, ?, ?, ?)
Hibernate: insert into person (id, date_of_birth, email, first_name, group_ref, last_name, password, website) values (default, ?, ?, ?, ?, ?, ?, ?)
Hibernate: insert into person (id, date_of_birth, email, first_name, group_ref, last_name, password, website) values (default, ?, ?, ?, ?, ?, ?, ?)
Hibernate: insert into person (id, date_of_birth, email, first_name, group_ref, last_name, password, website) values (default, ?, ?, ?, ?, ?, ?, ?)
Hibernate: insert into person (id, date_of_birth, email, first_name, group_ref, last_name, password, website) values (default, ?, ?, ?, ?, ?, ?, ?)
Hibernate: insert into person (id, date_of_birth, email, first_name, group_ref, last_name, password, website) values (default, ?, ?, ?, ?, ?, ?, ?)
Hibernate: insert into person (id, date_of_birth, email, first_name, group_ref, last_name, password, website) values (default, ?, ?, ?, ?, ?, ?, ?)
Hibernate: insert into person (id, date_of_birth, email, first_name, group_ref, last_name, password, website) values (default, ?, ?, ?, ?, ?, ?, ?)
Hibernate: insert into person (id, date_of_birth, email, first_name, group_ref, last_name, password, website) values (default, ?, ?, ?, ?, ?, ?, ?)
Hibernate: insert into person (id, date_of_birth, email, first_name, group_ref, last_name, password, website) values (default, ?, ?, ?, ?, ?, ?, ?)
Hibernate: insert into person (id, date_of_birth, email, first_name, group_ref, last_name, password, website) values (default, ?, ?, ?, ?, ?, ?, ?)
Hibernate: insert into person (id, date_of_birth, email, first_name, group_ref, last_name, password, website) values (default, ?, ?, ?, ?, ?, ?, ?)
Hibernate: insert into person (id, date_of_birth, email, first_name, group_ref, last_name, password, website) values (default, ?, ?, ?, ?, ?, ?, ?)
Hibernate: insert into person (id, date_of_birth, email, first_name, group_ref, last_name, password, website) values (default, ?, ?, ?, ?, ?, ?, ?)
Hibernate: insert into person (id, date_of_birth, email, first_name, group_ref, last_name, password, website) values (default, ?, ?, ?, ?, ?, ?, ?)
Hibernate: insert into person (id, date_of_birth, email, first_name, group_ref, last_name, password, website) values (default, ?, ?, ?, ?, ?, ?, ?)
Hibernate: insert into person (id, date_of_birth, email, first_name, group_ref, last_name, password, website) values (default, ?, ?, ?, ?, ?, ?, ?)
Hibernate: insert into person (id, date_of_birth, email, first_name, group_ref, last_name, password, website) values (default, ?, ?, ?, ?, ?, ?, ?)
Hibernate: insert into person (id, date_of_birth, email, first_name, group_ref, last_name, password, website) values (default, ?, ?, ?, ?, ?, ?, ?)
Hibernate: insert into person (id, date_of_birth, email, first_name, group_ref, last_name, password, website) values (default, ?, ?, ?, ?, ?, ?, ?)
Hibernate: insert into person (id, date_of_birth, email, first_name, group_ref, last_name, password, website) values (default, ?, ?, ?, ?, ?, ?, ?)
Hibernate: insert into person (id, date_of_birth, email, first_name, group_ref, last_name, password, website) values (default, ?, ?, ?, ?, ?, ?, ?)
Hibernate: insert into person (id, date_of_birth, email, first_name, group_ref, last_name, password, website) values (default, ?, ?, ?, ?, ?, ?, ?)
Hibernate: insert into person (id, date_of_birth, email, first_name, group_ref, last_name, password, website) values (default, ?, ?, ?, ?, ?, ?, ?)
Hibernate: insert into person (id, date_of_birth, email, first_name, group_ref, last_name, password, website) values (default, ?, ?, ?, ?, ?, ?, ?)
Hibernate: insert into person (id, date_of_birth, email, first_name, group_ref, last_name, password, website) values (default, ?, ?, ?, ?, ?, ?, ?)
Hibernate: insert into person (id, date_of_birth, email, first_name, group_ref, last_name, password, website) values (default, ?, ?, ?, ?, ?, ?, ?)
Hibernate: insert into person (id, date_of_birth, email, first_name, group_ref, last_name, password, website) values (default, ?, ?, ?, ?, ?, ?, ?)
Hibernate: insert into person (id, date_of_birth, email, first_name, group_ref, last_name, password, website) values (default, ?, ?, ?, ?, ?, ?, ?)
Hibernate: insert into person (id, date_of_birth, email, first_name, group_ref, last_name, password, website) values (default, ?, ?, ?, ?, ?, ?, ?)
Hibernate: insert into person (id, date_of_birth, email, first_name, group_ref, last_name, password, website) values (default, ?, ?, ?, ?, ?, ?, ?)
Hibernate: insert into person (id, date_of_birth, email, first_name, group_ref, last_name, password, website) values (default, ?, ?, ?, ?, ?, ?, ?)
Hibernate: insert into person (id, date_of_birth, email, first_name, group_ref, last_name, password, website) values (default, ?, ?, ?, ?, ?, ?, ?)
Hibernate: insert into person (id, date_of_birth, email, first_name, group_ref, last_name, password, website) values (default, ?, ?, ?, ?, ?, ?, ?)
Hibernate: insert into person (id, date_of_birth, email, first_name, group_ref, last_name, password, website) values (default, ?, ?, ?, ?, ?, ?, ?)
Hibernate: insert into person (id, date_of_birth, email, first_name, group_ref, last_name, password, website) values (default, ?, ?, ?, ?, ?, ?, ?)
Hibernate: insert into person (id, date_of_birth, email, first_name, group_ref, last_name, password, website) values (default, ?, ?, ?, ?, ?, ?, ?)
Hibernate: insert into person (id, date_of_birth, email, first_name, group_ref, last_name, password, website) values (default, ?, ?, ?, ?, ?, ?, ?)
Hibernate: insert into person (id, date_of_birth, email, first_name, group_ref, last_name, password, website) values (default, ?, ?, ?, ?, ?, ?, ?)
Hibernate: insert into person (id, date_of_birth, email, first_name, group_ref, last_name, password, website) values (default, ?, ?, ?, ?, ?, ?, ?)
Hibernate: insert into person (id, date_of_birth, email, first_name, group_ref, last_name, password, website) values (default, ?, ?, ?, ?, ?, ?, ?)
Hibernate: insert into person (id, date_of_birth, email, first_name, group_ref, last_name, password, website) values (default, ?, ?, ?, ?, ?, ?, ?)
Hibernate: insert into person (id, date_of_birth, email, first_name, group_ref, last_name, password, website) values (default, ?, ?, ?, ?, ?, ?, ?)
Hibernate: insert into person (id, date_of_birth, email, first_name, group_ref, last_name, password, website) values (default, ?, ?, ?, ?, ?, ?, ?)
Hibernate: insert into person (id, date_of_birth, email, first_name, group_ref, last_name, password, website) values (default, ?, ?, ?, ?, ?, ?, ?)
Hibernate: insert into person (id, date_of_birth, email, first_name, group_ref, last_name, password, website) values (default, ?, ?, ?, ?, ?, ?, ?)
Hibernate: insert into person (id, date_of_birth, email, first_name, group_ref, last_name, password, website) values (default, ?, ?, ?, ?, ?, ?, ?)
Hibernate: insert into person (id, date_of_birth, email, first_name, group_ref, last_name, password, website) values (default, ?, ?, ?, ?, ?, ?, ?)
Hibernate: insert into person (id, date_of_birth, email, first_name, group_ref, last_name, password, website) values (default, ?, ?, ?, ?, ?, ?, ?)
Hibernate: insert into person (id, date_of_birth, email, first_name, group_ref, last_name, password, website) values (default, ?, ?, ?, ?, ?, ?, ?)
Hibernate: insert into person (id, date_of_birth, email, first_name, group_ref, last_name, password, website) values (default, ?, ?, ?, ?, ?, ?, ?)
Hibernate: insert into person (id, date_of_birth, email, first_name, group_ref, last_name, password, website) values (default, ?, ?, ?, ?, ?, ?, ?)
Hibernate: insert into person (id, date_of_birth, email, first_name, group_ref, last_name, password, website) values (default, ?, ?, ?, ?, ?, ?, ?)
Hibernate: insert into person (id, date_of_birth, email, first_name, group_ref, last_name, password, website) values (default, ?, ?, ?, ?, ?, ?, ?)
Hibernate: insert into person (id, date_of_birth, email, first_name, group_ref, last_name, password, website) values (default, ?, ?, ?, ?, ?, ?, ?)
Hibernate: insert into person (id, date_of_birth, email, first_name, group_ref, last_name, password, website) values (default, ?, ?, ?, ?, ?, ?, ?)
Hibernate: insert into person (id, date_of_birth, email, first_name, group_ref, last_name, password, website) values (default, ?, ?, ?, ?, ?, ?, ?)
Hibernate: insert into person (id, date_of_birth, email, first_name, group_ref, last_name, password, website) values (default, ?, ?, ?, ?, ?, ?, ?)
Hibernate: insert into person (id, date_of_birth, email, first_name, group_ref, last_name, password, website) values (default, ?, ?, ?, ?, ?, ?, ?)
Hibernate: insert into person (id, date_of_birth, email, first_name, group_ref, last_name, password, website) values (default, ?, ?, ?, ?, ?, ?, ?)
Hibernate: insert into person (id, date_of_birth, email, first_name, group_ref, last_name, password, website) values (default, ?, ?, ?, ?, ?, ?, ?)
Hibernate: insert into person (id, date_of_birth, email, first_name, group_ref, last_name, password, website) values (default, ?, ?, ?, ?, ?, ?, ?)
Hibernate: insert into person (id, date_of_birth, email, first_name, group_ref, last_name, password, website) values (default, ?, ?, ?, ?, ?, ?, ?)
Hibernate: insert into person (id, date_of_birth, email, first_name, group_ref, last_name, password, website) values (default, ?, ?, ?, ?, ?, ?, ?)
Hibernate: insert into person (id, date_of_birth, email, first_name, group_ref, last_name, password, website) values (default, ?, ?, ?, ?, ?, ?, ?)
Hibernate: insert into person (id, date_of_birth, email, first_name, group_ref, last_name, password, website) values (default, ?, ?, ?, ?, ?, ?, ?)
Hibernate: insert into person (id, date_of_birth, email, first_name, group_ref, last_name, password, website) values (default, ?, ?, ?, ?, ?, ?, ?)
Hibernate: insert into person (id, date_of_birth, email, first_name, group_ref, last_name, password, website) values (default, ?, ?, ?, ?, ?, ?, ?)
Hibernate: insert into person (id, date_of_birth, email, first_name, group_ref, last_name, password, website) values (default, ?, ?, ?, ?, ?, ?, ?)
Hibernate: insert into person (id, date_of_birth, email, first_name, group_ref, last_name, password, website) values (default, ?, ?, ?, ?, ?, ?, ?)
Hibernate: insert into person (id, date_of_birth, email, first_name, group_ref, last_name, password, website) values (default, ?, ?, ?, ?, ?, ?, ?)
Hibernate: insert into person (id, date_of_birth, email, first_name, group_ref, last_name, password, website) values (default, ?, ?, ?, ?, ?, ?, ?)
Hibernate: insert into person (id, date_of_birth, email, first_name, group_ref, last_name, password, website) values (default, ?, ?, ?, ?, ?, ?, ?)
Hibernate: insert into person (id, date_of_birth, email, first_name, group_ref, last_name, password, website) values (default, ?, ?, ?, ?, ?, ?, ?)
Hibernate: insert into person (id, date_of_birth, email, first_name, group_ref, last_name, password, website) values (default, ?, ?, ?, ?, ?, ?, ?)
Hibernate: insert into person (id, date_of_birth, email, first_name, group_ref, last_name, password, website) values (default, ?, ?, ?, ?, ?, ?, ?)
Hibernate: insert into person (id, date_of_birth, email, first_name, group_ref, last_name, password, website) values (default, ?, ?, ?, ?, ?, ?, ?)
Hibernate: insert into person (id, date_of_birth, email, first_name, group_ref, last_name, password, website) values (default, ?, ?, ?, ?, ?, ?, ?)
Hibernate: insert into person (id, date_of_birth, email, first_name, group_ref, last_name, password, website) values (default, ?, ?, ?, ?, ?, ?, ?)
Hibernate: insert into person (id, date_of_birth, email, first_name, group_ref, last_name, password, website) values (default, ?, ?, ?, ?, ?, ?, ?)
Hibernate: insert into person (id, date_of_birth, email, first_name, group_ref, last_name, password, website) values (default, ?, ?, ?, ?, ?, ?, ?)
Hibernate: insert into person (id, date_of_birth, email, first_name, group_ref, last_name, password, website) values (default, ?, ?, ?, ?, ?, ?, ?)
Hibernate: insert into person (id, date_of_birth, email, first_name, group_ref, last_name, password, website) values (default, ?, ?, ?, ?, ?, ?, ?)
Hibernate: insert into person (id, date_of_birth, email, first_name, group_ref, last_name, password, website) values (default, ?, ?, ?, ?, ?, ?, ?)
Hibernate: insert into person (id, date_of_birth, email, first_name, group_ref, last_name, password, website) values (default, ?, ?, ?, ?, ?, ?, ?)
Hibernate: insert into person (id, date_of_birth, email, first_name, group_ref, last_name, password, website) values (default, ?, ?, ?, ?, ?, ?, ?)
Hibernate: insert into person (id, date_of_birth, email, first_name, group_ref, last_name, password, website) values (default, ?, ?, ?, ?, ?, ?, ?)
Hibernate: insert into person (id, date_of_birth, email, first_name, group_ref, last_name, password, website) values (default, ?, ?, ?, ?, ?, ?, ?)
Hibernate: insert into person (id, date_of_birth, email, first_name, group_ref, last_name, password, website) values (default, ?, ?, ?, ?, ?, ?, ?)
Hibernate: insert into person (id, date_of_birth, email, first_name, group_ref, last_name, password, website) values (default, ?, ?, ?, ?, ?, ?, ?)
Hibernate: insert into person (id, date_of_birth, email, first_name, group_ref, last_name, password, website) values (default, ?, ?, ?, ?, ?, ?, ?)
Hibernate: insert into person (id, date_of_birth, email, first_name, group_ref, last_name, password, website) values (default, ?, ?, ?, ?, ?, ?, ?)
Hibernate: insert into person (id, date_of_birth, email, first_name, group_ref, last_name, password, website) values (default, ?, ?, ?, ?, ?, ?, ?)
Hibernate: insert into person (id, date_of_birth, email, first_name, group_ref, last_name, password, website) values (default, ?, ?, ?, ?, ?, ?, ?)
Hibernate: insert into person (id, date_of_birth, email, first_name, group_ref, last_name, password, website) values (default, ?, ?, ?, ?, ?, ?, ?)
Hibernate: insert into person (id, date_of_birth, email, first_name, group_ref, last_name, password, website) values (default, ?, ?, ?, ?, ?, ?, ?)
Hibernate: insert into person (id, date_of_birth, email, first_name, group_ref, last_name, password, website) values (default, ?, ?, ?, ?, ?, ?, ?)
Hibernate: insert into person (id, date_of_birth, email, first_name, group_ref, last_name, password, website) values (default, ?, ?, ?, ?, ?, ?, ?)
Hibernate: insert into person (id, date_of_birth, email, first_name, group_ref, last_name, password, website) values (default, ?, ?, ?, ?, ?, ?, ?)
Hibernate: insert into person (id, date_of_birth, email, first_name, group_ref, last_name, password, website) values (default, ?, ?, ?, ?, ?, ?, ?)
Hibernate: insert into person (id, date_of_birth, email, first_name, group_ref, last_name, password, website) values (default, ?, ?, ?, ?, ?, ?, ?)
Hibernate: insert into person (id, date_of_birth, email, first_name, group_ref, last_name, password, website) values (default, ?, ?, ?, ?, ?, ?, ?)
Hibernate: insert into person (id, date_of_birth, email, first_name, group_ref, last_name, password, website) values (default, ?, ?, ?, ?, ?, ?, ?)
Hibernate: insert into person (id, date_of_birth, email, first_name, group_ref, last_name, password, website) values (default, ?, ?, ?, ?, ?, ?, ?)
Hibernate: insert into person (id, date_of_birth, email, first_name, group_ref, last_name, password, website) values (default, ?, ?, ?, ?, ?, ?, ?)
Hibernate: insert into person (id, date_of_birth, email, first_name, group_ref, last_name, password, website) values (default, ?, ?, ?, ?, ?, ?, ?)
Hibernate: insert into person (id, date_of_birth, email, first_name, group_ref, last_name, password, website) values (default, ?, ?, ?, ?, ?, ?, ?)
Hibernate: insert into person (id, date_of_birth, email, first_name, group_ref, last_name, password, website) values (default, ?, ?, ?, ?, ?, ?, ?)
Hibernate: insert into person (id, date_of_birth, email, first_name, group_ref, last_name, password, website) values (default, ?, ?, ?, ?, ?, ?, ?)
Hibernate: insert into person (id, date_of_birth, email, first_name, group_ref, last_name, password, website) values (default, ?, ?, ?, ?, ?, ?, ?)
Hibernate: insert into person (id, date_of_birth, email, first_name, group_ref, last_name, password, website) values (default, ?, ?, ?, ?, ?, ?, ?)
Hibernate: insert into person (id, date_of_birth, email, first_name, group_ref, last_name, password, website) values (default, ?, ?, ?, ?, ?, ?, ?)
Hibernate: insert into person (id, date_of_birth, email, first_name, group_ref, last_name, password, website) values (default, ?, ?, ?, ?, ?, ?, ?)
Hibernate: insert into person (id, date_of_birth, email, first_name, group_ref, last_name, password, website) values (default, ?, ?, ?, ?, ?, ?, ?)
Hibernate: insert into person (id, date_of_birth, email, first_name, group_ref, last_name, password, website) values (default, ?, ?, ?, ?, ?, ?, ?)
Hibernate: insert into person (id, date_of_birth, email, first_name, group_ref, last_name, password, website) values (default, ?, ?, ?, ?, ?, ?, ?)
Hibernate: insert into person (id, date_of_birth, email, first_name, group_ref, last_name, password, website) values (default, ?, ?, ?, ?, ?, ?, ?)
Hibernate: insert into person (id, date_of_birth, email, first_name, group_ref, last_name, password, website) values (default, ?, ?, ?, ?, ?, ?, ?)
Hibernate: insert into person (id, date_of_birth, email, first_name, group_ref, last_name, password, website) values (default, ?, ?, ?, ?, ?, ?, ?)
Hibernate: insert into person (id, date_of_birth, email, first_name, group_ref, last_name, password, website) values (default, ?, ?, ?, ?, ?, ?, ?)
Hibernate: insert into person (id, date_of_birth, email, first_name, group_ref, last_name, password, website) values (default, ?, ?, ?, ?, ?, ?, ?)
Hibernate: insert into person (id, date_of_birth, email, first_name, group_ref, last_name, password, website) values (default, ?, ?, ?, ?, ?, ?, ?)
Hibernate: insert into person (id, date_of_birth, email, first_name, group_ref, last_name, password, website) values (default, ?, ?, ?, ?, ?, ?, ?)
Hibernate: insert into person (id, date_of_birth, email, first_name, group_ref, last_name, password, website) values (default, ?, ?, ?, ?, ?, ?, ?)
Hibernate: insert into person (id, date_of_birth, email, first_name, group_ref, last_name, password, website) values (default, ?, ?, ?, ?, ?, ?, ?)
Hibernate: insert into person (id, date_of_birth, email, first_name, group_ref, last_name, password, website) values (default, ?, ?, ?, ?, ?, ?, ?)
Hibernate: insert into person (id, date_of_birth, email, first_name, group_ref, last_name, password, website) values (default, ?, ?, ?, ?, ?, ?, ?)
Hibernate: insert into person (id, date_of_birth, email, first_name, group_ref, last_name, password, website) values (default, ?, ?, ?, ?, ?, ?, ?)
Hibernate: insert into person (id, date_of_birth, email, first_name, group_ref, last_name, password, website) values (default, ?, ?, ?, ?, ?, ?, ?)
Hibernate: insert into person (id, date_of_birth, email, first_name, group_ref, last_name, password, website) values (default, ?, ?, ?, ?, ?, ?, ?)
Hibernate: insert into person (id, date_of_birth, email, first_name, group_ref, last_name, password, website) values (default, ?, ?, ?, ?, ?, ?, ?)
Hibernate: insert into person (id, date_of_birth, email, first_name, group_ref, last_name, password, website) values (default, ?, ?, ?, ?, ?, ?, ?)
Hibernate: insert into person (id, date_of_birth, email, first_name, group_ref, last_name, password, website) values (default, ?, ?, ?, ?, ?, ?, ?)
Hibernate: insert into person (id, date_of_birth, email, first_name, group_ref, last_name, password, website) values (default, ?, ?, ?, ?, ?, ?, ?)
Hibernate: insert into person (id, date_of_birth, email, first_name, group_ref, last_name, password, website) values (default, ?, ?, ?, ?, ?, ?, ?)
Hibernate: insert into person (id, date_of_birth, email, first_name, group_ref, last_name, password, website) values (default, ?, ?, ?, ?, ?, ?, ?)
Hibernate: insert into person (id, date_of_birth, email, first_name, group_ref, last_name, password, website) values (default, ?, ?, ?, ?, ?, ?, ?)
Hibernate: insert into person (id, date_of_birth, email, first_name, group_ref, last_name, password, website) values (default, ?, ?, ?, ?, ?, ?, ?)
Hibernate: insert into person (id, date_of_birth, email, first_name, group_ref, last_name, password, website) values (default, ?, ?, ?, ?, ?, ?, ?)
Hibernate: insert into person (id, date_of_birth, email, first_name, group_ref, last_name, password, website) values (default, ?, ?, ?, ?, ?, ?, ?)
Hibernate: insert into person (id, date_of_birth, email, first_name, group_ref, last_name, password, website) values (default, ?, ?, ?, ?, ?, ?, ?)
Hibernate: insert into person (id, date_of_birth, email, first_name, group_ref, last_name, password, website) values (default, ?, ?, ?, ?, ?, ?, ?)
Hibernate: insert into person (id, date_of_birth, email, first_name, group_ref, last_name, password, website) values (default, ?, ?, ?, ?, ?, ?, ?)
Hibernate: insert into person (id, date_of_birth, email, first_name, group_ref, last_name, password, website) values (default, ?, ?, ?, ?, ?, ?, ?)
Hibernate: insert into person (id, date_of_birth, email, first_name, group_ref, last_name, password, website) values (default, ?, ?, ?, ?, ?, ?, ?)
Hibernate: insert into person (id, date_of_birth, email, first_name, group_ref, last_name, password, website) values (default, ?, ?, ?, ?, ?, ?, ?)
Hibernate: insert into person (id, date_of_birth, email, first_name, group_ref, last_name, password, website) values (default, ?, ?, ?, ?, ?, ?, ?)
Hibernate: insert into person (id, date_of_birth, email, first_name, group_ref, last_name, password, website) values (default, ?, ?, ?, ?, ?, ?, ?)
Hibernate: insert into person (id, date_of_birth, email, first_name, group_ref, last_name, password, website) values (default, ?, ?, ?, ?, ?, ?, ?)
Hibernate: insert into person (id, date_of_birth, email, first_name, group_ref, last_name, password, website) values (default, ?, ?, ?, ?, ?, ?, ?)
Hibernate: insert into person (id, date_of_birth, email, first_name, group_ref, last_name, password, website) values (default, ?, ?, ?, ?, ?, ?, ?)
Hibernate: insert into person (id, date_of_birth, email, first_name, group_ref, last_name, password, website) values (default, ?, ?, ?, ?, ?, ?, ?)
Hibernate: insert into person (id, date_of_birth, email, first_name, group_ref, last_name, password, website) values (default, ?, ?, ?, ?, ?, ?, ?)
Hibernate: insert into person (id, date_of_birth, email, first_name, group_ref, last_name, password, website) values (default, ?, ?, ?, ?, ?, ?, ?)
Hibernate: insert into person (id, date_of_birth, email, first_name, group_ref, last_name, password, website) values (default, ?, ?, ?, ?, ?, ?, ?)
Hibernate: insert into person (id, date_of_birth, email, first_name, group_ref, last_name, password, website) values (default, ?, ?, ?, ?, ?, ?, ?)
Hibernate: insert into person (id, date_of_birth, email, first_name, group_ref, last_name, password, website) values (default, ?, ?, ?, ?, ?, ?, ?)
Hibernate: insert into person (id, date_of_birth, email, first_name, group_ref, last_name, password, website) values (default, ?, ?, ?, ?, ?, ?, ?)
Hibernate: insert into person (id, date_of_birth, email, first_name, group_ref, last_name, password, website) values (default, ?, ?, ?, ?, ?, ?, ?)
Hibernate: insert into person (id, date_of_birth, email, first_name, group_ref, last_name, password, website) values (default, ?, ?, ?, ?, ?, ?, ?)
Hibernate: insert into person (id, date_of_birth, email, first_name, group_ref, last_name, password, website) values (default, ?, ?, ?, ?, ?, ?, ?)
Hibernate: insert into person (id, date_of_birth, email, first_name, group_ref, last_name, password, website) values (default, ?, ?, ?, ?, ?, ?, ?)
Hibernate: insert into person (id, date_of_birth, email, first_name, group_ref, last_name, password, website) values (default, ?, ?, ?, ?, ?, ?, ?)
Hibernate: insert into person (id, date_of_birth, email, first_name, group_ref, last_name, password, website) values (default, ?, ?, ?, ?, ?, ?, ?)
Hibernate: insert into person (id, date_of_birth, email, first_name, group_ref, last_name, password, website) values (default, ?, ?, ?, ?, ?, ?, ?)
Hibernate: insert into person (id, date_of_birth, email, first_name, group_ref, last_name, password, website) values (default, ?, ?, ?, ?, ?, ?, ?)
Hibernate: insert into person (id, date_of_birth, email, first_name, group_ref, last_name, password, website) values (default, ?, ?, ?, ?, ?, ?, ?)
Hibernate: insert into person (id, date_of_birth, email, first_name, group_ref, last_name, password, website) values (default, ?, ?, ?, ?, ?, ?, ?)
Hibernate: insert into person (id, date_of_birth, email, first_name, group_ref, last_name, password, website) values (default, ?, ?, ?, ?, ?, ?, ?)
Hibernate: insert into person (id, date_of_birth, email, first_name, group_ref, last_name, password, website) values (default, ?, ?, ?, ?, ?, ?, ?)
Hibernate: insert into person (id, date_of_birth, email, first_name, group_ref, last_name, password, website) values (default, ?, ?, ?, ?, ?, ?, ?)
Hibernate: insert into person (id, date_of_birth, email, first_name, group_ref, last_name, password, website) values (default, ?, ?, ?, ?, ?, ?, ?)
Hibernate: insert into person (id, date_of_birth, email, first_name, group_ref, last_name, password, website) values (default, ?, ?, ?, ?, ?, ?, ?)
Hibernate: insert into person (id, date_of_birth, email, first_name, group_ref, last_name, password, website) values (default, ?, ?, ?, ?, ?, ?, ?)
Hibernate: insert into person (id, date_of_birth, email, first_name, group_ref, last_name, password, website) values (default, ?, ?, ?, ?, ?, ?, ?)
Hibernate: insert into person (id, date_of_birth, email, first_name, group_ref, last_name, password, website) values (default, ?, ?, ?, ?, ?, ?, ?)
Hibernate: insert into person (id, date_of_birth, email, first_name, group_ref, last_name, password, website) values (default, ?, ?, ?, ?, ?, ?, ?)
Hibernate: insert into person (id, date_of_birth, email, first_name, group_ref, last_name, password, website) values (default, ?, ?, ?, ?, ?, ?, ?)
Hibernate: insert into person (id, date_of_birth, email, first_name, group_ref, last_name, password, website) values (default, ?, ?, ?, ?, ?, ?, ?)
Hibernate: insert into person (id, date_of_birth, email, first_name, group_ref, last_name, password, website) values (default, ?, ?, ?, ?, ?, ?, ?)
Hibernate: insert into person (id, date_of_birth, email, first_name, group_ref, last_name, password, website) values (default, ?, ?, ?, ?, ?, ?, ?)
Hibernate: insert into person (id, date_of_birth, email, first_name, group_ref, last_name, password, website) values (default, ?, ?, ?, ?, ?, ?, ?)
Hibernate: insert into person (id, date_of_birth, email, first_name, group_ref, last_name, password, website) values (default, ?, ?, ?, ?, ?, ?, ?)
Hibernate: insert into person (id, date_of_birth, email, first_name, group_ref, last_name, password, website) values (default, ?, ?, ?, ?, ?, ?, ?)
Hibernate: insert into person (id, date_of_birth, email, first_name, group_ref, last_name, password, website) values (default, ?, ?, ?, ?, ?, ?, ?)
Hibernate: insert into person (id, date_of_birth, email, first_name, group_ref, last_name, password, website) values (default, ?, ?, ?, ?, ?, ?, ?)
Hibernate: insert into person (id, date_of_birth, email, first_name, group_ref, last_name, password, website) values (default, ?, ?, ?, ?, ?, ?, ?)
Hibernate: insert into person (id, date_of_birth, email, first_name, group_ref, last_name, password, website) values (default, ?, ?, ?, ?, ?, ?, ?)
Hibernate: insert into person (id, date_of_birth, email, first_name, group_ref, last_name, password, website) values (default, ?, ?, ?, ?, ?, ?, ?)
Hibernate: insert into person (id, date_of_birth, email, first_name, group_ref, last_name, password, website) values (default, ?, ?, ?, ?, ?, ?, ?)
Hibernate: insert into person (id, date_of_birth, email, first_name, group_ref, last_name, password, website) values (default, ?, ?, ?, ?, ?, ?, ?)
Hibernate: insert into person (id, date_of_birth, email, first_name, group_ref, last_name, password, website) values (default, ?, ?, ?, ?, ?, ?, ?)
Hibernate: insert into person (id, date_of_birth, email, first_name, group_ref, last_name, password, website) values (default, ?, ?, ?, ?, ?, ?, ?)
Hibernate: insert into person (id, date_of_birth, email, first_name, group_ref, last_name, password, website) values (default, ?, ?, ?, ?, ?, ?, ?)
Hibernate: insert into person (id, date_of_birth, email, first_name, group_ref, last_name, password, website) values (default, ?, ?, ?, ?, ?, ?, ?)
Hibernate: insert into person (id, date_of_birth, email, first_name, group_ref, last_name, password, website) values (default, ?, ?, ?, ?, ?, ?, ?)
Hibernate: insert into person (id, date_of_birth, email, first_name, group_ref, last_name, password, website) values (default, ?, ?, ?, ?, ?, ?, ?)
Hibernate: insert into person (id, date_of_birth, email, first_name, group_ref, last_name, password, website) values (default, ?, ?, ?, ?, ?, ?, ?)
Hibernate: insert into person (id, date_of_birth, email, first_name, group_ref, last_name, password, website) values (default, ?, ?, ?, ?, ?, ?, ?)
Hibernate: insert into person (id, date_of_birth, email, first_name, group_ref, last_name, password, website) values (default, ?, ?, ?, ?, ?, ?, ?)
Hibernate: insert into person (id, date_of_birth, email, first_name, group_ref, last_name, password, website) values (default, ?, ?, ?, ?, ?, ?, ?)
Hibernate: insert into person (id, date_of_birth, email, first_name, group_ref, last_name, password, website) values (default, ?, ?, ?, ?, ?, ?, ?)
Hibernate: insert into person (id, date_of_birth, email, first_name, group_ref, last_name, password, website) values (default, ?, ?, ?, ?, ?, ?, ?)
Hibernate: insert into person (id, date_of_birth, email, first_name, group_ref, last_name, password, website) values (default, ?, ?, ?, ?, ?, ?, ?)
Hibernate: insert into person (id, date_of_birth, email, first_name, group_ref, last_name, password, website) values (default, ?, ?, ?, ?, ?, ?, ?)
Hibernate: insert into person (id, date_of_birth, email, first_name, group_ref, last_name, password, website) values (default, ?, ?, ?, ?, ?, ?, ?)
Hibernate: insert into person (id, date_of_birth, email, first_name, group_ref, last_name, password, website) values (default, ?, ?, ?, ?, ?, ?, ?)
Hibernate: insert into person (id, date_of_birth, email, first_name, group_ref, last_name, password, website) values (default, ?, ?, ?, ?, ?, ?, ?)
Hibernate: insert into person (id, date_of_birth, email, first_name, group_ref, last_name, password, website) values (default, ?, ?, ?, ?, ?, ?, ?)
Hibernate: insert into person (id, date_of_birth, email, first_name, group_ref, last_name, password, website) values (default, ?, ?, ?, ?, ?, ?, ?)
Hibernate: insert into person (id, date_of_birth, email, first_name, group_ref, last_name, password, website) values (default, ?, ?, ?, ?, ?, ?, ?)
Hibernate: insert into person (id, date_of_birth, email, first_name, group_ref, last_name, password, website) values (default, ?, ?, ?, ?, ?, ?, ?)
Hibernate: insert into person (id, date_of_birth, email, first_name, group_ref, last_name, password, website) values (default, ?, ?, ?, ?, ?, ?, ?)
Hibernate: insert into person (id, date_of_birth, email, first_name, group_ref, last_name, password, website) values (default, ?, ?, ?, ?, ?, ?, ?)
Hibernate: insert into person (id, date_of_birth, email, first_name, group_ref, last_name, password, website) values (default, ?, ?, ?, ?, ?, ?, ?)
Hibernate: insert into person (id, date_of_birth, email, first_name, group_ref, last_name, password, website) values (default, ?, ?, ?, ?, ?, ?, ?)
Hibernate: insert into person (id, date_of_birth, email, first_name, group_ref, last_name, password, website) values (default, ?, ?, ?, ?, ?, ?, ?)
Hibernate: insert into person (id, date_of_birth, email, first_name, group_ref, last_name, password, website) values (default, ?, ?, ?, ?, ?, ?, ?)
Hibernate: insert into person (id, date_of_birth, email, first_name, group_ref, last_name, password, website) values (default, ?, ?, ?, ?, ?, ?, ?)
Hibernate: insert into person (id, date_of_birth, email, first_name, group_ref, last_name, password, website) values (default, ?, ?, ?, ?, ?, ?, ?)
Hibernate: insert into person (id, date_of_birth, email, first_name, group_ref, last_name, password, website) values (default, ?, ?, ?, ?, ?, ?, ?)
Hibernate: insert into person (id, date_of_birth, email, first_name, group_ref, last_name, password, website) values (default, ?, ?, ?, ?, ?, ?, ?)
Hibernate: insert into person (id, date_of_birth, email, first_name, group_ref, last_name, password, website) values (default, ?, ?, ?, ?, ?, ?, ?)
Hibernate: insert into person (id, date_of_birth, email, first_name, group_ref, last_name, password, website) values (default, ?, ?, ?, ?, ?, ?, ?)
Hibernate: insert into person (id, date_of_birth, email, first_name, group_ref, last_name, password, website) values (default, ?, ?, ?, ?, ?, ?, ?)
Hibernate: insert into person (id, date_of_birth, email, first_name, group_ref, last_name, password, website) values (default, ?, ?, ?, ?, ?, ?, ?)
Hibernate: insert into person (id, date_of_birth, email, first_name, group_ref, last_name, password, website) values (default, ?, ?, ?, ?, ?, ?, ?)
Hibernate: insert into person (id, date_of_birth, email, first_name, group_ref, last_name, password, website) values (default, ?, ?, ?, ?, ?, ?, ?)
Hibernate: insert into person (id, date_of_birth, email, first_name, group_ref, last_name, password, website) values (default, ?, ?, ?, ?, ?, ?, ?)
Hibernate: insert into person (id, date_of_birth, email, first_name, group_ref, last_name, password, website) values (default, ?, ?, ?, ?, ?, ?, ?)
Hibernate: insert into person (id, date_of_birth, email, first_name, group_ref, last_name, password, website) values (default, ?, ?, ?, ?, ?, ?, ?)
Hibernate: insert into person (id, date_of_birth, email, first_name, group_ref, last_name, password, website) values (default, ?, ?, ?, ?, ?, ?, ?)
Hibernate: insert into person (id, date_of_birth, email, first_name, group_ref, last_name, password, website) values (default, ?, ?, ?, ?, ?, ?, ?)
Hibernate: insert into person (id, date_of_birth, email, first_name, group_ref, last_name, password, website) values (default, ?, ?, ?, ?, ?, ?, ?)
Hibernate: insert into person (id, date_of_birth, email, first_name, group_ref, last_name, password, website) values (default, ?, ?, ?, ?, ?, ?, ?)
Hibernate: insert into person (id, date_of_birth, email, first_name, group_ref, last_name, password, website) values (default, ?, ?, ?, ?, ?, ?, ?)
Hibernate: insert into person (id, date_of_birth, email, first_name, group_ref, last_name, password, website) values (default, ?, ?, ?, ?, ?, ?, ?)
Hibernate: insert into person (id, date_of_birth, email, first_name, group_ref, last_name, password, website) values (default, ?, ?, ?, ?, ?, ?, ?)
Hibernate: insert into person (id, date_of_birth, email, first_name, group_ref, last_name, password, website) values (default, ?, ?, ?, ?, ?, ?, ?)
Hibernate: insert into person (id, date_of_birth, email, first_name, group_ref, last_name, password, website) values (default, ?, ?, ?, ?, ?, ?, ?)
Hibernate: insert into person (id, date_of_birth, email, first_name, group_ref, last_name, password, website) values (default, ?, ?, ?, ?, ?, ?, ?)
Hibernate: insert into person (id, date_of_birth, email, first_name, group_ref, last_name, password, website) values (default, ?, ?, ?, ?, ?, ?, ?)
Hibernate: insert into person (id, date_of_birth, email, first_name, group_ref, last_name, password, website) values (default, ?, ?, ?, ?, ?, ?, ?)
Hibernate: insert into person (id, date_of_birth, email, first_name, group_ref, last_name, password, website) values (default, ?, ?, ?, ?, ?, ?, ?)
Hibernate: insert into person (id, date_of_birth, email, first_name, group_ref, last_name, password, website) values (default, ?, ?, ?, ?, ?, ?, ?)
Hibernate: insert into person (id, date_of_birth, email, first_name, group_ref, last_name, password, website) values (default, ?, ?, ?, ?, ?, ?, ?)
Hibernate: insert into person (id, date_of_birth, email, first_name, group_ref, last_name, password, website) values (default, ?, ?, ?, ?, ?, ?, ?)
Hibernate: insert into person (id, date_of_birth, email, first_name, group_ref, last_name, password, website) values (default, ?, ?, ?, ?, ?, ?, ?)
Hibernate: insert into person (id, date_of_birth, email, first_name, group_ref, last_name, password, website) values (default, ?, ?, ?, ?, ?, ?, ?)
Hibernate: insert into person (id, date_of_birth, email, first_name, group_ref, last_name, password, website) values (default, ?, ?, ?, ?, ?, ?, ?)
Hibernate: insert into person (id, date_of_birth, email, first_name, group_ref, last_name, password, website) values (default, ?, ?, ?, ?, ?, ?, ?)
Hibernate: insert into person (id, date_of_birth, email, first_name, group_ref, last_name, password, website) values (default, ?, ?, ?, ?, ?, ?, ?)
Hibernate: insert into person (id, date_of_birth, email, first_name, group_ref, last_name, password, website) values (default, ?, ?, ?, ?, ?, ?, ?)
Hibernate: insert into person (id, date_of_birth, email, first_name, group_ref, last_name, password, website) values (default, ?, ?, ?, ?, ?, ?, ?)
Hibernate: insert into person (id, date_of_birth, email, first_name, group_ref, last_name, password, website) values (default, ?, ?, ?, ?, ?, ?, ?)
Hibernate: insert into person (id, date_of_birth, email, first_name, group_ref, last_name, password, website) values (default, ?, ?, ?, ?, ?, ?, ?)
Hibernate: insert into person (id, date_of_birth, email, first_name, group_ref, last_name, password, website) values (default, ?, ?, ?, ?, ?, ?, ?)
Hibernate: insert into person (id, date_of_birth, email, first_name, group_ref, last_name, password, website) values (default, ?, ?, ?, ?, ?, ?, ?)
Hibernate: insert into person (id, date_of_birth, email, first_name, group_ref, last_name, password, website) values (default, ?, ?, ?, ?, ?, ?, ?)
Hibernate: insert into person (id, date_of_birth, email, first_name, group_ref, last_name, password, website) values (default, ?, ?, ?, ?, ?, ?, ?)
Hibernate: insert into person (id, date_of_birth, email, first_name, group_ref, last_name, password, website) values (default, ?, ?, ?, ?, ?, ?, ?)
Hibernate: insert into person (id, date_of_birth, email, first_name, group_ref, last_name, password, website) values (default, ?, ?, ?, ?, ?, ?, ?)
Hibernate: insert into person (id, date_of_birth, email, first_name, group_ref, last_name, password, website) values (default, ?, ?, ?, ?, ?, ?, ?)
Hibernate: insert into person (id, date_of_birth, email, first_name, group_ref, last_name, password, website) values (default, ?, ?, ?, ?, ?, ?, ?)
Hibernate: insert into person (id, date_of_birth, email, first_name, group_ref, last_name, password, website) values (default, ?, ?, ?, ?, ?, ?, ?)
Hibernate: insert into person (id, date_of_birth, email, first_name, group_ref, last_name, password, website) values (default, ?, ?, ?, ?, ?, ?, ?)
Hibernate: insert into person (id, date_of_birth, email, first_name, group_ref, last_name, password, website) values (default, ?, ?, ?, ?, ?, ?, ?)
Hibernate: insert into person (id, date_of_birth, email, first_name, group_ref, last_name, password, website) values (default, ?, ?, ?, ?, ?, ?, ?)
Hibernate: insert into person (id, date_of_birth, email, first_name, group_ref, last_name, password, website) values (default, ?, ?, ?, ?, ?, ?, ?)
Hibernate: insert into person (id, date_of_birth, email, first_name, group_ref, last_name, password, website) values (default, ?, ?, ?, ?, ?, ?, ?)
Hibernate: insert into person (id, date_of_birth, email, first_name, group_ref, last_name, password, website) values (default, ?, ?, ?, ?, ?, ?, ?)
Hibernate: insert into person (id, date_of_birth, email, first_name, group_ref, last_name, password, website) values (default, ?, ?, ?, ?, ?, ?, ?)
Hibernate: insert into person (id, date_of_birth, email, first_name, group_ref, last_name, password, website) values (default, ?, ?, ?, ?, ?, ?, ?)
Hibernate: insert into person (id, date_of_birth, email, first_name, group_ref, last_name, password, website) values (default, ?, ?, ?, ?, ?, ?, ?)
Hibernate: insert into person (id, date_of_birth, email, first_name, group_ref, last_name, password, website) values (default, ?, ?, ?, ?, ?, ?, ?)
Hibernate: insert into person (id, date_of_birth, email, first_name, group_ref, last_name, password, website) values (default, ?, ?, ?, ?, ?, ?, ?)
Hibernate: insert into person (id, date_of_birth, email, first_name, group_ref, last_name, password, website) values (default, ?, ?, ?, ?, ?, ?, ?)
Hibernate: insert into person (id, date_of_birth, email, first_name, group_ref, last_name, password, website) values (default, ?, ?, ?, ?, ?, ?, ?)
Hibernate: insert into person (id, date_of_birth, email, first_name, group_ref, last_name, password, website) values (default, ?, ?, ?, ?, ?, ?, ?)
Hibernate: insert into person (id, date_of_birth, email, first_name, group_ref, last_name, password, website) values (default, ?, ?, ?, ?, ?, ?, ?)
Hibernate: insert into person (id, date_of_birth, email, first_name, group_ref, last_name, password, website) values (default, ?, ?, ?, ?, ?, ?, ?)
Hibernate: insert into person (id, date_of_birth, email, first_name, group_ref, last_name, password, website) values (default, ?, ?, ?, ?, ?, ?, ?)
Hibernate: insert into person (id, date_of_birth, email, first_name, group_ref, last_name, password, website) values (default, ?, ?, ?, ?, ?, ?, ?)
Hibernate: insert into person (id, date_of_birth, email, first_name, group_ref, last_name, password, website) values (default, ?, ?, ?, ?, ?, ?, ?)
Hibernate: insert into person (id, date_of_birth, email, first_name, group_ref, last_name, password, website) values (default, ?, ?, ?, ?, ?, ?, ?)
Hibernate: insert into person (id, date_of_birth, email, first_name, group_ref, last_name, password, website) values (default, ?, ?, ?, ?, ?, ?, ?)
Hibernate: insert into person (id, date_of_birth, email, first_name, group_ref, last_name, password, website) values (default, ?, ?, ?, ?, ?, ?, ?)
Hibernate: insert into person (id, date_of_birth, email, first_name, group_ref, last_name, password, website) values (default, ?, ?, ?, ?, ?, ?, ?)
Hibernate: insert into person (id, date_of_birth, email, first_name, group_ref, last_name, password, website) values (default, ?, ?, ?, ?, ?, ?, ?)
Hibernate: insert into person (id, date_of_birth, email, first_name, group_ref, last_name, password, website) values (default, ?, ?, ?, ?, ?, ?, ?)
Hibernate: insert into person (id, date_of_birth, email, first_name, group_ref, last_name, password, website) values (default, ?, ?, ?, ?, ?, ?, ?)
Hibernate: insert into person (id, date_of_birth, email, first_name, group_ref, last_name, password, website) values (default, ?, ?, ?, ?, ?, ?, ?)
Hibernate: insert into person (id, date_of_birth, email, first_name, group_ref, last_name, password, website) values (default, ?, ?, ?, ?, ?, ?, ?)
Hibernate: insert into person (id, date_of_birth, email, first_name, group_ref, last_name, password, website) values (default, ?, ?, ?, ?, ?, ?, ?)
Hibernate: insert into person (id, date_of_birth, email, first_name, group_ref, last_name, password, website) values (default, ?, ?, ?, ?, ?, ?, ?)
Hibernate: insert into person (id, date_of_birth, email, first_name, group_ref, last_name, password, website) values (default, ?, ?, ?, ?, ?, ?, ?)
Hibernate: insert into person (id, date_of_birth, email, first_name, group_ref, last_name, password, website) values (default, ?, ?, ?, ?, ?, ?, ?)
Hibernate: insert into person (id, date_of_birth, email, first_name, group_ref, last_name, password, website) values (default, ?, ?, ?, ?, ?, ?, ?)
Hibernate: insert into person (id, date_of_birth, email, first_name, group_ref, last_name, password, website) values (default, ?, ?, ?, ?, ?, ?, ?)
Hibernate: insert into person (id, date_of_birth, email, first_name, group_ref, last_name, password, website) values (default, ?, ?, ?, ?, ?, ?, ?)
Hibernate: insert into person (id, date_of_birth, email, first_name, group_ref, last_name, password, website) values (default, ?, ?, ?, ?, ?, ?, ?)
Hibernate: insert into person (id, date_of_birth, email, first_name, group_ref, last_name, password, website) values (default, ?, ?, ?, ?, ?, ?, ?)
Hibernate: insert into person (id, date_of_birth, email, first_name, group_ref, last_name, password, website) values (default, ?, ?, ?, ?, ?, ?, ?)
Hibernate: insert into person (id, date_of_birth, email, first_name, group_ref, last_name, password, website) values (default, ?, ?, ?, ?, ?, ?, ?)
Hibernate: insert into person (id, date_of_birth, email, first_name, group_ref, last_name, password, website) values (default, ?, ?, ?, ?, ?, ?, ?)
Hibernate: insert into person (id, date_of_birth, email, first_name, group_ref, last_name, password, website) values (default, ?, ?, ?, ?, ?, ?, ?)
Hibernate: insert into person (id, date_of_birth, email, first_name, group_ref, last_name, password, website) values (default, ?, ?, ?, ?, ?, ?, ?)
Hibernate: insert into person (id, date_of_birth, email, first_name, group_ref, last_name, password, website) values (default, ?, ?, ?, ?, ?, ?, ?)
Hibernate: insert into person (id, date_of_birth, email, first_name, group_ref, last_name, password, website) values (default, ?, ?, ?, ?, ?, ?, ?)
Hibernate: insert into person (id, date_of_birth, email, first_name, group_ref, last_name, password, website) values (default, ?, ?, ?, ?, ?, ?, ?)
Hibernate: insert into person (id, date_of_birth, email, first_name, group_ref, last_name, password, website) values (default, ?, ?, ?, ?, ?, ?, ?)
Hibernate: insert into person (id, date_of_birth, email, first_name, group_ref, last_name, password, website) values (default, ?, ?, ?, ?, ?, ?, ?)
Hibernate: insert into person (id, date_of_birth, email, first_name, group_ref, last_name, password, website) values (default, ?, ?, ?, ?, ?, ?, ?)
Hibernate: insert into person (id, date_of_birth, email, first_name, group_ref, last_name, password, website) values (default, ?, ?, ?, ?, ?, ?, ?)
Hibernate: insert into person (id, date_of_birth, email, first_name, group_ref, last_name, password, website) values (default, ?, ?, ?, ?, ?, ?, ?)
Hibernate: insert into person (id, date_of_birth, email, first_name, group_ref, last_name, password, website) values (default, ?, ?, ?, ?, ?, ?, ?)
Hibernate: insert into person (id, date_of_birth, email, first_name, group_ref, last_name, password, website) values (default, ?, ?, ?, ?, ?, ?, ?)
Hibernate: insert into person (id, date_of_birth, email, first_name, group_ref, last_name, password, website) values (default, ?, ?, ?, ?, ?, ?, ?)
Hibernate: insert into person (id, date_of_birth, email, first_name, group_ref, last_name, password, website) values (default, ?, ?, ?, ?, ?, ?, ?)
Hibernate: insert into person (id, date_of_birth, email, first_name, group_ref, last_name, password, website) values (default, ?, ?, ?, ?, ?, ?, ?)
Hibernate: insert into person (id, date_of_birth, email, first_name, group_ref, last_name, password, website) values (default, ?, ?, ?, ?, ?, ?, ?)
Hibernate: insert into person (id, date_of_birth, email, first_name, group_ref, last_name, password, website) values (default, ?, ?, ?, ?, ?, ?, ?)
Hibernate: insert into person (id, date_of_birth, email, first_name, group_ref, last_name, password, website) values (default, ?, ?, ?, ?, ?, ?, ?)
Hibernate: insert into person (id, date_of_birth, email, first_name, group_ref, last_name, password, website) values (default, ?, ?, ?, ?, ?, ?, ?)
Hibernate: insert into person (id, date_of_birth, email, first_name, group_ref, last_name, password, website) values (default, ?, ?, ?, ?, ?, ?, ?)
Hibernate: insert into person (id, date_of_birth, email, first_name, group_ref, last_name, password, website) values (default, ?, ?, ?, ?, ?, ?, ?)
Hibernate: insert into person (id, date_of_birth, email, first_name, group_ref, last_name, password, website) values (default, ?, ?, ?, ?, ?, ?, ?)
Hibernate: insert into person (id, date_of_birth, email, first_name, group_ref, last_name, password, website) values (default, ?, ?, ?, ?, ?, ?, ?)
Hibernate: insert into person (id, date_of_birth, email, first_name, group_ref, last_name, password, website) values (default, ?, ?, ?, ?, ?, ?, ?)
Hibernate: insert into person (id, date_of_birth, email, first_name, group_ref, last_name, password, website) values (default, ?, ?, ?, ?, ?, ?, ?)
Hibernate: insert into person (id, date_of_birth, email, first_name, group_ref, last_name, password, website) values (default, ?, ?, ?, ?, ?, ?, ?)
Hibernate: insert into person (id, date_of_birth, email, first_name, group_ref, last_name, password, website) values (default, ?, ?, ?, ?, ?, ?, ?)
Hibernate: insert into person (id, date_of_birth, email, first_name, group_ref, last_name, password, website) values (default, ?, ?, ?, ?, ?, ?, ?)
Hibernate: insert into person (id, date_of_birth, email, first_name, group_ref, last_name, password, website) values (default, ?, ?, ?, ?, ?, ?, ?)
Hibernate: insert into person (id, date_of_birth, email, first_name, group_ref, last_name, password, website) values (default, ?, ?, ?, ?, ?, ?, ?)
Hibernate: insert into person (id, date_of_birth, email, first_name, group_ref, last_name, password, website) values (default, ?, ?, ?, ?, ?, ?, ?)
Hibernate: insert into person (id, date_of_birth, email, first_name, group_ref, last_name, password, website) values (default, ?, ?, ?, ?, ?, ?, ?)
Hibernate: insert into person (id, date_of_birth, email, first_name, group_ref, last_name, password, website) values (default, ?, ?, ?, ?, ?, ?, ?)
Hibernate: insert into person (id, date_of_birth, email, first_name, group_ref, last_name, password, website) values (default, ?, ?, ?, ?, ?, ?, ?)
Hibernate: insert into person (id, date_of_birth, email, first_name, group_ref, last_name, password, website) values (default, ?, ?, ?, ?, ?, ?, ?)
Hibernate: insert into person (id, date_of_birth, email, first_name, group_ref, last_name, password, website) values (default, ?, ?, ?, ?, ?, ?, ?)
Hibernate: insert into person (id, date_of_birth, email, first_name, group_ref, last_name, password, website) values (default, ?, ?, ?, ?, ?, ?, ?)
Hibernate: insert into person (id, date_of_birth, email, first_name, group_ref, last_name, password, website) values (default, ?, ?, ?, ?, ?, ?, ?)
Hibernate: insert into person (id, date_of_birth, email, first_name, group_ref, last_name, password, website) values (default, ?, ?, ?, ?, ?, ?, ?)
Hibernate: insert into person (id, date_of_birth, email, first_name, group_ref, last_name, password, website) values (default, ?, ?, ?, ?, ?, ?, ?)
Hibernate: insert into person (id, date_of_birth, email, first_name, group_ref, last_name, password, website) values (default, ?, ?, ?, ?, ?, ?, ?)
Hibernate: insert into person (id, date_of_birth, email, first_name, group_ref, last_name, password, website) values (default, ?, ?, ?, ?, ?, ?, ?)
Hibernate: insert into person (id, date_of_birth, email, first_name, group_ref, last_name, password, website) values (default, ?, ?, ?, ?, ?, ?, ?)
Hibernate: insert into person (id, date_of_birth, email, first_name, group_ref, last_name, password, website) values (default, ?, ?, ?, ?, ?, ?, ?)
Hibernate: insert into person (id, date_of_birth, email, first_name, group_ref, last_name, password, website) values (default, ?, ?, ?, ?, ?, ?, ?)
Hibernate: insert into person (id, date_of_birth, email, first_name, group_ref, last_name, password, website) values (default, ?, ?, ?, ?, ?, ?, ?)
Hibernate: insert into person (id, date_of_birth, email, first_name, group_ref, last_name, password, website) values (default, ?, ?, ?, ?, ?, ?, ?)
Hibernate: insert into person (id, date_of_birth, email, first_name, group_ref, last_name, password, website) values (default, ?, ?, ?, ?, ?, ?, ?)
Hibernate: insert into person (id, date_of_birth, email, first_name, group_ref, last_name, password, website) values (default, ?, ?, ?, ?, ?, ?, ?)
Hibernate: insert into person (id, date_of_birth, email, first_name, group_ref, last_name, password, website) values (default, ?, ?, ?, ?, ?, ?, ?)
Hibernate: insert into person (id, date_of_birth, email, first_name, group_ref, last_name, password, website) values (default, ?, ?, ?, ?, ?, ?, ?)
Hibernate: insert into person (id, date_of_birth, email, first_name, group_ref, last_name, password, website) values (default, ?, ?, ?, ?, ?, ?, ?)
Hibernate: insert into person (id, date_of_birth, email, first_name, group_ref, last_name, password, website) values (default, ?, ?, ?, ?, ?, ?, ?)
Hibernate: insert into person (id, date_of_birth, email, first_name, group_ref, last_name, password, website) values (default, ?, ?, ?, ?, ?, ?, ?)
Hibernate: insert into person (id, date_of_birth, email, first_name, group_ref, last_name, password, website) values (default, ?, ?, ?, ?, ?, ?, ?)
Hibernate: insert into person (id, date_of_birth, email, first_name, group_ref, last_name, password, website) values (default, ?, ?, ?, ?, ?, ?, ?)
Hibernate: insert into person (id, date_of_birth, email, first_name, group_ref, last_name, password, website) values (default, ?, ?, ?, ?, ?, ?, ?)
Hibernate: insert into person (id, date_of_birth, email, first_name, group_ref, last_name, password, website) values (default, ?, ?, ?, ?, ?, ?, ?)
Hibernate: insert into person (id, date_of_birth, email, first_name, group_ref, last_name, password, website) values (default, ?, ?, ?, ?, ?, ?, ?)
Hibernate: insert into person (id, date_of_birth, email, first_name, group_ref, last_name, password, website) values (default, ?, ?, ?, ?, ?, ?, ?)
Hibernate: insert into person (id, date_of_birth, email, first_name, group_ref, last_name, password, website) values (default, ?, ?, ?, ?, ?, ?, ?)
Hibernate: insert into person (id, date_of_birth, email, first_name, group_ref, last_name, password, website) values (default, ?, ?, ?, ?, ?, ?, ?)
Hibernate: insert into person (id, date_of_birth, email, first_name, group_ref, last_name, password, website) values (default, ?, ?, ?, ?, ?, ?, ?)
Hibernate: insert into person (id, date_of_birth, email, first_name, group_ref, last_name, password, website) values (default, ?, ?, ?, ?, ?, ?, ?)
Hibernate: insert into person (id, date_of_birth, email, first_name, group_ref, last_name, password, website) values (default, ?, ?, ?, ?, ?, ?, ?)
Hibernate: insert into person (id, date_of_birth, email, first_name, group_ref, last_name, password, website) values (default, ?, ?, ?, ?, ?, ?, ?)
Hibernate: insert into person (id, date_of_birth, email, first_name, group_ref, last_name, password, website) values (default, ?, ?, ?, ?, ?, ?, ?)
Hibernate: insert into person (id, date_of_birth, email, first_name, group_ref, last_name, password, website) values (default, ?, ?, ?, ?, ?, ?, ?)
Hibernate: insert into person (id, date_of_birth, email, first_name, group_ref, last_name, password, website) values (default, ?, ?, ?, ?, ?, ?, ?)
Hibernate: insert into person (id, date_of_birth, email, first_name, group_ref, last_name, password, website) values (default, ?, ?, ?, ?, ?, ?, ?)
Hibernate: insert into person (id, date_of_birth, email, first_name, group_ref, last_name, password, website) values (default, ?, ?, ?, ?, ?, ?, ?)
Hibernate: insert into person (id, date_of_birth, email, first_name, group_ref, last_name, password, website) values (default, ?, ?, ?, ?, ?, ?, ?)
Hibernate: insert into person (id, date_of_birth, email, first_name, group_ref, last_name, password, website) values (default, ?, ?, ?, ?, ?, ?, ?)
Hibernate: insert into person (id, date_of_birth, email, first_name, group_ref, last_name, password, website) values (default, ?, ?, ?, ?, ?, ?, ?)
Hibernate: insert into person (id, date_of_birth, email, first_name, group_ref, last_name, password, website) values (default, ?, ?, ?, ?, ?, ?, ?)
Hibernate: insert into person (id, date_of_birth, email, first_name, group_ref, last_name, password, website) values (default, ?, ?, ?, ?, ?, ?, ?)
Hibernate: insert into person (id, date_of_birth, email, first_name, group_ref, last_name, password, website) values (default, ?, ?, ?, ?, ?, ?, ?)
Hibernate: insert into person (id, date_of_birth, email, first_name, group_ref, last_name, password, website) values (default, ?, ?, ?, ?, ?, ?, ?)
Hibernate: insert into person (id, date_of_birth, email, first_name, group_ref, last_name, password, website) values (default, ?, ?, ?, ?, ?, ?, ?)
Hibernate: insert into person (id, date_of_birth, email, first_name, group_ref, last_name, password, website) values (default, ?, ?, ?, ?, ?, ?, ?)
Hibernate: insert into person (id, date_of_birth, email, first_name, group_ref, last_name, password, website) values (default, ?, ?, ?, ?, ?, ?, ?)
Hibernate: insert into person (id, date_of_birth, email, first_name, group_ref, last_name, password, website) values (default, ?, ?, ?, ?, ?, ?, ?)
Hibernate: insert into person (id, date_of_birth, email, first_name, group_ref, last_name, password, website) values (default, ?, ?, ?, ?, ?, ?, ?)
Hibernate: insert into person (id, date_of_birth, email, first_name, group_ref, last_name, password, website) values (default, ?, ?, ?, ?, ?, ?, ?)
Hibernate: insert into person (id, date_of_birth, email, first_name, group_ref, last_name, password, website) values (default, ?, ?, ?, ?, ?, ?, ?)
Hibernate: insert into person (id, date_of_birth, email, first_name, group_ref, last_name, password, website) values (default, ?, ?, ?, ?, ?, ?, ?)
Hibernate: insert into person (id, date_of_birth, email, first_name, group_ref, last_name, password, website) values (default, ?, ?, ?, ?, ?, ?, ?)
Hibernate: insert into person (id, date_of_birth, email, first_name, group_ref, last_name, password, website) values (default, ?, ?, ?, ?, ?, ?, ?)
Hibernate: insert into person (id, date_of_birth, email, first_name, group_ref, last_name, password, website) values (default, ?, ?, ?, ?, ?, ?, ?)
Hibernate: insert into person (id, date_of_birth, email, first_name, group_ref, last_name, password, website) values (default, ?, ?, ?, ?, ?, ?, ?)
Hibernate: insert into person (id, date_of_birth, email, first_name, group_ref, last_name, password, website) values (default, ?, ?, ?, ?, ?, ?, ?)
Hibernate: insert into person (id, date_of_birth, email, first_name, group_ref, last_name, password, website) values (default, ?, ?, ?, ?, ?, ?, ?)
Hibernate: insert into person (id, date_of_birth, email, first_name, group_ref, last_name, password, website) values (default, ?, ?, ?, ?, ?, ?, ?)
Hibernate: insert into person (id, date_of_birth, email, first_name, group_ref, last_name, password, website) values (default, ?, ?, ?, ?, ?, ?, ?)
Hibernate: insert into person (id, date_of_birth, email, first_name, group_ref, last_name, password, website) values (default, ?, ?, ?, ?, ?, ?, ?)
Hibernate: insert into person (id, date_of_birth, email, first_name, group_ref, last_name, password, website) values (default, ?, ?, ?, ?, ?, ?, ?)
Hibernate: insert into person (id, date_of_birth, email, first_name, group_ref, last_name, password, website) values (default, ?, ?, ?, ?, ?, ?, ?)
Hibernate: insert into person (id, date_of_birth, email, first_name, group_ref, last_name, password, website) values (default, ?, ?, ?, ?, ?, ?, ?)
Hibernate: insert into person (id, date_of_birth, email, first_name, group_ref, last_name, password, website) values (default, ?, ?, ?, ?, ?, ?, ?)
Hibernate: insert into person (id, date_of_birth, email, first_name, group_ref, last_name, password, website) values (default, ?, ?, ?, ?, ?, ?, ?)
Hibernate: insert into person (id, date_of_birth, email, first_name, group_ref, last_name, password, website) values (default, ?, ?, ?, ?, ?, ?, ?)
Hibernate: insert into person (id, date_of_birth, email, first_name, group_ref, last_name, password, website) values (default, ?, ?, ?, ?, ?, ?, ?)
Hibernate: insert into person (id, date_of_birth, email, first_name, group_ref, last_name, password, website) values (default, ?, ?, ?, ?, ?, ?, ?)
Hibernate: insert into person (id, date_of_birth, email, first_name, group_ref, last_name, password, website) values (default, ?, ?, ?, ?, ?, ?, ?)
Hibernate: insert into person (id, date_of_birth, email, first_name, group_ref, last_name, password, website) values (default, ?, ?, ?, ?, ?, ?, ?)
Hibernate: insert into person (id, date_of_birth, email, first_name, group_ref, last_name, password, website) values (default, ?, ?, ?, ?, ?, ?, ?)
Hibernate: insert into person (id, date_of_birth, email, first_name, group_ref, last_name, password, website) values (default, ?, ?, ?, ?, ?, ?, ?)
Hibernate: insert into person (id, date_of_birth, email, first_name, group_ref, last_name, password, website) values (default, ?, ?, ?, ?, ?, ?, ?)
Hibernate: insert into person (id, date_of_birth, email, first_name, group_ref, last_name, password, website) values (default, ?, ?, ?, ?, ?, ?, ?)
Hibernate: insert into person (id, date_of_birth, email, first_name, group_ref, last_name, password, website) values (default, ?, ?, ?, ?, ?, ?, ?)
Hibernate: insert into person (id, date_of_birth, email, first_name, group_ref, last_name, password, website) values (default, ?, ?, ?, ?, ?, ?, ?)
Hibernate: insert into person (id, date_of_birth, email, first_name, group_ref, last_name, password, website) values (default, ?, ?, ?, ?, ?, ?, ?)
Hibernate: insert into person (id, date_of_birth, email, first_name, group_ref, last_name, password, website) values (default, ?, ?, ?, ?, ?, ?, ?)
Hibernate: insert into person (id, date_of_birth, email, first_name, group_ref, last_name, password, website) values (default, ?, ?, ?, ?, ?, ?, ?)
Hibernate: insert into person (id, date_of_birth, email, first_name, group_ref, last_name, password, website) values (default, ?, ?, ?, ?, ?, ?, ?)
Hibernate: insert into person (id, date_of_birth, email, first_name, group_ref, last_name, password, website) values (default, ?, ?, ?, ?, ?, ?, ?)
Hibernate: insert into person (id, date_of_birth, email, first_name, group_ref, last_name, password, website) values (default, ?, ?, ?, ?, ?, ?, ?)
Hibernate: insert into person (id, date_of_birth, email, first_name, group_ref, last_name, password, website) values (default, ?, ?, ?, ?, ?, ?, ?)
Hibernate: insert into person (id, date_of_birth, email, first_name, group_ref, last_name, password, website) values (default, ?, ?, ?, ?, ?, ?, ?)
Hibernate: insert into person (id, date_of_birth, email, first_name, group_ref, last_name, password, website) values (default, ?, ?, ?, ?, ?, ?, ?)
Hibernate: insert into person (id, date_of_birth, email, first_name, group_ref, last_name, password, website) values (default, ?, ?, ?, ?, ?, ?, ?)
Hibernate: insert into person (id, date_of_birth, email, first_name, group_ref, last_name, password, website) values (default, ?, ?, ?, ?, ?, ?, ?)
Hibernate: insert into person (id, date_of_birth, email, first_name, group_ref, last_name, password, website) values (default, ?, ?, ?, ?, ?, ?, ?)
Hibernate: insert into person (id, date_of_birth, email, first_name, group_ref, last_name, password, website) values (default, ?, ?, ?, ?, ?, ?, ?)
Hibernate: insert into person (id, date_of_birth, email, first_name, group_ref, last_name, password, website) values (default, ?, ?, ?, ?, ?, ?, ?)
Hibernate: insert into person (id, date_of_birth, email, first_name, group_ref, last_name, password, website) values (default, ?, ?, ?, ?, ?, ?, ?)
Hibernate: insert into person (id, date_of_birth, email, first_name, group_ref, last_name, password, website) values (default, ?, ?, ?, ?, ?, ?, ?)
Hibernate: insert into person (id, date_of_birth, email, first_name, group_ref, last_name, password, website) values (default, ?, ?, ?, ?, ?, ?, ?)
Hibernate: insert into person (id, date_of_birth, email, first_name, group_ref, last_name, password, website) values (default, ?, ?, ?, ?, ?, ?, ?)
Hibernate: insert into person (id, date_of_birth, email, first_name, group_ref, last_name, password, website) values (default, ?, ?, ?, ?, ?, ?, ?)
Hibernate: insert into person (id, date_of_birth, email, first_name, group_ref, last_name, password, website) values (default, ?, ?, ?, ?, ?, ?, ?)
Hibernate: insert into person (id, date_of_birth, email, first_name, group_ref, last_name, password, website) values (default, ?, ?, ?, ?, ?, ?, ?)
Hibernate: insert into person (id, date_of_birth, email, first_name, group_ref, last_name, password, website) values (default, ?, ?, ?, ?, ?, ?, ?)
Hibernate: insert into person (id, date_of_birth, email, first_name, group_ref, last_name, password, website) values (default, ?, ?, ?, ?, ?, ?, ?)
Hibernate: insert into person (id, date_of_birth, email, first_name, group_ref, last_name, password, website) values (default, ?, ?, ?, ?, ?, ?, ?)
Hibernate: insert into person (id, date_of_birth, email, first_name, group_ref, last_name, password, website) values (default, ?, ?, ?, ?, ?, ?, ?)
Hibernate: insert into person (id, date_of_birth, email, first_name, group_ref, last_name, password, website) values (default, ?, ?, ?, ?, ?, ?, ?)
Hibernate: insert into person (id, date_of_birth, email, first_name, group_ref, last_name, password, website) values (default, ?, ?, ?, ?, ?, ?, ?)
Hibernate: insert into person (id, date_of_birth, email, first_name, group_ref, last_name, password, website) values (default, ?, ?, ?, ?, ?, ?, ?)
Hibernate: insert into person (id, date_of_birth, email, first_name, group_ref, last_name, password, website) values (default, ?, ?, ?, ?, ?, ?, ?)
Hibernate: insert into person (id, date_of_birth, email, first_name, group_ref, last_name, password, website) values (default, ?, ?, ?, ?, ?, ?, ?)
Hibernate: insert into person (id, date_of_birth, email, first_name, group_ref, last_name, password, website) values (default, ?, ?, ?, ?, ?, ?, ?)
Hibernate: insert into person (id, date_of_birth, email, first_name, group_ref, last_name, password, website) values (default, ?, ?, ?, ?, ?, ?, ?)
Hibernate: insert into person (id, date_of_birth, email, first_name, group_ref, last_name, password, website) values (default, ?, ?, ?, ?, ?, ?, ?)
Hibernate: insert into person (id, date_of_birth, email, first_name, group_ref, last_name, password, website) values (default, ?, ?, ?, ?, ?, ?, ?)
Hibernate: insert into person (id, date_of_birth, email, first_name, group_ref, last_name, password, website) values (default, ?, ?, ?, ?, ?, ?, ?)
Hibernate: insert into person (id, date_of_birth, email, first_name, group_ref, last_name, password, website) values (default, ?, ?, ?, ?, ?, ?, ?)
Hibernate: insert into person (id, date_of_birth, email, first_name, group_ref, last_name, password, website) values (default, ?, ?, ?, ?, ?, ?, ?)
Hibernate: insert into person (id, date_of_birth, email, first_name, group_ref, last_name, password, website) values (default, ?, ?, ?, ?, ?, ?, ?)
Hibernate: insert into person (id, date_of_birth, email, first_name, group_ref, last_name, password, website) values (default, ?, ?, ?, ?, ?, ?, ?)
Hibernate: insert into person (id, date_of_birth, email, first_name, group_ref, last_name, password, website) values (default, ?, ?, ?, ?, ?, ?, ?)
Hibernate: insert into person (id, date_of_birth, email, first_name, group_ref, last_name, password, website) values (default, ?, ?, ?, ?, ?, ?, ?)
Hibernate: insert into person (id, date_of_birth, email, first_name, group_ref, last_name, password, website) values (default, ?, ?, ?, ?, ?, ?, ?)
Hibernate: insert into person (id, date_of_birth, email, first_name, group_ref, last_name, password, website) values (default, ?, ?, ?, ?, ?, ?, ?)
Hibernate: insert into person (id, date_of_birth, email, first_name, group_ref, last_name, password, website) values (default, ?, ?, ?, ?, ?, ?, ?)
Hibernate: insert into person (id, date_of_birth, email, first_name, group_ref, last_name, password, website) values (default, ?, ?, ?, ?, ?, ?, ?)
Hibernate: insert into person (id, date_of_birth, email, first_name, group_ref, last_name, password, website) values (default, ?, ?, ?, ?, ?, ?, ?)
Hibernate: insert into person (id, date_of_birth, email, first_name, group_ref, last_name, password, website) values (default, ?, ?, ?, ?, ?, ?, ?)
Hibernate: insert into person (id, date_of_birth, email, first_name, group_ref, last_name, password, website) values (default, ?, ?, ?, ?, ?, ?, ?)
Hibernate: insert into person (id, date_of_birth, email, first_name, group_ref, last_name, password, website) values (default, ?, ?, ?, ?, ?, ?, ?)
Hibernate: insert into person (id, date_of_birth, email, first_name, group_ref, last_name, password, website) values (default, ?, ?, ?, ?, ?, ?, ?)
Hibernate: insert into person (id, date_of_birth, email, first_name, group_ref, last_name, password, website) values (default, ?, ?, ?, ?, ?, ?, ?)
Hibernate: insert into person (id, date_of_birth, email, first_name, group_ref, last_name, password, website) values (default, ?, ?, ?, ?, ?, ?, ?)
Hibernate: insert into person (id, date_of_birth, email, first_name, group_ref, last_name, password, website) values (default, ?, ?, ?, ?, ?, ?, ?)
Hibernate: insert into person (id, date_of_birth, email, first_name, group_ref, last_name, password, website) values (default, ?, ?, ?, ?, ?, ?, ?)
Hibernate: insert into person (id, date_of_birth, email, first_name, group_ref, last_name, password, website) values (default, ?, ?, ?, ?, ?, ?, ?)
Hibernate: insert into person (id, date_of_birth, email, first_name, group_ref, last_name, password, website) values (default, ?, ?, ?, ?, ?, ?, ?)
Hibernate: insert into person (id, date_of_birth, email, first_name, group_ref, last_name, password, website) values (default, ?, ?, ?, ?, ?, ?, ?)
Hibernate: insert into person (id, date_of_birth, email, first_name, group_ref, last_name, password, website) values (default, ?, ?, ?, ?, ?, ?, ?)
Hibernate: insert into person (id, date_of_birth, email, first_name, group_ref, last_name, password, website) values (default, ?, ?, ?, ?, ?, ?, ?)
Hibernate: insert into person (id, date_of_birth, email, first_name, group_ref, last_name, password, website) values (default, ?, ?, ?, ?, ?, ?, ?)
Hibernate: insert into person (id, date_of_birth, email, first_name, group_ref, last_name, password, website) values (default, ?, ?, ?, ?, ?, ?, ?)
Hibernate: insert into person (id, date_of_birth, email, first_name, group_ref, last_name, password, website) values (default, ?, ?, ?, ?, ?, ?, ?)
Hibernate: insert into person (id, date_of_birth, email, first_name, group_ref, last_name, password, website) values (default, ?, ?, ?, ?, ?, ?, ?)
Hibernate: insert into person (id, date_of_birth, email, first_name, group_ref, last_name, password, website) values (default, ?, ?, ?, ?, ?, ?, ?)
Hibernate: insert into person (id, date_of_birth, email, first_name, group_ref, last_name, password, website) values (default, ?, ?, ?, ?, ?, ?, ?)
Hibernate: insert into person (id, date_of_birth, email, first_name, group_ref, last_name, password, website) values (default, ?, ?, ?, ?, ?, ?, ?)
Hibernate: insert into person (id, date_of_birth, email, first_name, group_ref, last_name, password, website) values (default, ?, ?, ?, ?, ?, ?, ?)
Hibernate: insert into person (id, date_of_birth, email, first_name, group_ref, last_name, password, website) values (default, ?, ?, ?, ?, ?, ?, ?)
Hibernate: insert into person (id, date_of_birth, email, first_name, group_ref, last_name, password, website) values (default, ?, ?, ?, ?, ?, ?, ?)
Hibernate: insert into person (id, date_of_birth, email, first_name, group_ref, last_name, password, website) values (default, ?, ?, ?, ?, ?, ?, ?)
Hibernate: insert into person (id, date_of_birth, email, first_name, group_ref, last_name, password, website) values (default, ?, ?, ?, ?, ?, ?, ?)
Hibernate: insert into person (id, date_of_birth, email, first_name, group_ref, last_name, password, website) values (default, ?, ?, ?, ?, ?, ?, ?)
Hibernate: insert into person (id, date_of_birth, email, first_name, group_ref, last_name, password, website) values (default, ?, ?, ?, ?, ?, ?, ?)
Hibernate: insert into person (id, date_of_birth, email, first_name, group_ref, last_name, password, website) values (default, ?, ?, ?, ?, ?, ?, ?)
Hibernate: insert into person (id, date_of_birth, email, first_name, group_ref, last_name, password, website) values (default, ?, ?, ?, ?, ?, ?, ?)
Hibernate: insert into person (id, date_of_birth, email, first_name, group_ref, last_name, password, website) values (default, ?, ?, ?, ?, ?, ?, ?)
Hibernate: insert into person (id, date_of_birth, email, first_name, group_ref, last_name, password, website) values (default, ?, ?, ?, ?, ?, ?, ?)
Hibernate: insert into person (id, date_of_birth, email, first_name, group_ref, last_name, password, website) values (default, ?, ?, ?, ?, ?, ?, ?)
Hibernate: insert into person (id, date_of_birth, email, first_name, group_ref, last_name, password, website) values (default, ?, ?, ?, ?, ?, ?, ?)
Hibernate: insert into person (id, date_of_birth, email, first_name, group_ref, last_name, password, website) values (default, ?, ?, ?, ?, ?, ?, ?)
Hibernate: insert into person (id, date_of_birth, email, first_name, group_ref, last_name, password, website) values (default, ?, ?, ?, ?, ?, ?, ?)
Hibernate: insert into person (id, date_of_birth, email, first_name, group_ref, last_name, password, website) values (default, ?, ?, ?, ?, ?, ?, ?)
Hibernate: insert into person (id, date_of_birth, email, first_name, group_ref, last_name, password, website) values (default, ?, ?, ?, ?, ?, ?, ?)
Hibernate: insert into person (id, date_of_birth, email, first_name, group_ref, last_name, password, website) values (default, ?, ?, ?, ?, ?, ?, ?)
Hibernate: insert into person (id, date_of_birth, email, first_name, group_ref, last_name, password, website) values (default, ?, ?, ?, ?, ?, ?, ?)
Hibernate: insert into person (id, date_of_birth, email, first_name, group_ref, last_name, password, website) values (default, ?, ?, ?, ?, ?, ?, ?)
Hibernate: insert into person (id, date_of_birth, email, first_name, group_ref, last_name, password, website) values (default, ?, ?, ?, ?, ?, ?, ?)
Hibernate: insert into person (id, date_of_birth, email, first_name, group_ref, last_name, password, website) values (default, ?, ?, ?, ?, ?, ?, ?)
Hibernate: insert into person (id, date_of_birth, email, first_name, group_ref, last_name, password, website) values (default, ?, ?, ?, ?, ?, ?, ?)
Hibernate: insert into person (id, date_of_birth, email, first_name, group_ref, last_name, password, website) values (default, ?, ?, ?, ?, ?, ?, ?)
Hibernate: insert into person (id, date_of_birth, email, first_name, group_ref, last_name, password, website) values (default, ?, ?, ?, ?, ?, ?, ?)
Hibernate: insert into person (id, date_of_birth, email, first_name, group_ref, last_name, password, website) values (default, ?, ?, ?, ?, ?, ?, ?)
Hibernate: insert into person (id, date_of_birth, email, first_name, group_ref, last_name, password, website) values (default, ?, ?, ?, ?, ?, ?, ?)
Hibernate: insert into person (id, date_of_birth, email, first_name, group_ref, last_name, password, website) values (default, ?, ?, ?, ?, ?, ?, ?)
Hibernate: insert into person (id, date_of_birth, email, first_name, group_ref, last_name, password, website) values (default, ?, ?, ?, ?, ?, ?, ?)
Hibernate: insert into person (id, date_of_birth, email, first_name, group_ref, last_name, password, website) values (default, ?, ?, ?, ?, ?, ?, ?)
Hibernate: insert into person (id, date_of_birth, email, first_name, group_ref, last_name, password, website) values (default, ?, ?, ?, ?, ?, ?, ?)
Hibernate: insert into person (id, date_of_birth, email, first_name, group_ref, last_name, password, website) values (default, ?, ?, ?, ?, ?, ?, ?)
Hibernate: insert into person (id, date_of_birth, email, first_name, group_ref, last_name, password, website) values (default, ?, ?, ?, ?, ?, ?, ?)
Hibernate: insert into person (id, date_of_birth, email, first_name, group_ref, last_name, password, website) values (default, ?, ?, ?, ?, ?, ?, ?)
Hibernate: insert into person (id, date_of_birth, email, first_name, group_ref, last_name, password, website) values (default, ?, ?, ?, ?, ?, ?, ?)
Hibernate: insert into person (id, date_of_birth, email, first_name, group_ref, last_name, password, website) values (default, ?, ?, ?, ?, ?, ?, ?)
Hibernate: insert into person (id, date_of_birth, email, first_name, group_ref, last_name, password, website) values (default, ?, ?, ?, ?, ?, ?, ?)
Hibernate: insert into person (id, date_of_birth, email, first_name, group_ref, last_name, password, website) values (default, ?, ?, ?, ?, ?, ?, ?)
Hibernate: insert into person (id, date_of_birth, email, first_name, group_ref, last_name, password, website) values (default, ?, ?, ?, ?, ?, ?, ?)
Hibernate: insert into person (id, date_of_birth, email, first_name, group_ref, last_name, password, website) values (default, ?, ?, ?, ?, ?, ?, ?)
Hibernate: insert into person (id, date_of_birth, email, first_name, group_ref, last_name, password, website) values (default, ?, ?, ?, ?, ?, ?, ?)
Hibernate: insert into person (id, date_of_birth, email, first_name, group_ref, last_name, password, website) values (default, ?, ?, ?, ?, ?, ?, ?)
Hibernate: insert into person (id, date_of_birth, email, first_name, group_ref, last_name, password, website) values (default, ?, ?, ?, ?, ?, ?, ?)
Hibernate: insert into person (id, date_of_birth, email, first_name, group_ref, last_name, password, website) values (default, ?, ?, ?, ?, ?, ?, ?)
Hibernate: insert into person (id, date_of_birth, email, first_name, group_ref, last_name, password, website) values (default, ?, ?, ?, ?, ?, ?, ?)
Hibernate: insert into person (id, date_of_birth, email, first_name, group_ref, last_name, password, website) values (default, ?, ?, ?, ?, ?, ?, ?)
Hibernate: insert into person (id, date_of_birth, email, first_name, group_ref, last_name, password, website) values (default, ?, ?, ?, ?, ?, ?, ?)
Hibernate: insert into person (id, date_of_birth, email, first_name, group_ref, last_name, password, website) values (default, ?, ?, ?, ?, ?, ?, ?)
Hibernate: insert into person (id, date_of_birth, email, first_name, group_ref, last_name, password, website) values (default, ?, ?, ?, ?, ?, ?, ?)
Hibernate: insert into person (id, date_of_birth, email, first_name, group_ref, last_name, password, website) values (default, ?, ?, ?, ?, ?, ?, ?)
Hibernate: insert into person (id, date_of_birth, email, first_name, group_ref, last_name, password, website) values (default, ?, ?, ?, ?, ?, ?, ?)
Hibernate: insert into person (id, date_of_birth, email, first_name, group_ref, last_name, password, website) values (default, ?, ?, ?, ?, ?, ?, ?)
Hibernate: insert into person (id, date_of_birth, email, first_name, group_ref, last_name, password, website) values (default, ?, ?, ?, ?, ?, ?, ?)
Hibernate: insert into person (id, date_of_birth, email, first_name, group_ref, last_name, password, website) values (default, ?, ?, ?, ?, ?, ?, ?)
Hibernate: insert into person (id, date_of_birth, email, first_name, group_ref, last_name, password, website) values (default, ?, ?, ?, ?, ?, ?, ?)
Hibernate: insert into person (id, date_of_birth, email, first_name, group_ref, last_name, password, website) values (default, ?, ?, ?, ?, ?, ?, ?)
Hibernate: insert into person (id, date_of_birth, email, first_name, group_ref, last_name, password, website) values (default, ?, ?, ?, ?, ?, ?, ?)
Hibernate: insert into person (id, date_of_birth, email, first_name, group_ref, last_name, password, website) values (default, ?, ?, ?, ?, ?, ?, ?)
Hibernate: insert into person (id, date_of_birth, email, first_name, group_ref, last_name, password, website) values (default, ?, ?, ?, ?, ?, ?, ?)
Hibernate: insert into person (id, date_of_birth, email, first_name, group_ref, last_name, password, website) values (default, ?, ?, ?, ?, ?, ?, ?)
Hibernate: insert into person (id, date_of_birth, email, first_name, group_ref, last_name, password, website) values (default, ?, ?, ?, ?, ?, ?, ?)
Hibernate: insert into person (id, date_of_birth, email, first_name, group_ref, last_name, password, website) values (default, ?, ?, ?, ?, ?, ?, ?)
Hibernate: insert into person (id, date_of_birth, email, first_name, group_ref, last_name, password, website) values (default, ?, ?, ?, ?, ?, ?, ?)
Hibernate: insert into person (id, date_of_birth, email, first_name, group_ref, last_name, password, website) values (default, ?, ?, ?, ?, ?, ?, ?)
Hibernate: insert into person (id, date_of_birth, email, first_name, group_ref, last_name, password, website) values (default, ?, ?, ?, ?, ?, ?, ?)
Hibernate: insert into person (id, date_of_birth, email, first_name, group_ref, last_name, password, website) values (default, ?, ?, ?, ?, ?, ?, ?)
Hibernate: insert into person (id, date_of_birth, email, first_name, group_ref, last_name, password, website) values (default, ?, ?, ?, ?, ?, ?, ?)
Hibernate: insert into person (id, date_of_birth, email, first_name, group_ref, last_name, password, website) values (default, ?, ?, ?, ?, ?, ?, ?)
Hibernate: insert into person (id, date_of_birth, email, first_name, group_ref, last_name, password, website) values (default, ?, ?, ?, ?, ?, ?, ?)
Hibernate: insert into person (id, date_of_birth, email, first_name, group_ref, last_name, password, website) values (default, ?, ?, ?, ?, ?, ?, ?)
Hibernate: insert into person (id, date_of_birth, email, first_name, group_ref, last_name, password, website) values (default, ?, ?, ?, ?, ?, ?, ?)
Hibernate: insert into person (id, date_of_birth, email, first_name, group_ref, last_name, password, website) values (default, ?, ?, ?, ?, ?, ?, ?)
Hibernate: insert into person (id, date_of_birth, email, first_name, group_ref, last_name, password, website) values (default, ?, ?, ?, ?, ?, ?, ?)
Hibernate: insert into person (id, date_of_birth, email, first_name, group_ref, last_name, password, website) values (default, ?, ?, ?, ?, ?, ?, ?)
Hibernate: insert into person (id, date_of_birth, email, first_name, group_ref, last_name, password, website) values (default, ?, ?, ?, ?, ?, ?, ?)
Hibernate: insert into person (id, date_of_birth, email, first_name, group_ref, last_name, password, website) values (default, ?, ?, ?, ?, ?, ?, ?)
Hibernate: insert into person (id, date_of_birth, email, first_name, group_ref, last_name, password, website) values (default, ?, ?, ?, ?, ?, ?, ?)
Hibernate: insert into person (id, date_of_birth, email, first_name, group_ref, last_name, password, website) values (default, ?, ?, ?, ?, ?, ?, ?)
Hibernate: insert into person (id, date_of_birth, email, first_name, group_ref, last_name, password, website) values (default, ?, ?, ?, ?, ?, ?, ?)
Hibernate: insert into person (id, date_of_birth, email, first_name, group_ref, last_name, password, website) values (default, ?, ?, ?, ?, ?, ?, ?)
Hibernate: insert into person (id, date_of_birth, email, first_name, group_ref, last_name, password, website) values (default, ?, ?, ?, ?, ?, ?, ?)
Hibernate: insert into person (id, date_of_birth, email, first_name, group_ref, last_name, password, website) values (default, ?, ?, ?, ?, ?, ?, ?)
Hibernate: insert into person (id, date_of_birth, email, first_name, group_ref, last_name, password, website) values (default, ?, ?, ?, ?, ?, ?, ?)
Hibernate: insert into person (id, date_of_birth, email, first_name, group_ref, last_name, password, website) values (default, ?, ?, ?, ?, ?, ?, ?)
Hibernate: insert into person (id, date_of_birth, email, first_name, group_ref, last_name, password, website) values (default, ?, ?, ?, ?, ?, ?, ?)
Hibernate: insert into person (id, date_of_birth, email, first_name, group_ref, last_name, password, website) values (default, ?, ?, ?, ?, ?, ?, ?)
Hibernate: insert into person (id, date_of_birth, email, first_name, group_ref, last_name, password, website) values (default, ?, ?, ?, ?, ?, ?, ?)
Hibernate: insert into person (id, date_of_birth, email, first_name, group_ref, last_name, password, website) values (default, ?, ?, ?, ?, ?, ?, ?)
Hibernate: insert into person (id, date_of_birth, email, first_name, group_ref, last_name, password, website) values (default, ?, ?, ?, ?, ?, ?, ?)
Hibernate: insert into person (id, date_of_birth, email, first_name, group_ref, last_name, password, website) values (default, ?, ?, ?, ?, ?, ?, ?)
Hibernate: insert into person (id, date_of_birth, email, first_name, group_ref, last_name, password, website) values (default, ?, ?, ?, ?, ?, ?, ?)
Hibernate: insert into person (id, date_of_birth, email, first_name, group_ref, last_name, password, website) values (default, ?, ?, ?, ?, ?, ?, ?)
Hibernate: insert into person (id, date_of_birth, email, first_name, group_ref, last_name, password, website) values (default, ?, ?, ?, ?, ?, ?, ?)
Hibernate: insert into person (id, date_of_birth, email, first_name, group_ref, last_name, password, website) values (default, ?, ?, ?, ?, ?, ?, ?)
Hibernate: insert into person (id, date_of_birth, email, first_name, group_ref, last_name, password, website) values (default, ?, ?, ?, ?, ?, ?, ?)
Hibernate: insert into person (id, date_of_birth, email, first_name, group_ref, last_name, password, website) values (default, ?, ?, ?, ?, ?, ?, ?)
Hibernate: insert into person (id, date_of_birth, email, first_name, group_ref, last_name, password, website) values (default, ?, ?, ?, ?, ?, ?, ?)
Hibernate: insert into person (id, date_of_birth, email, first_name, group_ref, last_name, password, website) values (default, ?, ?, ?, ?, ?, ?, ?)
Hibernate: insert into person (id, date_of_birth, email, first_name, group_ref, last_name, password, website) values (default, ?, ?, ?, ?, ?, ?, ?)
Hibernate: insert into person (id, date_of_birth, email, first_name, group_ref, last_name, password, website) values (default, ?, ?, ?, ?, ?, ?, ?)
Hibernate: insert into person (id, date_of_birth, email, first_name, group_ref, last_name, password, website) values (default, ?, ?, ?, ?, ?, ?, ?)
Hibernate: insert into person (id, date_of_birth, email, first_name, group_ref, last_name, password, website) values (default, ?, ?, ?, ?, ?, ?, ?)
Hibernate: insert into person (id, date_of_birth, email, first_name, group_ref, last_name, password, website) values (default, ?, ?, ?, ?, ?, ?, ?)
Hibernate: insert into person (id, date_of_birth, email, first_name, group_ref, last_name, password, website) values (default, ?, ?, ?, ?, ?, ?, ?)
Hibernate: insert into person (id, date_of_birth, email, first_name, group_ref, last_name, password, website) values (default, ?, ?, ?, ?, ?, ?, ?)
Hibernate: insert into person (id, date_of_birth, email, first_name, group_ref, last_name, password, website) values (default, ?, ?, ?, ?, ?, ?, ?)
Hibernate: insert into person (id, date_of_birth, email, first_name, group_ref, last_name, password, website) values (default, ?, ?, ?, ?, ?, ?, ?)
Hibernate: insert into person (id, date_of_birth, email, first_name, group_ref, last_name, password, website) values (default, ?, ?, ?, ?, ?, ?, ?)
Hibernate: insert into person (id, date_of_birth, email, first_name, group_ref, last_name, password, website) values (default, ?, ?, ?, ?, ?, ?, ?)
Hibernate: insert into person (id, date_of_birth, email, first_name, group_ref, last_name, password, website) values (default, ?, ?, ?, ?, ?, ?, ?)
Hibernate: insert into person (id, date_of_birth, email, first_name, group_ref, last_name, password, website) values (default, ?, ?, ?, ?, ?, ?, ?)
Hibernate: insert into person (id, date_of_birth, email, first_name, group_ref, last_name, password, website) values (default, ?, ?, ?, ?, ?, ?, ?)
Hibernate: insert into person (id, date_of_birth, email, first_name, group_ref, last_name, password, website) values (default, ?, ?, ?, ?, ?, ?, ?)
Hibernate: insert into person (id, date_of_birth, email, first_name, group_ref, last_name, password, website) values (default, ?, ?, ?, ?, ?, ?, ?)
Hibernate: insert into person (id, date_of_birth, email, first_name, group_ref, last_name, password, website) values (default, ?, ?, ?, ?, ?, ?, ?)
Hibernate: insert into person (id, date_of_birth, email, first_name, group_ref, last_name, password, website) values (default, ?, ?, ?, ?, ?, ?, ?)
Hibernate: insert into person (id, date_of_birth, email, first_name, group_ref, last_name, password, website) values (default, ?, ?, ?, ?, ?, ?, ?)
Hibernate: insert into person (id, date_of_birth, email, first_name, group_ref, last_name, password, website) values (default, ?, ?, ?, ?, ?, ?, ?)
Hibernate: insert into person (id, date_of_birth, email, first_name, group_ref, last_name, password, website) values (default, ?, ?, ?, ?, ?, ?, ?)
Hibernate: insert into person (id, date_of_birth, email, first_name, group_ref, last_name, password, website) values (default, ?, ?, ?, ?, ?, ?, ?)
Hibernate: insert into person (id, date_of_birth, email, first_name, group_ref, last_name, password, website) values (default, ?, ?, ?, ?, ?, ?, ?)
Hibernate: insert into person (id, date_of_birth, email, first_name, group_ref, last_name, password, website) values (default, ?, ?, ?, ?, ?, ?, ?)
Hibernate: insert into person (id, date_of_birth, email, first_name, group_ref, last_name, password, website) values (default, ?, ?, ?, ?, ?, ?, ?)
Hibernate: insert into person (id, date_of_birth, email, first_name, group_ref, last_name, password, website) values (default, ?, ?, ?, ?, ?, ?, ?)
Hibernate: insert into person (id, date_of_birth, email, first_name, group_ref, last_name, password, website) values (default, ?, ?, ?, ?, ?, ?, ?)
Hibernate: insert into person (id, date_of_birth, email, first_name, group_ref, last_name, password, website) values (default, ?, ?, ?, ?, ?, ?, ?)
Hibernate: insert into person (id, date_of_birth, email, first_name, group_ref, last_name, password, website) values (default, ?, ?, ?, ?, ?, ?, ?)
Hibernate: insert into person (id, date_of_birth, email, first_name, group_ref, last_name, password, website) values (default, ?, ?, ?, ?, ?, ?, ?)
Hibernate: insert into person (id, date_of_birth, email, first_name, group_ref, last_name, password, website) values (default, ?, ?, ?, ?, ?, ?, ?)
Hibernate: insert into person (id, date_of_birth, email, first_name, group_ref, last_name, password, website) values (default, ?, ?, ?, ?, ?, ?, ?)
Hibernate: insert into person (id, date_of_birth, email, first_name, group_ref, last_name, password, website) values (default, ?, ?, ?, ?, ?, ?, ?)
Hibernate: insert into person (id, date_of_birth, email, first_name, group_ref, last_name, password, website) values (default, ?, ?, ?, ?, ?, ?, ?)
Hibernate: insert into person (id, date_of_birth, email, first_name, group_ref, last_name, password, website) values (default, ?, ?, ?, ?, ?, ?, ?)
Hibernate: insert into person (id, date_of_birth, email, first_name, group_ref, last_name, password, website) values (default, ?, ?, ?, ?, ?, ?, ?)
Hibernate: insert into person (id, date_of_birth, email, first_name, group_ref, last_name, password, website) values (default, ?, ?, ?, ?, ?, ?, ?)
Hibernate: insert into person (id, date_of_birth, email, first_name, group_ref, last_name, password, website) values (default, ?, ?, ?, ?, ?, ?, ?)
Hibernate: insert into person (id, date_of_birth, email, first_name, group_ref, last_name, password, website) values (default, ?, ?, ?, ?, ?, ?, ?)
Hibernate: insert into person (id, date_of_birth, email, first_name, group_ref, last_name, password, website) values (default, ?, ?, ?, ?, ?, ?, ?)
Hibernate: insert into person (id, date_of_birth, email, first_name, group_ref, last_name, password, website) values (default, ?, ?, ?, ?, ?, ?, ?)
Hibernate: insert into person (id, date_of_birth, email, first_name, group_ref, last_name, password, website) values (default, ?, ?, ?, ?, ?, ?, ?)
Hibernate: insert into person (id, date_of_birth, email, first_name, group_ref, last_name, password, website) values (default, ?, ?, ?, ?, ?, ?, ?)
Hibernate: insert into person (id, date_of_birth, email, first_name, group_ref, last_name, password, website) values (default, ?, ?, ?, ?, ?, ?, ?)
Hibernate: insert into person (id, date_of_birth, email, first_name, group_ref, last_name, password, website) values (default, ?, ?, ?, ?, ?, ?, ?)
Hibernate: insert into person (id, date_of_birth, email, first_name, group_ref, last_name, password, website) values (default, ?, ?, ?, ?, ?, ?, ?)
Hibernate: insert into person (id, date_of_birth, email, first_name, group_ref, last_name, password, website) values (default, ?, ?, ?, ?, ?, ?, ?)
Hibernate: insert into person (id, date_of_birth, email, first_name, group_ref, last_name, password, website) values (default, ?, ?, ?, ?, ?, ?, ?)
Hibernate: insert into person (id, date_of_birth, email, first_name, group_ref, last_name, password, website) values (default, ?, ?, ?, ?, ?, ?, ?)
Hibernate: insert into person (id, date_of_birth, email, first_name, group_ref, last_name, password, website) values (default, ?, ?, ?, ?, ?, ?, ?)
Hibernate: insert into person (id, date_of_birth, email, first_name, group_ref, last_name, password, website) values (default, ?, ?, ?, ?, ?, ?, ?)
Hibernate: insert into person (id, date_of_birth, email, first_name, group_ref, last_name, password, website) values (default, ?, ?, ?, ?, ?, ?, ?)
Hibernate: insert into person (id, date_of_birth, email, first_name, group_ref, last_name, password, website) values (default, ?, ?, ?, ?, ?, ?, ?)
Hibernate: insert into person (id, date_of_birth, email, first_name, group_ref, last_name, password, website) values (default, ?, ?, ?, ?, ?, ?, ?)
Hibernate: insert into person (id, date_of_birth, email, first_name, group_ref, last_name, password, website) values (default, ?, ?, ?, ?, ?, ?, ?)
Hibernate: insert into person (id, date_of_birth, email, first_name, group_ref, last_name, password, website) values (default, ?, ?, ?, ?, ?, ?, ?)
Hibernate: insert into person (id, date_of_birth, email, first_name, group_ref, last_name, password, website) values (default, ?, ?, ?, ?, ?, ?, ?)
Hibernate: insert into person (id, date_of_birth, email, first_name, group_ref, last_name, password, website) values (default, ?, ?, ?, ?, ?, ?, ?)
Hibernate: insert into person (id, date_of_birth, email, first_name, group_ref, last_name, password, website) values (default, ?, ?, ?, ?, ?, ?, ?)
Hibernate: insert into person (id, date_of_birth, email, first_name, group_ref, last_name, password, website) values (default, ?, ?, ?, ?, ?, ?, ?)
Hibernate: insert into person (id, date_of_birth, email, first_name, group_ref, last_name, password, website) values (default, ?, ?, ?, ?, ?, ?, ?)
Hibernate: insert into person (id, date_of_birth, email, first_name, group_ref, last_name, password, website) values (default, ?, ?, ?, ?, ?, ?, ?)
Hibernate: insert into person (id, date_of_birth, email, first_name, group_ref, last_name, password, website) values (default, ?, ?, ?, ?, ?, ?, ?)
Hibernate: insert into person (id, date_of_birth, email, first_name, group_ref, last_name, password, website) values (default, ?, ?, ?, ?, ?, ?, ?)
Hibernate: insert into person (id, date_of_birth, email, first_name, group_ref, last_name, password, website) values (default, ?, ?, ?, ?, ?, ?, ?)
Hibernate: insert into person (id, date_of_birth, email, first_name, group_ref, last_name, password, website) values (default, ?, ?, ?, ?, ?, ?, ?)
Hibernate: insert into person (id, date_of_birth, email, first_name, group_ref, last_name, password, website) values (default, ?, ?, ?, ?, ?, ?, ?)
Hibernate: insert into person (id, date_of_birth, email, first_name, group_ref, last_name, password, website) values (default, ?, ?, ?, ?, ?, ?, ?)
Hibernate: insert into person (id, date_of_birth, email, first_name, group_ref, last_name, password, website) values (default, ?, ?, ?, ?, ?, ?, ?)
Hibernate: insert into person (id, date_of_birth, email, first_name, group_ref, last_name, password, website) values (default, ?, ?, ?, ?, ?, ?, ?)
Hibernate: insert into person (id, date_of_birth, email, first_name, group_ref, last_name, password, website) values (default, ?, ?, ?, ?, ?, ?, ?)
Hibernate: insert into person (id, date_of_birth, email, first_name, group_ref, last_name, password, website) values (default, ?, ?, ?, ?, ?, ?, ?)
Hibernate: insert into person (id, date_of_birth, email, first_name, group_ref, last_name, password, website) values (default, ?, ?, ?, ?, ?, ?, ?)
Hibernate: insert into person (id, date_of_birth, email, first_name, group_ref, last_name, password, website) values (default, ?, ?, ?, ?, ?, ?, ?)
Hibernate: insert into person (id, date_of_birth, email, first_name, group_ref, last_name, password, website) values (default, ?, ?, ?, ?, ?, ?, ?)
Hibernate: insert into person (id, date_of_birth, email, first_name, group_ref, last_name, password, website) values (default, ?, ?, ?, ?, ?, ?, ?)
Hibernate: insert into person (id, date_of_birth, email, first_name, group_ref, last_name, password, website) values (default, ?, ?, ?, ?, ?, ?, ?)
Hibernate: insert into person (id, date_of_birth, email, first_name, group_ref, last_name, password, website) values (default, ?, ?, ?, ?, ?, ?, ?)
Hibernate: insert into person (id, date_of_birth, email, first_name, group_ref, last_name, password, website) values (default, ?, ?, ?, ?, ?, ?, ?)
Hibernate: insert into person (id, date_of_birth, email, first_name, group_ref, last_name, password, website) values (default, ?, ?, ?, ?, ?, ?, ?)
Hibernate: insert into person (id, date_of_birth, email, first_name, group_ref, last_name, password, website) values (default, ?, ?, ?, ?, ?, ?, ?)
Hibernate: insert into person (id, date_of_birth, email, first_name, group_ref, last_name, password, website) values (default, ?, ?, ?, ?, ?, ?, ?)
Hibernate: insert into person (id, date_of_birth, email, first_name, group_ref, last_name, password, website) values (default, ?, ?, ?, ?, ?, ?, ?)
Hibernate: insert into person (id, date_of_birth, email, first_name, group_ref, last_name, password, website) values (default, ?, ?, ?, ?, ?, ?, ?)
Hibernate: insert into person (id, date_of_birth, email, first_name, group_ref, last_name, password, website) values (default, ?, ?, ?, ?, ?, ?, ?)
Hibernate: insert into person (id, date_of_birth, email, first_name, group_ref, last_name, password, website) values (default, ?, ?, ?, ?, ?, ?, ?)
Hibernate: insert into person (id, date_of_birth, email, first_name, group_ref, last_name, password, website) values (default, ?, ?, ?, ?, ?, ?, ?)
Hibernate: insert into person (id, date_of_birth, email, first_name, group_ref, last_name, password, website) values (default, ?, ?, ?, ?, ?, ?, ?)
Hibernate: insert into person (id, date_of_birth, email, first_name, group_ref, last_name, password, website) values (default, ?, ?, ?, ?, ?, ?, ?)
Hibernate: insert into person (id, date_of_birth, email, first_name, group_ref, last_name, password, website) values (default, ?, ?, ?, ?, ?, ?, ?)
Hibernate: insert into person (id, date_of_birth, email, first_name, group_ref, last_name, password, website) values (default, ?, ?, ?, ?, ?, ?, ?)
Hibernate: insert into person (id, date_of_birth, email, first_name, group_ref, last_name, password, website) values (default, ?, ?, ?, ?, ?, ?, ?)
Hibernate: insert into person (id, date_of_birth, email, first_name, group_ref, last_name, password, website) values (default, ?, ?, ?, ?, ?, ?, ?)
Hibernate: insert into person (id, date_of_birth, email, first_name, group_ref, last_name, password, website) values (default, ?, ?, ?, ?, ?, ?, ?)
Hibernate: insert into person (id, date_of_birth, email, first_name, group_ref, last_name, password, website) values (default, ?, ?, ?, ?, ?, ?, ?)
Hibernate: insert into person (id, date_of_birth, email, first_name, group_ref, last_name, password, website) values (default, ?, ?, ?, ?, ?, ?, ?)
Hibernate: insert into person (id, date_of_birth, email, first_name, group_ref, last_name, password, website) values (default, ?, ?, ?, ?, ?, ?, ?)
Hibernate: insert into person (id, date_of_birth, email, first_name, group_ref, last_name, password, website) values (default, ?, ?, ?, ?, ?, ?, ?)
Hibernate: insert into person (id, date_of_birth, email, first_name, group_ref, last_name, password, website) values (default, ?, ?, ?, ?, ?, ?, ?)
Hibernate: insert into person (id, date_of_birth, email, first_name, group_ref, last_name, password, website) values (default, ?, ?, ?, ?, ?, ?, ?)
Hibernate: insert into person (id, date_of_birth, email, first_name, group_ref, last_name, password, website) values (default, ?, ?, ?, ?, ?, ?, ?)
Hibernate: insert into person (id, date_of_birth, email, first_name, group_ref, last_name, password, website) values (default, ?, ?, ?, ?, ?, ?, ?)
Hibernate: insert into person (id, date_of_birth, email, first_name, group_ref, last_name, password, website) values (default, ?, ?, ?, ?, ?, ?, ?)
Hibernate: insert into person (id, date_of_birth, email, first_name, group_ref, last_name, password, website) values (default, ?, ?, ?, ?, ?, ?, ?)
Hibernate: insert into person (id, date_of_birth, email, first_name, group_ref, last_name, password, website) values (default, ?, ?, ?, ?, ?, ?, ?)
Hibernate: insert into person (id, date_of_birth, email, first_name, group_ref, last_name, password, website) values (default, ?, ?, ?, ?, ?, ?, ?)
Hibernate: insert into person (id, date_of_birth, email, first_name, group_ref, last_name, password, website) values (default, ?, ?, ?, ?, ?, ?, ?)
Hibernate: insert into person (id, date_of_birth, email, first_name, group_ref, last_name, password, website) values (default, ?, ?, ?, ?, ?, ?, ?)
Hibernate: insert into person (id, date_of_birth, email, first_name, group_ref, last_name, password, website) values (default, ?, ?, ?, ?, ?, ?, ?)
Hibernate: insert into person (id, date_of_birth, email, first_name, group_ref, last_name, password, website) values (default, ?, ?, ?, ?, ?, ?, ?)
Hibernate: insert into person (id, date_of_birth, email, first_name, group_ref, last_name, password, website) values (default, ?, ?, ?, ?, ?, ?, ?)
Hibernate: insert into person (id, date_of_birth, email, first_name, group_ref, last_name, password, website) values (default, ?, ?, ?, ?, ?, ?, ?)
Hibernate: insert into person (id, date_of_birth, email, first_name, group_ref, last_name, password, website) values (default, ?, ?, ?, ?, ?, ?, ?)
Hibernate: insert into person (id, date_of_birth, email, first_name, group_ref, last_name, password, website) values (default, ?, ?, ?, ?, ?, ?, ?)
Hibernate: insert into person (id, date_of_birth, email, first_name, group_ref, last_name, password, website) values (default, ?, ?, ?, ?, ?, ?, ?)
Hibernate: insert into person (id, date_of_birth, email, first_name, group_ref, last_name, password, website) values (default, ?, ?, ?, ?, ?, ?, ?)
Hibernate: insert into person (id, date_of_birth, email, first_name, group_ref, last_name, password, website) values (default, ?, ?, ?, ?, ?, ?, ?)
Hibernate: insert into person (id, date_of_birth, email, first_name, group_ref, last_name, password, website) values (default, ?, ?, ?, ?, ?, ?, ?)
Hibernate: insert into person (id, date_of_birth, email, first_name, group_ref, last_name, password, website) values (default, ?, ?, ?, ?, ?, ?, ?)
Hibernate: insert into person (id, date_of_birth, email, first_name, group_ref, last_name, password, website) values (default, ?, ?, ?, ?, ?, ?, ?)
Hibernate: insert into person (id, date_of_birth, email, first_name, group_ref, last_name, password, website) values (default, ?, ?, ?, ?, ?, ?, ?)
Hibernate: insert into person (id, date_of_birth, email, first_name, group_ref, last_name, password, website) values (default, ?, ?, ?, ?, ?, ?, ?)
Hibernate: insert into person (id, date_of_birth, email, first_name, group_ref, last_name, password, website) values (default, ?, ?, ?, ?, ?, ?, ?)
Hibernate: insert into person (id, date_of_birth, email, first_name, group_ref, last_name, password, website) values (default, ?, ?, ?, ?, ?, ?, ?)
Hibernate: insert into person (id, date_of_birth, email, first_name, group_ref, last_name, password, website) values (default, ?, ?, ?, ?, ?, ?, ?)
Hibernate: insert into person (id, date_of_birth, email, first_name, group_ref, last_name, password, website) values (default, ?, ?, ?, ?, ?, ?, ?)
Hibernate: insert into person (id, date_of_birth, email, first_name, group_ref, last_name, password, website) values (default, ?, ?, ?, ?, ?, ?, ?)
Hibernate: insert into person (id, date_of_birth, email, first_name, group_ref, last_name, password, website) values (default, ?, ?, ?, ?, ?, ?, ?)
Hibernate: insert into person (id, date_of_birth, email, first_name, group_ref, last_name, password, website) values (default, ?, ?, ?, ?, ?, ?, ?)
Hibernate: insert into person (id, date_of_birth, email, first_name, group_ref, last_name, password, website) values (default, ?, ?, ?, ?, ?, ?, ?)
Hibernate: insert into person (id, date_of_birth, email, first_name, group_ref, last_name, password, website) values (default, ?, ?, ?, ?, ?, ?, ?)
Hibernate: insert into person (id, date_of_birth, email, first_name, group_ref, last_name, password, website) values (default, ?, ?, ?, ?, ?, ?, ?)
Hibernate: insert into person (id, date_of_birth, email, first_name, group_ref, last_name, password, website) values (default, ?, ?, ?, ?, ?, ?, ?)
Hibernate: insert into person (id, date_of_birth, email, first_name, group_ref, last_name, password, website) values (default, ?, ?, ?, ?, ?, ?, ?)
Hibernate: insert into person (id, date_of_birth, email, first_name, group_ref, last_name, password, website) values (default, ?, ?, ?, ?, ?, ?, ?)
Hibernate: insert into person (id, date_of_birth, email, first_name, group_ref, last_name, password, website) values (default, ?, ?, ?, ?, ?, ?, ?)
Hibernate: insert into person (id, date_of_birth, email, first_name, group_ref, last_name, password, website) values (default, ?, ?, ?, ?, ?, ?, ?)
Hibernate: insert into person (id, date_of_birth, email, first_name, group_ref, last_name, password, website) values (default, ?, ?, ?, ?, ?, ?, ?)
Hibernate: insert into person (id, date_of_birth, email, first_name, group_ref, last_name, password, website) values (default, ?, ?, ?, ?, ?, ?, ?)
Hibernate: insert into person (id, date_of_birth, email, first_name, group_ref, last_name, password, website) values (default, ?, ?, ?, ?, ?, ?, ?)
Hibernate: insert into person (id, date_of_birth, email, first_name, group_ref, last_name, password, website) values (default, ?, ?, ?, ?, ?, ?, ?)
Hibernate: insert into person (id, date_of_birth, email, first_name, group_ref, last_name, password, website) values (default, ?, ?, ?, ?, ?, ?, ?)
Hibernate: insert into person (id, date_of_birth, email, first_name, group_ref, last_name, password, website) values (default, ?, ?, ?, ?, ?, ?, ?)
Hibernate: insert into person (id, date_of_birth, email, first_name, group_ref, last_name, password, website) values (default, ?, ?, ?, ?, ?, ?, ?)
Hibernate: insert into person (id, date_of_birth, email, first_name, group_ref, last_name, password, website) values (default, ?, ?, ?, ?, ?, ?, ?)
Hibernate: insert into person (id, date_of_birth, email, first_name, group_ref, last_name, password, website) values (default, ?, ?, ?, ?, ?, ?, ?)
Hibernate: insert into person (id, date_of_birth, email, first_name, group_ref, last_name, password, website) values (default, ?, ?, ?, ?, ?, ?, ?)
Hibernate: insert into person (id, date_of_birth, email, first_name, group_ref, last_name, password, website) values (default, ?, ?, ?, ?, ?, ?, ?)
Hibernate: insert into person (id, date_of_birth, email, first_name, group_ref, last_name, password, website) values (default, ?, ?, ?, ?, ?, ?, ?)
Hibernate: insert into person (id, date_of_birth, email, first_name, group_ref, last_name, password, website) values (default, ?, ?, ?, ?, ?, ?, ?)
Hibernate: insert into person (id, date_of_birth, email, first_name, group_ref, last_name, password, website) values (default, ?, ?, ?, ?, ?, ?, ?)
Hibernate: insert into person (id, date_of_birth, email, first_name, group_ref, last_name, password, website) values (default, ?, ?, ?, ?, ?, ?, ?)
Hibernate: insert into person (id, date_of_birth, email, first_name, group_ref, last_name, password, website) values (default, ?, ?, ?, ?, ?, ?, ?)
Hibernate: insert into person (id, date_of_birth, email, first_name, group_ref, last_name, password, website) values (default, ?, ?, ?, ?, ?, ?, ?)
Hibernate: insert into person (id, date_of_birth, email, first_name, group_ref, last_name, password, website) values (default, ?, ?, ?, ?, ?, ?, ?)
Hibernate: insert into person (id, date_of_birth, email, first_name, group_ref, last_name, password, website) values (default, ?, ?, ?, ?, ?, ?, ?)
Hibernate: insert into person (id, date_of_birth, email, first_name, group_ref, last_name, password, website) values (default, ?, ?, ?, ?, ?, ?, ?)
Hibernate: insert into person (id, date_of_birth, email, first_name, group_ref, last_name, password, website) values (default, ?, ?, ?, ?, ?, ?, ?)
Hibernate: insert into person (id, date_of_birth, email, first_name, group_ref, last_name, password, website) values (default, ?, ?, ?, ?, ?, ?, ?)
Hibernate: insert into person (id, date_of_birth, email, first_name, group_ref, last_name, password, website) values (default, ?, ?, ?, ?, ?, ?, ?)
Hibernate: insert into person (id, date_of_birth, email, first_name, group_ref, last_name, password, website) values (default, ?, ?, ?, ?, ?, ?, ?)
Hibernate: insert into person (id, date_of_birth, email, first_name, group_ref, last_name, password, website) values (default, ?, ?, ?, ?, ?, ?, ?)
Hibernate: insert into person (id, date_of_birth, email, first_name, group_ref, last_name, password, website) values (default, ?, ?, ?, ?, ?, ?, ?)
Hibernate: insert into person (id, date_of_birth, email, first_name, group_ref, last_name, password, website) values (default, ?, ?, ?, ?, ?, ?, ?)
Hibernate: insert into person (id, date_of_birth, email, first_name, group_ref, last_name, password, website) values (default, ?, ?, ?, ?, ?, ?, ?)
Hibernate: insert into person (id, date_of_birth, email, first_name, group_ref, last_name, password, website) values (default, ?, ?, ?, ?, ?, ?, ?)
Hibernate: insert into person (id, date_of_birth, email, first_name, group_ref, last_name, password, website) values (default, ?, ?, ?, ?, ?, ?, ?)
Hibernate: insert into person (id, date_of_birth, email, first_name, group_ref, last_name, password, website) values (default, ?, ?, ?, ?, ?, ?, ?)
Hibernate: insert into person (id, date_of_birth, email, first_name, group_ref, last_name, password, website) values (default, ?, ?, ?, ?, ?, ?, ?)
Hibernate: insert into person (id, date_of_birth, email, first_name, group_ref, last_name, password, website) values (default, ?, ?, ?, ?, ?, ?, ?)
Hibernate: insert into person (id, date_of_birth, email, first_name, group_ref, last_name, password, website) values (default, ?, ?, ?, ?, ?, ?, ?)
Hibernate: insert into person (id, date_of_birth, email, first_name, group_ref, last_name, password, website) values (default, ?, ?, ?, ?, ?, ?, ?)
Hibernate: insert into person (id, date_of_birth, email, first_name, group_ref, last_name, password, website) values (default, ?, ?, ?, ?, ?, ?, ?)
Hibernate: insert into person (id, date_of_birth, email, first_name, group_ref, last_name, password, website) values (default, ?, ?, ?, ?, ?, ?, ?)
Hibernate: insert into person (id, date_of_birth, email, first_name, group_ref, last_name, password, website) values (default, ?, ?, ?, ?, ?, ?, ?)
Hibernate: insert into person (id, date_of_birth, email, first_name, group_ref, last_name, password, website) values (default, ?, ?, ?, ?, ?, ?, ?)
Hibernate: insert into person (id, date_of_birth, email, first_name, group_ref, last_name, password, website) values (default, ?, ?, ?, ?, ?, ?, ?)
Hibernate: insert into person (id, date_of_birth, email, first_name, group_ref, last_name, password, website) values (default, ?, ?, ?, ?, ?, ?, ?)
Hibernate: insert into person (id, date_of_birth, email, first_name, group_ref, last_name, password, website) values (default, ?, ?, ?, ?, ?, ?, ?)
Hibernate: insert into person (id, date_of_birth, email, first_name, group_ref, last_name, password, website) values (default, ?, ?, ?, ?, ?, ?, ?)
Hibernate: insert into person (id, date_of_birth, email, first_name, group_ref, last_name, password, website) values (default, ?, ?, ?, ?, ?, ?, ?)
Hibernate: insert into person (id, date_of_birth, email, first_name, group_ref, last_name, password, website) values (default, ?, ?, ?, ?, ?, ?, ?)
Hibernate: insert into person (id, date_of_birth, email, first_name, group_ref, last_name, password, website) values (default, ?, ?, ?, ?, ?, ?, ?)
Hibernate: insert into person (id, date_of_birth, email, first_name, group_ref, last_name, password, website) values (default, ?, ?, ?, ?, ?, ?, ?)
Hibernate: insert into person (id, date_of_birth, email, first_name, group_ref, last_name, password, website) values (default, ?, ?, ?, ?, ?, ?, ?)
Hibernate: insert into person (id, date_of_birth, email, first_name, group_ref, last_name, password, website) values (default, ?, ?, ?, ?, ?, ?, ?)
Hibernate: insert into person (id, date_of_birth, email, first_name, group_ref, last_name, password, website) values (default, ?, ?, ?, ?, ?, ?, ?)
Hibernate: insert into person (id, date_of_birth, email, first_name, group_ref, last_name, password, website) values (default, ?, ?, ?, ?, ?, ?, ?)
Hibernate: insert into person (id, date_of_birth, email, first_name, group_ref, last_name, password, website) values (default, ?, ?, ?, ?, ?, ?, ?)
Hibernate: insert into person (id, date_of_birth, email, first_name, group_ref, last_name, password, website) values (default, ?, ?, ?, ?, ?, ?, ?)
Hibernate: insert into person (id, date_of_birth, email, first_name, group_ref, last_name, password, website) values (default, ?, ?, ?, ?, ?, ?, ?)
Hibernate: insert into person (id, date_of_birth, email, first_name, group_ref, last_name, password, website) values (default, ?, ?, ?, ?, ?, ?, ?)
Hibernate: insert into person (id, date_of_birth, email, first_name, group_ref, last_name, password, website) values (default, ?, ?, ?, ?, ?, ?, ?)
Hibernate: insert into person (id, date_of_birth, email, first_name, group_ref, last_name, password, website) values (default, ?, ?, ?, ?, ?, ?, ?)
Hibernate: insert into person (id, date_of_birth, email, first_name, group_ref, last_name, password, website) values (default, ?, ?, ?, ?, ?, ?, ?)
Hibernate: insert into person (id, date_of_birth, email, first_name, group_ref, last_name, password, website) values (default, ?, ?, ?, ?, ?, ?, ?)
Hibernate: insert into person (id, date_of_birth, email, first_name, group_ref, last_name, password, website) values (default, ?, ?, ?, ?, ?, ?, ?)
Hibernate: insert into person (id, date_of_birth, email, first_name, group_ref, last_name, password, website) values (default, ?, ?, ?, ?, ?, ?, ?)
Hibernate: insert into person (id, date_of_birth, email, first_name, group_ref, last_name, password, website) values (default, ?, ?, ?, ?, ?, ?, ?)
Hibernate: insert into person (id, date_of_birth, email, first_name, group_ref, last_name, password, website) values (default, ?, ?, ?, ?, ?, ?, ?)
Hibernate: insert into person (id, date_of_birth, email, first_name, group_ref, last_name, password, website) values (default, ?, ?, ?, ?, ?, ?, ?)
Hibernate: insert into person (id, date_of_birth, email, first_name, group_ref, last_name, password, website) values (default, ?, ?, ?, ?, ?, ?, ?)
Hibernate: insert into person (id, date_of_birth, email, first_name, group_ref, last_name, password, website) values (default, ?, ?, ?, ?, ?, ?, ?)
Hibernate: insert into person (id, date_of_birth, email, first_name, group_ref, last_name, password, website) values (default, ?, ?, ?, ?, ?, ?, ?)
Hibernate: insert into person (id, date_of_birth, email, first_name, group_ref, last_name, password, website) values (default, ?, ?, ?, ?, ?, ?, ?)
Hibernate: insert into person (id, date_of_birth, email, first_name, group_ref, last_name, password, website) values (default, ?, ?, ?, ?, ?, ?, ?)
Hibernate: insert into person (id, date_of_birth, email, first_name, group_ref, last_name, password, website) values (default, ?, ?, ?, ?, ?, ?, ?)
Hibernate: insert into person (id, date_of_birth, email, first_name, group_ref, last_name, password, website) values (default, ?, ?, ?, ?, ?, ?, ?)
Hibernate: insert into person (id, date_of_birth, email, first_name, group_ref, last_name, password, website) values (default, ?, ?, ?, ?, ?, ?, ?)
Hibernate: insert into person (id, date_of_birth, email, first_name, group_ref, last_name, password, website) values (default, ?, ?, ?, ?, ?, ?, ?)
Hibernate: insert into person (id, date_of_birth, email, first_name, group_ref, last_name, password, website) values (default, ?, ?, ?, ?, ?, ?, ?)
Hibernate: insert into person (id, date_of_birth, email, first_name, group_ref, last_name, password, website) values (default, ?, ?, ?, ?, ?, ?, ?)
Hibernate: insert into person (id, date_of_birth, email, first_name, group_ref, last_name, password, website) values (default, ?, ?, ?, ?, ?, ?, ?)
Hibernate: insert into person (id, date_of_birth, email, first_name, group_ref, last_name, password, website) values (default, ?, ?, ?, ?, ?, ?, ?)
Hibernate: insert into person (id, date_of_birth, email, first_name, group_ref, last_name, password, website) values (default, ?, ?, ?, ?, ?, ?, ?)
Hibernate: insert into person (id, date_of_birth, email, first_name, group_ref, last_name, password, website) values (default, ?, ?, ?, ?, ?, ?, ?)
Hibernate: insert into person (id, date_of_birth, email, first_name, group_ref, last_name, password, website) values (default, ?, ?, ?, ?, ?, ?, ?)
Hibernate: insert into person (id, date_of_birth, email, first_name, group_ref, last_name, password, website) values (default, ?, ?, ?, ?, ?, ?, ?)
Hibernate: insert into person (id, date_of_birth, email, first_name, group_ref, last_name, password, website) values (default, ?, ?, ?, ?, ?, ?, ?)
Hibernate: insert into person (id, date_of_birth, email, first_name, group_ref, last_name, password, website) values (default, ?, ?, ?, ?, ?, ?, ?)
Hibernate: insert into person (id, date_of_birth, email, first_name, group_ref, last_name, password, website) values (default, ?, ?, ?, ?, ?, ?, ?)
Hibernate: insert into person (id, date_of_birth, email, first_name, group_ref, last_name, password, website) values (default, ?, ?, ?, ?, ?, ?, ?)
Hibernate: insert into person (id, date_of_birth, email, first_name, group_ref, last_name, password, website) values (default, ?, ?, ?, ?, ?, ?, ?)
Hibernate: insert into person (id, date_of_birth, email, first_name, group_ref, last_name, password, website) values (default, ?, ?, ?, ?, ?, ?, ?)
Hibernate: insert into person (id, date_of_birth, email, first_name, group_ref, last_name, password, website) values (default, ?, ?, ?, ?, ?, ?, ?)
Hibernate: insert into person (id, date_of_birth, email, first_name, group_ref, last_name, password, website) values (default, ?, ?, ?, ?, ?, ?, ?)
Hibernate: insert into person (id, date_of_birth, email, first_name, group_ref, last_name, password, website) values (default, ?, ?, ?, ?, ?, ?, ?)
Hibernate: insert into person (id, date_of_birth, email, first_name, group_ref, last_name, password, website) values (default, ?, ?, ?, ?, ?, ?, ?)
Hibernate: insert into person (id, date_of_birth, email, first_name, group_ref, last_name, password, website) values (default, ?, ?, ?, ?, ?, ?, ?)
Hibernate: insert into person (id, date_of_birth, email, first_name, group_ref, last_name, password, website) values (default, ?, ?, ?, ?, ?, ?, ?)
Hibernate: insert into person (id, date_of_birth, email, first_name, group_ref, last_name, password, website) values (default, ?, ?, ?, ?, ?, ?, ?)
Hibernate: insert into person (id, date_of_birth, email, first_name, group_ref, last_name, password, website) values (default, ?, ?, ?, ?, ?, ?, ?)
Hibernate: insert into person (id, date_of_birth, email, first_name, group_ref, last_name, password, website) values (default, ?, ?, ?, ?, ?, ?, ?)
Hibernate: insert into person (id, date_of_birth, email, first_name, group_ref, last_name, password, website) values (default, ?, ?, ?, ?, ?, ?, ?)
Hibernate: insert into person (id, date_of_birth, email, first_name, group_ref, last_name, password, website) values (default, ?, ?, ?, ?, ?, ?, ?)
Hibernate: insert into person (id, date_of_birth, email, first_name, group_ref, last_name, password, website) values (default, ?, ?, ?, ?, ?, ?, ?)
Hibernate: insert into person (id, date_of_birth, email, first_name, group_ref, last_name, password, website) values (default, ?, ?, ?, ?, ?, ?, ?)
Hibernate: insert into person (id, date_of_birth, email, first_name, group_ref, last_name, password, website) values (default, ?, ?, ?, ?, ?, ?, ?)
Hibernate: insert into person (id, date_of_birth, email, first_name, group_ref, last_name, password, website) values (default, ?, ?, ?, ?, ?, ?, ?)
Hibernate: insert into person (id, date_of_birth, email, first_name, group_ref, last_name, password, website) values (default, ?, ?, ?, ?, ?, ?, ?)
Hibernate: insert into person (id, date_of_birth, email, first_name, group_ref, last_name, password, website) values (default, ?, ?, ?, ?, ?, ?, ?)
Hibernate: insert into person (id, date_of_birth, email, first_name, group_ref, last_name, password, website) values (default, ?, ?, ?, ?, ?, ?, ?)
Hibernate: insert into person (id, date_of_birth, email, first_name, group_ref, last_name, password, website) values (default, ?, ?, ?, ?, ?, ?, ?)
Hibernate: insert into person (id, date_of_birth, email, first_name, group_ref, last_name, password, website) values (default, ?, ?, ?, ?, ?, ?, ?)
Hibernate: insert into person (id, date_of_birth, email, first_name, group_ref, last_name, password, website) values (default, ?, ?, ?, ?, ?, ?, ?)
Hibernate: insert into person (id, date_of_birth, email, first_name, group_ref, last_name, password, website) values (default, ?, ?, ?, ?, ?, ?, ?)
Hibernate: insert into person (id, date_of_birth, email, first_name, group_ref, last_name, password, website) values (default, ?, ?, ?, ?, ?, ?, ?)
Hibernate: insert into person (id, date_of_birth, email, first_name, group_ref, last_name, password, website) values (default, ?, ?, ?, ?, ?, ?, ?)
Hibernate: insert into person (id, date_of_birth, email, first_name, group_ref, last_name, password, website) values (default, ?, ?, ?, ?, ?, ?, ?)
Hibernate: insert into person (id, date_of_birth, email, first_name, group_ref, last_name, password, website) values (default, ?, ?, ?, ?, ?, ?, ?)
Hibernate: insert into person (id, date_of_birth, email, first_name, group_ref, last_name, password, website) values (default, ?, ?, ?, ?, ?, ?, ?)
Hibernate: insert into person (id, date_of_birth, email, first_name, group_ref, last_name, password, website) values (default, ?, ?, ?, ?, ?, ?, ?)
Hibernate: insert into person (id, date_of_birth, email, first_name, group_ref, last_name, password, website) values (default, ?, ?, ?, ?, ?, ?, ?)
Hibernate: insert into person (id, date_of_birth, email, first_name, group_ref, last_name, password, website) values (default, ?, ?, ?, ?, ?, ?, ?)
Hibernate: insert into person (id, date_of_birth, email, first_name, group_ref, last_name, password, website) values (default, ?, ?, ?, ?, ?, ?, ?)
Hibernate: insert into person (id, date_of_birth, email, first_name, group_ref, last_name, password, website) values (default, ?, ?, ?, ?, ?, ?, ?)
Hibernate: insert into person (id, date_of_birth, email, first_name, group_ref, last_name, password, website) values (default, ?, ?, ?, ?, ?, ?, ?)
Hibernate: insert into person (id, date_of_birth, email, first_name, group_ref, last_name, password, website) values (default, ?, ?, ?, ?, ?, ?, ?)
Hibernate: insert into person (id, date_of_birth, email, first_name, group_ref, last_name, password, website) values (default, ?, ?, ?, ?, ?, ?, ?)
Hibernate: insert into person (id, date_of_birth, email, first_name, group_ref, last_name, password, website) values (default, ?, ?, ?, ?, ?, ?, ?)
Hibernate: insert into person (id, date_of_birth, email, first_name, group_ref, last_name, password, website) values (default, ?, ?, ?, ?, ?, ?, ?)
Hibernate: insert into person (id, date_of_birth, email, first_name, group_ref, last_name, password, website) values (default, ?, ?, ?, ?, ?, ?, ?)
Hibernate: insert into person (id, date_of_birth, email, first_name, group_ref, last_name, password, website) values (default, ?, ?, ?, ?, ?, ?, ?)
Hibernate: insert into person (id, date_of_birth, email, first_name, group_ref, last_name, password, website) values (default, ?, ?, ?, ?, ?, ?, ?)
Hibernate: insert into person (id, date_of_birth, email, first_name, group_ref, last_name, password, website) values (default, ?, ?, ?, ?, ?, ?, ?)
Hibernate: insert into person (id, date_of_birth, email, first_name, group_ref, last_name, password, website) values (default, ?, ?, ?, ?, ?, ?, ?)
Hibernate: insert into person (id, date_of_birth, email, first_name, group_ref, last_name, password, website) values (default, ?, ?, ?, ?, ?, ?, ?)
Hibernate: insert into person (id, date_of_birth, email, first_name, group_ref, last_name, password, website) values (default, ?, ?, ?, ?, ?, ?, ?)
Hibernate: insert into person (id, date_of_birth, email, first_name, group_ref, last_name, password, website) values (default, ?, ?, ?, ?, ?, ?, ?)
Hibernate: insert into person (id, date_of_birth, email, first_name, group_ref, last_name, password, website) values (default, ?, ?, ?, ?, ?, ?, ?)
Hibernate: insert into person (id, date_of_birth, email, first_name, group_ref, last_name, password, website) values (default, ?, ?, ?, ?, ?, ?, ?)
Hibernate: insert into person (id, date_of_birth, email, first_name, group_ref, last_name, password, website) values (default, ?, ?, ?, ?, ?, ?, ?)
Hibernate: insert into person (id, date_of_birth, email, first_name, group_ref, last_name, password, website) values (default, ?, ?, ?, ?, ?, ?, ?)
Hibernate: insert into person (id, date_of_birth, email, first_name, group_ref, last_name, password, website) values (default, ?, ?, ?, ?, ?, ?, ?)
Hibernate: insert into person (id, date_of_birth, email, first_name, group_ref, last_name, password, website) values (default, ?, ?, ?, ?, ?, ?, ?)
Hibernate: insert into person (id, date_of_birth, email, first_name, group_ref, last_name, password, website) values (default, ?, ?, ?, ?, ?, ?, ?)
Hibernate: insert into person (id, date_of_birth, email, first_name, group_ref, last_name, password, website) values (default, ?, ?, ?, ?, ?, ?, ?)
Hibernate: insert into person (id, date_of_birth, email, first_name, group_ref, last_name, password, website) values (default, ?, ?, ?, ?, ?, ?, ?)
Hibernate: insert into person (id, date_of_birth, email, first_name, group_ref, last_name, password, website) values (default, ?, ?, ?, ?, ?, ?, ?)
Hibernate: insert into person (id, date_of_birth, email, first_name, group_ref, last_name, password, website) values (default, ?, ?, ?, ?, ?, ?, ?)
Hibernate: insert into person (id, date_of_birth, email, first_name, group_ref, last_name, password, website) values (default, ?, ?, ?, ?, ?, ?, ?)
Hibernate: insert into person (id, date_of_birth, email, first_name, group_ref, last_name, password, website) values (default, ?, ?, ?, ?, ?, ?, ?)
Hibernate: insert into person (id, date_of_birth, email, first_name, group_ref, last_name, password, website) values (default, ?, ?, ?, ?, ?, ?, ?)
Hibernate: insert into person (id, date_of_birth, email, first_name, group_ref, last_name, password, website) values (default, ?, ?, ?, ?, ?, ?, ?)
Hibernate: insert into person (id, date_of_birth, email, first_name, group_ref, last_name, password, website) values (default, ?, ?, ?, ?, ?, ?, ?)
Hibernate: insert into person (id, date_of_birth, email, first_name, group_ref, last_name, password, website) values (default, ?, ?, ?, ?, ?, ?, ?)
Hibernate: insert into person (id, date_of_birth, email, first_name, group_ref, last_name, password, website) values (default, ?, ?, ?, ?, ?, ?, ?)
Hibernate: insert into person (id, date_of_birth, email, first_name, group_ref, last_name, password, website) values (default, ?, ?, ?, ?, ?, ?, ?)
Hibernate: insert into person (id, date_of_birth, email, first_name, group_ref, last_name, password, website) values (default, ?, ?, ?, ?, ?, ?, ?)
Hibernate: insert into person (id, date_of_birth, email, first_name, group_ref, last_name, password, website) values (default, ?, ?, ?, ?, ?, ?, ?)
Hibernate: insert into person (id, date_of_birth, email, first_name, group_ref, last_name, password, website) values (default, ?, ?, ?, ?, ?, ?, ?)
Hibernate: insert into person (id, date_of_birth, email, first_name, group_ref, last_name, password, website) values (default, ?, ?, ?, ?, ?, ?, ?)
Hibernate: insert into person (id, date_of_birth, email, first_name, group_ref, last_name, password, website) values (default, ?, ?, ?, ?, ?, ?, ?)
Hibernate: insert into person (id, date_of_birth, email, first_name, group_ref, last_name, password, website) values (default, ?, ?, ?, ?, ?, ?, ?)
Hibernate: insert into person (id, date_of_birth, email, first_name, group_ref, last_name, password, website) values (default, ?, ?, ?, ?, ?, ?, ?)
Hibernate: insert into person (id, date_of_birth, email, first_name, group_ref, last_name, password, website) values (default, ?, ?, ?, ?, ?, ?, ?)
Hibernate: insert into person (id, date_of_birth, email, first_name, group_ref, last_name, password, website) values (default, ?, ?, ?, ?, ?, ?, ?)
Hibernate: insert into person (id, date_of_birth, email, first_name, group_ref, last_name, password, website) values (default, ?, ?, ?, ?, ?, ?, ?)
Hibernate: insert into person (id, date_of_birth, email, first_name, group_ref, last_name, password, website) values (default, ?, ?, ?, ?, ?, ?, ?)
Hibernate: insert into person (id, date_of_birth, email, first_name, group_ref, last_name, password, website) values (default, ?, ?, ?, ?, ?, ?, ?)
Hibernate: insert into person (id, date_of_birth, email, first_name, group_ref, last_name, password, website) values (default, ?, ?, ?, ?, ?, ?, ?)
Hibernate: insert into person (id, date_of_birth, email, first_name, group_ref, last_name, password, website) values (default, ?, ?, ?, ?, ?, ?, ?)
Hibernate: insert into person (id, date_of_birth, email, first_name, group_ref, last_name, password, website) values (default, ?, ?, ?, ?, ?, ?, ?)
Hibernate: insert into person (id, date_of_birth, email, first_name, group_ref, last_name, password, website) values (default, ?, ?, ?, ?, ?, ?, ?)
Hibernate: insert into person (id, date_of_birth, email, first_name, group_ref, last_name, password, website) values (default, ?, ?, ?, ?, ?, ?, ?)
Hibernate: insert into person (id, date_of_birth, email, first_name, group_ref, last_name, password, website) values (default, ?, ?, ?, ?, ?, ?, ?)
Hibernate: insert into person (id, date_of_birth, email, first_name, group_ref, last_name, password, website) values (default, ?, ?, ?, ?, ?, ?, ?)
Hibernate: insert into person (id, date_of_birth, email, first_name, group_ref, last_name, password, website) values (default, ?, ?, ?, ?, ?, ?, ?)
Hibernate: insert into person (id, date_of_birth, email, first_name, group_ref, last_name, password, website) values (default, ?, ?, ?, ?, ?, ?, ?)
Hibernate: insert into person (id, date_of_birth, email, first_name, group_ref, last_name, password, website) values (default, ?, ?, ?, ?, ?, ?, ?)
Hibernate: insert into person (id, date_of_birth, email, first_name, group_ref, last_name, password, website) values (default, ?, ?, ?, ?, ?, ?, ?)
Hibernate: insert into person (id, date_of_birth, email, first_name, group_ref, last_name, password, website) values (default, ?, ?, ?, ?, ?, ?, ?)
Hibernate: insert into person (id, date_of_birth, email, first_name, group_ref, last_name, password, website) values (default, ?, ?, ?, ?, ?, ?, ?)
Hibernate: insert into person (id, date_of_birth, email, first_name, group_ref, last_name, password, website) values (default, ?, ?, ?, ?, ?, ?, ?)
Hibernate: insert into person (id, date_of_birth, email, first_name, group_ref, last_name, password, website) values (default, ?, ?, ?, ?, ?, ?, ?)
Hibernate: insert into person (id, date_of_birth, email, first_name, group_ref, last_name, password, website) values (default, ?, ?, ?, ?, ?, ?, ?)
Hibernate: insert into person (id, date_of_birth, email, first_name, group_ref, last_name, password, website) values (default, ?, ?, ?, ?, ?, ?, ?)
Hibernate: insert into person (id, date_of_birth, email, first_name, group_ref, last_name, password, website) values (default, ?, ?, ?, ?, ?, ?, ?)
Hibernate: insert into person (id, date_of_birth, email, first_name, group_ref, last_name, password, website) values (default, ?, ?, ?, ?, ?, ?, ?)
Hibernate: insert into person (id, date_of_birth, email, first_name, group_ref, last_name, password, website) values (default, ?, ?, ?, ?, ?, ?, ?)
Hibernate: insert into person (id, date_of_birth, email, first_name, group_ref, last_name, password, website) values (default, ?, ?, ?, ?, ?, ?, ?)
Hibernate: insert into person (id, date_of_birth, email, first_name, group_ref, last_name, password, website) values (default, ?, ?, ?, ?, ?, ?, ?)
Hibernate: insert into person (id, date_of_birth, email, first_name, group_ref, last_name, password, website) values (default, ?, ?, ?, ?, ?, ?, ?)
Hibernate: insert into person (id, date_of_birth, email, first_name, group_ref, last_name, password, website) values (default, ?, ?, ?, ?, ?, ?, ?)
Hibernate: insert into person (id, date_of_birth, email, first_name, group_ref, last_name, password, website) values (default, ?, ?, ?, ?, ?, ?, ?)
Hibernate: insert into person (id, date_of_birth, email, first_name, group_ref, last_name, password, website) values (default, ?, ?, ?, ?, ?, ?, ?)
Hibernate: insert into person (id, date_of_birth, email, first_name, group_ref, last_name, password, website) values (default, ?, ?, ?, ?, ?, ?, ?)
Hibernate: insert into person (id, date_of_birth, email, first_name, group_ref, last_name, password, website) values (default, ?, ?, ?, ?, ?, ?, ?)
Hibernate: insert into person (id, date_of_birth, email, first_name, group_ref, last_name, password, website) values (default, ?, ?, ?, ?, ?, ?, ?)
Hibernate: insert into person (id, date_of_birth, email, first_name, group_ref, last_name, password, website) values (default, ?, ?, ?, ?, ?, ?, ?)
Hibernate: insert into person (id, date_of_birth, email, first_name, group_ref, last_name, password, website) values (default, ?, ?, ?, ?, ?, ?, ?)
Hibernate: insert into person (id, date_of_birth, email, first_name, group_ref, last_name, password, website) values (default, ?, ?, ?, ?, ?, ?, ?)
Hibernate: insert into person (id, date_of_birth, email, first_name, group_ref, last_name, password, website) values (default, ?, ?, ?, ?, ?, ?, ?)
Hibernate: insert into person (id, date_of_birth, email, first_name, group_ref, last_name, password, website) values (default, ?, ?, ?, ?, ?, ?, ?)
Hibernate: insert into person (id, date_of_birth, email, first_name, group_ref, last_name, password, website) values (default, ?, ?, ?, ?, ?, ?, ?)
Hibernate: insert into person (id, date_of_birth, email, first_name, group_ref, last_name, password, website) values (default, ?, ?, ?, ?, ?, ?, ?)
Hibernate: insert into person (id, date_of_birth, email, first_name, group_ref, last_name, password, website) values (default, ?, ?, ?, ?, ?, ?, ?)
Hibernate: insert into person (id, date_of_birth, email, first_name, group_ref, last_name, password, website) values (default, ?, ?, ?, ?, ?, ?, ?)
Hibernate: insert into person (id, date_of_birth, email, first_name, group_ref, last_name, password, website) values (default, ?, ?, ?, ?, ?, ?, ?)
Hibernate: insert into person (id, date_of_birth, email, first_name, group_ref, last_name, password, website) values (default, ?, ?, ?, ?, ?, ?, ?)
Hibernate: insert into person (id, date_of_birth, email, first_name, group_ref, last_name, password, website) values (default, ?, ?, ?, ?, ?, ?, ?)
Hibernate: insert into person (id, date_of_birth, email, first_name, group_ref, last_name, password, website) values (default, ?, ?, ?, ?, ?, ?, ?)
Hibernate: insert into person (id, date_of_birth, email, first_name, group_ref, last_name, password, website) values (default, ?, ?, ?, ?, ?, ?, ?)
Hibernate: insert into person (id, date_of_birth, email, first_name, group_ref, last_name, password, website) values (default, ?, ?, ?, ?, ?, ?, ?)
Hibernate: insert into person (id, date_of_birth, email, first_name, group_ref, last_name, password, website) values (default, ?, ?, ?, ?, ?, ?, ?)
Hibernate: insert into person (id, date_of_birth, email, first_name, group_ref, last_name, password, website) values (default, ?, ?, ?, ?, ?, ?, ?)
Hibernate: insert into person (id, date_of_birth, email, first_name, group_ref, last_name, password, website) values (default, ?, ?, ?, ?, ?, ?, ?)
Hibernate: insert into person (id, date_of_birth, email, first_name, group_ref, last_name, password, website) values (default, ?, ?, ?, ?, ?, ?, ?)
Hibernate: insert into person (id, date_of_birth, email, first_name, group_ref, last_name, password, website) values (default, ?, ?, ?, ?, ?, ?, ?)
Hibernate: insert into person (id, date_of_birth, email, first_name, group_ref, last_name, password, website) values (default, ?, ?, ?, ?, ?, ?, ?)
Hibernate: insert into person (id, date_of_birth, email, first_name, group_ref, last_name, password, website) values (default, ?, ?, ?, ?, ?, ?, ?)
Hibernate: insert into person (id, date_of_birth, email, first_name, group_ref, last_name, password, website) values (default, ?, ?, ?, ?, ?, ?, ?)
Hibernate: insert into person (id, date_of_birth, email, first_name, group_ref, last_name, password, website) values (default, ?, ?, ?, ?, ?, ?, ?)
Hibernate: insert into person (id, date_of_birth, email, first_name, group_ref, last_name, password, website) values (default, ?, ?, ?, ?, ?, ?, ?)
Hibernate: insert into person (id, date_of_birth, email, first_name, group_ref, last_name, password, website) values (default, ?, ?, ?, ?, ?, ?, ?)
Hibernate: insert into person (id, date_of_birth, email, first_name, group_ref, last_name, password, website) values (default, ?, ?, ?, ?, ?, ?, ?)
Hibernate: insert into person (id, date_of_birth, email, first_name, group_ref, last_name, password, website) values (default, ?, ?, ?, ?, ?, ?, ?)
Hibernate: insert into person (id, date_of_birth, email, first_name, group_ref, last_name, password, website) values (default, ?, ?, ?, ?, ?, ?, ?)
Hibernate: insert into person (id, date_of_birth, email, first_name, group_ref, last_name, password, website) values (default, ?, ?, ?, ?, ?, ?, ?)
Hibernate: insert into person (id, date_of_birth, email, first_name, group_ref, last_name, password, website) values (default, ?, ?, ?, ?, ?, ?, ?)
Hibernate: insert into person (id, date_of_birth, email, first_name, group_ref, last_name, password, website) values (default, ?, ?, ?, ?, ?, ?, ?)
Hibernate: insert into person (id, date_of_birth, email, first_name, group_ref, last_name, password, website) values (default, ?, ?, ?, ?, ?, ?, ?)
Hibernate: insert into person (id, date_of_birth, email, first_name, group_ref, last_name, password, website) values (default, ?, ?, ?, ?, ?, ?, ?)
Hibernate: insert into person (id, date_of_birth, email, first_name, group_ref, last_name, password, website) values (default, ?, ?, ?, ?, ?, ?, ?)
Hibernate: insert into person (id, date_of_birth, email, first_name, group_ref, last_name, password, website) values (default, ?, ?, ?, ?, ?, ?, ?)
Hibernate: insert into person (id, date_of_birth, email, first_name, group_ref, last_name, password, website) values (default, ?, ?, ?, ?, ?, ?, ?)
Hibernate: insert into person (id, date_of_birth, email, first_name, group_ref, last_name, password, website) values (default, ?, ?, ?, ?, ?, ?, ?)
Hibernate: insert into person (id, date_of_birth, email, first_name, group_ref, last_name, password, website) values (default, ?, ?, ?, ?, ?, ?, ?)
Hibernate: insert into person (id, date_of_birth, email, first_name, group_ref, last_name, password, website) values (default, ?, ?, ?, ?, ?, ?, ?)
Hibernate: insert into person (id, date_of_birth, email, first_name, group_ref, last_name, password, website) values (default, ?, ?, ?, ?, ?, ?, ?)
Hibernate: insert into person (id, date_of_birth, email, first_name, group_ref, last_name, password, website) values (default, ?, ?, ?, ?, ?, ?, ?)
Hibernate: insert into person (id, date_of_birth, email, first_name, group_ref, last_name, password, website) values (default, ?, ?, ?, ?, ?, ?, ?)
Hibernate: insert into person (id, date_of_birth, email, first_name, group_ref, last_name, password, website) values (default, ?, ?, ?, ?, ?, ?, ?)
Hibernate: insert into person (id, date_of_birth, email, first_name, group_ref, last_name, password, website) values (default, ?, ?, ?, ?, ?, ?, ?)
Hibernate: insert into person (id, date_of_birth, email, first_name, group_ref, last_name, password, website) values (default, ?, ?, ?, ?, ?, ?, ?)
Hibernate: insert into person (id, date_of_birth, email, first_name, group_ref, last_name, password, website) values (default, ?, ?, ?, ?, ?, ?, ?)
Hibernate: insert into person (id, date_of_birth, email, first_name, group_ref, last_name, password, website) values (default, ?, ?, ?, ?, ?, ?, ?)
Hibernate: insert into person (id, date_of_birth, email, first_name, group_ref, last_name, password, website) values (default, ?, ?, ?, ?, ?, ?, ?)
Hibernate: insert into person (id, date_of_birth, email, first_name, group_ref, last_name, password, website) values (default, ?, ?, ?, ?, ?, ?, ?)
Hibernate: insert into person (id, date_of_birth, email, first_name, group_ref, last_name, password, website) values (default, ?, ?, ?, ?, ?, ?, ?)
Hibernate: insert into person (id, date_of_birth, email, first_name, group_ref, last_name, password, website) values (default, ?, ?, ?, ?, ?, ?, ?)
Hibernate: insert into person (id, date_of_birth, email, first_name, group_ref, last_name, password, website) values (default, ?, ?, ?, ?, ?, ?, ?)
Hibernate: insert into person (id, date_of_birth, email, first_name, group_ref, last_name, password, website) values (default, ?, ?, ?, ?, ?, ?, ?)
Hibernate: insert into person (id, date_of_birth, email, first_name, group_ref, last_name, password, website) values (default, ?, ?, ?, ?, ?, ?, ?)
Hibernate: insert into person (id, date_of_birth, email, first_name, group_ref, last_name, password, website) values (default, ?, ?, ?, ?, ?, ?, ?)
Hibernate: insert into person (id, date_of_birth, email, first_name, group_ref, last_name, password, website) values (default, ?, ?, ?, ?, ?, ?, ?)
Hibernate: insert into person (id, date_of_birth, email, first_name, group_ref, last_name, password, website) values (default, ?, ?, ?, ?, ?, ?, ?)
Hibernate: insert into person (id, date_of_birth, email, first_name, group_ref, last_name, password, website) values (default, ?, ?, ?, ?, ?, ?, ?)
Hibernate: insert into person (id, date_of_birth, email, first_name, group_ref, last_name, password, website) values (default, ?, ?, ?, ?, ?, ?, ?)
Hibernate: insert into person (id, date_of_birth, email, first_name, group_ref, last_name, password, website) values (default, ?, ?, ?, ?, ?, ?, ?)
Hibernate: insert into person (id, date_of_birth, email, first_name, group_ref, last_name, password, website) values (default, ?, ?, ?, ?, ?, ?, ?)
Hibernate: insert into person (id, date_of_birth, email, first_name, group_ref, last_name, password, website) values (default, ?, ?, ?, ?, ?, ?, ?)
santos.huel@gmail.com
b3fwgm8dth
]]></system-out>
  </testcase>
  <testcase name="testFindByLastNameAndFirstName" classname="com.example.demo.repository.PersonRepoTest" time="0.49"/>
  <testcase name="findPersonById" classname="com.example.demo.repository.PersonRepoTest" time="0.342"/>
  <testcase name="testFindByEmail" classname="com.example.demo.repository.PersonRepoTest" time="0.273"/>
  <testcase name="savePerson" classname="com.example.demo.repository.PersonRepoTest" time="0.275"/>
  <testcase name="testFindByLastNameIgnoreCase" classname="com.example.demo.repository.PersonRepoTest" time="0.298"/>
  <testcase name="testDeleteByEmail" classname="com.example.demo.repository.PersonRepoTest" time="0.868">
    <error message="Failed to load ApplicationContext" type="java.lang.IllegalStateException">java.lang.IllegalStateException: Failed to load ApplicationContext
Caused by: java.lang.IllegalStateException: Failed to execute CommandLineRunner
Caused by: org.springframework.dao.DataIntegrityViolationException: 
could not execute statement; SQL [n/a]; constraint ["PUBLIC.UK_FWMWI44U55BO4RVWSV0CLN012_INDEX_8 ON PUBLIC.PERSON(EMAIL NULLS FIRST) VALUES ( /* 95 */ 'cody.bosco@hotmail.com' )"; SQL statement:
insert into person (id, date_of_birth, email, first_name, group_ref, last_name, password, website) values (default, ?, ?, ?, ?, ?, ?, ?) [23505-214]]; nested exception is org.hibernate.exception.ConstraintViolationException: could not execute statement
Caused by: org.hibernate.exception.ConstraintViolationException: could not execute statement
Caused by: org.h2.jdbc.JdbcSQLIntegrityConstraintViolationException: 
Unique index or primary key violation: "PUBLIC.UK_FWMWI44U55BO4RVWSV0CLN012_INDEX_8 ON PUBLIC.PERSON(EMAIL NULLS FIRST) VALUES ( /* 95 */ 'cody.bosco@hotmail.com' )"; SQL statement:
insert into person (id, date_of_birth, email, first_name, group_ref, last_name, password, website) values (default, ?, ?, ?, ?, ?, ?, ?) [23505-214]
</error>
    <system-out><![CDATA[2023-04-12 22:44:08.575  INFO 87919 --- [           main] j.LocalContainerEntityManagerFactoryBean : Closing JPA EntityManagerFactory for persistence unit 'default'
2023-04-12 22:44:08.575  INFO 87919 --- [           main] .SchemaDropperImpl$DelayedDropActionImpl : HHH000477: Starting delayed evictData of schema as part of SessionFactory shut-down'
Hibernate: drop table if exists group_table CASCADE 
Hibernate: drop table if exists person CASCADE 

  .   ____          _            __ _ _
 /\\ / ___'_ __ _ _(_)_ __  __ _ \ \ \ \
( ( )\___ | '_ | '_| | '_ \/ _` | \ \ \ \
 \\/  ___)| |_)| | | | | || (_| |  ) ) ) )
  '  |____| .__|_| |_|_| |_\__, | / / / /
 =========|_|==============|___/=/_/_/_/
 :: Spring Boot ::               (v2.7.10)

2023-04-12 22:44:08.584  INFO 87919 --- [           main] c.e.demo.repository.PersonRepoTest       : Starting PersonRepoTest using Java 19.0.2 on MacBook-Air-de-Walid.local with PID 87919 (started by walidaddouche in /Users/walidaddouche/Downloads/demo 2)
2023-04-12 22:44:08.584  INFO 87919 --- [           main] c.e.demo.repository.PersonRepoTest       : No active profile set, falling back to 1 default profile: "default"
2023-04-12 22:44:08.613  INFO 87919 --- [           main] .s.d.r.c.RepositoryConfigurationDelegate : Bootstrapping Spring Data JPA repositories in DEFAULT mode.
2023-04-12 22:44:08.616  INFO 87919 --- [           main] .s.d.r.c.RepositoryConfigurationDelegate : Finished Spring Data repository scanning in 3 ms. Found 2 JPA repository interfaces.
2023-04-12 22:44:08.620  INFO 87919 --- [           main] beddedDataSourceBeanFactoryPostProcessor : Replacing 'dataSource' DataSource bean with embedded version
2023-04-12 22:44:08.630  INFO 87919 --- [           main] o.s.j.d.e.EmbeddedDatabaseFactory        : Starting embedded database: url='jdbc:h2:mem:4a20ce4d-3341-4573-a0d5-d1a0caa7982a;DB_CLOSE_DELAY=-1;DB_CLOSE_ON_EXIT=false', username='sa'
2023-04-12 22:44:08.642  INFO 87919 --- [           main] o.hibernate.jpa.internal.util.LogHelper  : HHH000204: Processing PersistenceUnitInfo [name: default]
2023-04-12 22:44:08.644  INFO 87919 --- [           main] org.hibernate.dialect.Dialect            : HHH000400: Using dialect: org.hibernate.dialect.H2Dialect
Hibernate: drop table if exists group_table CASCADE 
Hibernate: drop table if exists person CASCADE 
Hibernate: create table group_table (id bigint generated by default as identity, name varchar(255), primary key (id))
Hibernate: create table person (id bigint generated by default as identity, date_of_birth date, email varchar(255) not null, first_name varchar(255), last_name varchar(255), password varchar(255) not null, website varchar(255), group_ref bigint, primary key (id))
Hibernate: alter table person add constraint UK_fwmwi44u55bo4rvwsv0cln012 unique (email)
Hibernate: alter table person add constraint FKpcniehyk2d7hvfd403i27htix foreign key (group_ref) references group_table
2023-04-12 22:44:08.658  INFO 87919 --- [           main] o.h.e.t.j.p.i.JtaPlatformInitiator       : HHH000490: Using JtaPlatform implementation: [org.hibernate.engine.transaction.jta.platform.internal.NoJtaPlatform]
2023-04-12 22:44:08.658  INFO 87919 --- [           main] j.LocalContainerEntityManagerFactoryBean : Initialized JPA EntityManagerFactory for persistence unit 'default'
2023-04-12 22:44:08.715  INFO 87919 --- [           main] c.e.demo.repository.PersonRepoTest       : Started PersonRepoTest in 0.137 seconds (JVM running for 7.571)
Hibernate: insert into group_table (id, name) values (default, ?)
Hibernate: insert into group_table (id, name) values (default, ?)
Hibernate: insert into group_table (id, name) values (default, ?)
Hibernate: insert into group_table (id, name) values (default, ?)
Hibernate: insert into group_table (id, name) values (default, ?)
Hibernate: insert into group_table (id, name) values (default, ?)
Hibernate: insert into group_table (id, name) values (default, ?)
Hibernate: insert into group_table (id, name) values (default, ?)
Hibernate: insert into group_table (id, name) values (default, ?)
Hibernate: insert into group_table (id, name) values (default, ?)
Hibernate: insert into group_table (id, name) values (default, ?)
Hibernate: insert into group_table (id, name) values (default, ?)
Hibernate: insert into group_table (id, name) values (default, ?)
Hibernate: insert into group_table (id, name) values (default, ?)
Hibernate: insert into group_table (id, name) values (default, ?)
Hibernate: insert into group_table (id, name) values (default, ?)
Hibernate: insert into group_table (id, name) values (default, ?)
Hibernate: insert into group_table (id, name) values (default, ?)
Hibernate: insert into group_table (id, name) values (default, ?)
Hibernate: insert into group_table (id, name) values (default, ?)
Hibernate: insert into group_table (id, name) values (default, ?)
Hibernate: insert into group_table (id, name) values (default, ?)
Hibernate: insert into group_table (id, name) values (default, ?)
Hibernate: insert into group_table (id, name) values (default, ?)
Hibernate: insert into group_table (id, name) values (default, ?)
Hibernate: insert into group_table (id, name) values (default, ?)
Hibernate: insert into group_table (id, name) values (default, ?)
Hibernate: insert into group_table (id, name) values (default, ?)
Hibernate: insert into group_table (id, name) values (default, ?)
Hibernate: insert into group_table (id, name) values (default, ?)
Hibernate: insert into group_table (id, name) values (default, ?)
Hibernate: insert into group_table (id, name) values (default, ?)
Hibernate: insert into group_table (id, name) values (default, ?)
Hibernate: insert into group_table (id, name) values (default, ?)
Hibernate: insert into group_table (id, name) values (default, ?)
Hibernate: insert into group_table (id, name) values (default, ?)
Hibernate: insert into group_table (id, name) values (default, ?)
Hibernate: insert into group_table (id, name) values (default, ?)
Hibernate: insert into group_table (id, name) values (default, ?)
Hibernate: insert into group_table (id, name) values (default, ?)
Hibernate: insert into group_table (id, name) values (default, ?)
Hibernate: insert into group_table (id, name) values (default, ?)
Hibernate: insert into group_table (id, name) values (default, ?)
Hibernate: insert into group_table (id, name) values (default, ?)
Hibernate: insert into group_table (id, name) values (default, ?)
Hibernate: insert into group_table (id, name) values (default, ?)
Hibernate: insert into group_table (id, name) values (default, ?)
Hibernate: insert into group_table (id, name) values (default, ?)
Hibernate: insert into group_table (id, name) values (default, ?)
Hibernate: insert into group_table (id, name) values (default, ?)
Hibernate: insert into group_table (id, name) values (default, ?)
Hibernate: insert into group_table (id, name) values (default, ?)
Hibernate: insert into group_table (id, name) values (default, ?)
Hibernate: insert into group_table (id, name) values (default, ?)
Hibernate: insert into group_table (id, name) values (default, ?)
Hibernate: insert into group_table (id, name) values (default, ?)
Hibernate: insert into group_table (id, name) values (default, ?)
Hibernate: insert into group_table (id, name) values (default, ?)
Hibernate: insert into group_table (id, name) values (default, ?)
Hibernate: insert into group_table (id, name) values (default, ?)
Hibernate: insert into group_table (id, name) values (default, ?)
Hibernate: insert into group_table (id, name) values (default, ?)
Hibernate: insert into group_table (id, name) values (default, ?)
Hibernate: insert into group_table (id, name) values (default, ?)
Hibernate: insert into group_table (id, name) values (default, ?)
Hibernate: insert into group_table (id, name) values (default, ?)
Hibernate: insert into group_table (id, name) values (default, ?)
Hibernate: insert into group_table (id, name) values (default, ?)
Hibernate: insert into group_table (id, name) values (default, ?)
Hibernate: insert into group_table (id, name) values (default, ?)
Hibernate: insert into group_table (id, name) values (default, ?)
Hibernate: insert into group_table (id, name) values (default, ?)
Hibernate: insert into group_table (id, name) values (default, ?)
Hibernate: insert into group_table (id, name) values (default, ?)
Hibernate: insert into group_table (id, name) values (default, ?)
Hibernate: insert into group_table (id, name) values (default, ?)
Hibernate: insert into group_table (id, name) values (default, ?)
Hibernate: insert into group_table (id, name) values (default, ?)
Hibernate: insert into group_table (id, name) values (default, ?)
Hibernate: insert into group_table (id, name) values (default, ?)
Hibernate: insert into group_table (id, name) values (default, ?)
Hibernate: insert into group_table (id, name) values (default, ?)
Hibernate: insert into group_table (id, name) values (default, ?)
Hibernate: insert into group_table (id, name) values (default, ?)
Hibernate: insert into group_table (id, name) values (default, ?)
Hibernate: insert into group_table (id, name) values (default, ?)
Hibernate: insert into group_table (id, name) values (default, ?)
Hibernate: insert into group_table (id, name) values (default, ?)
Hibernate: insert into group_table (id, name) values (default, ?)
Hibernate: insert into group_table (id, name) values (default, ?)
Hibernate: insert into group_table (id, name) values (default, ?)
Hibernate: insert into group_table (id, name) values (default, ?)
Hibernate: insert into group_table (id, name) values (default, ?)
Hibernate: insert into group_table (id, name) values (default, ?)
Hibernate: insert into group_table (id, name) values (default, ?)
Hibernate: insert into group_table (id, name) values (default, ?)
Hibernate: insert into group_table (id, name) values (default, ?)
Hibernate: insert into group_table (id, name) values (default, ?)
Hibernate: insert into group_table (id, name) values (default, ?)
Hibernate: insert into group_table (id, name) values (default, ?)
Hibernate: insert into group_table (id, name) values (default, ?)
Hibernate: insert into group_table (id, name) values (default, ?)
Hibernate: insert into group_table (id, name) values (default, ?)
Hibernate: insert into group_table (id, name) values (default, ?)
Hibernate: insert into group_table (id, name) values (default, ?)
Hibernate: insert into group_table (id, name) values (default, ?)
Hibernate: insert into group_table (id, name) values (default, ?)
Hibernate: insert into group_table (id, name) values (default, ?)
Hibernate: insert into group_table (id, name) values (default, ?)
Hibernate: insert into group_table (id, name) values (default, ?)
Hibernate: insert into group_table (id, name) values (default, ?)
Hibernate: insert into group_table (id, name) values (default, ?)
Hibernate: insert into group_table (id, name) values (default, ?)
Hibernate: insert into group_table (id, name) values (default, ?)
Hibernate: insert into group_table (id, name) values (default, ?)
Hibernate: insert into group_table (id, name) values (default, ?)
Hibernate: insert into group_table (id, name) values (default, ?)
Hibernate: insert into group_table (id, name) values (default, ?)
Hibernate: insert into group_table (id, name) values (default, ?)
Hibernate: insert into group_table (id, name) values (default, ?)
Hibernate: insert into group_table (id, name) values (default, ?)
Hibernate: insert into group_table (id, name) values (default, ?)
Hibernate: insert into group_table (id, name) values (default, ?)
Hibernate: insert into group_table (id, name) values (default, ?)
Hibernate: insert into group_table (id, name) values (default, ?)
Hibernate: insert into group_table (id, name) values (default, ?)
Hibernate: insert into group_table (id, name) values (default, ?)
Hibernate: insert into group_table (id, name) values (default, ?)
Hibernate: insert into group_table (id, name) values (default, ?)
Hibernate: insert into group_table (id, name) values (default, ?)
Hibernate: insert into group_table (id, name) values (default, ?)
Hibernate: insert into group_table (id, name) values (default, ?)
Hibernate: insert into group_table (id, name) values (default, ?)
Hibernate: insert into group_table (id, name) values (default, ?)
Hibernate: insert into group_table (id, name) values (default, ?)
Hibernate: insert into group_table (id, name) values (default, ?)
Hibernate: insert into group_table (id, name) values (default, ?)
Hibernate: insert into group_table (id, name) values (default, ?)
Hibernate: insert into group_table (id, name) values (default, ?)
Hibernate: insert into group_table (id, name) values (default, ?)
Hibernate: insert into group_table (id, name) values (default, ?)
Hibernate: insert into group_table (id, name) values (default, ?)
Hibernate: insert into group_table (id, name) values (default, ?)
Hibernate: insert into group_table (id, name) values (default, ?)
Hibernate: insert into group_table (id, name) values (default, ?)
Hibernate: insert into group_table (id, name) values (default, ?)
Hibernate: insert into group_table (id, name) values (default, ?)
Hibernate: insert into group_table (id, name) values (default, ?)
Hibernate: insert into group_table (id, name) values (default, ?)
Hibernate: insert into group_table (id, name) values (default, ?)
Hibernate: insert into group_table (id, name) values (default, ?)
Hibernate: insert into group_table (id, name) values (default, ?)
Hibernate: insert into group_table (id, name) values (default, ?)
Hibernate: insert into group_table (id, name) values (default, ?)
Hibernate: insert into group_table (id, name) values (default, ?)
Hibernate: insert into group_table (id, name) values (default, ?)
Hibernate: insert into group_table (id, name) values (default, ?)
Hibernate: insert into group_table (id, name) values (default, ?)
Hibernate: insert into group_table (id, name) values (default, ?)
Hibernate: insert into group_table (id, name) values (default, ?)
Hibernate: insert into group_table (id, name) values (default, ?)
Hibernate: insert into group_table (id, name) values (default, ?)
Hibernate: insert into group_table (id, name) values (default, ?)
Hibernate: insert into group_table (id, name) values (default, ?)
Hibernate: insert into group_table (id, name) values (default, ?)
Hibernate: insert into group_table (id, name) values (default, ?)
Hibernate: insert into group_table (id, name) values (default, ?)
Hibernate: insert into group_table (id, name) values (default, ?)
Hibernate: insert into group_table (id, name) values (default, ?)
Hibernate: insert into group_table (id, name) values (default, ?)
Hibernate: insert into group_table (id, name) values (default, ?)
Hibernate: insert into group_table (id, name) values (default, ?)
Hibernate: insert into group_table (id, name) values (default, ?)
Hibernate: insert into group_table (id, name) values (default, ?)
Hibernate: insert into group_table (id, name) values (default, ?)
Hibernate: insert into group_table (id, name) values (default, ?)
Hibernate: insert into group_table (id, name) values (default, ?)
Hibernate: insert into group_table (id, name) values (default, ?)
Hibernate: insert into group_table (id, name) values (default, ?)
Hibernate: insert into group_table (id, name) values (default, ?)
Hibernate: insert into group_table (id, name) values (default, ?)
Hibernate: insert into group_table (id, name) values (default, ?)
Hibernate: insert into group_table (id, name) values (default, ?)
Hibernate: insert into group_table (id, name) values (default, ?)
Hibernate: insert into group_table (id, name) values (default, ?)
Hibernate: insert into group_table (id, name) values (default, ?)
Hibernate: insert into group_table (id, name) values (default, ?)
Hibernate: insert into group_table (id, name) values (default, ?)
Hibernate: insert into group_table (id, name) values (default, ?)
Hibernate: insert into group_table (id, name) values (default, ?)
Hibernate: insert into group_table (id, name) values (default, ?)
Hibernate: insert into group_table (id, name) values (default, ?)
Hibernate: insert into group_table (id, name) values (default, ?)
Hibernate: insert into group_table (id, name) values (default, ?)
Hibernate: insert into group_table (id, name) values (default, ?)
Hibernate: insert into group_table (id, name) values (default, ?)
Hibernate: insert into group_table (id, name) values (default, ?)
Hibernate: insert into group_table (id, name) values (default, ?)
Hibernate: insert into group_table (id, name) values (default, ?)
Hibernate: insert into group_table (id, name) values (default, ?)
Hibernate: insert into person (id, date_of_birth, email, first_name, group_ref, last_name, password, website) values (default, ?, ?, ?, ?, ?, ?, ?)
Hibernate: insert into person (id, date_of_birth, email, first_name, group_ref, last_name, password, website) values (default, ?, ?, ?, ?, ?, ?, ?)
Hibernate: insert into person (id, date_of_birth, email, first_name, group_ref, last_name, password, website) values (default, ?, ?, ?, ?, ?, ?, ?)
Hibernate: insert into person (id, date_of_birth, email, first_name, group_ref, last_name, password, website) values (default, ?, ?, ?, ?, ?, ?, ?)
Hibernate: insert into person (id, date_of_birth, email, first_name, group_ref, last_name, password, website) values (default, ?, ?, ?, ?, ?, ?, ?)
Hibernate: insert into person (id, date_of_birth, email, first_name, group_ref, last_name, password, website) values (default, ?, ?, ?, ?, ?, ?, ?)
Hibernate: insert into person (id, date_of_birth, email, first_name, group_ref, last_name, password, website) values (default, ?, ?, ?, ?, ?, ?, ?)
Hibernate: insert into person (id, date_of_birth, email, first_name, group_ref, last_name, password, website) values (default, ?, ?, ?, ?, ?, ?, ?)
Hibernate: insert into person (id, date_of_birth, email, first_name, group_ref, last_name, password, website) values (default, ?, ?, ?, ?, ?, ?, ?)
Hibernate: insert into person (id, date_of_birth, email, first_name, group_ref, last_name, password, website) values (default, ?, ?, ?, ?, ?, ?, ?)
Hibernate: insert into person (id, date_of_birth, email, first_name, group_ref, last_name, password, website) values (default, ?, ?, ?, ?, ?, ?, ?)
Hibernate: insert into person (id, date_of_birth, email, first_name, group_ref, last_name, password, website) values (default, ?, ?, ?, ?, ?, ?, ?)
Hibernate: insert into person (id, date_of_birth, email, first_name, group_ref, last_name, password, website) values (default, ?, ?, ?, ?, ?, ?, ?)
Hibernate: insert into person (id, date_of_birth, email, first_name, group_ref, last_name, password, website) values (default, ?, ?, ?, ?, ?, ?, ?)
Hibernate: insert into person (id, date_of_birth, email, first_name, group_ref, last_name, password, website) values (default, ?, ?, ?, ?, ?, ?, ?)
Hibernate: insert into person (id, date_of_birth, email, first_name, group_ref, last_name, password, website) values (default, ?, ?, ?, ?, ?, ?, ?)
Hibernate: insert into person (id, date_of_birth, email, first_name, group_ref, last_name, password, website) values (default, ?, ?, ?, ?, ?, ?, ?)
Hibernate: insert into person (id, date_of_birth, email, first_name, group_ref, last_name, password, website) values (default, ?, ?, ?, ?, ?, ?, ?)
Hibernate: insert into person (id, date_of_birth, email, first_name, group_ref, last_name, password, website) values (default, ?, ?, ?, ?, ?, ?, ?)
Hibernate: insert into person (id, date_of_birth, email, first_name, group_ref, last_name, password, website) values (default, ?, ?, ?, ?, ?, ?, ?)
Hibernate: insert into person (id, date_of_birth, email, first_name, group_ref, last_name, password, website) values (default, ?, ?, ?, ?, ?, ?, ?)
Hibernate: insert into person (id, date_of_birth, email, first_name, group_ref, last_name, password, website) values (default, ?, ?, ?, ?, ?, ?, ?)
Hibernate: insert into person (id, date_of_birth, email, first_name, group_ref, last_name, password, website) values (default, ?, ?, ?, ?, ?, ?, ?)
Hibernate: insert into person (id, date_of_birth, email, first_name, group_ref, last_name, password, website) values (default, ?, ?, ?, ?, ?, ?, ?)
Hibernate: insert into person (id, date_of_birth, email, first_name, group_ref, last_name, password, website) values (default, ?, ?, ?, ?, ?, ?, ?)
Hibernate: insert into person (id, date_of_birth, email, first_name, group_ref, last_name, password, website) values (default, ?, ?, ?, ?, ?, ?, ?)
Hibernate: insert into person (id, date_of_birth, email, first_name, group_ref, last_name, password, website) values (default, ?, ?, ?, ?, ?, ?, ?)
Hibernate: insert into person (id, date_of_birth, email, first_name, group_ref, last_name, password, website) values (default, ?, ?, ?, ?, ?, ?, ?)
Hibernate: insert into person (id, date_of_birth, email, first_name, group_ref, last_name, password, website) values (default, ?, ?, ?, ?, ?, ?, ?)
Hibernate: insert into person (id, date_of_birth, email, first_name, group_ref, last_name, password, website) values (default, ?, ?, ?, ?, ?, ?, ?)
Hibernate: insert into person (id, date_of_birth, email, first_name, group_ref, last_name, password, website) values (default, ?, ?, ?, ?, ?, ?, ?)
Hibernate: insert into person (id, date_of_birth, email, first_name, group_ref, last_name, password, website) values (default, ?, ?, ?, ?, ?, ?, ?)
Hibernate: insert into person (id, date_of_birth, email, first_name, group_ref, last_name, password, website) values (default, ?, ?, ?, ?, ?, ?, ?)
Hibernate: insert into person (id, date_of_birth, email, first_name, group_ref, last_name, password, website) values (default, ?, ?, ?, ?, ?, ?, ?)
Hibernate: insert into person (id, date_of_birth, email, first_name, group_ref, last_name, password, website) values (default, ?, ?, ?, ?, ?, ?, ?)
Hibernate: insert into person (id, date_of_birth, email, first_name, group_ref, last_name, password, website) values (default, ?, ?, ?, ?, ?, ?, ?)
Hibernate: insert into person (id, date_of_birth, email, first_name, group_ref, last_name, password, website) values (default, ?, ?, ?, ?, ?, ?, ?)
Hibernate: insert into person (id, date_of_birth, email, first_name, group_ref, last_name, password, website) values (default, ?, ?, ?, ?, ?, ?, ?)
Hibernate: insert into person (id, date_of_birth, email, first_name, group_ref, last_name, password, website) values (default, ?, ?, ?, ?, ?, ?, ?)
Hibernate: insert into person (id, date_of_birth, email, first_name, group_ref, last_name, password, website) values (default, ?, ?, ?, ?, ?, ?, ?)
Hibernate: insert into person (id, date_of_birth, email, first_name, group_ref, last_name, password, website) values (default, ?, ?, ?, ?, ?, ?, ?)
Hibernate: insert into person (id, date_of_birth, email, first_name, group_ref, last_name, password, website) values (default, ?, ?, ?, ?, ?, ?, ?)
Hibernate: insert into person (id, date_of_birth, email, first_name, group_ref, last_name, password, website) values (default, ?, ?, ?, ?, ?, ?, ?)
Hibernate: insert into person (id, date_of_birth, email, first_name, group_ref, last_name, password, website) values (default, ?, ?, ?, ?, ?, ?, ?)
Hibernate: insert into person (id, date_of_birth, email, first_name, group_ref, last_name, password, website) values (default, ?, ?, ?, ?, ?, ?, ?)
Hibernate: insert into person (id, date_of_birth, email, first_name, group_ref, last_name, password, website) values (default, ?, ?, ?, ?, ?, ?, ?)
Hibernate: insert into person (id, date_of_birth, email, first_name, group_ref, last_name, password, website) values (default, ?, ?, ?, ?, ?, ?, ?)
Hibernate: insert into person (id, date_of_birth, email, first_name, group_ref, last_name, password, website) values (default, ?, ?, ?, ?, ?, ?, ?)
Hibernate: insert into person (id, date_of_birth, email, first_name, group_ref, last_name, password, website) values (default, ?, ?, ?, ?, ?, ?, ?)
Hibernate: insert into person (id, date_of_birth, email, first_name, group_ref, last_name, password, website) values (default, ?, ?, ?, ?, ?, ?, ?)
Hibernate: insert into person (id, date_of_birth, email, first_name, group_ref, last_name, password, website) values (default, ?, ?, ?, ?, ?, ?, ?)
Hibernate: insert into person (id, date_of_birth, email, first_name, group_ref, last_name, password, website) values (default, ?, ?, ?, ?, ?, ?, ?)
Hibernate: insert into person (id, date_of_birth, email, first_name, group_ref, last_name, password, website) values (default, ?, ?, ?, ?, ?, ?, ?)
Hibernate: insert into person (id, date_of_birth, email, first_name, group_ref, last_name, password, website) values (default, ?, ?, ?, ?, ?, ?, ?)
Hibernate: insert into person (id, date_of_birth, email, first_name, group_ref, last_name, password, website) values (default, ?, ?, ?, ?, ?, ?, ?)
Hibernate: insert into person (id, date_of_birth, email, first_name, group_ref, last_name, password, website) values (default, ?, ?, ?, ?, ?, ?, ?)
Hibernate: insert into person (id, date_of_birth, email, first_name, group_ref, last_name, password, website) values (default, ?, ?, ?, ?, ?, ?, ?)
Hibernate: insert into person (id, date_of_birth, email, first_name, group_ref, last_name, password, website) values (default, ?, ?, ?, ?, ?, ?, ?)
Hibernate: insert into person (id, date_of_birth, email, first_name, group_ref, last_name, password, website) values (default, ?, ?, ?, ?, ?, ?, ?)
Hibernate: insert into person (id, date_of_birth, email, first_name, group_ref, last_name, password, website) values (default, ?, ?, ?, ?, ?, ?, ?)
Hibernate: insert into person (id, date_of_birth, email, first_name, group_ref, last_name, password, website) values (default, ?, ?, ?, ?, ?, ?, ?)
Hibernate: insert into person (id, date_of_birth, email, first_name, group_ref, last_name, password, website) values (default, ?, ?, ?, ?, ?, ?, ?)
Hibernate: insert into person (id, date_of_birth, email, first_name, group_ref, last_name, password, website) values (default, ?, ?, ?, ?, ?, ?, ?)
Hibernate: insert into person (id, date_of_birth, email, first_name, group_ref, last_name, password, website) values (default, ?, ?, ?, ?, ?, ?, ?)
Hibernate: insert into person (id, date_of_birth, email, first_name, group_ref, last_name, password, website) values (default, ?, ?, ?, ?, ?, ?, ?)
Hibernate: insert into person (id, date_of_birth, email, first_name, group_ref, last_name, password, website) values (default, ?, ?, ?, ?, ?, ?, ?)
Hibernate: insert into person (id, date_of_birth, email, first_name, group_ref, last_name, password, website) values (default, ?, ?, ?, ?, ?, ?, ?)
Hibernate: insert into person (id, date_of_birth, email, first_name, group_ref, last_name, password, website) values (default, ?, ?, ?, ?, ?, ?, ?)
Hibernate: insert into person (id, date_of_birth, email, first_name, group_ref, last_name, password, website) values (default, ?, ?, ?, ?, ?, ?, ?)
Hibernate: insert into person (id, date_of_birth, email, first_name, group_ref, last_name, password, website) values (default, ?, ?, ?, ?, ?, ?, ?)
Hibernate: insert into person (id, date_of_birth, email, first_name, group_ref, last_name, password, website) values (default, ?, ?, ?, ?, ?, ?, ?)
Hibernate: insert into person (id, date_of_birth, email, first_name, group_ref, last_name, password, website) values (default, ?, ?, ?, ?, ?, ?, ?)
Hibernate: insert into person (id, date_of_birth, email, first_name, group_ref, last_name, password, website) values (default, ?, ?, ?, ?, ?, ?, ?)
Hibernate: insert into person (id, date_of_birth, email, first_name, group_ref, last_name, password, website) values (default, ?, ?, ?, ?, ?, ?, ?)
Hibernate: insert into person (id, date_of_birth, email, first_name, group_ref, last_name, password, website) values (default, ?, ?, ?, ?, ?, ?, ?)
Hibernate: insert into person (id, date_of_birth, email, first_name, group_ref, last_name, password, website) values (default, ?, ?, ?, ?, ?, ?, ?)
Hibernate: insert into person (id, date_of_birth, email, first_name, group_ref, last_name, password, website) values (default, ?, ?, ?, ?, ?, ?, ?)
Hibernate: insert into person (id, date_of_birth, email, first_name, group_ref, last_name, password, website) values (default, ?, ?, ?, ?, ?, ?, ?)
Hibernate: insert into person (id, date_of_birth, email, first_name, group_ref, last_name, password, website) values (default, ?, ?, ?, ?, ?, ?, ?)
Hibernate: insert into person (id, date_of_birth, email, first_name, group_ref, last_name, password, website) values (default, ?, ?, ?, ?, ?, ?, ?)
Hibernate: insert into person (id, date_of_birth, email, first_name, group_ref, last_name, password, website) values (default, ?, ?, ?, ?, ?, ?, ?)
Hibernate: insert into person (id, date_of_birth, email, first_name, group_ref, last_name, password, website) values (default, ?, ?, ?, ?, ?, ?, ?)
Hibernate: insert into person (id, date_of_birth, email, first_name, group_ref, last_name, password, website) values (default, ?, ?, ?, ?, ?, ?, ?)
Hibernate: insert into person (id, date_of_birth, email, first_name, group_ref, last_name, password, website) values (default, ?, ?, ?, ?, ?, ?, ?)
Hibernate: insert into person (id, date_of_birth, email, first_name, group_ref, last_name, password, website) values (default, ?, ?, ?, ?, ?, ?, ?)
Hibernate: insert into person (id, date_of_birth, email, first_name, group_ref, last_name, password, website) values (default, ?, ?, ?, ?, ?, ?, ?)
Hibernate: insert into person (id, date_of_birth, email, first_name, group_ref, last_name, password, website) values (default, ?, ?, ?, ?, ?, ?, ?)
Hibernate: insert into person (id, date_of_birth, email, first_name, group_ref, last_name, password, website) values (default, ?, ?, ?, ?, ?, ?, ?)
Hibernate: insert into person (id, date_of_birth, email, first_name, group_ref, last_name, password, website) values (default, ?, ?, ?, ?, ?, ?, ?)
Hibernate: insert into person (id, date_of_birth, email, first_name, group_ref, last_name, password, website) values (default, ?, ?, ?, ?, ?, ?, ?)
Hibernate: insert into person (id, date_of_birth, email, first_name, group_ref, last_name, password, website) values (default, ?, ?, ?, ?, ?, ?, ?)
Hibernate: insert into person (id, date_of_birth, email, first_name, group_ref, last_name, password, website) values (default, ?, ?, ?, ?, ?, ?, ?)
Hibernate: insert into person (id, date_of_birth, email, first_name, group_ref, last_name, password, website) values (default, ?, ?, ?, ?, ?, ?, ?)
Hibernate: insert into person (id, date_of_birth, email, first_name, group_ref, last_name, password, website) values (default, ?, ?, ?, ?, ?, ?, ?)
Hibernate: insert into person (id, date_of_birth, email, first_name, group_ref, last_name, password, website) values (default, ?, ?, ?, ?, ?, ?, ?)
Hibernate: insert into person (id, date_of_birth, email, first_name, group_ref, last_name, password, website) values (default, ?, ?, ?, ?, ?, ?, ?)
Hibernate: insert into person (id, date_of_birth, email, first_name, group_ref, last_name, password, website) values (default, ?, ?, ?, ?, ?, ?, ?)
Hibernate: insert into person (id, date_of_birth, email, first_name, group_ref, last_name, password, website) values (default, ?, ?, ?, ?, ?, ?, ?)
Hibernate: insert into person (id, date_of_birth, email, first_name, group_ref, last_name, password, website) values (default, ?, ?, ?, ?, ?, ?, ?)
Hibernate: insert into person (id, date_of_birth, email, first_name, group_ref, last_name, password, website) values (default, ?, ?, ?, ?, ?, ?, ?)
Hibernate: insert into person (id, date_of_birth, email, first_name, group_ref, last_name, password, website) values (default, ?, ?, ?, ?, ?, ?, ?)
Hibernate: insert into person (id, date_of_birth, email, first_name, group_ref, last_name, password, website) values (default, ?, ?, ?, ?, ?, ?, ?)
Hibernate: insert into person (id, date_of_birth, email, first_name, group_ref, last_name, password, website) values (default, ?, ?, ?, ?, ?, ?, ?)
Hibernate: insert into person (id, date_of_birth, email, first_name, group_ref, last_name, password, website) values (default, ?, ?, ?, ?, ?, ?, ?)
Hibernate: insert into person (id, date_of_birth, email, first_name, group_ref, last_name, password, website) values (default, ?, ?, ?, ?, ?, ?, ?)
Hibernate: insert into person (id, date_of_birth, email, first_name, group_ref, last_name, password, website) values (default, ?, ?, ?, ?, ?, ?, ?)
Hibernate: insert into person (id, date_of_birth, email, first_name, group_ref, last_name, password, website) values (default, ?, ?, ?, ?, ?, ?, ?)
Hibernate: insert into person (id, date_of_birth, email, first_name, group_ref, last_name, password, website) values (default, ?, ?, ?, ?, ?, ?, ?)
Hibernate: insert into person (id, date_of_birth, email, first_name, group_ref, last_name, password, website) values (default, ?, ?, ?, ?, ?, ?, ?)
Hibernate: insert into person (id, date_of_birth, email, first_name, group_ref, last_name, password, website) values (default, ?, ?, ?, ?, ?, ?, ?)
Hibernate: insert into person (id, date_of_birth, email, first_name, group_ref, last_name, password, website) values (default, ?, ?, ?, ?, ?, ?, ?)
Hibernate: insert into person (id, date_of_birth, email, first_name, group_ref, last_name, password, website) values (default, ?, ?, ?, ?, ?, ?, ?)
Hibernate: insert into person (id, date_of_birth, email, first_name, group_ref, last_name, password, website) values (default, ?, ?, ?, ?, ?, ?, ?)
Hibernate: insert into person (id, date_of_birth, email, first_name, group_ref, last_name, password, website) values (default, ?, ?, ?, ?, ?, ?, ?)
Hibernate: insert into person (id, date_of_birth, email, first_name, group_ref, last_name, password, website) values (default, ?, ?, ?, ?, ?, ?, ?)
Hibernate: insert into person (id, date_of_birth, email, first_name, group_ref, last_name, password, website) values (default, ?, ?, ?, ?, ?, ?, ?)
Hibernate: insert into person (id, date_of_birth, email, first_name, group_ref, last_name, password, website) values (default, ?, ?, ?, ?, ?, ?, ?)
Hibernate: insert into person (id, date_of_birth, email, first_name, group_ref, last_name, password, website) values (default, ?, ?, ?, ?, ?, ?, ?)
Hibernate: insert into person (id, date_of_birth, email, first_name, group_ref, last_name, password, website) values (default, ?, ?, ?, ?, ?, ?, ?)
Hibernate: insert into person (id, date_of_birth, email, first_name, group_ref, last_name, password, website) values (default, ?, ?, ?, ?, ?, ?, ?)
Hibernate: insert into person (id, date_of_birth, email, first_name, group_ref, last_name, password, website) values (default, ?, ?, ?, ?, ?, ?, ?)
Hibernate: insert into person (id, date_of_birth, email, first_name, group_ref, last_name, password, website) values (default, ?, ?, ?, ?, ?, ?, ?)
Hibernate: insert into person (id, date_of_birth, email, first_name, group_ref, last_name, password, website) values (default, ?, ?, ?, ?, ?, ?, ?)
Hibernate: insert into person (id, date_of_birth, email, first_name, group_ref, last_name, password, website) values (default, ?, ?, ?, ?, ?, ?, ?)
Hibernate: insert into person (id, date_of_birth, email, first_name, group_ref, last_name, password, website) values (default, ?, ?, ?, ?, ?, ?, ?)
Hibernate: insert into person (id, date_of_birth, email, first_name, group_ref, last_name, password, website) values (default, ?, ?, ?, ?, ?, ?, ?)
Hibernate: insert into person (id, date_of_birth, email, first_name, group_ref, last_name, password, website) values (default, ?, ?, ?, ?, ?, ?, ?)
Hibernate: insert into person (id, date_of_birth, email, first_name, group_ref, last_name, password, website) values (default, ?, ?, ?, ?, ?, ?, ?)
Hibernate: insert into person (id, date_of_birth, email, first_name, group_ref, last_name, password, website) values (default, ?, ?, ?, ?, ?, ?, ?)
Hibernate: insert into person (id, date_of_birth, email, first_name, group_ref, last_name, password, website) values (default, ?, ?, ?, ?, ?, ?, ?)
Hibernate: insert into person (id, date_of_birth, email, first_name, group_ref, last_name, password, website) values (default, ?, ?, ?, ?, ?, ?, ?)
Hibernate: insert into person (id, date_of_birth, email, first_name, group_ref, last_name, password, website) values (default, ?, ?, ?, ?, ?, ?, ?)
Hibernate: insert into person (id, date_of_birth, email, first_name, group_ref, last_name, password, website) values (default, ?, ?, ?, ?, ?, ?, ?)
Hibernate: insert into person (id, date_of_birth, email, first_name, group_ref, last_name, password, website) values (default, ?, ?, ?, ?, ?, ?, ?)
Hibernate: insert into person (id, date_of_birth, email, first_name, group_ref, last_name, password, website) values (default, ?, ?, ?, ?, ?, ?, ?)
Hibernate: insert into person (id, date_of_birth, email, first_name, group_ref, last_name, password, website) values (default, ?, ?, ?, ?, ?, ?, ?)
Hibernate: insert into person (id, date_of_birth, email, first_name, group_ref, last_name, password, website) values (default, ?, ?, ?, ?, ?, ?, ?)
Hibernate: insert into person (id, date_of_birth, email, first_name, group_ref, last_name, password, website) values (default, ?, ?, ?, ?, ?, ?, ?)
Hibernate: insert into person (id, date_of_birth, email, first_name, group_ref, last_name, password, website) values (default, ?, ?, ?, ?, ?, ?, ?)
Hibernate: insert into person (id, date_of_birth, email, first_name, group_ref, last_name, password, website) values (default, ?, ?, ?, ?, ?, ?, ?)
Hibernate: insert into person (id, date_of_birth, email, first_name, group_ref, last_name, password, website) values (default, ?, ?, ?, ?, ?, ?, ?)
Hibernate: insert into person (id, date_of_birth, email, first_name, group_ref, last_name, password, website) values (default, ?, ?, ?, ?, ?, ?, ?)
Hibernate: insert into person (id, date_of_birth, email, first_name, group_ref, last_name, password, website) values (default, ?, ?, ?, ?, ?, ?, ?)
Hibernate: insert into person (id, date_of_birth, email, first_name, group_ref, last_name, password, website) values (default, ?, ?, ?, ?, ?, ?, ?)
Hibernate: insert into person (id, date_of_birth, email, first_name, group_ref, last_name, password, website) values (default, ?, ?, ?, ?, ?, ?, ?)
Hibernate: insert into person (id, date_of_birth, email, first_name, group_ref, last_name, password, website) values (default, ?, ?, ?, ?, ?, ?, ?)
Hibernate: insert into person (id, date_of_birth, email, first_name, group_ref, last_name, password, website) values (default, ?, ?, ?, ?, ?, ?, ?)
Hibernate: insert into person (id, date_of_birth, email, first_name, group_ref, last_name, password, website) values (default, ?, ?, ?, ?, ?, ?, ?)
Hibernate: insert into person (id, date_of_birth, email, first_name, group_ref, last_name, password, website) values (default, ?, ?, ?, ?, ?, ?, ?)
Hibernate: insert into person (id, date_of_birth, email, first_name, group_ref, last_name, password, website) values (default, ?, ?, ?, ?, ?, ?, ?)
Hibernate: insert into person (id, date_of_birth, email, first_name, group_ref, last_name, password, website) values (default, ?, ?, ?, ?, ?, ?, ?)
Hibernate: insert into person (id, date_of_birth, email, first_name, group_ref, last_name, password, website) values (default, ?, ?, ?, ?, ?, ?, ?)
Hibernate: insert into person (id, date_of_birth, email, first_name, group_ref, last_name, password, website) values (default, ?, ?, ?, ?, ?, ?, ?)
Hibernate: insert into person (id, date_of_birth, email, first_name, group_ref, last_name, password, website) values (default, ?, ?, ?, ?, ?, ?, ?)
Hibernate: insert into person (id, date_of_birth, email, first_name, group_ref, last_name, password, website) values (default, ?, ?, ?, ?, ?, ?, ?)
Hibernate: insert into person (id, date_of_birth, email, first_name, group_ref, last_name, password, website) values (default, ?, ?, ?, ?, ?, ?, ?)
Hibernate: insert into person (id, date_of_birth, email, first_name, group_ref, last_name, password, website) values (default, ?, ?, ?, ?, ?, ?, ?)
Hibernate: insert into person (id, date_of_birth, email, first_name, group_ref, last_name, password, website) values (default, ?, ?, ?, ?, ?, ?, ?)
Hibernate: insert into person (id, date_of_birth, email, first_name, group_ref, last_name, password, website) values (default, ?, ?, ?, ?, ?, ?, ?)
Hibernate: insert into person (id, date_of_birth, email, first_name, group_ref, last_name, password, website) values (default, ?, ?, ?, ?, ?, ?, ?)
Hibernate: insert into person (id, date_of_birth, email, first_name, group_ref, last_name, password, website) values (default, ?, ?, ?, ?, ?, ?, ?)
Hibernate: insert into person (id, date_of_birth, email, first_name, group_ref, last_name, password, website) values (default, ?, ?, ?, ?, ?, ?, ?)
Hibernate: insert into person (id, date_of_birth, email, first_name, group_ref, last_name, password, website) values (default, ?, ?, ?, ?, ?, ?, ?)
Hibernate: insert into person (id, date_of_birth, email, first_name, group_ref, last_name, password, website) values (default, ?, ?, ?, ?, ?, ?, ?)
Hibernate: insert into person (id, date_of_birth, email, first_name, group_ref, last_name, password, website) values (default, ?, ?, ?, ?, ?, ?, ?)
Hibernate: insert into person (id, date_of_birth, email, first_name, group_ref, last_name, password, website) values (default, ?, ?, ?, ?, ?, ?, ?)
Hibernate: insert into person (id, date_of_birth, email, first_name, group_ref, last_name, password, website) values (default, ?, ?, ?, ?, ?, ?, ?)
Hibernate: insert into person (id, date_of_birth, email, first_name, group_ref, last_name, password, website) values (default, ?, ?, ?, ?, ?, ?, ?)
Hibernate: insert into person (id, date_of_birth, email, first_name, group_ref, last_name, password, website) values (default, ?, ?, ?, ?, ?, ?, ?)
Hibernate: insert into person (id, date_of_birth, email, first_name, group_ref, last_name, password, website) values (default, ?, ?, ?, ?, ?, ?, ?)
Hibernate: insert into person (id, date_of_birth, email, first_name, group_ref, last_name, password, website) values (default, ?, ?, ?, ?, ?, ?, ?)
Hibernate: insert into person (id, date_of_birth, email, first_name, group_ref, last_name, password, website) values (default, ?, ?, ?, ?, ?, ?, ?)
Hibernate: insert into person (id, date_of_birth, email, first_name, group_ref, last_name, password, website) values (default, ?, ?, ?, ?, ?, ?, ?)
Hibernate: insert into person (id, date_of_birth, email, first_name, group_ref, last_name, password, website) values (default, ?, ?, ?, ?, ?, ?, ?)
Hibernate: insert into person (id, date_of_birth, email, first_name, group_ref, last_name, password, website) values (default, ?, ?, ?, ?, ?, ?, ?)
Hibernate: insert into person (id, date_of_birth, email, first_name, group_ref, last_name, password, website) values (default, ?, ?, ?, ?, ?, ?, ?)
Hibernate: insert into person (id, date_of_birth, email, first_name, group_ref, last_name, password, website) values (default, ?, ?, ?, ?, ?, ?, ?)
Hibernate: insert into person (id, date_of_birth, email, first_name, group_ref, last_name, password, website) values (default, ?, ?, ?, ?, ?, ?, ?)
Hibernate: insert into person (id, date_of_birth, email, first_name, group_ref, last_name, password, website) values (default, ?, ?, ?, ?, ?, ?, ?)
Hibernate: insert into person (id, date_of_birth, email, first_name, group_ref, last_name, password, website) values (default, ?, ?, ?, ?, ?, ?, ?)
Hibernate: insert into person (id, date_of_birth, email, first_name, group_ref, last_name, password, website) values (default, ?, ?, ?, ?, ?, ?, ?)
Hibernate: insert into person (id, date_of_birth, email, first_name, group_ref, last_name, password, website) values (default, ?, ?, ?, ?, ?, ?, ?)
Hibernate: insert into person (id, date_of_birth, email, first_name, group_ref, last_name, password, website) values (default, ?, ?, ?, ?, ?, ?, ?)
Hibernate: insert into person (id, date_of_birth, email, first_name, group_ref, last_name, password, website) values (default, ?, ?, ?, ?, ?, ?, ?)
Hibernate: insert into person (id, date_of_birth, email, first_name, group_ref, last_name, password, website) values (default, ?, ?, ?, ?, ?, ?, ?)
Hibernate: insert into person (id, date_of_birth, email, first_name, group_ref, last_name, password, website) values (default, ?, ?, ?, ?, ?, ?, ?)
Hibernate: insert into person (id, date_of_birth, email, first_name, group_ref, last_name, password, website) values (default, ?, ?, ?, ?, ?, ?, ?)
Hibernate: insert into person (id, date_of_birth, email, first_name, group_ref, last_name, password, website) values (default, ?, ?, ?, ?, ?, ?, ?)
Hibernate: insert into person (id, date_of_birth, email, first_name, group_ref, last_name, password, website) values (default, ?, ?, ?, ?, ?, ?, ?)
Hibernate: insert into person (id, date_of_birth, email, first_name, group_ref, last_name, password, website) values (default, ?, ?, ?, ?, ?, ?, ?)
Hibernate: insert into person (id, date_of_birth, email, first_name, group_ref, last_name, password, website) values (default, ?, ?, ?, ?, ?, ?, ?)
Hibernate: insert into person (id, date_of_birth, email, first_name, group_ref, last_name, password, website) values (default, ?, ?, ?, ?, ?, ?, ?)
Hibernate: insert into person (id, date_of_birth, email, first_name, group_ref, last_name, password, website) values (default, ?, ?, ?, ?, ?, ?, ?)
Hibernate: insert into person (id, date_of_birth, email, first_name, group_ref, last_name, password, website) values (default, ?, ?, ?, ?, ?, ?, ?)
Hibernate: insert into person (id, date_of_birth, email, first_name, group_ref, last_name, password, website) values (default, ?, ?, ?, ?, ?, ?, ?)
Hibernate: insert into person (id, date_of_birth, email, first_name, group_ref, last_name, password, website) values (default, ?, ?, ?, ?, ?, ?, ?)
Hibernate: insert into person (id, date_of_birth, email, first_name, group_ref, last_name, password, website) values (default, ?, ?, ?, ?, ?, ?, ?)
Hibernate: insert into person (id, date_of_birth, email, first_name, group_ref, last_name, password, website) values (default, ?, ?, ?, ?, ?, ?, ?)
Hibernate: insert into person (id, date_of_birth, email, first_name, group_ref, last_name, password, website) values (default, ?, ?, ?, ?, ?, ?, ?)
Hibernate: insert into person (id, date_of_birth, email, first_name, group_ref, last_name, password, website) values (default, ?, ?, ?, ?, ?, ?, ?)
Hibernate: insert into person (id, date_of_birth, email, first_name, group_ref, last_name, password, website) values (default, ?, ?, ?, ?, ?, ?, ?)
Hibernate: insert into person (id, date_of_birth, email, first_name, group_ref, last_name, password, website) values (default, ?, ?, ?, ?, ?, ?, ?)
Hibernate: insert into person (id, date_of_birth, email, first_name, group_ref, last_name, password, website) values (default, ?, ?, ?, ?, ?, ?, ?)
Hibernate: insert into person (id, date_of_birth, email, first_name, group_ref, last_name, password, website) values (default, ?, ?, ?, ?, ?, ?, ?)
Hibernate: insert into person (id, date_of_birth, email, first_name, group_ref, last_name, password, website) values (default, ?, ?, ?, ?, ?, ?, ?)
Hibernate: insert into person (id, date_of_birth, email, first_name, group_ref, last_name, password, website) values (default, ?, ?, ?, ?, ?, ?, ?)
Hibernate: insert into person (id, date_of_birth, email, first_name, group_ref, last_name, password, website) values (default, ?, ?, ?, ?, ?, ?, ?)
Hibernate: insert into person (id, date_of_birth, email, first_name, group_ref, last_name, password, website) values (default, ?, ?, ?, ?, ?, ?, ?)
Hibernate: insert into person (id, date_of_birth, email, first_name, group_ref, last_name, password, website) values (default, ?, ?, ?, ?, ?, ?, ?)
Hibernate: insert into person (id, date_of_birth, email, first_name, group_ref, last_name, password, website) values (default, ?, ?, ?, ?, ?, ?, ?)
Hibernate: insert into person (id, date_of_birth, email, first_name, group_ref, last_name, password, website) values (default, ?, ?, ?, ?, ?, ?, ?)
Hibernate: insert into person (id, date_of_birth, email, first_name, group_ref, last_name, password, website) values (default, ?, ?, ?, ?, ?, ?, ?)
Hibernate: insert into person (id, date_of_birth, email, first_name, group_ref, last_name, password, website) values (default, ?, ?, ?, ?, ?, ?, ?)
Hibernate: insert into person (id, date_of_birth, email, first_name, group_ref, last_name, password, website) values (default, ?, ?, ?, ?, ?, ?, ?)
Hibernate: insert into person (id, date_of_birth, email, first_name, group_ref, last_name, password, website) values (default, ?, ?, ?, ?, ?, ?, ?)
Hibernate: insert into person (id, date_of_birth, email, first_name, group_ref, last_name, password, website) values (default, ?, ?, ?, ?, ?, ?, ?)
Hibernate: insert into person (id, date_of_birth, email, first_name, group_ref, last_name, password, website) values (default, ?, ?, ?, ?, ?, ?, ?)
Hibernate: insert into person (id, date_of_birth, email, first_name, group_ref, last_name, password, website) values (default, ?, ?, ?, ?, ?, ?, ?)
Hibernate: insert into person (id, date_of_birth, email, first_name, group_ref, last_name, password, website) values (default, ?, ?, ?, ?, ?, ?, ?)
Hibernate: insert into person (id, date_of_birth, email, first_name, group_ref, last_name, password, website) values (default, ?, ?, ?, ?, ?, ?, ?)
Hibernate: insert into person (id, date_of_birth, email, first_name, group_ref, last_name, password, website) values (default, ?, ?, ?, ?, ?, ?, ?)
Hibernate: insert into person (id, date_of_birth, email, first_name, group_ref, last_name, password, website) values (default, ?, ?, ?, ?, ?, ?, ?)
Hibernate: insert into person (id, date_of_birth, email, first_name, group_ref, last_name, password, website) values (default, ?, ?, ?, ?, ?, ?, ?)
Hibernate: insert into person (id, date_of_birth, email, first_name, group_ref, last_name, password, website) values (default, ?, ?, ?, ?, ?, ?, ?)
Hibernate: insert into person (id, date_of_birth, email, first_name, group_ref, last_name, password, website) values (default, ?, ?, ?, ?, ?, ?, ?)
Hibernate: insert into person (id, date_of_birth, email, first_name, group_ref, last_name, password, website) values (default, ?, ?, ?, ?, ?, ?, ?)
Hibernate: insert into person (id, date_of_birth, email, first_name, group_ref, last_name, password, website) values (default, ?, ?, ?, ?, ?, ?, ?)
Hibernate: insert into person (id, date_of_birth, email, first_name, group_ref, last_name, password, website) values (default, ?, ?, ?, ?, ?, ?, ?)
Hibernate: insert into person (id, date_of_birth, email, first_name, group_ref, last_name, password, website) values (default, ?, ?, ?, ?, ?, ?, ?)
Hibernate: insert into person (id, date_of_birth, email, first_name, group_ref, last_name, password, website) values (default, ?, ?, ?, ?, ?, ?, ?)
Hibernate: insert into person (id, date_of_birth, email, first_name, group_ref, last_name, password, website) values (default, ?, ?, ?, ?, ?, ?, ?)
Hibernate: insert into person (id, date_of_birth, email, first_name, group_ref, last_name, password, website) values (default, ?, ?, ?, ?, ?, ?, ?)
Hibernate: insert into person (id, date_of_birth, email, first_name, group_ref, last_name, password, website) values (default, ?, ?, ?, ?, ?, ?, ?)
Hibernate: insert into person (id, date_of_birth, email, first_name, group_ref, last_name, password, website) values (default, ?, ?, ?, ?, ?, ?, ?)
Hibernate: insert into person (id, date_of_birth, email, first_name, group_ref, last_name, password, website) values (default, ?, ?, ?, ?, ?, ?, ?)
Hibernate: insert into person (id, date_of_birth, email, first_name, group_ref, last_name, password, website) values (default, ?, ?, ?, ?, ?, ?, ?)
Hibernate: insert into person (id, date_of_birth, email, first_name, group_ref, last_name, password, website) values (default, ?, ?, ?, ?, ?, ?, ?)
Hibernate: insert into person (id, date_of_birth, email, first_name, group_ref, last_name, password, website) values (default, ?, ?, ?, ?, ?, ?, ?)
Hibernate: insert into person (id, date_of_birth, email, first_name, group_ref, last_name, password, website) values (default, ?, ?, ?, ?, ?, ?, ?)
Hibernate: insert into person (id, date_of_birth, email, first_name, group_ref, last_name, password, website) values (default, ?, ?, ?, ?, ?, ?, ?)
Hibernate: insert into person (id, date_of_birth, email, first_name, group_ref, last_name, password, website) values (default, ?, ?, ?, ?, ?, ?, ?)
Hibernate: insert into person (id, date_of_birth, email, first_name, group_ref, last_name, password, website) values (default, ?, ?, ?, ?, ?, ?, ?)
Hibernate: insert into person (id, date_of_birth, email, first_name, group_ref, last_name, password, website) values (default, ?, ?, ?, ?, ?, ?, ?)
Hibernate: insert into person (id, date_of_birth, email, first_name, group_ref, last_name, password, website) values (default, ?, ?, ?, ?, ?, ?, ?)
Hibernate: insert into person (id, date_of_birth, email, first_name, group_ref, last_name, password, website) values (default, ?, ?, ?, ?, ?, ?, ?)
Hibernate: insert into person (id, date_of_birth, email, first_name, group_ref, last_name, password, website) values (default, ?, ?, ?, ?, ?, ?, ?)
Hibernate: insert into person (id, date_of_birth, email, first_name, group_ref, last_name, password, website) values (default, ?, ?, ?, ?, ?, ?, ?)
Hibernate: insert into person (id, date_of_birth, email, first_name, group_ref, last_name, password, website) values (default, ?, ?, ?, ?, ?, ?, ?)
Hibernate: insert into person (id, date_of_birth, email, first_name, group_ref, last_name, password, website) values (default, ?, ?, ?, ?, ?, ?, ?)
Hibernate: insert into person (id, date_of_birth, email, first_name, group_ref, last_name, password, website) values (default, ?, ?, ?, ?, ?, ?, ?)
Hibernate: insert into person (id, date_of_birth, email, first_name, group_ref, last_name, password, website) values (default, ?, ?, ?, ?, ?, ?, ?)
Hibernate: insert into person (id, date_of_birth, email, first_name, group_ref, last_name, password, website) values (default, ?, ?, ?, ?, ?, ?, ?)
Hibernate: insert into person (id, date_of_birth, email, first_name, group_ref, last_name, password, website) values (default, ?, ?, ?, ?, ?, ?, ?)
Hibernate: insert into person (id, date_of_birth, email, first_name, group_ref, last_name, password, website) values (default, ?, ?, ?, ?, ?, ?, ?)
Hibernate: insert into person (id, date_of_birth, email, first_name, group_ref, last_name, password, website) values (default, ?, ?, ?, ?, ?, ?, ?)
Hibernate: insert into person (id, date_of_birth, email, first_name, group_ref, last_name, password, website) values (default, ?, ?, ?, ?, ?, ?, ?)
Hibernate: insert into person (id, date_of_birth, email, first_name, group_ref, last_name, password, website) values (default, ?, ?, ?, ?, ?, ?, ?)
Hibernate: insert into person (id, date_of_birth, email, first_name, group_ref, last_name, password, website) values (default, ?, ?, ?, ?, ?, ?, ?)
Hibernate: insert into person (id, date_of_birth, email, first_name, group_ref, last_name, password, website) values (default, ?, ?, ?, ?, ?, ?, ?)
Hibernate: insert into person (id, date_of_birth, email, first_name, group_ref, last_name, password, website) values (default, ?, ?, ?, ?, ?, ?, ?)
Hibernate: insert into person (id, date_of_birth, email, first_name, group_ref, last_name, password, website) values (default, ?, ?, ?, ?, ?, ?, ?)
Hibernate: insert into person (id, date_of_birth, email, first_name, group_ref, last_name, password, website) values (default, ?, ?, ?, ?, ?, ?, ?)
Hibernate: insert into person (id, date_of_birth, email, first_name, group_ref, last_name, password, website) values (default, ?, ?, ?, ?, ?, ?, ?)
Hibernate: insert into person (id, date_of_birth, email, first_name, group_ref, last_name, password, website) values (default, ?, ?, ?, ?, ?, ?, ?)
Hibernate: insert into person (id, date_of_birth, email, first_name, group_ref, last_name, password, website) values (default, ?, ?, ?, ?, ?, ?, ?)
Hibernate: insert into person (id, date_of_birth, email, first_name, group_ref, last_name, password, website) values (default, ?, ?, ?, ?, ?, ?, ?)
Hibernate: insert into person (id, date_of_birth, email, first_name, group_ref, last_name, password, website) values (default, ?, ?, ?, ?, ?, ?, ?)
Hibernate: insert into person (id, date_of_birth, email, first_name, group_ref, last_name, password, website) values (default, ?, ?, ?, ?, ?, ?, ?)
Hibernate: insert into person (id, date_of_birth, email, first_name, group_ref, last_name, password, website) values (default, ?, ?, ?, ?, ?, ?, ?)
Hibernate: insert into person (id, date_of_birth, email, first_name, group_ref, last_name, password, website) values (default, ?, ?, ?, ?, ?, ?, ?)
Hibernate: insert into person (id, date_of_birth, email, first_name, group_ref, last_name, password, website) values (default, ?, ?, ?, ?, ?, ?, ?)
Hibernate: insert into person (id, date_of_birth, email, first_name, group_ref, last_name, password, website) values (default, ?, ?, ?, ?, ?, ?, ?)
Hibernate: insert into person (id, date_of_birth, email, first_name, group_ref, last_name, password, website) values (default, ?, ?, ?, ?, ?, ?, ?)
Hibernate: insert into person (id, date_of_birth, email, first_name, group_ref, last_name, password, website) values (default, ?, ?, ?, ?, ?, ?, ?)
Hibernate: insert into person (id, date_of_birth, email, first_name, group_ref, last_name, password, website) values (default, ?, ?, ?, ?, ?, ?, ?)
Hibernate: insert into person (id, date_of_birth, email, first_name, group_ref, last_name, password, website) values (default, ?, ?, ?, ?, ?, ?, ?)
Hibernate: insert into person (id, date_of_birth, email, first_name, group_ref, last_name, password, website) values (default, ?, ?, ?, ?, ?, ?, ?)
Hibernate: insert into person (id, date_of_birth, email, first_name, group_ref, last_name, password, website) values (default, ?, ?, ?, ?, ?, ?, ?)
Hibernate: insert into person (id, date_of_birth, email, first_name, group_ref, last_name, password, website) values (default, ?, ?, ?, ?, ?, ?, ?)
Hibernate: insert into person (id, date_of_birth, email, first_name, group_ref, last_name, password, website) values (default, ?, ?, ?, ?, ?, ?, ?)
Hibernate: insert into person (id, date_of_birth, email, first_name, group_ref, last_name, password, website) values (default, ?, ?, ?, ?, ?, ?, ?)
Hibernate: insert into person (id, date_of_birth, email, first_name, group_ref, last_name, password, website) values (default, ?, ?, ?, ?, ?, ?, ?)
Hibernate: insert into person (id, date_of_birth, email, first_name, group_ref, last_name, password, website) values (default, ?, ?, ?, ?, ?, ?, ?)
Hibernate: insert into person (id, date_of_birth, email, first_name, group_ref, last_name, password, website) values (default, ?, ?, ?, ?, ?, ?, ?)
Hibernate: insert into person (id, date_of_birth, email, first_name, group_ref, last_name, password, website) values (default, ?, ?, ?, ?, ?, ?, ?)
Hibernate: insert into person (id, date_of_birth, email, first_name, group_ref, last_name, password, website) values (default, ?, ?, ?, ?, ?, ?, ?)
Hibernate: insert into person (id, date_of_birth, email, first_name, group_ref, last_name, password, website) values (default, ?, ?, ?, ?, ?, ?, ?)
Hibernate: insert into person (id, date_of_birth, email, first_name, group_ref, last_name, password, website) values (default, ?, ?, ?, ?, ?, ?, ?)
Hibernate: insert into person (id, date_of_birth, email, first_name, group_ref, last_name, password, website) values (default, ?, ?, ?, ?, ?, ?, ?)
Hibernate: insert into person (id, date_of_birth, email, first_name, group_ref, last_name, password, website) values (default, ?, ?, ?, ?, ?, ?, ?)
Hibernate: insert into person (id, date_of_birth, email, first_name, group_ref, last_name, password, website) values (default, ?, ?, ?, ?, ?, ?, ?)
Hibernate: insert into person (id, date_of_birth, email, first_name, group_ref, last_name, password, website) values (default, ?, ?, ?, ?, ?, ?, ?)
Hibernate: insert into person (id, date_of_birth, email, first_name, group_ref, last_name, password, website) values (default, ?, ?, ?, ?, ?, ?, ?)
Hibernate: insert into person (id, date_of_birth, email, first_name, group_ref, last_name, password, website) values (default, ?, ?, ?, ?, ?, ?, ?)
Hibernate: insert into person (id, date_of_birth, email, first_name, group_ref, last_name, password, website) values (default, ?, ?, ?, ?, ?, ?, ?)
Hibernate: insert into person (id, date_of_birth, email, first_name, group_ref, last_name, password, website) values (default, ?, ?, ?, ?, ?, ?, ?)
Hibernate: insert into person (id, date_of_birth, email, first_name, group_ref, last_name, password, website) values (default, ?, ?, ?, ?, ?, ?, ?)
Hibernate: insert into person (id, date_of_birth, email, first_name, group_ref, last_name, password, website) values (default, ?, ?, ?, ?, ?, ?, ?)
Hibernate: insert into person (id, date_of_birth, email, first_name, group_ref, last_name, password, website) values (default, ?, ?, ?, ?, ?, ?, ?)
Hibernate: insert into person (id, date_of_birth, email, first_name, group_ref, last_name, password, website) values (default, ?, ?, ?, ?, ?, ?, ?)
Hibernate: insert into person (id, date_of_birth, email, first_name, group_ref, last_name, password, website) values (default, ?, ?, ?, ?, ?, ?, ?)
Hibernate: insert into person (id, date_of_birth, email, first_name, group_ref, last_name, password, website) values (default, ?, ?, ?, ?, ?, ?, ?)
Hibernate: insert into person (id, date_of_birth, email, first_name, group_ref, last_name, password, website) values (default, ?, ?, ?, ?, ?, ?, ?)
Hibernate: insert into person (id, date_of_birth, email, first_name, group_ref, last_name, password, website) values (default, ?, ?, ?, ?, ?, ?, ?)
Hibernate: insert into person (id, date_of_birth, email, first_name, group_ref, last_name, password, website) values (default, ?, ?, ?, ?, ?, ?, ?)
Hibernate: insert into person (id, date_of_birth, email, first_name, group_ref, last_name, password, website) values (default, ?, ?, ?, ?, ?, ?, ?)
Hibernate: insert into person (id, date_of_birth, email, first_name, group_ref, last_name, password, website) values (default, ?, ?, ?, ?, ?, ?, ?)
Hibernate: insert into person (id, date_of_birth, email, first_name, group_ref, last_name, password, website) values (default, ?, ?, ?, ?, ?, ?, ?)
Hibernate: insert into person (id, date_of_birth, email, first_name, group_ref, last_name, password, website) values (default, ?, ?, ?, ?, ?, ?, ?)
Hibernate: insert into person (id, date_of_birth, email, first_name, group_ref, last_name, password, website) values (default, ?, ?, ?, ?, ?, ?, ?)
Hibernate: insert into person (id, date_of_birth, email, first_name, group_ref, last_name, password, website) values (default, ?, ?, ?, ?, ?, ?, ?)
Hibernate: insert into person (id, date_of_birth, email, first_name, group_ref, last_name, password, website) values (default, ?, ?, ?, ?, ?, ?, ?)
Hibernate: insert into person (id, date_of_birth, email, first_name, group_ref, last_name, password, website) values (default, ?, ?, ?, ?, ?, ?, ?)
Hibernate: insert into person (id, date_of_birth, email, first_name, group_ref, last_name, password, website) values (default, ?, ?, ?, ?, ?, ?, ?)
Hibernate: insert into person (id, date_of_birth, email, first_name, group_ref, last_name, password, website) values (default, ?, ?, ?, ?, ?, ?, ?)
Hibernate: insert into person (id, date_of_birth, email, first_name, group_ref, last_name, password, website) values (default, ?, ?, ?, ?, ?, ?, ?)
Hibernate: insert into person (id, date_of_birth, email, first_name, group_ref, last_name, password, website) values (default, ?, ?, ?, ?, ?, ?, ?)
Hibernate: insert into person (id, date_of_birth, email, first_name, group_ref, last_name, password, website) values (default, ?, ?, ?, ?, ?, ?, ?)
Hibernate: insert into person (id, date_of_birth, email, first_name, group_ref, last_name, password, website) values (default, ?, ?, ?, ?, ?, ?, ?)
Hibernate: insert into person (id, date_of_birth, email, first_name, group_ref, last_name, password, website) values (default, ?, ?, ?, ?, ?, ?, ?)
Hibernate: insert into person (id, date_of_birth, email, first_name, group_ref, last_name, password, website) values (default, ?, ?, ?, ?, ?, ?, ?)
Hibernate: insert into person (id, date_of_birth, email, first_name, group_ref, last_name, password, website) values (default, ?, ?, ?, ?, ?, ?, ?)
Hibernate: insert into person (id, date_of_birth, email, first_name, group_ref, last_name, password, website) values (default, ?, ?, ?, ?, ?, ?, ?)
Hibernate: insert into person (id, date_of_birth, email, first_name, group_ref, last_name, password, website) values (default, ?, ?, ?, ?, ?, ?, ?)
Hibernate: insert into person (id, date_of_birth, email, first_name, group_ref, last_name, password, website) values (default, ?, ?, ?, ?, ?, ?, ?)
Hibernate: insert into person (id, date_of_birth, email, first_name, group_ref, last_name, password, website) values (default, ?, ?, ?, ?, ?, ?, ?)
Hibernate: insert into person (id, date_of_birth, email, first_name, group_ref, last_name, password, website) values (default, ?, ?, ?, ?, ?, ?, ?)
Hibernate: insert into person (id, date_of_birth, email, first_name, group_ref, last_name, password, website) values (default, ?, ?, ?, ?, ?, ?, ?)
Hibernate: insert into person (id, date_of_birth, email, first_name, group_ref, last_name, password, website) values (default, ?, ?, ?, ?, ?, ?, ?)
Hibernate: insert into person (id, date_of_birth, email, first_name, group_ref, last_name, password, website) values (default, ?, ?, ?, ?, ?, ?, ?)
Hibernate: insert into person (id, date_of_birth, email, first_name, group_ref, last_name, password, website) values (default, ?, ?, ?, ?, ?, ?, ?)
Hibernate: insert into person (id, date_of_birth, email, first_name, group_ref, last_name, password, website) values (default, ?, ?, ?, ?, ?, ?, ?)
Hibernate: insert into person (id, date_of_birth, email, first_name, group_ref, last_name, password, website) values (default, ?, ?, ?, ?, ?, ?, ?)
Hibernate: insert into person (id, date_of_birth, email, first_name, group_ref, last_name, password, website) values (default, ?, ?, ?, ?, ?, ?, ?)
Hibernate: insert into person (id, date_of_birth, email, first_name, group_ref, last_name, password, website) values (default, ?, ?, ?, ?, ?, ?, ?)
Hibernate: insert into person (id, date_of_birth, email, first_name, group_ref, last_name, password, website) values (default, ?, ?, ?, ?, ?, ?, ?)
Hibernate: insert into person (id, date_of_birth, email, first_name, group_ref, last_name, password, website) values (default, ?, ?, ?, ?, ?, ?, ?)
Hibernate: insert into person (id, date_of_birth, email, first_name, group_ref, last_name, password, website) values (default, ?, ?, ?, ?, ?, ?, ?)
Hibernate: insert into person (id, date_of_birth, email, first_name, group_ref, last_name, password, website) values (default, ?, ?, ?, ?, ?, ?, ?)
Hibernate: insert into person (id, date_of_birth, email, first_name, group_ref, last_name, password, website) values (default, ?, ?, ?, ?, ?, ?, ?)
Hibernate: insert into person (id, date_of_birth, email, first_name, group_ref, last_name, password, website) values (default, ?, ?, ?, ?, ?, ?, ?)
Hibernate: insert into person (id, date_of_birth, email, first_name, group_ref, last_name, password, website) values (default, ?, ?, ?, ?, ?, ?, ?)
Hibernate: insert into person (id, date_of_birth, email, first_name, group_ref, last_name, password, website) values (default, ?, ?, ?, ?, ?, ?, ?)
Hibernate: insert into person (id, date_of_birth, email, first_name, group_ref, last_name, password, website) values (default, ?, ?, ?, ?, ?, ?, ?)
Hibernate: insert into person (id, date_of_birth, email, first_name, group_ref, last_name, password, website) values (default, ?, ?, ?, ?, ?, ?, ?)
Hibernate: insert into person (id, date_of_birth, email, first_name, group_ref, last_name, password, website) values (default, ?, ?, ?, ?, ?, ?, ?)
Hibernate: insert into person (id, date_of_birth, email, first_name, group_ref, last_name, password, website) values (default, ?, ?, ?, ?, ?, ?, ?)
Hibernate: insert into person (id, date_of_birth, email, first_name, group_ref, last_name, password, website) values (default, ?, ?, ?, ?, ?, ?, ?)
Hibernate: insert into person (id, date_of_birth, email, first_name, group_ref, last_name, password, website) values (default, ?, ?, ?, ?, ?, ?, ?)
Hibernate: insert into person (id, date_of_birth, email, first_name, group_ref, last_name, password, website) values (default, ?, ?, ?, ?, ?, ?, ?)
Hibernate: insert into person (id, date_of_birth, email, first_name, group_ref, last_name, password, website) values (default, ?, ?, ?, ?, ?, ?, ?)
Hibernate: insert into person (id, date_of_birth, email, first_name, group_ref, last_name, password, website) values (default, ?, ?, ?, ?, ?, ?, ?)
Hibernate: insert into person (id, date_of_birth, email, first_name, group_ref, last_name, password, website) values (default, ?, ?, ?, ?, ?, ?, ?)
Hibernate: insert into person (id, date_of_birth, email, first_name, group_ref, last_name, password, website) values (default, ?, ?, ?, ?, ?, ?, ?)
Hibernate: insert into person (id, date_of_birth, email, first_name, group_ref, last_name, password, website) values (default, ?, ?, ?, ?, ?, ?, ?)
Hibernate: insert into person (id, date_of_birth, email, first_name, group_ref, last_name, password, website) values (default, ?, ?, ?, ?, ?, ?, ?)
Hibernate: insert into person (id, date_of_birth, email, first_name, group_ref, last_name, password, website) values (default, ?, ?, ?, ?, ?, ?, ?)
Hibernate: insert into person (id, date_of_birth, email, first_name, group_ref, last_name, password, website) values (default, ?, ?, ?, ?, ?, ?, ?)
Hibernate: insert into person (id, date_of_birth, email, first_name, group_ref, last_name, password, website) values (default, ?, ?, ?, ?, ?, ?, ?)
Hibernate: insert into person (id, date_of_birth, email, first_name, group_ref, last_name, password, website) values (default, ?, ?, ?, ?, ?, ?, ?)
Hibernate: insert into person (id, date_of_birth, email, first_name, group_ref, last_name, password, website) values (default, ?, ?, ?, ?, ?, ?, ?)
Hibernate: insert into person (id, date_of_birth, email, first_name, group_ref, last_name, password, website) values (default, ?, ?, ?, ?, ?, ?, ?)
Hibernate: insert into person (id, date_of_birth, email, first_name, group_ref, last_name, password, website) values (default, ?, ?, ?, ?, ?, ?, ?)
Hibernate: insert into person (id, date_of_birth, email, first_name, group_ref, last_name, password, website) values (default, ?, ?, ?, ?, ?, ?, ?)
Hibernate: insert into person (id, date_of_birth, email, first_name, group_ref, last_name, password, website) values (default, ?, ?, ?, ?, ?, ?, ?)
Hibernate: insert into person (id, date_of_birth, email, first_name, group_ref, last_name, password, website) values (default, ?, ?, ?, ?, ?, ?, ?)
Hibernate: insert into person (id, date_of_birth, email, first_name, group_ref, last_name, password, website) values (default, ?, ?, ?, ?, ?, ?, ?)
Hibernate: insert into person (id, date_of_birth, email, first_name, group_ref, last_name, password, website) values (default, ?, ?, ?, ?, ?, ?, ?)
Hibernate: insert into person (id, date_of_birth, email, first_name, group_ref, last_name, password, website) values (default, ?, ?, ?, ?, ?, ?, ?)
Hibernate: insert into person (id, date_of_birth, email, first_name, group_ref, last_name, password, website) values (default, ?, ?, ?, ?, ?, ?, ?)
Hibernate: insert into person (id, date_of_birth, email, first_name, group_ref, last_name, password, website) values (default, ?, ?, ?, ?, ?, ?, ?)
Hibernate: insert into person (id, date_of_birth, email, first_name, group_ref, last_name, password, website) values (default, ?, ?, ?, ?, ?, ?, ?)
Hibernate: insert into person (id, date_of_birth, email, first_name, group_ref, last_name, password, website) values (default, ?, ?, ?, ?, ?, ?, ?)
Hibernate: insert into person (id, date_of_birth, email, first_name, group_ref, last_name, password, website) values (default, ?, ?, ?, ?, ?, ?, ?)
Hibernate: insert into person (id, date_of_birth, email, first_name, group_ref, last_name, password, website) values (default, ?, ?, ?, ?, ?, ?, ?)
Hibernate: insert into person (id, date_of_birth, email, first_name, group_ref, last_name, password, website) values (default, ?, ?, ?, ?, ?, ?, ?)
Hibernate: insert into person (id, date_of_birth, email, first_name, group_ref, last_name, password, website) values (default, ?, ?, ?, ?, ?, ?, ?)
Hibernate: insert into person (id, date_of_birth, email, first_name, group_ref, last_name, password, website) values (default, ?, ?, ?, ?, ?, ?, ?)
Hibernate: insert into person (id, date_of_birth, email, first_name, group_ref, last_name, password, website) values (default, ?, ?, ?, ?, ?, ?, ?)
Hibernate: insert into person (id, date_of_birth, email, first_name, group_ref, last_name, password, website) values (default, ?, ?, ?, ?, ?, ?, ?)
Hibernate: insert into person (id, date_of_birth, email, first_name, group_ref, last_name, password, website) values (default, ?, ?, ?, ?, ?, ?, ?)
Hibernate: insert into person (id, date_of_birth, email, first_name, group_ref, last_name, password, website) values (default, ?, ?, ?, ?, ?, ?, ?)
Hibernate: insert into person (id, date_of_birth, email, first_name, group_ref, last_name, password, website) values (default, ?, ?, ?, ?, ?, ?, ?)
Hibernate: insert into person (id, date_of_birth, email, first_name, group_ref, last_name, password, website) values (default, ?, ?, ?, ?, ?, ?, ?)
Hibernate: insert into person (id, date_of_birth, email, first_name, group_ref, last_name, password, website) values (default, ?, ?, ?, ?, ?, ?, ?)
Hibernate: insert into person (id, date_of_birth, email, first_name, group_ref, last_name, password, website) values (default, ?, ?, ?, ?, ?, ?, ?)
Hibernate: insert into person (id, date_of_birth, email, first_name, group_ref, last_name, password, website) values (default, ?, ?, ?, ?, ?, ?, ?)
Hibernate: insert into person (id, date_of_birth, email, first_name, group_ref, last_name, password, website) values (default, ?, ?, ?, ?, ?, ?, ?)
Hibernate: insert into person (id, date_of_birth, email, first_name, group_ref, last_name, password, website) values (default, ?, ?, ?, ?, ?, ?, ?)
Hibernate: insert into person (id, date_of_birth, email, first_name, group_ref, last_name, password, website) values (default, ?, ?, ?, ?, ?, ?, ?)
Hibernate: insert into person (id, date_of_birth, email, first_name, group_ref, last_name, password, website) values (default, ?, ?, ?, ?, ?, ?, ?)
Hibernate: insert into person (id, date_of_birth, email, first_name, group_ref, last_name, password, website) values (default, ?, ?, ?, ?, ?, ?, ?)
Hibernate: insert into person (id, date_of_birth, email, first_name, group_ref, last_name, password, website) values (default, ?, ?, ?, ?, ?, ?, ?)
Hibernate: insert into person (id, date_of_birth, email, first_name, group_ref, last_name, password, website) values (default, ?, ?, ?, ?, ?, ?, ?)
Hibernate: insert into person (id, date_of_birth, email, first_name, group_ref, last_name, password, website) values (default, ?, ?, ?, ?, ?, ?, ?)
Hibernate: insert into person (id, date_of_birth, email, first_name, group_ref, last_name, password, website) values (default, ?, ?, ?, ?, ?, ?, ?)
Hibernate: insert into person (id, date_of_birth, email, first_name, group_ref, last_name, password, website) values (default, ?, ?, ?, ?, ?, ?, ?)
Hibernate: insert into person (id, date_of_birth, email, first_name, group_ref, last_name, password, website) values (default, ?, ?, ?, ?, ?, ?, ?)
Hibernate: insert into person (id, date_of_birth, email, first_name, group_ref, last_name, password, website) values (default, ?, ?, ?, ?, ?, ?, ?)
Hibernate: insert into person (id, date_of_birth, email, first_name, group_ref, last_name, password, website) values (default, ?, ?, ?, ?, ?, ?, ?)
Hibernate: insert into person (id, date_of_birth, email, first_name, group_ref, last_name, password, website) values (default, ?, ?, ?, ?, ?, ?, ?)
Hibernate: insert into person (id, date_of_birth, email, first_name, group_ref, last_name, password, website) values (default, ?, ?, ?, ?, ?, ?, ?)
Hibernate: insert into person (id, date_of_birth, email, first_name, group_ref, last_name, password, website) values (default, ?, ?, ?, ?, ?, ?, ?)
Hibernate: insert into person (id, date_of_birth, email, first_name, group_ref, last_name, password, website) values (default, ?, ?, ?, ?, ?, ?, ?)
Hibernate: insert into person (id, date_of_birth, email, first_name, group_ref, last_name, password, website) values (default, ?, ?, ?, ?, ?, ?, ?)
Hibernate: insert into person (id, date_of_birth, email, first_name, group_ref, last_name, password, website) values (default, ?, ?, ?, ?, ?, ?, ?)
Hibernate: insert into person (id, date_of_birth, email, first_name, group_ref, last_name, password, website) values (default, ?, ?, ?, ?, ?, ?, ?)
Hibernate: insert into person (id, date_of_birth, email, first_name, group_ref, last_name, password, website) values (default, ?, ?, ?, ?, ?, ?, ?)
Hibernate: insert into person (id, date_of_birth, email, first_name, group_ref, last_name, password, website) values (default, ?, ?, ?, ?, ?, ?, ?)
Hibernate: insert into person (id, date_of_birth, email, first_name, group_ref, last_name, password, website) values (default, ?, ?, ?, ?, ?, ?, ?)
Hibernate: insert into person (id, date_of_birth, email, first_name, group_ref, last_name, password, website) values (default, ?, ?, ?, ?, ?, ?, ?)
Hibernate: insert into person (id, date_of_birth, email, first_name, group_ref, last_name, password, website) values (default, ?, ?, ?, ?, ?, ?, ?)
Hibernate: insert into person (id, date_of_birth, email, first_name, group_ref, last_name, password, website) values (default, ?, ?, ?, ?, ?, ?, ?)
Hibernate: insert into person (id, date_of_birth, email, first_name, group_ref, last_name, password, website) values (default, ?, ?, ?, ?, ?, ?, ?)
Hibernate: insert into person (id, date_of_birth, email, first_name, group_ref, last_name, password, website) values (default, ?, ?, ?, ?, ?, ?, ?)
Hibernate: insert into person (id, date_of_birth, email, first_name, group_ref, last_name, password, website) values (default, ?, ?, ?, ?, ?, ?, ?)
Hibernate: insert into person (id, date_of_birth, email, first_name, group_ref, last_name, password, website) values (default, ?, ?, ?, ?, ?, ?, ?)
Hibernate: insert into person (id, date_of_birth, email, first_name, group_ref, last_name, password, website) values (default, ?, ?, ?, ?, ?, ?, ?)
Hibernate: insert into person (id, date_of_birth, email, first_name, group_ref, last_name, password, website) values (default, ?, ?, ?, ?, ?, ?, ?)
Hibernate: insert into person (id, date_of_birth, email, first_name, group_ref, last_name, password, website) values (default, ?, ?, ?, ?, ?, ?, ?)
Hibernate: insert into person (id, date_of_birth, email, first_name, group_ref, last_name, password, website) values (default, ?, ?, ?, ?, ?, ?, ?)
Hibernate: insert into person (id, date_of_birth, email, first_name, group_ref, last_name, password, website) values (default, ?, ?, ?, ?, ?, ?, ?)
Hibernate: insert into person (id, date_of_birth, email, first_name, group_ref, last_name, password, website) values (default, ?, ?, ?, ?, ?, ?, ?)
Hibernate: insert into person (id, date_of_birth, email, first_name, group_ref, last_name, password, website) values (default, ?, ?, ?, ?, ?, ?, ?)
Hibernate: insert into person (id, date_of_birth, email, first_name, group_ref, last_name, password, website) values (default, ?, ?, ?, ?, ?, ?, ?)
Hibernate: insert into person (id, date_of_birth, email, first_name, group_ref, last_name, password, website) values (default, ?, ?, ?, ?, ?, ?, ?)
Hibernate: insert into person (id, date_of_birth, email, first_name, group_ref, last_name, password, website) values (default, ?, ?, ?, ?, ?, ?, ?)
Hibernate: insert into person (id, date_of_birth, email, first_name, group_ref, last_name, password, website) values (default, ?, ?, ?, ?, ?, ?, ?)
Hibernate: insert into person (id, date_of_birth, email, first_name, group_ref, last_name, password, website) values (default, ?, ?, ?, ?, ?, ?, ?)
Hibernate: insert into person (id, date_of_birth, email, first_name, group_ref, last_name, password, website) values (default, ?, ?, ?, ?, ?, ?, ?)
Hibernate: insert into person (id, date_of_birth, email, first_name, group_ref, last_name, password, website) values (default, ?, ?, ?, ?, ?, ?, ?)
Hibernate: insert into person (id, date_of_birth, email, first_name, group_ref, last_name, password, website) values (default, ?, ?, ?, ?, ?, ?, ?)
Hibernate: insert into person (id, date_of_birth, email, first_name, group_ref, last_name, password, website) values (default, ?, ?, ?, ?, ?, ?, ?)
Hibernate: insert into person (id, date_of_birth, email, first_name, group_ref, last_name, password, website) values (default, ?, ?, ?, ?, ?, ?, ?)
Hibernate: insert into person (id, date_of_birth, email, first_name, group_ref, last_name, password, website) values (default, ?, ?, ?, ?, ?, ?, ?)
Hibernate: insert into person (id, date_of_birth, email, first_name, group_ref, last_name, password, website) values (default, ?, ?, ?, ?, ?, ?, ?)
Hibernate: insert into person (id, date_of_birth, email, first_name, group_ref, last_name, password, website) values (default, ?, ?, ?, ?, ?, ?, ?)
Hibernate: insert into person (id, date_of_birth, email, first_name, group_ref, last_name, password, website) values (default, ?, ?, ?, ?, ?, ?, ?)
Hibernate: insert into person (id, date_of_birth, email, first_name, group_ref, last_name, password, website) values (default, ?, ?, ?, ?, ?, ?, ?)
Hibernate: insert into person (id, date_of_birth, email, first_name, group_ref, last_name, password, website) values (default, ?, ?, ?, ?, ?, ?, ?)
Hibernate: insert into person (id, date_of_birth, email, first_name, group_ref, last_name, password, website) values (default, ?, ?, ?, ?, ?, ?, ?)
Hibernate: insert into person (id, date_of_birth, email, first_name, group_ref, last_name, password, website) values (default, ?, ?, ?, ?, ?, ?, ?)
Hibernate: insert into person (id, date_of_birth, email, first_name, group_ref, last_name, password, website) values (default, ?, ?, ?, ?, ?, ?, ?)
Hibernate: insert into person (id, date_of_birth, email, first_name, group_ref, last_name, password, website) values (default, ?, ?, ?, ?, ?, ?, ?)
Hibernate: insert into person (id, date_of_birth, email, first_name, group_ref, last_name, password, website) values (default, ?, ?, ?, ?, ?, ?, ?)
Hibernate: insert into person (id, date_of_birth, email, first_name, group_ref, last_name, password, website) values (default, ?, ?, ?, ?, ?, ?, ?)
Hibernate: insert into person (id, date_of_birth, email, first_name, group_ref, last_name, password, website) values (default, ?, ?, ?, ?, ?, ?, ?)
Hibernate: insert into person (id, date_of_birth, email, first_name, group_ref, last_name, password, website) values (default, ?, ?, ?, ?, ?, ?, ?)
Hibernate: insert into person (id, date_of_birth, email, first_name, group_ref, last_name, password, website) values (default, ?, ?, ?, ?, ?, ?, ?)
Hibernate: insert into person (id, date_of_birth, email, first_name, group_ref, last_name, password, website) values (default, ?, ?, ?, ?, ?, ?, ?)
Hibernate: insert into person (id, date_of_birth, email, first_name, group_ref, last_name, password, website) values (default, ?, ?, ?, ?, ?, ?, ?)
Hibernate: insert into person (id, date_of_birth, email, first_name, group_ref, last_name, password, website) values (default, ?, ?, ?, ?, ?, ?, ?)
Hibernate: insert into person (id, date_of_birth, email, first_name, group_ref, last_name, password, website) values (default, ?, ?, ?, ?, ?, ?, ?)
Hibernate: insert into person (id, date_of_birth, email, first_name, group_ref, last_name, password, website) values (default, ?, ?, ?, ?, ?, ?, ?)
Hibernate: insert into person (id, date_of_birth, email, first_name, group_ref, last_name, password, website) values (default, ?, ?, ?, ?, ?, ?, ?)
Hibernate: insert into person (id, date_of_birth, email, first_name, group_ref, last_name, password, website) values (default, ?, ?, ?, ?, ?, ?, ?)
Hibernate: insert into person (id, date_of_birth, email, first_name, group_ref, last_name, password, website) values (default, ?, ?, ?, ?, ?, ?, ?)
Hibernate: insert into person (id, date_of_birth, email, first_name, group_ref, last_name, password, website) values (default, ?, ?, ?, ?, ?, ?, ?)
Hibernate: insert into person (id, date_of_birth, email, first_name, group_ref, last_name, password, website) values (default, ?, ?, ?, ?, ?, ?, ?)
Hibernate: insert into person (id, date_of_birth, email, first_name, group_ref, last_name, password, website) values (default, ?, ?, ?, ?, ?, ?, ?)
Hibernate: insert into person (id, date_of_birth, email, first_name, group_ref, last_name, password, website) values (default, ?, ?, ?, ?, ?, ?, ?)
Hibernate: insert into person (id, date_of_birth, email, first_name, group_ref, last_name, password, website) values (default, ?, ?, ?, ?, ?, ?, ?)
Hibernate: insert into person (id, date_of_birth, email, first_name, group_ref, last_name, password, website) values (default, ?, ?, ?, ?, ?, ?, ?)
Hibernate: insert into person (id, date_of_birth, email, first_name, group_ref, last_name, password, website) values (default, ?, ?, ?, ?, ?, ?, ?)
Hibernate: insert into person (id, date_of_birth, email, first_name, group_ref, last_name, password, website) values (default, ?, ?, ?, ?, ?, ?, ?)
Hibernate: insert into person (id, date_of_birth, email, first_name, group_ref, last_name, password, website) values (default, ?, ?, ?, ?, ?, ?, ?)
Hibernate: insert into person (id, date_of_birth, email, first_name, group_ref, last_name, password, website) values (default, ?, ?, ?, ?, ?, ?, ?)
Hibernate: insert into person (id, date_of_birth, email, first_name, group_ref, last_name, password, website) values (default, ?, ?, ?, ?, ?, ?, ?)
Hibernate: insert into person (id, date_of_birth, email, first_name, group_ref, last_name, password, website) values (default, ?, ?, ?, ?, ?, ?, ?)
Hibernate: insert into person (id, date_of_birth, email, first_name, group_ref, last_name, password, website) values (default, ?, ?, ?, ?, ?, ?, ?)
Hibernate: insert into person (id, date_of_birth, email, first_name, group_ref, last_name, password, website) values (default, ?, ?, ?, ?, ?, ?, ?)
Hibernate: insert into person (id, date_of_birth, email, first_name, group_ref, last_name, password, website) values (default, ?, ?, ?, ?, ?, ?, ?)
Hibernate: insert into person (id, date_of_birth, email, first_name, group_ref, last_name, password, website) values (default, ?, ?, ?, ?, ?, ?, ?)
Hibernate: insert into person (id, date_of_birth, email, first_name, group_ref, last_name, password, website) values (default, ?, ?, ?, ?, ?, ?, ?)
Hibernate: insert into person (id, date_of_birth, email, first_name, group_ref, last_name, password, website) values (default, ?, ?, ?, ?, ?, ?, ?)
Hibernate: insert into person (id, date_of_birth, email, first_name, group_ref, last_name, password, website) values (default, ?, ?, ?, ?, ?, ?, ?)
Hibernate: insert into person (id, date_of_birth, email, first_name, group_ref, last_name, password, website) values (default, ?, ?, ?, ?, ?, ?, ?)
Hibernate: insert into person (id, date_of_birth, email, first_name, group_ref, last_name, password, website) values (default, ?, ?, ?, ?, ?, ?, ?)
Hibernate: insert into person (id, date_of_birth, email, first_name, group_ref, last_name, password, website) values (default, ?, ?, ?, ?, ?, ?, ?)
Hibernate: insert into person (id, date_of_birth, email, first_name, group_ref, last_name, password, website) values (default, ?, ?, ?, ?, ?, ?, ?)
Hibernate: insert into person (id, date_of_birth, email, first_name, group_ref, last_name, password, website) values (default, ?, ?, ?, ?, ?, ?, ?)
Hibernate: insert into person (id, date_of_birth, email, first_name, group_ref, last_name, password, website) values (default, ?, ?, ?, ?, ?, ?, ?)
Hibernate: insert into person (id, date_of_birth, email, first_name, group_ref, last_name, password, website) values (default, ?, ?, ?, ?, ?, ?, ?)
Hibernate: insert into person (id, date_of_birth, email, first_name, group_ref, last_name, password, website) values (default, ?, ?, ?, ?, ?, ?, ?)
Hibernate: insert into person (id, date_of_birth, email, first_name, group_ref, last_name, password, website) values (default, ?, ?, ?, ?, ?, ?, ?)
Hibernate: insert into person (id, date_of_birth, email, first_name, group_ref, last_name, password, website) values (default, ?, ?, ?, ?, ?, ?, ?)
Hibernate: insert into person (id, date_of_birth, email, first_name, group_ref, last_name, password, website) values (default, ?, ?, ?, ?, ?, ?, ?)
Hibernate: insert into person (id, date_of_birth, email, first_name, group_ref, last_name, password, website) values (default, ?, ?, ?, ?, ?, ?, ?)
Hibernate: insert into person (id, date_of_birth, email, first_name, group_ref, last_name, password, website) values (default, ?, ?, ?, ?, ?, ?, ?)
Hibernate: insert into person (id, date_of_birth, email, first_name, group_ref, last_name, password, website) values (default, ?, ?, ?, ?, ?, ?, ?)
Hibernate: insert into person (id, date_of_birth, email, first_name, group_ref, last_name, password, website) values (default, ?, ?, ?, ?, ?, ?, ?)
Hibernate: insert into person (id, date_of_birth, email, first_name, group_ref, last_name, password, website) values (default, ?, ?, ?, ?, ?, ?, ?)
Hibernate: insert into person (id, date_of_birth, email, first_name, group_ref, last_name, password, website) values (default, ?, ?, ?, ?, ?, ?, ?)
Hibernate: insert into person (id, date_of_birth, email, first_name, group_ref, last_name, password, website) values (default, ?, ?, ?, ?, ?, ?, ?)
Hibernate: insert into person (id, date_of_birth, email, first_name, group_ref, last_name, password, website) values (default, ?, ?, ?, ?, ?, ?, ?)
Hibernate: insert into person (id, date_of_birth, email, first_name, group_ref, last_name, password, website) values (default, ?, ?, ?, ?, ?, ?, ?)
Hibernate: insert into person (id, date_of_birth, email, first_name, group_ref, last_name, password, website) values (default, ?, ?, ?, ?, ?, ?, ?)
Hibernate: insert into person (id, date_of_birth, email, first_name, group_ref, last_name, password, website) values (default, ?, ?, ?, ?, ?, ?, ?)
Hibernate: insert into person (id, date_of_birth, email, first_name, group_ref, last_name, password, website) values (default, ?, ?, ?, ?, ?, ?, ?)
Hibernate: insert into person (id, date_of_birth, email, first_name, group_ref, last_name, password, website) values (default, ?, ?, ?, ?, ?, ?, ?)
Hibernate: insert into person (id, date_of_birth, email, first_name, group_ref, last_name, password, website) values (default, ?, ?, ?, ?, ?, ?, ?)
Hibernate: insert into person (id, date_of_birth, email, first_name, group_ref, last_name, password, website) values (default, ?, ?, ?, ?, ?, ?, ?)
Hibernate: insert into person (id, date_of_birth, email, first_name, group_ref, last_name, password, website) values (default, ?, ?, ?, ?, ?, ?, ?)
Hibernate: insert into person (id, date_of_birth, email, first_name, group_ref, last_name, password, website) values (default, ?, ?, ?, ?, ?, ?, ?)
Hibernate: insert into person (id, date_of_birth, email, first_name, group_ref, last_name, password, website) values (default, ?, ?, ?, ?, ?, ?, ?)
Hibernate: insert into person (id, date_of_birth, email, first_name, group_ref, last_name, password, website) values (default, ?, ?, ?, ?, ?, ?, ?)
Hibernate: insert into person (id, date_of_birth, email, first_name, group_ref, last_name, password, website) values (default, ?, ?, ?, ?, ?, ?, ?)
Hibernate: insert into person (id, date_of_birth, email, first_name, group_ref, last_name, password, website) values (default, ?, ?, ?, ?, ?, ?, ?)
Hibernate: insert into person (id, date_of_birth, email, first_name, group_ref, last_name, password, website) values (default, ?, ?, ?, ?, ?, ?, ?)
Hibernate: insert into person (id, date_of_birth, email, first_name, group_ref, last_name, password, website) values (default, ?, ?, ?, ?, ?, ?, ?)
Hibernate: insert into person (id, date_of_birth, email, first_name, group_ref, last_name, password, website) values (default, ?, ?, ?, ?, ?, ?, ?)
Hibernate: insert into person (id, date_of_birth, email, first_name, group_ref, last_name, password, website) values (default, ?, ?, ?, ?, ?, ?, ?)
Hibernate: insert into person (id, date_of_birth, email, first_name, group_ref, last_name, password, website) values (default, ?, ?, ?, ?, ?, ?, ?)
Hibernate: insert into person (id, date_of_birth, email, first_name, group_ref, last_name, password, website) values (default, ?, ?, ?, ?, ?, ?, ?)
Hibernate: insert into person (id, date_of_birth, email, first_name, group_ref, last_name, password, website) values (default, ?, ?, ?, ?, ?, ?, ?)
Hibernate: insert into person (id, date_of_birth, email, first_name, group_ref, last_name, password, website) values (default, ?, ?, ?, ?, ?, ?, ?)
Hibernate: insert into person (id, date_of_birth, email, first_name, group_ref, last_name, password, website) values (default, ?, ?, ?, ?, ?, ?, ?)
Hibernate: insert into person (id, date_of_birth, email, first_name, group_ref, last_name, password, website) values (default, ?, ?, ?, ?, ?, ?, ?)
Hibernate: insert into person (id, date_of_birth, email, first_name, group_ref, last_name, password, website) values (default, ?, ?, ?, ?, ?, ?, ?)
Hibernate: insert into person (id, date_of_birth, email, first_name, group_ref, last_name, password, website) values (default, ?, ?, ?, ?, ?, ?, ?)
Hibernate: insert into person (id, date_of_birth, email, first_name, group_ref, last_name, password, website) values (default, ?, ?, ?, ?, ?, ?, ?)
Hibernate: insert into person (id, date_of_birth, email, first_name, group_ref, last_name, password, website) values (default, ?, ?, ?, ?, ?, ?, ?)
Hibernate: insert into person (id, date_of_birth, email, first_name, group_ref, last_name, password, website) values (default, ?, ?, ?, ?, ?, ?, ?)
Hibernate: insert into person (id, date_of_birth, email, first_name, group_ref, last_name, password, website) values (default, ?, ?, ?, ?, ?, ?, ?)
Hibernate: insert into person (id, date_of_birth, email, first_name, group_ref, last_name, password, website) values (default, ?, ?, ?, ?, ?, ?, ?)
Hibernate: insert into person (id, date_of_birth, email, first_name, group_ref, last_name, password, website) values (default, ?, ?, ?, ?, ?, ?, ?)
Hibernate: insert into person (id, date_of_birth, email, first_name, group_ref, last_name, password, website) values (default, ?, ?, ?, ?, ?, ?, ?)
Hibernate: insert into person (id, date_of_birth, email, first_name, group_ref, last_name, password, website) values (default, ?, ?, ?, ?, ?, ?, ?)
Hibernate: insert into person (id, date_of_birth, email, first_name, group_ref, last_name, password, website) values (default, ?, ?, ?, ?, ?, ?, ?)
Hibernate: insert into person (id, date_of_birth, email, first_name, group_ref, last_name, password, website) values (default, ?, ?, ?, ?, ?, ?, ?)
Hibernate: insert into person (id, date_of_birth, email, first_name, group_ref, last_name, password, website) values (default, ?, ?, ?, ?, ?, ?, ?)
Hibernate: insert into person (id, date_of_birth, email, first_name, group_ref, last_name, password, website) values (default, ?, ?, ?, ?, ?, ?, ?)
Hibernate: insert into person (id, date_of_birth, email, first_name, group_ref, last_name, password, website) values (default, ?, ?, ?, ?, ?, ?, ?)
Hibernate: insert into person (id, date_of_birth, email, first_name, group_ref, last_name, password, website) values (default, ?, ?, ?, ?, ?, ?, ?)
Hibernate: insert into person (id, date_of_birth, email, first_name, group_ref, last_name, password, website) values (default, ?, ?, ?, ?, ?, ?, ?)
Hibernate: insert into person (id, date_of_birth, email, first_name, group_ref, last_name, password, website) values (default, ?, ?, ?, ?, ?, ?, ?)
Hibernate: insert into person (id, date_of_birth, email, first_name, group_ref, last_name, password, website) values (default, ?, ?, ?, ?, ?, ?, ?)
Hibernate: insert into person (id, date_of_birth, email, first_name, group_ref, last_name, password, website) values (default, ?, ?, ?, ?, ?, ?, ?)
Hibernate: insert into person (id, date_of_birth, email, first_name, group_ref, last_name, password, website) values (default, ?, ?, ?, ?, ?, ?, ?)
Hibernate: insert into person (id, date_of_birth, email, first_name, group_ref, last_name, password, website) values (default, ?, ?, ?, ?, ?, ?, ?)
Hibernate: insert into person (id, date_of_birth, email, first_name, group_ref, last_name, password, website) values (default, ?, ?, ?, ?, ?, ?, ?)
Hibernate: insert into person (id, date_of_birth, email, first_name, group_ref, last_name, password, website) values (default, ?, ?, ?, ?, ?, ?, ?)
Hibernate: insert into person (id, date_of_birth, email, first_name, group_ref, last_name, password, website) values (default, ?, ?, ?, ?, ?, ?, ?)
Hibernate: insert into person (id, date_of_birth, email, first_name, group_ref, last_name, password, website) values (default, ?, ?, ?, ?, ?, ?, ?)
Hibernate: insert into person (id, date_of_birth, email, first_name, group_ref, last_name, password, website) values (default, ?, ?, ?, ?, ?, ?, ?)
Hibernate: insert into person (id, date_of_birth, email, first_name, group_ref, last_name, password, website) values (default, ?, ?, ?, ?, ?, ?, ?)
Hibernate: insert into person (id, date_of_birth, email, first_name, group_ref, last_name, password, website) values (default, ?, ?, ?, ?, ?, ?, ?)
Hibernate: insert into person (id, date_of_birth, email, first_name, group_ref, last_name, password, website) values (default, ?, ?, ?, ?, ?, ?, ?)
Hibernate: insert into person (id, date_of_birth, email, first_name, group_ref, last_name, password, website) values (default, ?, ?, ?, ?, ?, ?, ?)
Hibernate: insert into person (id, date_of_birth, email, first_name, group_ref, last_name, password, website) values (default, ?, ?, ?, ?, ?, ?, ?)
Hibernate: insert into person (id, date_of_birth, email, first_name, group_ref, last_name, password, website) values (default, ?, ?, ?, ?, ?, ?, ?)
Hibernate: insert into person (id, date_of_birth, email, first_name, group_ref, last_name, password, website) values (default, ?, ?, ?, ?, ?, ?, ?)
Hibernate: insert into person (id, date_of_birth, email, first_name, group_ref, last_name, password, website) values (default, ?, ?, ?, ?, ?, ?, ?)
Hibernate: insert into person (id, date_of_birth, email, first_name, group_ref, last_name, password, website) values (default, ?, ?, ?, ?, ?, ?, ?)
Hibernate: insert into person (id, date_of_birth, email, first_name, group_ref, last_name, password, website) values (default, ?, ?, ?, ?, ?, ?, ?)
Hibernate: insert into person (id, date_of_birth, email, first_name, group_ref, last_name, password, website) values (default, ?, ?, ?, ?, ?, ?, ?)
Hibernate: insert into person (id, date_of_birth, email, first_name, group_ref, last_name, password, website) values (default, ?, ?, ?, ?, ?, ?, ?)
Hibernate: insert into person (id, date_of_birth, email, first_name, group_ref, last_name, password, website) values (default, ?, ?, ?, ?, ?, ?, ?)
Hibernate: insert into person (id, date_of_birth, email, first_name, group_ref, last_name, password, website) values (default, ?, ?, ?, ?, ?, ?, ?)
Hibernate: insert into person (id, date_of_birth, email, first_name, group_ref, last_name, password, website) values (default, ?, ?, ?, ?, ?, ?, ?)
Hibernate: insert into person (id, date_of_birth, email, first_name, group_ref, last_name, password, website) values (default, ?, ?, ?, ?, ?, ?, ?)
Hibernate: insert into person (id, date_of_birth, email, first_name, group_ref, last_name, password, website) values (default, ?, ?, ?, ?, ?, ?, ?)
Hibernate: insert into person (id, date_of_birth, email, first_name, group_ref, last_name, password, website) values (default, ?, ?, ?, ?, ?, ?, ?)
Hibernate: insert into person (id, date_of_birth, email, first_name, group_ref, last_name, password, website) values (default, ?, ?, ?, ?, ?, ?, ?)
Hibernate: insert into person (id, date_of_birth, email, first_name, group_ref, last_name, password, website) values (default, ?, ?, ?, ?, ?, ?, ?)
Hibernate: insert into person (id, date_of_birth, email, first_name, group_ref, last_name, password, website) values (default, ?, ?, ?, ?, ?, ?, ?)
Hibernate: insert into person (id, date_of_birth, email, first_name, group_ref, last_name, password, website) values (default, ?, ?, ?, ?, ?, ?, ?)
Hibernate: insert into person (id, date_of_birth, email, first_name, group_ref, last_name, password, website) values (default, ?, ?, ?, ?, ?, ?, ?)
Hibernate: insert into person (id, date_of_birth, email, first_name, group_ref, last_name, password, website) values (default, ?, ?, ?, ?, ?, ?, ?)
Hibernate: insert into person (id, date_of_birth, email, first_name, group_ref, last_name, password, website) values (default, ?, ?, ?, ?, ?, ?, ?)
Hibernate: insert into person (id, date_of_birth, email, first_name, group_ref, last_name, password, website) values (default, ?, ?, ?, ?, ?, ?, ?)
Hibernate: insert into person (id, date_of_birth, email, first_name, group_ref, last_name, password, website) values (default, ?, ?, ?, ?, ?, ?, ?)
Hibernate: insert into person (id, date_of_birth, email, first_name, group_ref, last_name, password, website) values (default, ?, ?, ?, ?, ?, ?, ?)
Hibernate: insert into person (id, date_of_birth, email, first_name, group_ref, last_name, password, website) values (default, ?, ?, ?, ?, ?, ?, ?)
Hibernate: insert into person (id, date_of_birth, email, first_name, group_ref, last_name, password, website) values (default, ?, ?, ?, ?, ?, ?, ?)
Hibernate: insert into person (id, date_of_birth, email, first_name, group_ref, last_name, password, website) values (default, ?, ?, ?, ?, ?, ?, ?)
Hibernate: insert into person (id, date_of_birth, email, first_name, group_ref, last_name, password, website) values (default, ?, ?, ?, ?, ?, ?, ?)
Hibernate: insert into person (id, date_of_birth, email, first_name, group_ref, last_name, password, website) values (default, ?, ?, ?, ?, ?, ?, ?)
Hibernate: insert into person (id, date_of_birth, email, first_name, group_ref, last_name, password, website) values (default, ?, ?, ?, ?, ?, ?, ?)
Hibernate: insert into person (id, date_of_birth, email, first_name, group_ref, last_name, password, website) values (default, ?, ?, ?, ?, ?, ?, ?)
Hibernate: insert into person (id, date_of_birth, email, first_name, group_ref, last_name, password, website) values (default, ?, ?, ?, ?, ?, ?, ?)
Hibernate: insert into person (id, date_of_birth, email, first_name, group_ref, last_name, password, website) values (default, ?, ?, ?, ?, ?, ?, ?)
Hibernate: insert into person (id, date_of_birth, email, first_name, group_ref, last_name, password, website) values (default, ?, ?, ?, ?, ?, ?, ?)
Hibernate: insert into person (id, date_of_birth, email, first_name, group_ref, last_name, password, website) values (default, ?, ?, ?, ?, ?, ?, ?)
Hibernate: insert into person (id, date_of_birth, email, first_name, group_ref, last_name, password, website) values (default, ?, ?, ?, ?, ?, ?, ?)
Hibernate: insert into person (id, date_of_birth, email, first_name, group_ref, last_name, password, website) values (default, ?, ?, ?, ?, ?, ?, ?)
Hibernate: insert into person (id, date_of_birth, email, first_name, group_ref, last_name, password, website) values (default, ?, ?, ?, ?, ?, ?, ?)
Hibernate: insert into person (id, date_of_birth, email, first_name, group_ref, last_name, password, website) values (default, ?, ?, ?, ?, ?, ?, ?)
Hibernate: insert into person (id, date_of_birth, email, first_name, group_ref, last_name, password, website) values (default, ?, ?, ?, ?, ?, ?, ?)
Hibernate: insert into person (id, date_of_birth, email, first_name, group_ref, last_name, password, website) values (default, ?, ?, ?, ?, ?, ?, ?)
Hibernate: insert into person (id, date_of_birth, email, first_name, group_ref, last_name, password, website) values (default, ?, ?, ?, ?, ?, ?, ?)
Hibernate: insert into person (id, date_of_birth, email, first_name, group_ref, last_name, password, website) values (default, ?, ?, ?, ?, ?, ?, ?)
Hibernate: insert into person (id, date_of_birth, email, first_name, group_ref, last_name, password, website) values (default, ?, ?, ?, ?, ?, ?, ?)
Hibernate: insert into person (id, date_of_birth, email, first_name, group_ref, last_name, password, website) values (default, ?, ?, ?, ?, ?, ?, ?)
Hibernate: insert into person (id, date_of_birth, email, first_name, group_ref, last_name, password, website) values (default, ?, ?, ?, ?, ?, ?, ?)
Hibernate: insert into person (id, date_of_birth, email, first_name, group_ref, last_name, password, website) values (default, ?, ?, ?, ?, ?, ?, ?)
Hibernate: insert into person (id, date_of_birth, email, first_name, group_ref, last_name, password, website) values (default, ?, ?, ?, ?, ?, ?, ?)
Hibernate: insert into person (id, date_of_birth, email, first_name, group_ref, last_name, password, website) values (default, ?, ?, ?, ?, ?, ?, ?)
Hibernate: insert into person (id, date_of_birth, email, first_name, group_ref, last_name, password, website) values (default, ?, ?, ?, ?, ?, ?, ?)
Hibernate: insert into person (id, date_of_birth, email, first_name, group_ref, last_name, password, website) values (default, ?, ?, ?, ?, ?, ?, ?)
Hibernate: insert into person (id, date_of_birth, email, first_name, group_ref, last_name, password, website) values (default, ?, ?, ?, ?, ?, ?, ?)
Hibernate: insert into person (id, date_of_birth, email, first_name, group_ref, last_name, password, website) values (default, ?, ?, ?, ?, ?, ?, ?)
Hibernate: insert into person (id, date_of_birth, email, first_name, group_ref, last_name, password, website) values (default, ?, ?, ?, ?, ?, ?, ?)
Hibernate: insert into person (id, date_of_birth, email, first_name, group_ref, last_name, password, website) values (default, ?, ?, ?, ?, ?, ?, ?)
Hibernate: insert into person (id, date_of_birth, email, first_name, group_ref, last_name, password, website) values (default, ?, ?, ?, ?, ?, ?, ?)
Hibernate: insert into person (id, date_of_birth, email, first_name, group_ref, last_name, password, website) values (default, ?, ?, ?, ?, ?, ?, ?)
Hibernate: insert into person (id, date_of_birth, email, first_name, group_ref, last_name, password, website) values (default, ?, ?, ?, ?, ?, ?, ?)
Hibernate: insert into person (id, date_of_birth, email, first_name, group_ref, last_name, password, website) values (default, ?, ?, ?, ?, ?, ?, ?)
Hibernate: insert into person (id, date_of_birth, email, first_name, group_ref, last_name, password, website) values (default, ?, ?, ?, ?, ?, ?, ?)
Hibernate: insert into person (id, date_of_birth, email, first_name, group_ref, last_name, password, website) values (default, ?, ?, ?, ?, ?, ?, ?)
Hibernate: insert into person (id, date_of_birth, email, first_name, group_ref, last_name, password, website) values (default, ?, ?, ?, ?, ?, ?, ?)
Hibernate: insert into person (id, date_of_birth, email, first_name, group_ref, last_name, password, website) values (default, ?, ?, ?, ?, ?, ?, ?)
Hibernate: insert into person (id, date_of_birth, email, first_name, group_ref, last_name, password, website) values (default, ?, ?, ?, ?, ?, ?, ?)
Hibernate: insert into person (id, date_of_birth, email, first_name, group_ref, last_name, password, website) values (default, ?, ?, ?, ?, ?, ?, ?)
Hibernate: insert into person (id, date_of_birth, email, first_name, group_ref, last_name, password, website) values (default, ?, ?, ?, ?, ?, ?, ?)
Hibernate: insert into person (id, date_of_birth, email, first_name, group_ref, last_name, password, website) values (default, ?, ?, ?, ?, ?, ?, ?)
Hibernate: insert into person (id, date_of_birth, email, first_name, group_ref, last_name, password, website) values (default, ?, ?, ?, ?, ?, ?, ?)
Hibernate: insert into person (id, date_of_birth, email, first_name, group_ref, last_name, password, website) values (default, ?, ?, ?, ?, ?, ?, ?)
Hibernate: insert into person (id, date_of_birth, email, first_name, group_ref, last_name, password, website) values (default, ?, ?, ?, ?, ?, ?, ?)
Hibernate: insert into person (id, date_of_birth, email, first_name, group_ref, last_name, password, website) values (default, ?, ?, ?, ?, ?, ?, ?)
Hibernate: insert into person (id, date_of_birth, email, first_name, group_ref, last_name, password, website) values (default, ?, ?, ?, ?, ?, ?, ?)
Hibernate: insert into person (id, date_of_birth, email, first_name, group_ref, last_name, password, website) values (default, ?, ?, ?, ?, ?, ?, ?)
Hibernate: insert into person (id, date_of_birth, email, first_name, group_ref, last_name, password, website) values (default, ?, ?, ?, ?, ?, ?, ?)
Hibernate: insert into person (id, date_of_birth, email, first_name, group_ref, last_name, password, website) values (default, ?, ?, ?, ?, ?, ?, ?)
Hibernate: insert into person (id, date_of_birth, email, first_name, group_ref, last_name, password, website) values (default, ?, ?, ?, ?, ?, ?, ?)
Hibernate: insert into person (id, date_of_birth, email, first_name, group_ref, last_name, password, website) values (default, ?, ?, ?, ?, ?, ?, ?)
Hibernate: insert into person (id, date_of_birth, email, first_name, group_ref, last_name, password, website) values (default, ?, ?, ?, ?, ?, ?, ?)
Hibernate: insert into person (id, date_of_birth, email, first_name, group_ref, last_name, password, website) values (default, ?, ?, ?, ?, ?, ?, ?)
Hibernate: insert into person (id, date_of_birth, email, first_name, group_ref, last_name, password, website) values (default, ?, ?, ?, ?, ?, ?, ?)
Hibernate: insert into person (id, date_of_birth, email, first_name, group_ref, last_name, password, website) values (default, ?, ?, ?, ?, ?, ?, ?)
Hibernate: insert into person (id, date_of_birth, email, first_name, group_ref, last_name, password, website) values (default, ?, ?, ?, ?, ?, ?, ?)
Hibernate: insert into person (id, date_of_birth, email, first_name, group_ref, last_name, password, website) values (default, ?, ?, ?, ?, ?, ?, ?)
Hibernate: insert into person (id, date_of_birth, email, first_name, group_ref, last_name, password, website) values (default, ?, ?, ?, ?, ?, ?, ?)
Hibernate: insert into person (id, date_of_birth, email, first_name, group_ref, last_name, password, website) values (default, ?, ?, ?, ?, ?, ?, ?)
Hibernate: insert into person (id, date_of_birth, email, first_name, group_ref, last_name, password, website) values (default, ?, ?, ?, ?, ?, ?, ?)
Hibernate: insert into person (id, date_of_birth, email, first_name, group_ref, last_name, password, website) values (default, ?, ?, ?, ?, ?, ?, ?)
Hibernate: insert into person (id, date_of_birth, email, first_name, group_ref, last_name, password, website) values (default, ?, ?, ?, ?, ?, ?, ?)
Hibernate: insert into person (id, date_of_birth, email, first_name, group_ref, last_name, password, website) values (default, ?, ?, ?, ?, ?, ?, ?)
Hibernate: insert into person (id, date_of_birth, email, first_name, group_ref, last_name, password, website) values (default, ?, ?, ?, ?, ?, ?, ?)
Hibernate: insert into person (id, date_of_birth, email, first_name, group_ref, last_name, password, website) values (default, ?, ?, ?, ?, ?, ?, ?)
Hibernate: insert into person (id, date_of_birth, email, first_name, group_ref, last_name, password, website) values (default, ?, ?, ?, ?, ?, ?, ?)
Hibernate: insert into person (id, date_of_birth, email, first_name, group_ref, last_name, password, website) values (default, ?, ?, ?, ?, ?, ?, ?)
Hibernate: insert into person (id, date_of_birth, email, first_name, group_ref, last_name, password, website) values (default, ?, ?, ?, ?, ?, ?, ?)
Hibernate: insert into person (id, date_of_birth, email, first_name, group_ref, last_name, password, website) values (default, ?, ?, ?, ?, ?, ?, ?)
Hibernate: insert into person (id, date_of_birth, email, first_name, group_ref, last_name, password, website) values (default, ?, ?, ?, ?, ?, ?, ?)
Hibernate: insert into person (id, date_of_birth, email, first_name, group_ref, last_name, password, website) values (default, ?, ?, ?, ?, ?, ?, ?)
Hibernate: insert into person (id, date_of_birth, email, first_name, group_ref, last_name, password, website) values (default, ?, ?, ?, ?, ?, ?, ?)
Hibernate: insert into person (id, date_of_birth, email, first_name, group_ref, last_name, password, website) values (default, ?, ?, ?, ?, ?, ?, ?)
Hibernate: insert into person (id, date_of_birth, email, first_name, group_ref, last_name, password, website) values (default, ?, ?, ?, ?, ?, ?, ?)
Hibernate: insert into person (id, date_of_birth, email, first_name, group_ref, last_name, password, website) values (default, ?, ?, ?, ?, ?, ?, ?)
Hibernate: insert into person (id, date_of_birth, email, first_name, group_ref, last_name, password, website) values (default, ?, ?, ?, ?, ?, ?, ?)
Hibernate: insert into person (id, date_of_birth, email, first_name, group_ref, last_name, password, website) values (default, ?, ?, ?, ?, ?, ?, ?)
Hibernate: insert into person (id, date_of_birth, email, first_name, group_ref, last_name, password, website) values (default, ?, ?, ?, ?, ?, ?, ?)
Hibernate: insert into person (id, date_of_birth, email, first_name, group_ref, last_name, password, website) values (default, ?, ?, ?, ?, ?, ?, ?)
Hibernate: insert into person (id, date_of_birth, email, first_name, group_ref, last_name, password, website) values (default, ?, ?, ?, ?, ?, ?, ?)
Hibernate: insert into person (id, date_of_birth, email, first_name, group_ref, last_name, password, website) values (default, ?, ?, ?, ?, ?, ?, ?)
Hibernate: insert into person (id, date_of_birth, email, first_name, group_ref, last_name, password, website) values (default, ?, ?, ?, ?, ?, ?, ?)
Hibernate: insert into person (id, date_of_birth, email, first_name, group_ref, last_name, password, website) values (default, ?, ?, ?, ?, ?, ?, ?)
Hibernate: insert into person (id, date_of_birth, email, first_name, group_ref, last_name, password, website) values (default, ?, ?, ?, ?, ?, ?, ?)
Hibernate: insert into person (id, date_of_birth, email, first_name, group_ref, last_name, password, website) values (default, ?, ?, ?, ?, ?, ?, ?)
Hibernate: insert into person (id, date_of_birth, email, first_name, group_ref, last_name, password, website) values (default, ?, ?, ?, ?, ?, ?, ?)
Hibernate: insert into person (id, date_of_birth, email, first_name, group_ref, last_name, password, website) values (default, ?, ?, ?, ?, ?, ?, ?)
Hibernate: insert into person (id, date_of_birth, email, first_name, group_ref, last_name, password, website) values (default, ?, ?, ?, ?, ?, ?, ?)
Hibernate: insert into person (id, date_of_birth, email, first_name, group_ref, last_name, password, website) values (default, ?, ?, ?, ?, ?, ?, ?)
Hibernate: insert into person (id, date_of_birth, email, first_name, group_ref, last_name, password, website) values (default, ?, ?, ?, ?, ?, ?, ?)
Hibernate: insert into person (id, date_of_birth, email, first_name, group_ref, last_name, password, website) values (default, ?, ?, ?, ?, ?, ?, ?)
Hibernate: insert into person (id, date_of_birth, email, first_name, group_ref, last_name, password, website) values (default, ?, ?, ?, ?, ?, ?, ?)
Hibernate: insert into person (id, date_of_birth, email, first_name, group_ref, last_name, password, website) values (default, ?, ?, ?, ?, ?, ?, ?)
Hibernate: insert into person (id, date_of_birth, email, first_name, group_ref, last_name, password, website) values (default, ?, ?, ?, ?, ?, ?, ?)
Hibernate: insert into person (id, date_of_birth, email, first_name, group_ref, last_name, password, website) values (default, ?, ?, ?, ?, ?, ?, ?)
Hibernate: insert into person (id, date_of_birth, email, first_name, group_ref, last_name, password, website) values (default, ?, ?, ?, ?, ?, ?, ?)
Hibernate: insert into person (id, date_of_birth, email, first_name, group_ref, last_name, password, website) values (default, ?, ?, ?, ?, ?, ?, ?)
Hibernate: insert into person (id, date_of_birth, email, first_name, group_ref, last_name, password, website) values (default, ?, ?, ?, ?, ?, ?, ?)
Hibernate: insert into person (id, date_of_birth, email, first_name, group_ref, last_name, password, website) values (default, ?, ?, ?, ?, ?, ?, ?)
Hibernate: insert into person (id, date_of_birth, email, first_name, group_ref, last_name, password, website) values (default, ?, ?, ?, ?, ?, ?, ?)
Hibernate: insert into person (id, date_of_birth, email, first_name, group_ref, last_name, password, website) values (default, ?, ?, ?, ?, ?, ?, ?)
Hibernate: insert into person (id, date_of_birth, email, first_name, group_ref, last_name, password, website) values (default, ?, ?, ?, ?, ?, ?, ?)
Hibernate: insert into person (id, date_of_birth, email, first_name, group_ref, last_name, password, website) values (default, ?, ?, ?, ?, ?, ?, ?)
Hibernate: insert into person (id, date_of_birth, email, first_name, group_ref, last_name, password, website) values (default, ?, ?, ?, ?, ?, ?, ?)
Hibernate: insert into person (id, date_of_birth, email, first_name, group_ref, last_name, password, website) values (default, ?, ?, ?, ?, ?, ?, ?)
Hibernate: insert into person (id, date_of_birth, email, first_name, group_ref, last_name, password, website) values (default, ?, ?, ?, ?, ?, ?, ?)
Hibernate: insert into person (id, date_of_birth, email, first_name, group_ref, last_name, password, website) values (default, ?, ?, ?, ?, ?, ?, ?)
Hibernate: insert into person (id, date_of_birth, email, first_name, group_ref, last_name, password, website) values (default, ?, ?, ?, ?, ?, ?, ?)
Hibernate: insert into person (id, date_of_birth, email, first_name, group_ref, last_name, password, website) values (default, ?, ?, ?, ?, ?, ?, ?)
Hibernate: insert into person (id, date_of_birth, email, first_name, group_ref, last_name, password, website) values (default, ?, ?, ?, ?, ?, ?, ?)
Hibernate: insert into person (id, date_of_birth, email, first_name, group_ref, last_name, password, website) values (default, ?, ?, ?, ?, ?, ?, ?)
Hibernate: insert into person (id, date_of_birth, email, first_name, group_ref, last_name, password, website) values (default, ?, ?, ?, ?, ?, ?, ?)
Hibernate: insert into person (id, date_of_birth, email, first_name, group_ref, last_name, password, website) values (default, ?, ?, ?, ?, ?, ?, ?)
Hibernate: insert into person (id, date_of_birth, email, first_name, group_ref, last_name, password, website) values (default, ?, ?, ?, ?, ?, ?, ?)
Hibernate: insert into person (id, date_of_birth, email, first_name, group_ref, last_name, password, website) values (default, ?, ?, ?, ?, ?, ?, ?)
Hibernate: insert into person (id, date_of_birth, email, first_name, group_ref, last_name, password, website) values (default, ?, ?, ?, ?, ?, ?, ?)
Hibernate: insert into person (id, date_of_birth, email, first_name, group_ref, last_name, password, website) values (default, ?, ?, ?, ?, ?, ?, ?)
Hibernate: insert into person (id, date_of_birth, email, first_name, group_ref, last_name, password, website) values (default, ?, ?, ?, ?, ?, ?, ?)
Hibernate: insert into person (id, date_of_birth, email, first_name, group_ref, last_name, password, website) values (default, ?, ?, ?, ?, ?, ?, ?)
Hibernate: insert into person (id, date_of_birth, email, first_name, group_ref, last_name, password, website) values (default, ?, ?, ?, ?, ?, ?, ?)
Hibernate: insert into person (id, date_of_birth, email, first_name, group_ref, last_name, password, website) values (default, ?, ?, ?, ?, ?, ?, ?)
Hibernate: insert into person (id, date_of_birth, email, first_name, group_ref, last_name, password, website) values (default, ?, ?, ?, ?, ?, ?, ?)
Hibernate: insert into person (id, date_of_birth, email, first_name, group_ref, last_name, password, website) values (default, ?, ?, ?, ?, ?, ?, ?)
Hibernate: insert into person (id, date_of_birth, email, first_name, group_ref, last_name, password, website) values (default, ?, ?, ?, ?, ?, ?, ?)
Hibernate: insert into person (id, date_of_birth, email, first_name, group_ref, last_name, password, website) values (default, ?, ?, ?, ?, ?, ?, ?)
Hibernate: insert into person (id, date_of_birth, email, first_name, group_ref, last_name, password, website) values (default, ?, ?, ?, ?, ?, ?, ?)
Hibernate: insert into person (id, date_of_birth, email, first_name, group_ref, last_name, password, website) values (default, ?, ?, ?, ?, ?, ?, ?)
Hibernate: insert into person (id, date_of_birth, email, first_name, group_ref, last_name, password, website) values (default, ?, ?, ?, ?, ?, ?, ?)
Hibernate: insert into person (id, date_of_birth, email, first_name, group_ref, last_name, password, website) values (default, ?, ?, ?, ?, ?, ?, ?)
Hibernate: insert into person (id, date_of_birth, email, first_name, group_ref, last_name, password, website) values (default, ?, ?, ?, ?, ?, ?, ?)
Hibernate: insert into person (id, date_of_birth, email, first_name, group_ref, last_name, password, website) values (default, ?, ?, ?, ?, ?, ?, ?)
Hibernate: insert into person (id, date_of_birth, email, first_name, group_ref, last_name, password, website) values (default, ?, ?, ?, ?, ?, ?, ?)
Hibernate: insert into person (id, date_of_birth, email, first_name, group_ref, last_name, password, website) values (default, ?, ?, ?, ?, ?, ?, ?)
Hibernate: insert into person (id, date_of_birth, email, first_name, group_ref, last_name, password, website) values (default, ?, ?, ?, ?, ?, ?, ?)
Hibernate: insert into person (id, date_of_birth, email, first_name, group_ref, last_name, password, website) values (default, ?, ?, ?, ?, ?, ?, ?)
Hibernate: insert into person (id, date_of_birth, email, first_name, group_ref, last_name, password, website) values (default, ?, ?, ?, ?, ?, ?, ?)
Hibernate: insert into person (id, date_of_birth, email, first_name, group_ref, last_name, password, website) values (default, ?, ?, ?, ?, ?, ?, ?)
Hibernate: insert into person (id, date_of_birth, email, first_name, group_ref, last_name, password, website) values (default, ?, ?, ?, ?, ?, ?, ?)
Hibernate: insert into person (id, date_of_birth, email, first_name, group_ref, last_name, password, website) values (default, ?, ?, ?, ?, ?, ?, ?)
Hibernate: insert into person (id, date_of_birth, email, first_name, group_ref, last_name, password, website) values (default, ?, ?, ?, ?, ?, ?, ?)
Hibernate: insert into person (id, date_of_birth, email, first_name, group_ref, last_name, password, website) values (default, ?, ?, ?, ?, ?, ?, ?)
Hibernate: insert into person (id, date_of_birth, email, first_name, group_ref, last_name, password, website) values (default, ?, ?, ?, ?, ?, ?, ?)
Hibernate: insert into person (id, date_of_birth, email, first_name, group_ref, last_name, password, website) values (default, ?, ?, ?, ?, ?, ?, ?)
Hibernate: insert into person (id, date_of_birth, email, first_name, group_ref, last_name, password, website) values (default, ?, ?, ?, ?, ?, ?, ?)
Hibernate: insert into person (id, date_of_birth, email, first_name, group_ref, last_name, password, website) values (default, ?, ?, ?, ?, ?, ?, ?)
Hibernate: insert into person (id, date_of_birth, email, first_name, group_ref, last_name, password, website) values (default, ?, ?, ?, ?, ?, ?, ?)
Hibernate: insert into person (id, date_of_birth, email, first_name, group_ref, last_name, password, website) values (default, ?, ?, ?, ?, ?, ?, ?)
Hibernate: insert into person (id, date_of_birth, email, first_name, group_ref, last_name, password, website) values (default, ?, ?, ?, ?, ?, ?, ?)
Hibernate: insert into person (id, date_of_birth, email, first_name, group_ref, last_name, password, website) values (default, ?, ?, ?, ?, ?, ?, ?)
Hibernate: insert into person (id, date_of_birth, email, first_name, group_ref, last_name, password, website) values (default, ?, ?, ?, ?, ?, ?, ?)
Hibernate: insert into person (id, date_of_birth, email, first_name, group_ref, last_name, password, website) values (default, ?, ?, ?, ?, ?, ?, ?)
Hibernate: insert into person (id, date_of_birth, email, first_name, group_ref, last_name, password, website) values (default, ?, ?, ?, ?, ?, ?, ?)
Hibernate: insert into person (id, date_of_birth, email, first_name, group_ref, last_name, password, website) values (default, ?, ?, ?, ?, ?, ?, ?)
Hibernate: insert into person (id, date_of_birth, email, first_name, group_ref, last_name, password, website) values (default, ?, ?, ?, ?, ?, ?, ?)
Hibernate: insert into person (id, date_of_birth, email, first_name, group_ref, last_name, password, website) values (default, ?, ?, ?, ?, ?, ?, ?)
Hibernate: insert into person (id, date_of_birth, email, first_name, group_ref, last_name, password, website) values (default, ?, ?, ?, ?, ?, ?, ?)
Hibernate: insert into person (id, date_of_birth, email, first_name, group_ref, last_name, password, website) values (default, ?, ?, ?, ?, ?, ?, ?)
Hibernate: insert into person (id, date_of_birth, email, first_name, group_ref, last_name, password, website) values (default, ?, ?, ?, ?, ?, ?, ?)
Hibernate: insert into person (id, date_of_birth, email, first_name, group_ref, last_name, password, website) values (default, ?, ?, ?, ?, ?, ?, ?)
Hibernate: insert into person (id, date_of_birth, email, first_name, group_ref, last_name, password, website) values (default, ?, ?, ?, ?, ?, ?, ?)
Hibernate: insert into person (id, date_of_birth, email, first_name, group_ref, last_name, password, website) values (default, ?, ?, ?, ?, ?, ?, ?)
Hibernate: insert into person (id, date_of_birth, email, first_name, group_ref, last_name, password, website) values (default, ?, ?, ?, ?, ?, ?, ?)
Hibernate: insert into person (id, date_of_birth, email, first_name, group_ref, last_name, password, website) values (default, ?, ?, ?, ?, ?, ?, ?)
Hibernate: insert into person (id, date_of_birth, email, first_name, group_ref, last_name, password, website) values (default, ?, ?, ?, ?, ?, ?, ?)
Hibernate: insert into person (id, date_of_birth, email, first_name, group_ref, last_name, password, website) values (default, ?, ?, ?, ?, ?, ?, ?)
Hibernate: insert into person (id, date_of_birth, email, first_name, group_ref, last_name, password, website) values (default, ?, ?, ?, ?, ?, ?, ?)
Hibernate: insert into person (id, date_of_birth, email, first_name, group_ref, last_name, password, website) values (default, ?, ?, ?, ?, ?, ?, ?)
Hibernate: insert into person (id, date_of_birth, email, first_name, group_ref, last_name, password, website) values (default, ?, ?, ?, ?, ?, ?, ?)
Hibernate: insert into person (id, date_of_birth, email, first_name, group_ref, last_name, password, website) values (default, ?, ?, ?, ?, ?, ?, ?)
Hibernate: insert into person (id, date_of_birth, email, first_name, group_ref, last_name, password, website) values (default, ?, ?, ?, ?, ?, ?, ?)
Hibernate: insert into person (id, date_of_birth, email, first_name, group_ref, last_name, password, website) values (default, ?, ?, ?, ?, ?, ?, ?)
Hibernate: insert into person (id, date_of_birth, email, first_name, group_ref, last_name, password, website) values (default, ?, ?, ?, ?, ?, ?, ?)
Hibernate: insert into person (id, date_of_birth, email, first_name, group_ref, last_name, password, website) values (default, ?, ?, ?, ?, ?, ?, ?)
Hibernate: insert into person (id, date_of_birth, email, first_name, group_ref, last_name, password, website) values (default, ?, ?, ?, ?, ?, ?, ?)
Hibernate: insert into person (id, date_of_birth, email, first_name, group_ref, last_name, password, website) values (default, ?, ?, ?, ?, ?, ?, ?)
Hibernate: insert into person (id, date_of_birth, email, first_name, group_ref, last_name, password, website) values (default, ?, ?, ?, ?, ?, ?, ?)
Hibernate: insert into person (id, date_of_birth, email, first_name, group_ref, last_name, password, website) values (default, ?, ?, ?, ?, ?, ?, ?)
Hibernate: insert into person (id, date_of_birth, email, first_name, group_ref, last_name, password, website) values (default, ?, ?, ?, ?, ?, ?, ?)
Hibernate: insert into person (id, date_of_birth, email, first_name, group_ref, last_name, password, website) values (default, ?, ?, ?, ?, ?, ?, ?)
Hibernate: insert into person (id, date_of_birth, email, first_name, group_ref, last_name, password, website) values (default, ?, ?, ?, ?, ?, ?, ?)
Hibernate: insert into person (id, date_of_birth, email, first_name, group_ref, last_name, password, website) values (default, ?, ?, ?, ?, ?, ?, ?)
Hibernate: insert into person (id, date_of_birth, email, first_name, group_ref, last_name, password, website) values (default, ?, ?, ?, ?, ?, ?, ?)
Hibernate: insert into person (id, date_of_birth, email, first_name, group_ref, last_name, password, website) values (default, ?, ?, ?, ?, ?, ?, ?)
Hibernate: insert into person (id, date_of_birth, email, first_name, group_ref, last_name, password, website) values (default, ?, ?, ?, ?, ?, ?, ?)
Hibernate: insert into person (id, date_of_birth, email, first_name, group_ref, last_name, password, website) values (default, ?, ?, ?, ?, ?, ?, ?)
Hibernate: insert into person (id, date_of_birth, email, first_name, group_ref, last_name, password, website) values (default, ?, ?, ?, ?, ?, ?, ?)
Hibernate: insert into person (id, date_of_birth, email, first_name, group_ref, last_name, password, website) values (default, ?, ?, ?, ?, ?, ?, ?)
Hibernate: insert into person (id, date_of_birth, email, first_name, group_ref, last_name, password, website) values (default, ?, ?, ?, ?, ?, ?, ?)
Hibernate: insert into person (id, date_of_birth, email, first_name, group_ref, last_name, password, website) values (default, ?, ?, ?, ?, ?, ?, ?)
Hibernate: insert into person (id, date_of_birth, email, first_name, group_ref, last_name, password, website) values (default, ?, ?, ?, ?, ?, ?, ?)
Hibernate: insert into person (id, date_of_birth, email, first_name, group_ref, last_name, password, website) values (default, ?, ?, ?, ?, ?, ?, ?)
Hibernate: insert into person (id, date_of_birth, email, first_name, group_ref, last_name, password, website) values (default, ?, ?, ?, ?, ?, ?, ?)
Hibernate: insert into person (id, date_of_birth, email, first_name, group_ref, last_name, password, website) values (default, ?, ?, ?, ?, ?, ?, ?)
Hibernate: insert into person (id, date_of_birth, email, first_name, group_ref, last_name, password, website) values (default, ?, ?, ?, ?, ?, ?, ?)
Hibernate: insert into person (id, date_of_birth, email, first_name, group_ref, last_name, password, website) values (default, ?, ?, ?, ?, ?, ?, ?)
Hibernate: insert into person (id, date_of_birth, email, first_name, group_ref, last_name, password, website) values (default, ?, ?, ?, ?, ?, ?, ?)
Hibernate: insert into person (id, date_of_birth, email, first_name, group_ref, last_name, password, website) values (default, ?, ?, ?, ?, ?, ?, ?)
Hibernate: insert into person (id, date_of_birth, email, first_name, group_ref, last_name, password, website) values (default, ?, ?, ?, ?, ?, ?, ?)
Hibernate: insert into person (id, date_of_birth, email, first_name, group_ref, last_name, password, website) values (default, ?, ?, ?, ?, ?, ?, ?)
Hibernate: insert into person (id, date_of_birth, email, first_name, group_ref, last_name, password, website) values (default, ?, ?, ?, ?, ?, ?, ?)
Hibernate: insert into person (id, date_of_birth, email, first_name, group_ref, last_name, password, website) values (default, ?, ?, ?, ?, ?, ?, ?)
Hibernate: insert into person (id, date_of_birth, email, first_name, group_ref, last_name, password, website) values (default, ?, ?, ?, ?, ?, ?, ?)
Hibernate: insert into person (id, date_of_birth, email, first_name, group_ref, last_name, password, website) values (default, ?, ?, ?, ?, ?, ?, ?)
Hibernate: insert into person (id, date_of_birth, email, first_name, group_ref, last_name, password, website) values (default, ?, ?, ?, ?, ?, ?, ?)
Hibernate: insert into person (id, date_of_birth, email, first_name, group_ref, last_name, password, website) values (default, ?, ?, ?, ?, ?, ?, ?)
Hibernate: insert into person (id, date_of_birth, email, first_name, group_ref, last_name, password, website) values (default, ?, ?, ?, ?, ?, ?, ?)
Hibernate: insert into person (id, date_of_birth, email, first_name, group_ref, last_name, password, website) values (default, ?, ?, ?, ?, ?, ?, ?)
Hibernate: insert into person (id, date_of_birth, email, first_name, group_ref, last_name, password, website) values (default, ?, ?, ?, ?, ?, ?, ?)
Hibernate: insert into person (id, date_of_birth, email, first_name, group_ref, last_name, password, website) values (default, ?, ?, ?, ?, ?, ?, ?)
Hibernate: insert into person (id, date_of_birth, email, first_name, group_ref, last_name, password, website) values (default, ?, ?, ?, ?, ?, ?, ?)
Hibernate: insert into person (id, date_of_birth, email, first_name, group_ref, last_name, password, website) values (default, ?, ?, ?, ?, ?, ?, ?)
Hibernate: insert into person (id, date_of_birth, email, first_name, group_ref, last_name, password, website) values (default, ?, ?, ?, ?, ?, ?, ?)
Hibernate: insert into person (id, date_of_birth, email, first_name, group_ref, last_name, password, website) values (default, ?, ?, ?, ?, ?, ?, ?)
Hibernate: insert into person (id, date_of_birth, email, first_name, group_ref, last_name, password, website) values (default, ?, ?, ?, ?, ?, ?, ?)
Hibernate: insert into person (id, date_of_birth, email, first_name, group_ref, last_name, password, website) values (default, ?, ?, ?, ?, ?, ?, ?)
Hibernate: insert into person (id, date_of_birth, email, first_name, group_ref, last_name, password, website) values (default, ?, ?, ?, ?, ?, ?, ?)
Hibernate: insert into person (id, date_of_birth, email, first_name, group_ref, last_name, password, website) values (default, ?, ?, ?, ?, ?, ?, ?)
Hibernate: insert into person (id, date_of_birth, email, first_name, group_ref, last_name, password, website) values (default, ?, ?, ?, ?, ?, ?, ?)
Hibernate: insert into person (id, date_of_birth, email, first_name, group_ref, last_name, password, website) values (default, ?, ?, ?, ?, ?, ?, ?)
Hibernate: insert into person (id, date_of_birth, email, first_name, group_ref, last_name, password, website) values (default, ?, ?, ?, ?, ?, ?, ?)
Hibernate: insert into person (id, date_of_birth, email, first_name, group_ref, last_name, password, website) values (default, ?, ?, ?, ?, ?, ?, ?)
Hibernate: insert into person (id, date_of_birth, email, first_name, group_ref, last_name, password, website) values (default, ?, ?, ?, ?, ?, ?, ?)
Hibernate: insert into person (id, date_of_birth, email, first_name, group_ref, last_name, password, website) values (default, ?, ?, ?, ?, ?, ?, ?)
Hibernate: insert into person (id, date_of_birth, email, first_name, group_ref, last_name, password, website) values (default, ?, ?, ?, ?, ?, ?, ?)
Hibernate: insert into person (id, date_of_birth, email, first_name, group_ref, last_name, password, website) values (default, ?, ?, ?, ?, ?, ?, ?)
Hibernate: insert into person (id, date_of_birth, email, first_name, group_ref, last_name, password, website) values (default, ?, ?, ?, ?, ?, ?, ?)
Hibernate: insert into person (id, date_of_birth, email, first_name, group_ref, last_name, password, website) values (default, ?, ?, ?, ?, ?, ?, ?)
Hibernate: insert into person (id, date_of_birth, email, first_name, group_ref, last_name, password, website) values (default, ?, ?, ?, ?, ?, ?, ?)
Hibernate: insert into person (id, date_of_birth, email, first_name, group_ref, last_name, password, website) values (default, ?, ?, ?, ?, ?, ?, ?)
Hibernate: insert into person (id, date_of_birth, email, first_name, group_ref, last_name, password, website) values (default, ?, ?, ?, ?, ?, ?, ?)
Hibernate: insert into person (id, date_of_birth, email, first_name, group_ref, last_name, password, website) values (default, ?, ?, ?, ?, ?, ?, ?)
Hibernate: insert into person (id, date_of_birth, email, first_name, group_ref, last_name, password, website) values (default, ?, ?, ?, ?, ?, ?, ?)
Hibernate: insert into person (id, date_of_birth, email, first_name, group_ref, last_name, password, website) values (default, ?, ?, ?, ?, ?, ?, ?)
Hibernate: insert into person (id, date_of_birth, email, first_name, group_ref, last_name, password, website) values (default, ?, ?, ?, ?, ?, ?, ?)
Hibernate: insert into person (id, date_of_birth, email, first_name, group_ref, last_name, password, website) values (default, ?, ?, ?, ?, ?, ?, ?)
Hibernate: insert into person (id, date_of_birth, email, first_name, group_ref, last_name, password, website) values (default, ?, ?, ?, ?, ?, ?, ?)
Hibernate: insert into person (id, date_of_birth, email, first_name, group_ref, last_name, password, website) values (default, ?, ?, ?, ?, ?, ?, ?)
Hibernate: insert into person (id, date_of_birth, email, first_name, group_ref, last_name, password, website) values (default, ?, ?, ?, ?, ?, ?, ?)
Hibernate: insert into person (id, date_of_birth, email, first_name, group_ref, last_name, password, website) values (default, ?, ?, ?, ?, ?, ?, ?)
Hibernate: insert into person (id, date_of_birth, email, first_name, group_ref, last_name, password, website) values (default, ?, ?, ?, ?, ?, ?, ?)
Hibernate: insert into person (id, date_of_birth, email, first_name, group_ref, last_name, password, website) values (default, ?, ?, ?, ?, ?, ?, ?)
Hibernate: insert into person (id, date_of_birth, email, first_name, group_ref, last_name, password, website) values (default, ?, ?, ?, ?, ?, ?, ?)
Hibernate: insert into person (id, date_of_birth, email, first_name, group_ref, last_name, password, website) values (default, ?, ?, ?, ?, ?, ?, ?)
Hibernate: insert into person (id, date_of_birth, email, first_name, group_ref, last_name, password, website) values (default, ?, ?, ?, ?, ?, ?, ?)
Hibernate: insert into person (id, date_of_birth, email, first_name, group_ref, last_name, password, website) values (default, ?, ?, ?, ?, ?, ?, ?)
Hibernate: insert into person (id, date_of_birth, email, first_name, group_ref, last_name, password, website) values (default, ?, ?, ?, ?, ?, ?, ?)
Hibernate: insert into person (id, date_of_birth, email, first_name, group_ref, last_name, password, website) values (default, ?, ?, ?, ?, ?, ?, ?)
Hibernate: insert into person (id, date_of_birth, email, first_name, group_ref, last_name, password, website) values (default, ?, ?, ?, ?, ?, ?, ?)
Hibernate: insert into person (id, date_of_birth, email, first_name, group_ref, last_name, password, website) values (default, ?, ?, ?, ?, ?, ?, ?)
Hibernate: insert into person (id, date_of_birth, email, first_name, group_ref, last_name, password, website) values (default, ?, ?, ?, ?, ?, ?, ?)
Hibernate: insert into person (id, date_of_birth, email, first_name, group_ref, last_name, password, website) values (default, ?, ?, ?, ?, ?, ?, ?)
Hibernate: insert into person (id, date_of_birth, email, first_name, group_ref, last_name, password, website) values (default, ?, ?, ?, ?, ?, ?, ?)
Hibernate: insert into person (id, date_of_birth, email, first_name, group_ref, last_name, password, website) values (default, ?, ?, ?, ?, ?, ?, ?)
Hibernate: insert into person (id, date_of_birth, email, first_name, group_ref, last_name, password, website) values (default, ?, ?, ?, ?, ?, ?, ?)
Hibernate: insert into person (id, date_of_birth, email, first_name, group_ref, last_name, password, website) values (default, ?, ?, ?, ?, ?, ?, ?)
Hibernate: insert into person (id, date_of_birth, email, first_name, group_ref, last_name, password, website) values (default, ?, ?, ?, ?, ?, ?, ?)
Hibernate: insert into person (id, date_of_birth, email, first_name, group_ref, last_name, password, website) values (default, ?, ?, ?, ?, ?, ?, ?)
Hibernate: insert into person (id, date_of_birth, email, first_name, group_ref, last_name, password, website) values (default, ?, ?, ?, ?, ?, ?, ?)
Hibernate: insert into person (id, date_of_birth, email, first_name, group_ref, last_name, password, website) values (default, ?, ?, ?, ?, ?, ?, ?)
Hibernate: insert into person (id, date_of_birth, email, first_name, group_ref, last_name, password, website) values (default, ?, ?, ?, ?, ?, ?, ?)
Hibernate: insert into person (id, date_of_birth, email, first_name, group_ref, last_name, password, website) values (default, ?, ?, ?, ?, ?, ?, ?)
Hibernate: insert into person (id, date_of_birth, email, first_name, group_ref, last_name, password, website) values (default, ?, ?, ?, ?, ?, ?, ?)
Hibernate: insert into person (id, date_of_birth, email, first_name, group_ref, last_name, password, website) values (default, ?, ?, ?, ?, ?, ?, ?)
Hibernate: insert into person (id, date_of_birth, email, first_name, group_ref, last_name, password, website) values (default, ?, ?, ?, ?, ?, ?, ?)
Hibernate: insert into person (id, date_of_birth, email, first_name, group_ref, last_name, password, website) values (default, ?, ?, ?, ?, ?, ?, ?)
Hibernate: insert into person (id, date_of_birth, email, first_name, group_ref, last_name, password, website) values (default, ?, ?, ?, ?, ?, ?, ?)
Hibernate: insert into person (id, date_of_birth, email, first_name, group_ref, last_name, password, website) values (default, ?, ?, ?, ?, ?, ?, ?)
Hibernate: insert into person (id, date_of_birth, email, first_name, group_ref, last_name, password, website) values (default, ?, ?, ?, ?, ?, ?, ?)
Hibernate: insert into person (id, date_of_birth, email, first_name, group_ref, last_name, password, website) values (default, ?, ?, ?, ?, ?, ?, ?)
Hibernate: insert into person (id, date_of_birth, email, first_name, group_ref, last_name, password, website) values (default, ?, ?, ?, ?, ?, ?, ?)
Hibernate: insert into person (id, date_of_birth, email, first_name, group_ref, last_name, password, website) values (default, ?, ?, ?, ?, ?, ?, ?)
Hibernate: insert into person (id, date_of_birth, email, first_name, group_ref, last_name, password, website) values (default, ?, ?, ?, ?, ?, ?, ?)
Hibernate: insert into person (id, date_of_birth, email, first_name, group_ref, last_name, password, website) values (default, ?, ?, ?, ?, ?, ?, ?)
Hibernate: insert into person (id, date_of_birth, email, first_name, group_ref, last_name, password, website) values (default, ?, ?, ?, ?, ?, ?, ?)
Hibernate: insert into person (id, date_of_birth, email, first_name, group_ref, last_name, password, website) values (default, ?, ?, ?, ?, ?, ?, ?)
Hibernate: insert into person (id, date_of_birth, email, first_name, group_ref, last_name, password, website) values (default, ?, ?, ?, ?, ?, ?, ?)
Hibernate: insert into person (id, date_of_birth, email, first_name, group_ref, last_name, password, website) values (default, ?, ?, ?, ?, ?, ?, ?)
Hibernate: insert into person (id, date_of_birth, email, first_name, group_ref, last_name, password, website) values (default, ?, ?, ?, ?, ?, ?, ?)
Hibernate: insert into person (id, date_of_birth, email, first_name, group_ref, last_name, password, website) values (default, ?, ?, ?, ?, ?, ?, ?)
Hibernate: insert into person (id, date_of_birth, email, first_name, group_ref, last_name, password, website) values (default, ?, ?, ?, ?, ?, ?, ?)
Hibernate: insert into person (id, date_of_birth, email, first_name, group_ref, last_name, password, website) values (default, ?, ?, ?, ?, ?, ?, ?)
Hibernate: insert into person (id, date_of_birth, email, first_name, group_ref, last_name, password, website) values (default, ?, ?, ?, ?, ?, ?, ?)
Hibernate: insert into person (id, date_of_birth, email, first_name, group_ref, last_name, password, website) values (default, ?, ?, ?, ?, ?, ?, ?)
Hibernate: insert into person (id, date_of_birth, email, first_name, group_ref, last_name, password, website) values (default, ?, ?, ?, ?, ?, ?, ?)
Hibernate: insert into person (id, date_of_birth, email, first_name, group_ref, last_name, password, website) values (default, ?, ?, ?, ?, ?, ?, ?)
Hibernate: insert into person (id, date_of_birth, email, first_name, group_ref, last_name, password, website) values (default, ?, ?, ?, ?, ?, ?, ?)
Hibernate: insert into person (id, date_of_birth, email, first_name, group_ref, last_name, password, website) values (default, ?, ?, ?, ?, ?, ?, ?)
Hibernate: insert into person (id, date_of_birth, email, first_name, group_ref, last_name, password, website) values (default, ?, ?, ?, ?, ?, ?, ?)
Hibernate: insert into person (id, date_of_birth, email, first_name, group_ref, last_name, password, website) values (default, ?, ?, ?, ?, ?, ?, ?)
Hibernate: insert into person (id, date_of_birth, email, first_name, group_ref, last_name, password, website) values (default, ?, ?, ?, ?, ?, ?, ?)
Hibernate: insert into person (id, date_of_birth, email, first_name, group_ref, last_name, password, website) values (default, ?, ?, ?, ?, ?, ?, ?)
Hibernate: insert into person (id, date_of_birth, email, first_name, group_ref, last_name, password, website) values (default, ?, ?, ?, ?, ?, ?, ?)
Hibernate: insert into person (id, date_of_birth, email, first_name, group_ref, last_name, password, website) values (default, ?, ?, ?, ?, ?, ?, ?)
Hibernate: insert into person (id, date_of_birth, email, first_name, group_ref, last_name, password, website) values (default, ?, ?, ?, ?, ?, ?, ?)
Hibernate: insert into person (id, date_of_birth, email, first_name, group_ref, last_name, password, website) values (default, ?, ?, ?, ?, ?, ?, ?)
Hibernate: insert into person (id, date_of_birth, email, first_name, group_ref, last_name, password, website) values (default, ?, ?, ?, ?, ?, ?, ?)
Hibernate: insert into person (id, date_of_birth, email, first_name, group_ref, last_name, password, website) values (default, ?, ?, ?, ?, ?, ?, ?)
Hibernate: insert into person (id, date_of_birth, email, first_name, group_ref, last_name, password, website) values (default, ?, ?, ?, ?, ?, ?, ?)
Hibernate: insert into person (id, date_of_birth, email, first_name, group_ref, last_name, password, website) values (default, ?, ?, ?, ?, ?, ?, ?)
Hibernate: insert into person (id, date_of_birth, email, first_name, group_ref, last_name, password, website) values (default, ?, ?, ?, ?, ?, ?, ?)
Hibernate: insert into person (id, date_of_birth, email, first_name, group_ref, last_name, password, website) values (default, ?, ?, ?, ?, ?, ?, ?)
Hibernate: insert into person (id, date_of_birth, email, first_name, group_ref, last_name, password, website) values (default, ?, ?, ?, ?, ?, ?, ?)
Hibernate: insert into person (id, date_of_birth, email, first_name, group_ref, last_name, password, website) values (default, ?, ?, ?, ?, ?, ?, ?)
Hibernate: insert into person (id, date_of_birth, email, first_name, group_ref, last_name, password, website) values (default, ?, ?, ?, ?, ?, ?, ?)
Hibernate: insert into person (id, date_of_birth, email, first_name, group_ref, last_name, password, website) values (default, ?, ?, ?, ?, ?, ?, ?)
Hibernate: insert into person (id, date_of_birth, email, first_name, group_ref, last_name, password, website) values (default, ?, ?, ?, ?, ?, ?, ?)
Hibernate: insert into person (id, date_of_birth, email, first_name, group_ref, last_name, password, website) values (default, ?, ?, ?, ?, ?, ?, ?)
Hibernate: insert into person (id, date_of_birth, email, first_name, group_ref, last_name, password, website) values (default, ?, ?, ?, ?, ?, ?, ?)
Hibernate: insert into person (id, date_of_birth, email, first_name, group_ref, last_name, password, website) values (default, ?, ?, ?, ?, ?, ?, ?)
Hibernate: insert into person (id, date_of_birth, email, first_name, group_ref, last_name, password, website) values (default, ?, ?, ?, ?, ?, ?, ?)
Hibernate: insert into person (id, date_of_birth, email, first_name, group_ref, last_name, password, website) values (default, ?, ?, ?, ?, ?, ?, ?)
Hibernate: insert into person (id, date_of_birth, email, first_name, group_ref, last_name, password, website) values (default, ?, ?, ?, ?, ?, ?, ?)
Hibernate: insert into person (id, date_of_birth, email, first_name, group_ref, last_name, password, website) values (default, ?, ?, ?, ?, ?, ?, ?)
Hibernate: insert into person (id, date_of_birth, email, first_name, group_ref, last_name, password, website) values (default, ?, ?, ?, ?, ?, ?, ?)
Hibernate: insert into person (id, date_of_birth, email, first_name, group_ref, last_name, password, website) values (default, ?, ?, ?, ?, ?, ?, ?)
Hibernate: insert into person (id, date_of_birth, email, first_name, group_ref, last_name, password, website) values (default, ?, ?, ?, ?, ?, ?, ?)
Hibernate: insert into person (id, date_of_birth, email, first_name, group_ref, last_name, password, website) values (default, ?, ?, ?, ?, ?, ?, ?)
Hibernate: insert into person (id, date_of_birth, email, first_name, group_ref, last_name, password, website) values (default, ?, ?, ?, ?, ?, ?, ?)
Hibernate: insert into person (id, date_of_birth, email, first_name, group_ref, last_name, password, website) values (default, ?, ?, ?, ?, ?, ?, ?)
Hibernate: insert into person (id, date_of_birth, email, first_name, group_ref, last_name, password, website) values (default, ?, ?, ?, ?, ?, ?, ?)
Hibernate: insert into person (id, date_of_birth, email, first_name, group_ref, last_name, password, website) values (default, ?, ?, ?, ?, ?, ?, ?)
Hibernate: insert into person (id, date_of_birth, email, first_name, group_ref, last_name, password, website) values (default, ?, ?, ?, ?, ?, ?, ?)
Hibernate: insert into person (id, date_of_birth, email, first_name, group_ref, last_name, password, website) values (default, ?, ?, ?, ?, ?, ?, ?)
Hibernate: insert into person (id, date_of_birth, email, first_name, group_ref, last_name, password, website) values (default, ?, ?, ?, ?, ?, ?, ?)
Hibernate: insert into person (id, date_of_birth, email, first_name, group_ref, last_name, password, website) values (default, ?, ?, ?, ?, ?, ?, ?)
Hibernate: insert into person (id, date_of_birth, email, first_name, group_ref, last_name, password, website) values (default, ?, ?, ?, ?, ?, ?, ?)
Hibernate: insert into person (id, date_of_birth, email, first_name, group_ref, last_name, password, website) values (default, ?, ?, ?, ?, ?, ?, ?)
Hibernate: insert into person (id, date_of_birth, email, first_name, group_ref, last_name, password, website) values (default, ?, ?, ?, ?, ?, ?, ?)
Hibernate: insert into person (id, date_of_birth, email, first_name, group_ref, last_name, password, website) values (default, ?, ?, ?, ?, ?, ?, ?)
Hibernate: insert into person (id, date_of_birth, email, first_name, group_ref, last_name, password, website) values (default, ?, ?, ?, ?, ?, ?, ?)
Hibernate: insert into person (id, date_of_birth, email, first_name, group_ref, last_name, password, website) values (default, ?, ?, ?, ?, ?, ?, ?)
Hibernate: insert into person (id, date_of_birth, email, first_name, group_ref, last_name, password, website) values (default, ?, ?, ?, ?, ?, ?, ?)
Hibernate: insert into person (id, date_of_birth, email, first_name, group_ref, last_name, password, website) values (default, ?, ?, ?, ?, ?, ?, ?)
Hibernate: insert into person (id, date_of_birth, email, first_name, group_ref, last_name, password, website) values (default, ?, ?, ?, ?, ?, ?, ?)
Hibernate: insert into person (id, date_of_birth, email, first_name, group_ref, last_name, password, website) values (default, ?, ?, ?, ?, ?, ?, ?)
Hibernate: insert into person (id, date_of_birth, email, first_name, group_ref, last_name, password, website) values (default, ?, ?, ?, ?, ?, ?, ?)
Hibernate: insert into person (id, date_of_birth, email, first_name, group_ref, last_name, password, website) values (default, ?, ?, ?, ?, ?, ?, ?)
Hibernate: insert into person (id, date_of_birth, email, first_name, group_ref, last_name, password, website) values (default, ?, ?, ?, ?, ?, ?, ?)
Hibernate: insert into person (id, date_of_birth, email, first_name, group_ref, last_name, password, website) values (default, ?, ?, ?, ?, ?, ?, ?)
Hibernate: insert into person (id, date_of_birth, email, first_name, group_ref, last_name, password, website) values (default, ?, ?, ?, ?, ?, ?, ?)
Hibernate: insert into person (id, date_of_birth, email, first_name, group_ref, last_name, password, website) values (default, ?, ?, ?, ?, ?, ?, ?)
Hibernate: insert into person (id, date_of_birth, email, first_name, group_ref, last_name, password, website) values (default, ?, ?, ?, ?, ?, ?, ?)
Hibernate: insert into person (id, date_of_birth, email, first_name, group_ref, last_name, password, website) values (default, ?, ?, ?, ?, ?, ?, ?)
Hibernate: insert into person (id, date_of_birth, email, first_name, group_ref, last_name, password, website) values (default, ?, ?, ?, ?, ?, ?, ?)
Hibernate: insert into person (id, date_of_birth, email, first_name, group_ref, last_name, password, website) values (default, ?, ?, ?, ?, ?, ?, ?)
Hibernate: insert into person (id, date_of_birth, email, first_name, group_ref, last_name, password, website) values (default, ?, ?, ?, ?, ?, ?, ?)
Hibernate: insert into person (id, date_of_birth, email, first_name, group_ref, last_name, password, website) values (default, ?, ?, ?, ?, ?, ?, ?)
Hibernate: insert into person (id, date_of_birth, email, first_name, group_ref, last_name, password, website) values (default, ?, ?, ?, ?, ?, ?, ?)
Hibernate: insert into person (id, date_of_birth, email, first_name, group_ref, last_name, password, website) values (default, ?, ?, ?, ?, ?, ?, ?)
Hibernate: insert into person (id, date_of_birth, email, first_name, group_ref, last_name, password, website) values (default, ?, ?, ?, ?, ?, ?, ?)
Hibernate: insert into person (id, date_of_birth, email, first_name, group_ref, last_name, password, website) values (default, ?, ?, ?, ?, ?, ?, ?)
Hibernate: insert into person (id, date_of_birth, email, first_name, group_ref, last_name, password, website) values (default, ?, ?, ?, ?, ?, ?, ?)
Hibernate: insert into person (id, date_of_birth, email, first_name, group_ref, last_name, password, website) values (default, ?, ?, ?, ?, ?, ?, ?)
Hibernate: insert into person (id, date_of_birth, email, first_name, group_ref, last_name, password, website) values (default, ?, ?, ?, ?, ?, ?, ?)
Hibernate: insert into person (id, date_of_birth, email, first_name, group_ref, last_name, password, website) values (default, ?, ?, ?, ?, ?, ?, ?)
Hibernate: insert into person (id, date_of_birth, email, first_name, group_ref, last_name, password, website) values (default, ?, ?, ?, ?, ?, ?, ?)
Hibernate: insert into person (id, date_of_birth, email, first_name, group_ref, last_name, password, website) values (default, ?, ?, ?, ?, ?, ?, ?)
2023-04-12 22:44:09.060  WARN 87919 --- [           main] o.h.engine.jdbc.spi.SqlExceptionHelper   : SQL Error: 23505, SQLState: 23505
2023-04-12 22:44:09.060 ERROR 87919 --- [           main] o.h.engine.jdbc.spi.SqlExceptionHelper   : Unique index or primary key violation: "PUBLIC.UK_FWMWI44U55BO4RVWSV0CLN012_INDEX_8 ON PUBLIC.PERSON(EMAIL NULLS FIRST) VALUES ( /* 95 */ 'cody.bosco@hotmail.com' )"; SQL statement:
insert into person (id, date_of_birth, email, first_name, group_ref, last_name, password, website) values (default, ?, ?, ?, ?, ?, ?, ?) [23505-214]
2023-04-12 22:44:09.061  INFO 87919 --- [           main] ConditionEvaluationReportLoggingListener : 

Error starting ApplicationContext. To display the conditions report re-run your application with 'debug' enabled.
2023-04-12 22:44:09.069 ERROR 87919 --- [           main] o.s.boot.SpringApplication               : Application run failed

java.lang.IllegalStateException: Failed to execute CommandLineRunner
	at org.springframework.boot.SpringApplication.callRunner(SpringApplication.java:771) ~[spring-boot-2.7.10.jar:2.7.10]
	at org.springframework.boot.SpringApplication.callRunners(SpringApplication.java:752) ~[spring-boot-2.7.10.jar:2.7.10]
	at org.springframework.boot.SpringApplication.run(SpringApplication.java:314) ~[spring-boot-2.7.10.jar:2.7.10]
	at org.springframework.boot.test.context.SpringBootContextLoader.loadContext(SpringBootContextLoader.java:136) ~[spring-boot-test-2.7.10.jar:2.7.10]
	at org.springframework.test.context.cache.DefaultCacheAwareContextLoaderDelegate.loadContextInternal(DefaultCacheAwareContextLoaderDelegate.java:141) ~[spring-test-5.3.26.jar:5.3.26]
	at org.springframework.test.context.cache.DefaultCacheAwareContextLoaderDelegate.loadContext(DefaultCacheAwareContextLoaderDelegate.java:90) ~[spring-test-5.3.26.jar:5.3.26]
	at org.springframework.test.context.support.DefaultTestContext.getApplicationContext(DefaultTestContext.java:124) ~[spring-test-5.3.26.jar:5.3.26]
	at org.springframework.test.context.support.DependencyInjectionTestExecutionListener.injectDependencies(DependencyInjectionTestExecutionListener.java:118) ~[spring-test-5.3.26.jar:5.3.26]
	at org.springframework.test.context.support.DependencyInjectionTestExecutionListener.beforeTestMethod(DependencyInjectionTestExecutionListener.java:99) ~[spring-test-5.3.26.jar:5.3.26]
	at org.springframework.test.context.TestContextManager.beforeTestMethod(TestContextManager.java:293) ~[spring-test-5.3.26.jar:5.3.26]
	at org.springframework.test.context.junit.jupiter.SpringExtension.beforeEach(SpringExtension.java:174) ~[spring-test-5.3.26.jar:5.3.26]
	at org.junit.jupiter.engine.descriptor.TestMethodTestDescriptor.lambda$invokeBeforeEachCallbacks$2(TestMethodTestDescriptor.java:163) ~[junit-jupiter-engine-5.8.2.jar:5.8.2]
	at org.junit.jupiter.engine.descriptor.TestMethodTestDescriptor.lambda$invokeBeforeMethodsOrCallbacksUntilExceptionOccurs$6(TestMethodTestDescriptor.java:199) ~[junit-jupiter-engine-5.8.2.jar:5.8.2]
	at org.junit.platform.engine.support.hierarchical.ThrowableCollector.execute(ThrowableCollector.java:73) ~[junit-platform-engine-1.8.2.jar:1.8.2]
	at org.junit.jupiter.engine.descriptor.TestMethodTestDescriptor.invokeBeforeMethodsOrCallbacksUntilExceptionOccurs(TestMethodTestDescriptor.java:199) ~[junit-jupiter-engine-5.8.2.jar:5.8.2]
	at org.junit.jupiter.engine.descriptor.TestMethodTestDescriptor.invokeBeforeEachCallbacks(TestMethodTestDescriptor.java:162) ~[junit-jupiter-engine-5.8.2.jar:5.8.2]
	at org.junit.jupiter.engine.descriptor.TestMethodTestDescriptor.execute(TestMethodTestDescriptor.java:129) ~[junit-jupiter-engine-5.8.2.jar:5.8.2]
	at org.junit.jupiter.engine.descriptor.TestMethodTestDescriptor.execute(TestMethodTestDescriptor.java:66) ~[junit-jupiter-engine-5.8.2.jar:5.8.2]
	at org.junit.platform.engine.support.hierarchical.NodeTestTask.lambda$executeRecursively$6(NodeTestTask.java:151) ~[junit-platform-engine-1.8.2.jar:1.8.2]
	at org.junit.platform.engine.support.hierarchical.ThrowableCollector.execute(ThrowableCollector.java:73) ~[junit-platform-engine-1.8.2.jar:1.8.2]
	at org.junit.platform.engine.support.hierarchical.NodeTestTask.lambda$executeRecursively$8(NodeTestTask.java:141) ~[junit-platform-engine-1.8.2.jar:1.8.2]
	at org.junit.platform.engine.support.hierarchical.Node.around(Node.java:137) ~[junit-platform-engine-1.8.2.jar:1.8.2]
	at org.junit.platform.engine.support.hierarchical.NodeTestTask.lambda$executeRecursively$9(NodeTestTask.java:139) ~[junit-platform-engine-1.8.2.jar:1.8.2]
	at org.junit.platform.engine.support.hierarchical.ThrowableCollector.execute(ThrowableCollector.java:73) ~[junit-platform-engine-1.8.2.jar:1.8.2]
	at org.junit.platform.engine.support.hierarchical.NodeTestTask.executeRecursively(NodeTestTask.java:138) ~[junit-platform-engine-1.8.2.jar:1.8.2]
	at org.junit.platform.engine.support.hierarchical.NodeTestTask.execute(NodeTestTask.java:95) ~[junit-platform-engine-1.8.2.jar:1.8.2]
	at java.base/java.util.ArrayList.forEach(ArrayList.java:1511) ~[na:na]
	at org.junit.platform.engine.support.hierarchical.SameThreadHierarchicalTestExecutorService.invokeAll(SameThreadHierarchicalTestExecutorService.java:41) ~[junit-platform-engine-1.8.2.jar:1.8.2]
	at org.junit.platform.engine.support.hierarchical.NodeTestTask.lambda$executeRecursively$6(NodeTestTask.java:155) ~[junit-platform-engine-1.8.2.jar:1.8.2]
	at org.junit.platform.engine.support.hierarchical.ThrowableCollector.execute(ThrowableCollector.java:73) ~[junit-platform-engine-1.8.2.jar:1.8.2]
	at org.junit.platform.engine.support.hierarchical.NodeTestTask.lambda$executeRecursively$8(NodeTestTask.java:141) ~[junit-platform-engine-1.8.2.jar:1.8.2]
	at org.junit.platform.engine.support.hierarchical.Node.around(Node.java:137) ~[junit-platform-engine-1.8.2.jar:1.8.2]
	at org.junit.platform.engine.support.hierarchical.NodeTestTask.lambda$executeRecursively$9(NodeTestTask.java:139) ~[junit-platform-engine-1.8.2.jar:1.8.2]
	at org.junit.platform.engine.support.hierarchical.ThrowableCollector.execute(ThrowableCollector.java:73) ~[junit-platform-engine-1.8.2.jar:1.8.2]
	at org.junit.platform.engine.support.hierarchical.NodeTestTask.executeRecursively(NodeTestTask.java:138) ~[junit-platform-engine-1.8.2.jar:1.8.2]
	at org.junit.platform.engine.support.hierarchical.NodeTestTask.execute(NodeTestTask.java:95) ~[junit-platform-engine-1.8.2.jar:1.8.2]
	at java.base/java.util.ArrayList.forEach(ArrayList.java:1511) ~[na:na]
	at org.junit.platform.engine.support.hierarchical.SameThreadHierarchicalTestExecutorService.invokeAll(SameThreadHierarchicalTestExecutorService.java:41) ~[junit-platform-engine-1.8.2.jar:1.8.2]
	at org.junit.platform.engine.support.hierarchical.NodeTestTask.lambda$executeRecursively$6(NodeTestTask.java:155) ~[junit-platform-engine-1.8.2.jar:1.8.2]
	at org.junit.platform.engine.support.hierarchical.ThrowableCollector.execute(ThrowableCollector.java:73) ~[junit-platform-engine-1.8.2.jar:1.8.2]
	at org.junit.platform.engine.support.hierarchical.NodeTestTask.lambda$executeRecursively$8(NodeTestTask.java:141) ~[junit-platform-engine-1.8.2.jar:1.8.2]
	at org.junit.platform.engine.support.hierarchical.Node.around(Node.java:137) ~[junit-platform-engine-1.8.2.jar:1.8.2]
	at org.junit.platform.engine.support.hierarchical.NodeTestTask.lambda$executeRecursively$9(NodeTestTask.java:139) ~[junit-platform-engine-1.8.2.jar:1.8.2]
	at org.junit.platform.engine.support.hierarchical.ThrowableCollector.execute(ThrowableCollector.java:73) ~[junit-platform-engine-1.8.2.jar:1.8.2]
	at org.junit.platform.engine.support.hierarchical.NodeTestTask.executeRecursively(NodeTestTask.java:138) ~[junit-platform-engine-1.8.2.jar:1.8.2]
	at org.junit.platform.engine.support.hierarchical.NodeTestTask.execute(NodeTestTask.java:95) ~[junit-platform-engine-1.8.2.jar:1.8.2]
	at org.junit.platform.engine.support.hierarchical.SameThreadHierarchicalTestExecutorService.submit(SameThreadHierarchicalTestExecutorService.java:35) ~[junit-platform-engine-1.8.2.jar:1.8.2]
	at org.junit.platform.engine.support.hierarchical.HierarchicalTestExecutor.execute(HierarchicalTestExecutor.java:57) ~[junit-platform-engine-1.8.2.jar:1.8.2]
	at org.junit.platform.engine.support.hierarchical.HierarchicalTestEngine.execute(HierarchicalTestEngine.java:54) ~[junit-platform-engine-1.8.2.jar:1.8.2]
	at org.junit.platform.launcher.core.DefaultLauncher.execute(DefaultLauncher.java:220) ~[junit-platform-launcher-1.3.1.jar:1.3.1]
	at org.junit.platform.launcher.core.DefaultLauncher.lambda$execute$6(DefaultLauncher.java:188) ~[junit-platform-launcher-1.3.1.jar:1.3.1]
	at org.junit.platform.launcher.core.DefaultLauncher.withInterceptedStreams(DefaultLauncher.java:202) ~[junit-platform-launcher-1.3.1.jar:1.3.1]
	at org.junit.platform.launcher.core.DefaultLauncher.execute(DefaultLauncher.java:181) ~[junit-platform-launcher-1.3.1.jar:1.3.1]
	at org.junit.platform.launcher.core.DefaultLauncher.execute(DefaultLauncher.java:128) ~[junit-platform-launcher-1.3.1.jar:1.3.1]
	at org.apache.maven.surefire.junitplatform.JUnitPlatformProvider.invokeAllTests(JUnitPlatformProvider.java:150) ~[surefire-junit-platform-2.22.2.jar:2.22.2]
	at org.apache.maven.surefire.junitplatform.JUnitPlatformProvider.invoke(JUnitPlatformProvider.java:124) ~[surefire-junit-platform-2.22.2.jar:2.22.2]
	at org.apache.maven.surefire.booter.ForkedBooter.invokeProviderInSameClassLoader(ForkedBooter.java:384) ~[surefire-booter-2.22.2.jar:2.22.2]
	at org.apache.maven.surefire.booter.ForkedBooter.runSuitesInProcess(ForkedBooter.java:345) ~[surefire-booter-2.22.2.jar:2.22.2]
	at org.apache.maven.surefire.booter.ForkedBooter.execute(ForkedBooter.java:126) ~[surefire-booter-2.22.2.jar:2.22.2]
	at org.apache.maven.surefire.booter.ForkedBooter.main(ForkedBooter.java:418) ~[surefire-booter-2.22.2.jar:2.22.2]
Caused by: org.springframework.dao.DataIntegrityViolationException: could not execute statement; SQL [n/a]; constraint ["PUBLIC.UK_FWMWI44U55BO4RVWSV0CLN012_INDEX_8 ON PUBLIC.PERSON(EMAIL NULLS FIRST) VALUES ( /* 95 */ 'cody.bosco@hotmail.com' )"; SQL statement:
insert into person (id, date_of_birth, email, first_name, group_ref, last_name, password, website) values (default, ?, ?, ?, ?, ?, ?, ?) [23505-214]]; nested exception is org.hibernate.exception.ConstraintViolationException: could not execute statement
	at org.springframework.orm.jpa.vendor.HibernateJpaDialect.convertHibernateAccessException(HibernateJpaDialect.java:276) ~[spring-orm-5.3.26.jar:5.3.26]
	at org.springframework.orm.jpa.vendor.HibernateJpaDialect.translateExceptionIfPossible(HibernateJpaDialect.java:233) ~[spring-orm-5.3.26.jar:5.3.26]
	at org.springframework.orm.jpa.AbstractEntityManagerFactoryBean.translateExceptionIfPossible(AbstractEntityManagerFactoryBean.java:551) ~[spring-orm-5.3.26.jar:5.3.26]
	at org.springframework.dao.support.ChainedPersistenceExceptionTranslator.translateExceptionIfPossible(ChainedPersistenceExceptionTranslator.java:61) ~[spring-tx-5.3.26.jar:5.3.26]
	at org.springframework.dao.support.DataAccessUtils.translateIfNecessary(DataAccessUtils.java:242) ~[spring-tx-5.3.26.jar:5.3.26]
	at org.springframework.dao.support.PersistenceExceptionTranslationInterceptor.invoke(PersistenceExceptionTranslationInterceptor.java:152) ~[spring-tx-5.3.26.jar:5.3.26]
	at org.springframework.aop.framework.ReflectiveMethodInvocation.proceed(ReflectiveMethodInvocation.java:186) ~[spring-aop-5.3.26.jar:5.3.26]
	at org.springframework.data.jpa.repository.support.CrudMethodMetadataPostProcessor$CrudMethodMetadataPopulatingMethodInterceptor.invoke(CrudMethodMetadataPostProcessor.java:174) ~[spring-data-jpa-2.7.10.jar:2.7.10]
	at org.springframework.aop.framework.ReflectiveMethodInvocation.proceed(ReflectiveMethodInvocation.java:186) ~[spring-aop-5.3.26.jar:5.3.26]
	at org.springframework.aop.interceptor.ExposeInvocationInterceptor.invoke(ExposeInvocationInterceptor.java:97) ~[spring-aop-5.3.26.jar:5.3.26]
	at org.springframework.aop.framework.ReflectiveMethodInvocation.proceed(ReflectiveMethodInvocation.java:186) ~[spring-aop-5.3.26.jar:5.3.26]
	at org.springframework.aop.framework.JdkDynamicAopProxy.invoke(JdkDynamicAopProxy.java:215) ~[spring-aop-5.3.26.jar:5.3.26]
	at jdk.proxy2/jdk.proxy2.$Proxy115.save(Unknown Source) ~[na:na]
	at com.example.demo.DemoApplication.lambda$commandLineRunner$0(DemoApplication.java:60) ~[classes/:na]
	at org.springframework.boot.SpringApplication.callRunner(SpringApplication.java:768) ~[spring-boot-2.7.10.jar:2.7.10]
	... 59 common frames omitted
Caused by: org.hibernate.exception.ConstraintViolationException: could not execute statement
	at org.hibernate.exception.internal.SQLExceptionTypeDelegate.convert(SQLExceptionTypeDelegate.java:59) ~[hibernate-core-5.6.15.Final.jar:5.6.15.Final]
	at org.hibernate.exception.internal.StandardSQLExceptionConverter.convert(StandardSQLExceptionConverter.java:37) ~[hibernate-core-5.6.15.Final.jar:5.6.15.Final]
	at org.hibernate.engine.jdbc.spi.SqlExceptionHelper.convert(SqlExceptionHelper.java:113) ~[hibernate-core-5.6.15.Final.jar:5.6.15.Final]
	at org.hibernate.engine.jdbc.spi.SqlExceptionHelper.convert(SqlExceptionHelper.java:99) ~[hibernate-core-5.6.15.Final.jar:5.6.15.Final]
	at org.hibernate.engine.jdbc.internal.ResultSetReturnImpl.executeUpdate(ResultSetReturnImpl.java:200) ~[hibernate-core-5.6.15.Final.jar:5.6.15.Final]
	at org.hibernate.dialect.identity.GetGeneratedKeysDelegate.executeAndExtract(GetGeneratedKeysDelegate.java:58) ~[hibernate-core-5.6.15.Final.jar:5.6.15.Final]
	at org.hibernate.id.insert.AbstractReturningDelegate.performInsert(AbstractReturningDelegate.java:43) ~[hibernate-core-5.6.15.Final.jar:5.6.15.Final]
	at org.hibernate.persister.entity.AbstractEntityPersister.insert(AbstractEntityPersister.java:3279) ~[hibernate-core-5.6.15.Final.jar:5.6.15.Final]
	at org.hibernate.persister.entity.AbstractEntityPersister.insert(AbstractEntityPersister.java:3914) ~[hibernate-core-5.6.15.Final.jar:5.6.15.Final]
	at org.hibernate.action.internal.EntityIdentityInsertAction.execute(EntityIdentityInsertAction.java:84) ~[hibernate-core-5.6.15.Final.jar:5.6.15.Final]
	at org.hibernate.engine.spi.ActionQueue.execute(ActionQueue.java:645) ~[hibernate-core-5.6.15.Final.jar:5.6.15.Final]
	at org.hibernate.engine.spi.ActionQueue.addResolvedEntityInsertAction(ActionQueue.java:282) ~[hibernate-core-5.6.15.Final.jar:5.6.15.Final]
	at org.hibernate.engine.spi.ActionQueue.addInsertAction(ActionQueue.java:263) ~[hibernate-core-5.6.15.Final.jar:5.6.15.Final]
	at org.hibernate.engine.spi.ActionQueue.addAction(ActionQueue.java:317) ~[hibernate-core-5.6.15.Final.jar:5.6.15.Final]
	at org.hibernate.event.internal.AbstractSaveEventListener.addInsertAction(AbstractSaveEventListener.java:329) ~[hibernate-core-5.6.15.Final.jar:5.6.15.Final]
	at org.hibernate.event.internal.AbstractSaveEventListener.performSaveOrReplicate(AbstractSaveEventListener.java:286) ~[hibernate-core-5.6.15.Final.jar:5.6.15.Final]
	at org.hibernate.event.internal.AbstractSaveEventListener.performSave(AbstractSaveEventListener.java:192) ~[hibernate-core-5.6.15.Final.jar:5.6.15.Final]
	at org.hibernate.event.internal.AbstractSaveEventListener.saveWithGeneratedId(AbstractSaveEventListener.java:122) ~[hibernate-core-5.6.15.Final.jar:5.6.15.Final]
	at org.hibernate.event.internal.DefaultPersistEventListener.entityIsTransient(DefaultPersistEventListener.java:185) ~[hibernate-core-5.6.15.Final.jar:5.6.15.Final]
	at org.hibernate.event.internal.DefaultPersistEventListener.onPersist(DefaultPersistEventListener.java:128) ~[hibernate-core-5.6.15.Final.jar:5.6.15.Final]
	at org.hibernate.event.internal.DefaultPersistEventListener.onPersist(DefaultPersistEventListener.java:55) ~[hibernate-core-5.6.15.Final.jar:5.6.15.Final]
	at org.hibernate.event.service.internal.EventListenerGroupImpl.fireEventOnEachListener(EventListenerGroupImpl.java:107) ~[hibernate-core-5.6.15.Final.jar:5.6.15.Final]
	at org.hibernate.internal.SessionImpl.firePersist(SessionImpl.java:756) ~[hibernate-core-5.6.15.Final.jar:5.6.15.Final]
	at org.hibernate.internal.SessionImpl.persist(SessionImpl.java:742) ~[hibernate-core-5.6.15.Final.jar:5.6.15.Final]
	at java.base/jdk.internal.reflect.DirectMethodHandleAccessor.invoke(DirectMethodHandleAccessor.java:104) ~[na:na]
	at java.base/java.lang.reflect.Method.invoke(Method.java:578) ~[na:na]
	at org.springframework.orm.jpa.SharedEntityManagerCreator$SharedEntityManagerInvocationHandler.invoke(SharedEntityManagerCreator.java:315) ~[spring-orm-5.3.26.jar:5.3.26]
	at jdk.proxy2/jdk.proxy2.$Proxy111.persist(Unknown Source) ~[na:na]
	at org.springframework.data.jpa.repository.support.SimpleJpaRepository.save(SimpleJpaRepository.java:666) ~[spring-data-jpa-2.7.10.jar:2.7.10]
	at java.base/jdk.internal.reflect.DirectMethodHandleAccessor.invoke(DirectMethodHandleAccessor.java:104) ~[na:na]
	at java.base/java.lang.reflect.Method.invoke(Method.java:578) ~[na:na]
	at org.springframework.data.repository.core.support.RepositoryMethodInvoker$RepositoryFragmentMethodInvoker.lambda$new$0(RepositoryMethodInvoker.java:289) ~[spring-data-commons-2.7.10.jar:2.7.10]
	at org.springframework.data.repository.core.support.RepositoryMethodInvoker.doInvoke(RepositoryMethodInvoker.java:137) ~[spring-data-commons-2.7.10.jar:2.7.10]
	at org.springframework.data.repository.core.support.RepositoryMethodInvoker.invoke(RepositoryMethodInvoker.java:121) ~[spring-data-commons-2.7.10.jar:2.7.10]
	at org.springframework.data.repository.core.support.RepositoryComposition$RepositoryFragments.invoke(RepositoryComposition.java:530) ~[spring-data-commons-2.7.10.jar:2.7.10]
	at org.springframework.data.repository.core.support.RepositoryComposition.invoke(RepositoryComposition.java:286) ~[spring-data-commons-2.7.10.jar:2.7.10]
	at org.springframework.data.repository.core.support.RepositoryFactorySupport$ImplementationMethodExecutionInterceptor.invoke(RepositoryFactorySupport.java:640) ~[spring-data-commons-2.7.10.jar:2.7.10]
	at org.springframework.aop.framework.ReflectiveMethodInvocation.proceed(ReflectiveMethodInvocation.java:186) ~[spring-aop-5.3.26.jar:5.3.26]
	at org.springframework.data.repository.core.support.QueryExecutorMethodInterceptor.doInvoke(QueryExecutorMethodInterceptor.java:164) ~[spring-data-commons-2.7.10.jar:2.7.10]
	at org.springframework.data.repository.core.support.QueryExecutorMethodInterceptor.invoke(QueryExecutorMethodInterceptor.java:139) ~[spring-data-commons-2.7.10.jar:2.7.10]
	at org.springframework.aop.framework.ReflectiveMethodInvocation.proceed(ReflectiveMethodInvocation.java:186) ~[spring-aop-5.3.26.jar:5.3.26]
	at org.springframework.transaction.interceptor.TransactionInterceptor$1.proceedWithInvocation(TransactionInterceptor.java:123) ~[spring-tx-5.3.26.jar:5.3.26]
	at org.springframework.transaction.interceptor.TransactionAspectSupport.invokeWithinTransaction(TransactionAspectSupport.java:388) ~[spring-tx-5.3.26.jar:5.3.26]
	at org.springframework.transaction.interceptor.TransactionInterceptor.invoke(TransactionInterceptor.java:119) ~[spring-tx-5.3.26.jar:5.3.26]
	at org.springframework.aop.framework.ReflectiveMethodInvocation.proceed(ReflectiveMethodInvocation.java:186) ~[spring-aop-5.3.26.jar:5.3.26]
	at org.springframework.dao.support.PersistenceExceptionTranslationInterceptor.invoke(PersistenceExceptionTranslationInterceptor.java:137) ~[spring-tx-5.3.26.jar:5.3.26]
	... 68 common frames omitted
Caused by: org.h2.jdbc.JdbcSQLIntegrityConstraintViolationException: Unique index or primary key violation: "PUBLIC.UK_FWMWI44U55BO4RVWSV0CLN012_INDEX_8 ON PUBLIC.PERSON(EMAIL NULLS FIRST) VALUES ( /* 95 */ 'cody.bosco@hotmail.com' )"; SQL statement:
insert into person (id, date_of_birth, email, first_name, group_ref, last_name, password, website) values (default, ?, ?, ?, ?, ?, ?, ?) [23505-214]
	at org.h2.message.DbException.getJdbcSQLException(DbException.java:508) ~[h2-2.1.214.jar:2.1.214]
	at org.h2.message.DbException.getJdbcSQLException(DbException.java:477) ~[h2-2.1.214.jar:2.1.214]
	at org.h2.message.DbException.get(DbException.java:223) ~[h2-2.1.214.jar:2.1.214]
	at org.h2.message.DbException.get(DbException.java:199) ~[h2-2.1.214.jar:2.1.214]
	at org.h2.index.Index.getDuplicateKeyException(Index.java:525) ~[h2-2.1.214.jar:2.1.214]
	at org.h2.mvstore.db.MVSecondaryIndex.checkUnique(MVSecondaryIndex.java:223) ~[h2-2.1.214.jar:2.1.214]
	at org.h2.mvstore.db.MVSecondaryIndex.add(MVSecondaryIndex.java:184) ~[h2-2.1.214.jar:2.1.214]
	at org.h2.mvstore.db.MVTable.addRow(MVTable.java:519) ~[h2-2.1.214.jar:2.1.214]
	at org.h2.command.dml.Insert.insertRows(Insert.java:174) ~[h2-2.1.214.jar:2.1.214]
	at org.h2.command.dml.Insert.update(Insert.java:135) ~[h2-2.1.214.jar:2.1.214]
	at org.h2.command.CommandContainer.executeUpdateWithGeneratedKeys(CommandContainer.java:242) ~[h2-2.1.214.jar:2.1.214]
	at org.h2.command.CommandContainer.update(CommandContainer.java:163) ~[h2-2.1.214.jar:2.1.214]
	at org.h2.command.Command.executeUpdate(Command.java:252) ~[h2-2.1.214.jar:2.1.214]
	at org.h2.jdbc.JdbcPreparedStatement.executeUpdateInternal(JdbcPreparedStatement.java:209) ~[h2-2.1.214.jar:2.1.214]
	at org.h2.jdbc.JdbcPreparedStatement.executeUpdate(JdbcPreparedStatement.java:169) ~[h2-2.1.214.jar:2.1.214]
	at org.hibernate.engine.jdbc.internal.ResultSetReturnImpl.executeUpdate(ResultSetReturnImpl.java:197) ~[hibernate-core-5.6.15.Final.jar:5.6.15.Final]
	... 109 common frames omitted

2023-04-12 22:44:09.070  INFO 87919 --- [           main] j.LocalContainerEntityManagerFactoryBean : Closing JPA EntityManagerFactory for persistence unit 'default'
2023-04-12 22:44:09.070  INFO 87919 --- [           main] .SchemaDropperImpl$DelayedDropActionImpl : HHH000477: Starting delayed evictData of schema as part of SessionFactory shut-down'
Hibernate: drop table if exists group_table CASCADE 
Hibernate: drop table if exists person CASCADE 
2023-04-12 22:44:09.072  WARN 87919 --- [           main] o.s.test.context.TestContextManager      : Caught exception while invoking 'beforeTestMethod' callback on TestExecutionListener [org.springframework.boot.test.autoconfigure.SpringBootDependencyInjectionTestExecutionListener@3ab833c5] for test method [public void com.example.demo.repository.PersonRepoTest.testDeleteByEmail()] and test instance [com.example.demo.repository.PersonRepoTest@32395240]

java.lang.IllegalStateException: Failed to load ApplicationContext
	at org.springframework.test.context.cache.DefaultCacheAwareContextLoaderDelegate.loadContext(DefaultCacheAwareContextLoaderDelegate.java:98) ~[spring-test-5.3.26.jar:5.3.26]
	at org.springframework.test.context.support.DefaultTestContext.getApplicationContext(DefaultTestContext.java:124) ~[spring-test-5.3.26.jar:5.3.26]
	at org.springframework.test.context.support.DependencyInjectionTestExecutionListener.injectDependencies(DependencyInjectionTestExecutionListener.java:118) ~[spring-test-5.3.26.jar:5.3.26]
	at org.springframework.test.context.support.DependencyInjectionTestExecutionListener.beforeTestMethod(DependencyInjectionTestExecutionListener.java:99) ~[spring-test-5.3.26.jar:5.3.26]
	at org.springframework.test.context.TestContextManager.beforeTestMethod(TestContextManager.java:293) ~[spring-test-5.3.26.jar:5.3.26]
	at org.springframework.test.context.junit.jupiter.SpringExtension.beforeEach(SpringExtension.java:174) ~[spring-test-5.3.26.jar:5.3.26]
	at org.junit.jupiter.engine.descriptor.TestMethodTestDescriptor.lambda$invokeBeforeEachCallbacks$2(TestMethodTestDescriptor.java:163) ~[junit-jupiter-engine-5.8.2.jar:5.8.2]
	at org.junit.jupiter.engine.descriptor.TestMethodTestDescriptor.lambda$invokeBeforeMethodsOrCallbacksUntilExceptionOccurs$6(TestMethodTestDescriptor.java:199) ~[junit-jupiter-engine-5.8.2.jar:5.8.2]
	at org.junit.platform.engine.support.hierarchical.ThrowableCollector.execute(ThrowableCollector.java:73) ~[junit-platform-engine-1.8.2.jar:1.8.2]
	at org.junit.jupiter.engine.descriptor.TestMethodTestDescriptor.invokeBeforeMethodsOrCallbacksUntilExceptionOccurs(TestMethodTestDescriptor.java:199) ~[junit-jupiter-engine-5.8.2.jar:5.8.2]
	at org.junit.jupiter.engine.descriptor.TestMethodTestDescriptor.invokeBeforeEachCallbacks(TestMethodTestDescriptor.java:162) ~[junit-jupiter-engine-5.8.2.jar:5.8.2]
	at org.junit.jupiter.engine.descriptor.TestMethodTestDescriptor.execute(TestMethodTestDescriptor.java:129) ~[junit-jupiter-engine-5.8.2.jar:5.8.2]
	at org.junit.jupiter.engine.descriptor.TestMethodTestDescriptor.execute(TestMethodTestDescriptor.java:66) ~[junit-jupiter-engine-5.8.2.jar:5.8.2]
	at org.junit.platform.engine.support.hierarchical.NodeTestTask.lambda$executeRecursively$6(NodeTestTask.java:151) ~[junit-platform-engine-1.8.2.jar:1.8.2]
	at org.junit.platform.engine.support.hierarchical.ThrowableCollector.execute(ThrowableCollector.java:73) ~[junit-platform-engine-1.8.2.jar:1.8.2]
	at org.junit.platform.engine.support.hierarchical.NodeTestTask.lambda$executeRecursively$8(NodeTestTask.java:141) ~[junit-platform-engine-1.8.2.jar:1.8.2]
	at org.junit.platform.engine.support.hierarchical.Node.around(Node.java:137) ~[junit-platform-engine-1.8.2.jar:1.8.2]
	at org.junit.platform.engine.support.hierarchical.NodeTestTask.lambda$executeRecursively$9(NodeTestTask.java:139) ~[junit-platform-engine-1.8.2.jar:1.8.2]
	at org.junit.platform.engine.support.hierarchical.ThrowableCollector.execute(ThrowableCollector.java:73) ~[junit-platform-engine-1.8.2.jar:1.8.2]
	at org.junit.platform.engine.support.hierarchical.NodeTestTask.executeRecursively(NodeTestTask.java:138) ~[junit-platform-engine-1.8.2.jar:1.8.2]
	at org.junit.platform.engine.support.hierarchical.NodeTestTask.execute(NodeTestTask.java:95) ~[junit-platform-engine-1.8.2.jar:1.8.2]
	at java.base/java.util.ArrayList.forEach(ArrayList.java:1511) ~[na:na]
	at org.junit.platform.engine.support.hierarchical.SameThreadHierarchicalTestExecutorService.invokeAll(SameThreadHierarchicalTestExecutorService.java:41) ~[junit-platform-engine-1.8.2.jar:1.8.2]
	at org.junit.platform.engine.support.hierarchical.NodeTestTask.lambda$executeRecursively$6(NodeTestTask.java:155) ~[junit-platform-engine-1.8.2.jar:1.8.2]
	at org.junit.platform.engine.support.hierarchical.ThrowableCollector.execute(ThrowableCollector.java:73) ~[junit-platform-engine-1.8.2.jar:1.8.2]
	at org.junit.platform.engine.support.hierarchical.NodeTestTask.lambda$executeRecursively$8(NodeTestTask.java:141) ~[junit-platform-engine-1.8.2.jar:1.8.2]
	at org.junit.platform.engine.support.hierarchical.Node.around(Node.java:137) ~[junit-platform-engine-1.8.2.jar:1.8.2]
	at org.junit.platform.engine.support.hierarchical.NodeTestTask.lambda$executeRecursively$9(NodeTestTask.java:139) ~[junit-platform-engine-1.8.2.jar:1.8.2]
	at org.junit.platform.engine.support.hierarchical.ThrowableCollector.execute(ThrowableCollector.java:73) ~[junit-platform-engine-1.8.2.jar:1.8.2]
	at org.junit.platform.engine.support.hierarchical.NodeTestTask.executeRecursively(NodeTestTask.java:138) ~[junit-platform-engine-1.8.2.jar:1.8.2]
	at org.junit.platform.engine.support.hierarchical.NodeTestTask.execute(NodeTestTask.java:95) ~[junit-platform-engine-1.8.2.jar:1.8.2]
	at java.base/java.util.ArrayList.forEach(ArrayList.java:1511) ~[na:na]
	at org.junit.platform.engine.support.hierarchical.SameThreadHierarchicalTestExecutorService.invokeAll(SameThreadHierarchicalTestExecutorService.java:41) ~[junit-platform-engine-1.8.2.jar:1.8.2]
	at org.junit.platform.engine.support.hierarchical.NodeTestTask.lambda$executeRecursively$6(NodeTestTask.java:155) ~[junit-platform-engine-1.8.2.jar:1.8.2]
	at org.junit.platform.engine.support.hierarchical.ThrowableCollector.execute(ThrowableCollector.java:73) ~[junit-platform-engine-1.8.2.jar:1.8.2]
	at org.junit.platform.engine.support.hierarchical.NodeTestTask.lambda$executeRecursively$8(NodeTestTask.java:141) ~[junit-platform-engine-1.8.2.jar:1.8.2]
	at org.junit.platform.engine.support.hierarchical.Node.around(Node.java:137) ~[junit-platform-engine-1.8.2.jar:1.8.2]
	at org.junit.platform.engine.support.hierarchical.NodeTestTask.lambda$executeRecursively$9(NodeTestTask.java:139) ~[junit-platform-engine-1.8.2.jar:1.8.2]
	at org.junit.platform.engine.support.hierarchical.ThrowableCollector.execute(ThrowableCollector.java:73) ~[junit-platform-engine-1.8.2.jar:1.8.2]
	at org.junit.platform.engine.support.hierarchical.NodeTestTask.executeRecursively(NodeTestTask.java:138) ~[junit-platform-engine-1.8.2.jar:1.8.2]
	at org.junit.platform.engine.support.hierarchical.NodeTestTask.execute(NodeTestTask.java:95) ~[junit-platform-engine-1.8.2.jar:1.8.2]
	at org.junit.platform.engine.support.hierarchical.SameThreadHierarchicalTestExecutorService.submit(SameThreadHierarchicalTestExecutorService.java:35) ~[junit-platform-engine-1.8.2.jar:1.8.2]
	at org.junit.platform.engine.support.hierarchical.HierarchicalTestExecutor.execute(HierarchicalTestExecutor.java:57) ~[junit-platform-engine-1.8.2.jar:1.8.2]
	at org.junit.platform.engine.support.hierarchical.HierarchicalTestEngine.execute(HierarchicalTestEngine.java:54) ~[junit-platform-engine-1.8.2.jar:1.8.2]
	at org.junit.platform.launcher.core.DefaultLauncher.execute(DefaultLauncher.java:220) ~[junit-platform-launcher-1.3.1.jar:1.3.1]
	at org.junit.platform.launcher.core.DefaultLauncher.lambda$execute$6(DefaultLauncher.java:188) ~[junit-platform-launcher-1.3.1.jar:1.3.1]
	at org.junit.platform.launcher.core.DefaultLauncher.withInterceptedStreams(DefaultLauncher.java:202) ~[junit-platform-launcher-1.3.1.jar:1.3.1]
	at org.junit.platform.launcher.core.DefaultLauncher.execute(DefaultLauncher.java:181) ~[junit-platform-launcher-1.3.1.jar:1.3.1]
	at org.junit.platform.launcher.core.DefaultLauncher.execute(DefaultLauncher.java:128) ~[junit-platform-launcher-1.3.1.jar:1.3.1]
	at org.apache.maven.surefire.junitplatform.JUnitPlatformProvider.invokeAllTests(JUnitPlatformProvider.java:150) ~[surefire-junit-platform-2.22.2.jar:2.22.2]
	at org.apache.maven.surefire.junitplatform.JUnitPlatformProvider.invoke(JUnitPlatformProvider.java:124) ~[surefire-junit-platform-2.22.2.jar:2.22.2]
	at org.apache.maven.surefire.booter.ForkedBooter.invokeProviderInSameClassLoader(ForkedBooter.java:384) ~[surefire-booter-2.22.2.jar:2.22.2]
	at org.apache.maven.surefire.booter.ForkedBooter.runSuitesInProcess(ForkedBooter.java:345) ~[surefire-booter-2.22.2.jar:2.22.2]
	at org.apache.maven.surefire.booter.ForkedBooter.execute(ForkedBooter.java:126) ~[surefire-booter-2.22.2.jar:2.22.2]
	at org.apache.maven.surefire.booter.ForkedBooter.main(ForkedBooter.java:418) ~[surefire-booter-2.22.2.jar:2.22.2]
Caused by: java.lang.IllegalStateException: Failed to execute CommandLineRunner
	at org.springframework.boot.SpringApplication.callRunner(SpringApplication.java:771) ~[spring-boot-2.7.10.jar:2.7.10]
	at org.springframework.boot.SpringApplication.callRunners(SpringApplication.java:752) ~[spring-boot-2.7.10.jar:2.7.10]
	at org.springframework.boot.SpringApplication.run(SpringApplication.java:314) ~[spring-boot-2.7.10.jar:2.7.10]
	at org.springframework.boot.test.context.SpringBootContextLoader.loadContext(SpringBootContextLoader.java:136) ~[spring-boot-test-2.7.10.jar:2.7.10]
	at org.springframework.test.context.cache.DefaultCacheAwareContextLoaderDelegate.loadContextInternal(DefaultCacheAwareContextLoaderDelegate.java:141) ~[spring-test-5.3.26.jar:5.3.26]
	at org.springframework.test.context.cache.DefaultCacheAwareContextLoaderDelegate.loadContext(DefaultCacheAwareContextLoaderDelegate.java:90) ~[spring-test-5.3.26.jar:5.3.26]
	... 54 common frames omitted
Caused by: org.springframework.dao.DataIntegrityViolationException: could not execute statement; SQL [n/a]; constraint ["PUBLIC.UK_FWMWI44U55BO4RVWSV0CLN012_INDEX_8 ON PUBLIC.PERSON(EMAIL NULLS FIRST) VALUES ( /* 95 */ 'cody.bosco@hotmail.com' )"; SQL statement:
insert into person (id, date_of_birth, email, first_name, group_ref, last_name, password, website) values (default, ?, ?, ?, ?, ?, ?, ?) [23505-214]]; nested exception is org.hibernate.exception.ConstraintViolationException: could not execute statement
	at org.springframework.orm.jpa.vendor.HibernateJpaDialect.convertHibernateAccessException(HibernateJpaDialect.java:276) ~[spring-orm-5.3.26.jar:5.3.26]
	at org.springframework.orm.jpa.vendor.HibernateJpaDialect.translateExceptionIfPossible(HibernateJpaDialect.java:233) ~[spring-orm-5.3.26.jar:5.3.26]
	at org.springframework.orm.jpa.AbstractEntityManagerFactoryBean.translateExceptionIfPossible(AbstractEntityManagerFactoryBean.java:551) ~[spring-orm-5.3.26.jar:5.3.26]
	at org.springframework.dao.support.ChainedPersistenceExceptionTranslator.translateExceptionIfPossible(ChainedPersistenceExceptionTranslator.java:61) ~[spring-tx-5.3.26.jar:5.3.26]
	at org.springframework.dao.support.DataAccessUtils.translateIfNecessary(DataAccessUtils.java:242) ~[spring-tx-5.3.26.jar:5.3.26]
	at org.springframework.dao.support.PersistenceExceptionTranslationInterceptor.invoke(PersistenceExceptionTranslationInterceptor.java:152) ~[spring-tx-5.3.26.jar:5.3.26]
	at org.springframework.aop.framework.ReflectiveMethodInvocation.proceed(ReflectiveMethodInvocation.java:186) ~[spring-aop-5.3.26.jar:5.3.26]
	at org.springframework.data.jpa.repository.support.CrudMethodMetadataPostProcessor$CrudMethodMetadataPopulatingMethodInterceptor.invoke(CrudMethodMetadataPostProcessor.java:174) ~[spring-data-jpa-2.7.10.jar:2.7.10]
	at org.springframework.aop.framework.ReflectiveMethodInvocation.proceed(ReflectiveMethodInvocation.java:186) ~[spring-aop-5.3.26.jar:5.3.26]
	at org.springframework.aop.interceptor.ExposeInvocationInterceptor.invoke(ExposeInvocationInterceptor.java:97) ~[spring-aop-5.3.26.jar:5.3.26]
	at org.springframework.aop.framework.ReflectiveMethodInvocation.proceed(ReflectiveMethodInvocation.java:186) ~[spring-aop-5.3.26.jar:5.3.26]
	at org.springframework.aop.framework.JdkDynamicAopProxy.invoke(JdkDynamicAopProxy.java:215) ~[spring-aop-5.3.26.jar:5.3.26]
	at jdk.proxy2/jdk.proxy2.$Proxy115.save(Unknown Source) ~[na:na]
	at com.example.demo.DemoApplication.lambda$commandLineRunner$0(DemoApplication.java:60) ~[classes/:na]
	at org.springframework.boot.SpringApplication.callRunner(SpringApplication.java:768) ~[spring-boot-2.7.10.jar:2.7.10]
	... 59 common frames omitted
Caused by: org.hibernate.exception.ConstraintViolationException: could not execute statement
	at org.hibernate.exception.internal.SQLExceptionTypeDelegate.convert(SQLExceptionTypeDelegate.java:59) ~[hibernate-core-5.6.15.Final.jar:5.6.15.Final]
	at org.hibernate.exception.internal.StandardSQLExceptionConverter.convert(StandardSQLExceptionConverter.java:37) ~[hibernate-core-5.6.15.Final.jar:5.6.15.Final]
	at org.hibernate.engine.jdbc.spi.SqlExceptionHelper.convert(SqlExceptionHelper.java:113) ~[hibernate-core-5.6.15.Final.jar:5.6.15.Final]
	at org.hibernate.engine.jdbc.spi.SqlExceptionHelper.convert(SqlExceptionHelper.java:99) ~[hibernate-core-5.6.15.Final.jar:5.6.15.Final]
	at org.hibernate.engine.jdbc.internal.ResultSetReturnImpl.executeUpdate(ResultSetReturnImpl.java:200) ~[hibernate-core-5.6.15.Final.jar:5.6.15.Final]
	at org.hibernate.dialect.identity.GetGeneratedKeysDelegate.executeAndExtract(GetGeneratedKeysDelegate.java:58) ~[hibernate-core-5.6.15.Final.jar:5.6.15.Final]
	at org.hibernate.id.insert.AbstractReturningDelegate.performInsert(AbstractReturningDelegate.java:43) ~[hibernate-core-5.6.15.Final.jar:5.6.15.Final]
	at org.hibernate.persister.entity.AbstractEntityPersister.insert(AbstractEntityPersister.java:3279) ~[hibernate-core-5.6.15.Final.jar:5.6.15.Final]
	at org.hibernate.persister.entity.AbstractEntityPersister.insert(AbstractEntityPersister.java:3914) ~[hibernate-core-5.6.15.Final.jar:5.6.15.Final]
	at org.hibernate.action.internal.EntityIdentityInsertAction.execute(EntityIdentityInsertAction.java:84) ~[hibernate-core-5.6.15.Final.jar:5.6.15.Final]
	at org.hibernate.engine.spi.ActionQueue.execute(ActionQueue.java:645) ~[hibernate-core-5.6.15.Final.jar:5.6.15.Final]
	at org.hibernate.engine.spi.ActionQueue.addResolvedEntityInsertAction(ActionQueue.java:282) ~[hibernate-core-5.6.15.Final.jar:5.6.15.Final]
	at org.hibernate.engine.spi.ActionQueue.addInsertAction(ActionQueue.java:263) ~[hibernate-core-5.6.15.Final.jar:5.6.15.Final]
	at org.hibernate.engine.spi.ActionQueue.addAction(ActionQueue.java:317) ~[hibernate-core-5.6.15.Final.jar:5.6.15.Final]
	at org.hibernate.event.internal.AbstractSaveEventListener.addInsertAction(AbstractSaveEventListener.java:329) ~[hibernate-core-5.6.15.Final.jar:5.6.15.Final]
	at org.hibernate.event.internal.AbstractSaveEventListener.performSaveOrReplicate(AbstractSaveEventListener.java:286) ~[hibernate-core-5.6.15.Final.jar:5.6.15.Final]
	at org.hibernate.event.internal.AbstractSaveEventListener.performSave(AbstractSaveEventListener.java:192) ~[hibernate-core-5.6.15.Final.jar:5.6.15.Final]
	at org.hibernate.event.internal.AbstractSaveEventListener.saveWithGeneratedId(AbstractSaveEventListener.java:122) ~[hibernate-core-5.6.15.Final.jar:5.6.15.Final]
	at org.hibernate.event.internal.DefaultPersistEventListener.entityIsTransient(DefaultPersistEventListener.java:185) ~[hibernate-core-5.6.15.Final.jar:5.6.15.Final]
	at org.hibernate.event.internal.DefaultPersistEventListener.onPersist(DefaultPersistEventListener.java:128) ~[hibernate-core-5.6.15.Final.jar:5.6.15.Final]
	at org.hibernate.event.internal.DefaultPersistEventListener.onPersist(DefaultPersistEventListener.java:55) ~[hibernate-core-5.6.15.Final.jar:5.6.15.Final]
	at org.hibernate.event.service.internal.EventListenerGroupImpl.fireEventOnEachListener(EventListenerGroupImpl.java:107) ~[hibernate-core-5.6.15.Final.jar:5.6.15.Final]
	at org.hibernate.internal.SessionImpl.firePersist(SessionImpl.java:756) ~[hibernate-core-5.6.15.Final.jar:5.6.15.Final]
	at org.hibernate.internal.SessionImpl.persist(SessionImpl.java:742) ~[hibernate-core-5.6.15.Final.jar:5.6.15.Final]
	at java.base/jdk.internal.reflect.DirectMethodHandleAccessor.invoke(DirectMethodHandleAccessor.java:104) ~[na:na]
	at java.base/java.lang.reflect.Method.invoke(Method.java:578) ~[na:na]
	at org.springframework.orm.jpa.SharedEntityManagerCreator$SharedEntityManagerInvocationHandler.invoke(SharedEntityManagerCreator.java:315) ~[spring-orm-5.3.26.jar:5.3.26]
	at jdk.proxy2/jdk.proxy2.$Proxy111.persist(Unknown Source) ~[na:na]
	at org.springframework.data.jpa.repository.support.SimpleJpaRepository.save(SimpleJpaRepository.java:666) ~[spring-data-jpa-2.7.10.jar:2.7.10]
	at java.base/jdk.internal.reflect.DirectMethodHandleAccessor.invoke(DirectMethodHandleAccessor.java:104) ~[na:na]
	at java.base/java.lang.reflect.Method.invoke(Method.java:578) ~[na:na]
	at org.springframework.data.repository.core.support.RepositoryMethodInvoker$RepositoryFragmentMethodInvoker.lambda$new$0(RepositoryMethodInvoker.java:289) ~[spring-data-commons-2.7.10.jar:2.7.10]
	at org.springframework.data.repository.core.support.RepositoryMethodInvoker.doInvoke(RepositoryMethodInvoker.java:137) ~[spring-data-commons-2.7.10.jar:2.7.10]
	at org.springframework.data.repository.core.support.RepositoryMethodInvoker.invoke(RepositoryMethodInvoker.java:121) ~[spring-data-commons-2.7.10.jar:2.7.10]
	at org.springframework.data.repository.core.support.RepositoryComposition$RepositoryFragments.invoke(RepositoryComposition.java:530) ~[spring-data-commons-2.7.10.jar:2.7.10]
	at org.springframework.data.repository.core.support.RepositoryComposition.invoke(RepositoryComposition.java:286) ~[spring-data-commons-2.7.10.jar:2.7.10]
	at org.springframework.data.repository.core.support.RepositoryFactorySupport$ImplementationMethodExecutionInterceptor.invoke(RepositoryFactorySupport.java:640) ~[spring-data-commons-2.7.10.jar:2.7.10]
	at org.springframework.aop.framework.ReflectiveMethodInvocation.proceed(ReflectiveMethodInvocation.java:186) ~[spring-aop-5.3.26.jar:5.3.26]
	at org.springframework.data.repository.core.support.QueryExecutorMethodInterceptor.doInvoke(QueryExecutorMethodInterceptor.java:164) ~[spring-data-commons-2.7.10.jar:2.7.10]
	at org.springframework.data.repository.core.support.QueryExecutorMethodInterceptor.invoke(QueryExecutorMethodInterceptor.java:139) ~[spring-data-commons-2.7.10.jar:2.7.10]
	at org.springframework.aop.framework.ReflectiveMethodInvocation.proceed(ReflectiveMethodInvocation.java:186) ~[spring-aop-5.3.26.jar:5.3.26]
	at org.springframework.transaction.interceptor.TransactionInterceptor$1.proceedWithInvocation(TransactionInterceptor.java:123) ~[spring-tx-5.3.26.jar:5.3.26]
	at org.springframework.transaction.interceptor.TransactionAspectSupport.invokeWithinTransaction(TransactionAspectSupport.java:388) ~[spring-tx-5.3.26.jar:5.3.26]
	at org.springframework.transaction.interceptor.TransactionInterceptor.invoke(TransactionInterceptor.java:119) ~[spring-tx-5.3.26.jar:5.3.26]
	at org.springframework.aop.framework.ReflectiveMethodInvocation.proceed(ReflectiveMethodInvocation.java:186) ~[spring-aop-5.3.26.jar:5.3.26]
	at org.springframework.dao.support.PersistenceExceptionTranslationInterceptor.invoke(PersistenceExceptionTranslationInterceptor.java:137) ~[spring-tx-5.3.26.jar:5.3.26]
	... 68 common frames omitted
Caused by: org.h2.jdbc.JdbcSQLIntegrityConstraintViolationException: Unique index or primary key violation: "PUBLIC.UK_FWMWI44U55BO4RVWSV0CLN012_INDEX_8 ON PUBLIC.PERSON(EMAIL NULLS FIRST) VALUES ( /* 95 */ 'cody.bosco@hotmail.com' )"; SQL statement:
insert into person (id, date_of_birth, email, first_name, group_ref, last_name, password, website) values (default, ?, ?, ?, ?, ?, ?, ?) [23505-214]
	at org.h2.message.DbException.getJdbcSQLException(DbException.java:508) ~[h2-2.1.214.jar:2.1.214]
	at org.h2.message.DbException.getJdbcSQLException(DbException.java:477) ~[h2-2.1.214.jar:2.1.214]
	at org.h2.message.DbException.get(DbException.java:223) ~[h2-2.1.214.jar:2.1.214]
	at org.h2.message.DbException.get(DbException.java:199) ~[h2-2.1.214.jar:2.1.214]
	at org.h2.index.Index.getDuplicateKeyException(Index.java:525) ~[h2-2.1.214.jar:2.1.214]
	at org.h2.mvstore.db.MVSecondaryIndex.checkUnique(MVSecondaryIndex.java:223) ~[h2-2.1.214.jar:2.1.214]
	at org.h2.mvstore.db.MVSecondaryIndex.add(MVSecondaryIndex.java:184) ~[h2-2.1.214.jar:2.1.214]
	at org.h2.mvstore.db.MVTable.addRow(MVTable.java:519) ~[h2-2.1.214.jar:2.1.214]
	at org.h2.command.dml.Insert.insertRows(Insert.java:174) ~[h2-2.1.214.jar:2.1.214]
	at org.h2.command.dml.Insert.update(Insert.java:135) ~[h2-2.1.214.jar:2.1.214]
	at org.h2.command.CommandContainer.executeUpdateWithGeneratedKeys(CommandContainer.java:242) ~[h2-2.1.214.jar:2.1.214]
	at org.h2.command.CommandContainer.update(CommandContainer.java:163) ~[h2-2.1.214.jar:2.1.214]
	at org.h2.command.Command.executeUpdate(Command.java:252) ~[h2-2.1.214.jar:2.1.214]
	at org.h2.jdbc.JdbcPreparedStatement.executeUpdateInternal(JdbcPreparedStatement.java:209) ~[h2-2.1.214.jar:2.1.214]
	at org.h2.jdbc.JdbcPreparedStatement.executeUpdate(JdbcPreparedStatement.java:169) ~[h2-2.1.214.jar:2.1.214]
	at org.hibernate.engine.jdbc.internal.ResultSetReturnImpl.executeUpdate(ResultSetReturnImpl.java:197) ~[hibernate-core-5.6.15.Final.jar:5.6.15.Final]
	... 109 common frames omitted


  .   ____          _            __ _ _
 /\\ / ___'_ __ _ _(_)_ __  __ _ \ \ \ \
( ( )\___ | '_ | '_| | '_ \/ _` | \ \ \ \
 \\/  ___)| |_)| | | | | || (_| |  ) ) ) )
  '  |____| .__|_| |_|_| |_\__, | / / / /
 =========|_|==============|___/=/_/_/_/
 :: Spring Boot ::               (v2.7.10)

2023-04-12 22:44:09.087  INFO 87919 --- [           main] c.e.demo.repository.PersonRepoTest       : Starting PersonRepoTest using Java 19.0.2 on MacBook-Air-de-Walid.local with PID 87919 (started by walidaddouche in /Users/walidaddouche/Downloads/demo 2)
2023-04-12 22:44:09.088  INFO 87919 --- [           main] c.e.demo.repository.PersonRepoTest       : No active profile set, falling back to 1 default profile: "default"
2023-04-12 22:44:09.136  INFO 87919 --- [           main] .s.d.r.c.RepositoryConfigurationDelegate : Bootstrapping Spring Data JPA repositories in DEFAULT mode.
2023-04-12 22:44:09.139  INFO 87919 --- [           main] .s.d.r.c.RepositoryConfigurationDelegate : Finished Spring Data repository scanning in 2 ms. Found 2 JPA repository interfaces.
2023-04-12 22:44:09.144  INFO 87919 --- [           main] beddedDataSourceBeanFactoryPostProcessor : Replacing 'dataSource' DataSource bean with embedded version
2023-04-12 22:44:09.155  INFO 87919 --- [           main] o.s.j.d.e.EmbeddedDatabaseFactory        : Starting embedded database: url='jdbc:h2:mem:066fee5b-c5a9-46a9-aa99-71e477bd58c7;DB_CLOSE_DELAY=-1;DB_CLOSE_ON_EXIT=false', username='sa'
2023-04-12 22:44:09.173  INFO 87919 --- [           main] o.hibernate.jpa.internal.util.LogHelper  : HHH000204: Processing PersistenceUnitInfo [name: default]
2023-04-12 22:44:09.177  INFO 87919 --- [           main] org.hibernate.dialect.Dialect            : HHH000400: Using dialect: org.hibernate.dialect.H2Dialect
Hibernate: drop table if exists group_table CASCADE 
Hibernate: drop table if exists person CASCADE 
Hibernate: create table group_table (id bigint generated by default as identity, name varchar(255), primary key (id))
Hibernate: create table person (id bigint generated by default as identity, date_of_birth date, email varchar(255) not null, first_name varchar(255), last_name varchar(255), password varchar(255) not null, website varchar(255), group_ref bigint, primary key (id))
Hibernate: alter table person add constraint UK_fwmwi44u55bo4rvwsv0cln012 unique (email)
Hibernate: alter table person add constraint FKpcniehyk2d7hvfd403i27htix foreign key (group_ref) references group_table
2023-04-12 22:44:09.199  INFO 87919 --- [           main] o.h.e.t.j.p.i.JtaPlatformInitiator       : HHH000490: Using JtaPlatform implementation: [org.hibernate.engine.transaction.jta.platform.internal.NoJtaPlatform]
2023-04-12 22:44:09.199  INFO 87919 --- [           main] j.LocalContainerEntityManagerFactoryBean : Initialized JPA EntityManagerFactory for persistence unit 'default'
2023-04-12 22:44:09.228  INFO 87919 --- [           main] c.e.demo.repository.PersonRepoTest       : Started PersonRepoTest in 0.153 seconds (JVM running for 8.084)
Hibernate: insert into group_table (id, name) values (default, ?)
Hibernate: insert into group_table (id, name) values (default, ?)
Hibernate: insert into group_table (id, name) values (default, ?)
Hibernate: insert into group_table (id, name) values (default, ?)
Hibernate: insert into group_table (id, name) values (default, ?)
Hibernate: insert into group_table (id, name) values (default, ?)
Hibernate: insert into group_table (id, name) values (default, ?)
Hibernate: insert into group_table (id, name) values (default, ?)
Hibernate: insert into group_table (id, name) values (default, ?)
Hibernate: insert into group_table (id, name) values (default, ?)
Hibernate: insert into group_table (id, name) values (default, ?)
Hibernate: insert into group_table (id, name) values (default, ?)
Hibernate: insert into group_table (id, name) values (default, ?)
Hibernate: insert into group_table (id, name) values (default, ?)
Hibernate: insert into group_table (id, name) values (default, ?)
Hibernate: insert into group_table (id, name) values (default, ?)
Hibernate: insert into group_table (id, name) values (default, ?)
Hibernate: insert into group_table (id, name) values (default, ?)
Hibernate: insert into group_table (id, name) values (default, ?)
Hibernate: insert into group_table (id, name) values (default, ?)
Hibernate: insert into group_table (id, name) values (default, ?)
Hibernate: insert into group_table (id, name) values (default, ?)
Hibernate: insert into group_table (id, name) values (default, ?)
Hibernate: insert into group_table (id, name) values (default, ?)
Hibernate: insert into group_table (id, name) values (default, ?)
Hibernate: insert into group_table (id, name) values (default, ?)
Hibernate: insert into group_table (id, name) values (default, ?)
Hibernate: insert into group_table (id, name) values (default, ?)
Hibernate: insert into group_table (id, name) values (default, ?)
Hibernate: insert into group_table (id, name) values (default, ?)
Hibernate: insert into group_table (id, name) values (default, ?)
Hibernate: insert into group_table (id, name) values (default, ?)
Hibernate: insert into group_table (id, name) values (default, ?)
Hibernate: insert into group_table (id, name) values (default, ?)
Hibernate: insert into group_table (id, name) values (default, ?)
Hibernate: insert into group_table (id, name) values (default, ?)
Hibernate: insert into group_table (id, name) values (default, ?)
Hibernate: insert into group_table (id, name) values (default, ?)
Hibernate: insert into group_table (id, name) values (default, ?)
Hibernate: insert into group_table (id, name) values (default, ?)
Hibernate: insert into group_table (id, name) values (default, ?)
Hibernate: insert into group_table (id, name) values (default, ?)
Hibernate: insert into group_table (id, name) values (default, ?)
Hibernate: insert into group_table (id, name) values (default, ?)
Hibernate: insert into group_table (id, name) values (default, ?)
Hibernate: insert into group_table (id, name) values (default, ?)
Hibernate: insert into group_table (id, name) values (default, ?)
Hibernate: insert into group_table (id, name) values (default, ?)
Hibernate: insert into group_table (id, name) values (default, ?)
Hibernate: insert into group_table (id, name) values (default, ?)
Hibernate: insert into group_table (id, name) values (default, ?)
Hibernate: insert into group_table (id, name) values (default, ?)
Hibernate: insert into group_table (id, name) values (default, ?)
Hibernate: insert into group_table (id, name) values (default, ?)
Hibernate: insert into group_table (id, name) values (default, ?)
Hibernate: insert into group_table (id, name) values (default, ?)
Hibernate: insert into group_table (id, name) values (default, ?)
Hibernate: insert into group_table (id, name) values (default, ?)
Hibernate: insert into group_table (id, name) values (default, ?)
Hibernate: insert into group_table (id, name) values (default, ?)
Hibernate: insert into group_table (id, name) values (default, ?)
Hibernate: insert into group_table (id, name) values (default, ?)
Hibernate: insert into group_table (id, name) values (default, ?)
Hibernate: insert into group_table (id, name) values (default, ?)
Hibernate: insert into group_table (id, name) values (default, ?)
Hibernate: insert into group_table (id, name) values (default, ?)
Hibernate: insert into group_table (id, name) values (default, ?)
Hibernate: insert into group_table (id, name) values (default, ?)
Hibernate: insert into group_table (id, name) values (default, ?)
Hibernate: insert into group_table (id, name) values (default, ?)
Hibernate: insert into group_table (id, name) values (default, ?)
Hibernate: insert into group_table (id, name) values (default, ?)
Hibernate: insert into group_table (id, name) values (default, ?)
Hibernate: insert into group_table (id, name) values (default, ?)
Hibernate: insert into group_table (id, name) values (default, ?)
Hibernate: insert into group_table (id, name) values (default, ?)
Hibernate: insert into group_table (id, name) values (default, ?)
Hibernate: insert into group_table (id, name) values (default, ?)
Hibernate: insert into group_table (id, name) values (default, ?)
Hibernate: insert into group_table (id, name) values (default, ?)
Hibernate: insert into group_table (id, name) values (default, ?)
Hibernate: insert into group_table (id, name) values (default, ?)
Hibernate: insert into group_table (id, name) values (default, ?)
Hibernate: insert into group_table (id, name) values (default, ?)
Hibernate: insert into group_table (id, name) values (default, ?)
Hibernate: insert into group_table (id, name) values (default, ?)
Hibernate: insert into group_table (id, name) values (default, ?)
Hibernate: insert into group_table (id, name) values (default, ?)
Hibernate: insert into group_table (id, name) values (default, ?)
Hibernate: insert into group_table (id, name) values (default, ?)
Hibernate: insert into group_table (id, name) values (default, ?)
Hibernate: insert into group_table (id, name) values (default, ?)
Hibernate: insert into group_table (id, name) values (default, ?)
Hibernate: insert into group_table (id, name) values (default, ?)
Hibernate: insert into group_table (id, name) values (default, ?)
Hibernate: insert into group_table (id, name) values (default, ?)
Hibernate: insert into group_table (id, name) values (default, ?)
Hibernate: insert into group_table (id, name) values (default, ?)
Hibernate: insert into group_table (id, name) values (default, ?)
Hibernate: insert into group_table (id, name) values (default, ?)
Hibernate: insert into group_table (id, name) values (default, ?)
Hibernate: insert into group_table (id, name) values (default, ?)
Hibernate: insert into group_table (id, name) values (default, ?)
Hibernate: insert into group_table (id, name) values (default, ?)
Hibernate: insert into group_table (id, name) values (default, ?)
Hibernate: insert into group_table (id, name) values (default, ?)
Hibernate: insert into group_table (id, name) values (default, ?)
Hibernate: insert into group_table (id, name) values (default, ?)
Hibernate: insert into group_table (id, name) values (default, ?)
Hibernate: insert into group_table (id, name) values (default, ?)
Hibernate: insert into group_table (id, name) values (default, ?)
Hibernate: insert into group_table (id, name) values (default, ?)
Hibernate: insert into group_table (id, name) values (default, ?)
Hibernate: insert into group_table (id, name) values (default, ?)
Hibernate: insert into group_table (id, name) values (default, ?)
Hibernate: insert into group_table (id, name) values (default, ?)
Hibernate: insert into group_table (id, name) values (default, ?)
Hibernate: insert into group_table (id, name) values (default, ?)
Hibernate: insert into group_table (id, name) values (default, ?)
Hibernate: insert into group_table (id, name) values (default, ?)
Hibernate: insert into group_table (id, name) values (default, ?)
Hibernate: insert into group_table (id, name) values (default, ?)
Hibernate: insert into group_table (id, name) values (default, ?)
Hibernate: insert into group_table (id, name) values (default, ?)
Hibernate: insert into group_table (id, name) values (default, ?)
Hibernate: insert into group_table (id, name) values (default, ?)
Hibernate: insert into group_table (id, name) values (default, ?)
Hibernate: insert into group_table (id, name) values (default, ?)
Hibernate: insert into group_table (id, name) values (default, ?)
Hibernate: insert into group_table (id, name) values (default, ?)
Hibernate: insert into group_table (id, name) values (default, ?)
Hibernate: insert into group_table (id, name) values (default, ?)
Hibernate: insert into group_table (id, name) values (default, ?)
Hibernate: insert into group_table (id, name) values (default, ?)
Hibernate: insert into group_table (id, name) values (default, ?)
Hibernate: insert into group_table (id, name) values (default, ?)
Hibernate: insert into group_table (id, name) values (default, ?)
Hibernate: insert into group_table (id, name) values (default, ?)
Hibernate: insert into group_table (id, name) values (default, ?)
Hibernate: insert into group_table (id, name) values (default, ?)
Hibernate: insert into group_table (id, name) values (default, ?)
Hibernate: insert into group_table (id, name) values (default, ?)
Hibernate: insert into group_table (id, name) values (default, ?)
Hibernate: insert into group_table (id, name) values (default, ?)
Hibernate: insert into group_table (id, name) values (default, ?)
Hibernate: insert into group_table (id, name) values (default, ?)
Hibernate: insert into group_table (id, name) values (default, ?)
Hibernate: insert into group_table (id, name) values (default, ?)
Hibernate: insert into group_table (id, name) values (default, ?)
Hibernate: insert into group_table (id, name) values (default, ?)
Hibernate: insert into group_table (id, name) values (default, ?)
Hibernate: insert into group_table (id, name) values (default, ?)
Hibernate: insert into group_table (id, name) values (default, ?)
Hibernate: insert into group_table (id, name) values (default, ?)
Hibernate: insert into group_table (id, name) values (default, ?)
Hibernate: insert into group_table (id, name) values (default, ?)
Hibernate: insert into group_table (id, name) values (default, ?)
Hibernate: insert into group_table (id, name) values (default, ?)
Hibernate: insert into group_table (id, name) values (default, ?)
Hibernate: insert into group_table (id, name) values (default, ?)
Hibernate: insert into group_table (id, name) values (default, ?)
Hibernate: insert into group_table (id, name) values (default, ?)
Hibernate: insert into group_table (id, name) values (default, ?)
Hibernate: insert into group_table (id, name) values (default, ?)
Hibernate: insert into group_table (id, name) values (default, ?)
Hibernate: insert into group_table (id, name) values (default, ?)
Hibernate: insert into group_table (id, name) values (default, ?)
Hibernate: insert into group_table (id, name) values (default, ?)
Hibernate: insert into group_table (id, name) values (default, ?)
Hibernate: insert into group_table (id, name) values (default, ?)
Hibernate: insert into group_table (id, name) values (default, ?)
Hibernate: insert into group_table (id, name) values (default, ?)
Hibernate: insert into group_table (id, name) values (default, ?)
Hibernate: insert into group_table (id, name) values (default, ?)
Hibernate: insert into group_table (id, name) values (default, ?)
Hibernate: insert into group_table (id, name) values (default, ?)
Hibernate: insert into group_table (id, name) values (default, ?)
Hibernate: insert into group_table (id, name) values (default, ?)
Hibernate: insert into group_table (id, name) values (default, ?)
Hibernate: insert into group_table (id, name) values (default, ?)
Hibernate: insert into group_table (id, name) values (default, ?)
Hibernate: insert into group_table (id, name) values (default, ?)
Hibernate: insert into group_table (id, name) values (default, ?)
Hibernate: insert into group_table (id, name) values (default, ?)
Hibernate: insert into group_table (id, name) values (default, ?)
Hibernate: insert into group_table (id, name) values (default, ?)
Hibernate: insert into group_table (id, name) values (default, ?)
Hibernate: insert into group_table (id, name) values (default, ?)
Hibernate: insert into group_table (id, name) values (default, ?)
Hibernate: insert into group_table (id, name) values (default, ?)
Hibernate: insert into group_table (id, name) values (default, ?)
Hibernate: insert into group_table (id, name) values (default, ?)
Hibernate: insert into group_table (id, name) values (default, ?)
Hibernate: insert into group_table (id, name) values (default, ?)
Hibernate: insert into group_table (id, name) values (default, ?)
Hibernate: insert into group_table (id, name) values (default, ?)
Hibernate: insert into group_table (id, name) values (default, ?)
Hibernate: insert into group_table (id, name) values (default, ?)
Hibernate: insert into group_table (id, name) values (default, ?)
Hibernate: insert into group_table (id, name) values (default, ?)
Hibernate: insert into person (id, date_of_birth, email, first_name, group_ref, last_name, password, website) values (default, ?, ?, ?, ?, ?, ?, ?)
Hibernate: insert into person (id, date_of_birth, email, first_name, group_ref, last_name, password, website) values (default, ?, ?, ?, ?, ?, ?, ?)
Hibernate: insert into person (id, date_of_birth, email, first_name, group_ref, last_name, password, website) values (default, ?, ?, ?, ?, ?, ?, ?)
Hibernate: insert into person (id, date_of_birth, email, first_name, group_ref, last_name, password, website) values (default, ?, ?, ?, ?, ?, ?, ?)
Hibernate: insert into person (id, date_of_birth, email, first_name, group_ref, last_name, password, website) values (default, ?, ?, ?, ?, ?, ?, ?)
Hibernate: insert into person (id, date_of_birth, email, first_name, group_ref, last_name, password, website) values (default, ?, ?, ?, ?, ?, ?, ?)
Hibernate: insert into person (id, date_of_birth, email, first_name, group_ref, last_name, password, website) values (default, ?, ?, ?, ?, ?, ?, ?)
Hibernate: insert into person (id, date_of_birth, email, first_name, group_ref, last_name, password, website) values (default, ?, ?, ?, ?, ?, ?, ?)
Hibernate: insert into person (id, date_of_birth, email, first_name, group_ref, last_name, password, website) values (default, ?, ?, ?, ?, ?, ?, ?)
Hibernate: insert into person (id, date_of_birth, email, first_name, group_ref, last_name, password, website) values (default, ?, ?, ?, ?, ?, ?, ?)
Hibernate: insert into person (id, date_of_birth, email, first_name, group_ref, last_name, password, website) values (default, ?, ?, ?, ?, ?, ?, ?)
Hibernate: insert into person (id, date_of_birth, email, first_name, group_ref, last_name, password, website) values (default, ?, ?, ?, ?, ?, ?, ?)
Hibernate: insert into person (id, date_of_birth, email, first_name, group_ref, last_name, password, website) values (default, ?, ?, ?, ?, ?, ?, ?)
Hibernate: insert into person (id, date_of_birth, email, first_name, group_ref, last_name, password, website) values (default, ?, ?, ?, ?, ?, ?, ?)
Hibernate: insert into person (id, date_of_birth, email, first_name, group_ref, last_name, password, website) values (default, ?, ?, ?, ?, ?, ?, ?)
Hibernate: insert into person (id, date_of_birth, email, first_name, group_ref, last_name, password, website) values (default, ?, ?, ?, ?, ?, ?, ?)
Hibernate: insert into person (id, date_of_birth, email, first_name, group_ref, last_name, password, website) values (default, ?, ?, ?, ?, ?, ?, ?)
Hibernate: insert into person (id, date_of_birth, email, first_name, group_ref, last_name, password, website) values (default, ?, ?, ?, ?, ?, ?, ?)
Hibernate: insert into person (id, date_of_birth, email, first_name, group_ref, last_name, password, website) values (default, ?, ?, ?, ?, ?, ?, ?)
Hibernate: insert into person (id, date_of_birth, email, first_name, group_ref, last_name, password, website) values (default, ?, ?, ?, ?, ?, ?, ?)
Hibernate: insert into person (id, date_of_birth, email, first_name, group_ref, last_name, password, website) values (default, ?, ?, ?, ?, ?, ?, ?)
Hibernate: insert into person (id, date_of_birth, email, first_name, group_ref, last_name, password, website) values (default, ?, ?, ?, ?, ?, ?, ?)
Hibernate: insert into person (id, date_of_birth, email, first_name, group_ref, last_name, password, website) values (default, ?, ?, ?, ?, ?, ?, ?)
Hibernate: insert into person (id, date_of_birth, email, first_name, group_ref, last_name, password, website) values (default, ?, ?, ?, ?, ?, ?, ?)
Hibernate: insert into person (id, date_of_birth, email, first_name, group_ref, last_name, password, website) values (default, ?, ?, ?, ?, ?, ?, ?)
Hibernate: insert into person (id, date_of_birth, email, first_name, group_ref, last_name, password, website) values (default, ?, ?, ?, ?, ?, ?, ?)
Hibernate: insert into person (id, date_of_birth, email, first_name, group_ref, last_name, password, website) values (default, ?, ?, ?, ?, ?, ?, ?)
Hibernate: insert into person (id, date_of_birth, email, first_name, group_ref, last_name, password, website) values (default, ?, ?, ?, ?, ?, ?, ?)
Hibernate: insert into person (id, date_of_birth, email, first_name, group_ref, last_name, password, website) values (default, ?, ?, ?, ?, ?, ?, ?)
Hibernate: insert into person (id, date_of_birth, email, first_name, group_ref, last_name, password, website) values (default, ?, ?, ?, ?, ?, ?, ?)
Hibernate: insert into person (id, date_of_birth, email, first_name, group_ref, last_name, password, website) values (default, ?, ?, ?, ?, ?, ?, ?)
Hibernate: insert into person (id, date_of_birth, email, first_name, group_ref, last_name, password, website) values (default, ?, ?, ?, ?, ?, ?, ?)
Hibernate: insert into person (id, date_of_birth, email, first_name, group_ref, last_name, password, website) values (default, ?, ?, ?, ?, ?, ?, ?)
Hibernate: insert into person (id, date_of_birth, email, first_name, group_ref, last_name, password, website) values (default, ?, ?, ?, ?, ?, ?, ?)
Hibernate: insert into person (id, date_of_birth, email, first_name, group_ref, last_name, password, website) values (default, ?, ?, ?, ?, ?, ?, ?)
Hibernate: insert into person (id, date_of_birth, email, first_name, group_ref, last_name, password, website) values (default, ?, ?, ?, ?, ?, ?, ?)
Hibernate: insert into person (id, date_of_birth, email, first_name, group_ref, last_name, password, website) values (default, ?, ?, ?, ?, ?, ?, ?)
Hibernate: insert into person (id, date_of_birth, email, first_name, group_ref, last_name, password, website) values (default, ?, ?, ?, ?, ?, ?, ?)
Hibernate: insert into person (id, date_of_birth, email, first_name, group_ref, last_name, password, website) values (default, ?, ?, ?, ?, ?, ?, ?)
Hibernate: insert into person (id, date_of_birth, email, first_name, group_ref, last_name, password, website) values (default, ?, ?, ?, ?, ?, ?, ?)
Hibernate: insert into person (id, date_of_birth, email, first_name, group_ref, last_name, password, website) values (default, ?, ?, ?, ?, ?, ?, ?)
Hibernate: insert into person (id, date_of_birth, email, first_name, group_ref, last_name, password, website) values (default, ?, ?, ?, ?, ?, ?, ?)
Hibernate: insert into person (id, date_of_birth, email, first_name, group_ref, last_name, password, website) values (default, ?, ?, ?, ?, ?, ?, ?)
Hibernate: insert into person (id, date_of_birth, email, first_name, group_ref, last_name, password, website) values (default, ?, ?, ?, ?, ?, ?, ?)
Hibernate: insert into person (id, date_of_birth, email, first_name, group_ref, last_name, password, website) values (default, ?, ?, ?, ?, ?, ?, ?)
Hibernate: insert into person (id, date_of_birth, email, first_name, group_ref, last_name, password, website) values (default, ?, ?, ?, ?, ?, ?, ?)
Hibernate: insert into person (id, date_of_birth, email, first_name, group_ref, last_name, password, website) values (default, ?, ?, ?, ?, ?, ?, ?)
Hibernate: insert into person (id, date_of_birth, email, first_name, group_ref, last_name, password, website) values (default, ?, ?, ?, ?, ?, ?, ?)
Hibernate: insert into person (id, date_of_birth, email, first_name, group_ref, last_name, password, website) values (default, ?, ?, ?, ?, ?, ?, ?)
Hibernate: insert into person (id, date_of_birth, email, first_name, group_ref, last_name, password, website) values (default, ?, ?, ?, ?, ?, ?, ?)
Hibernate: insert into person (id, date_of_birth, email, first_name, group_ref, last_name, password, website) values (default, ?, ?, ?, ?, ?, ?, ?)
Hibernate: insert into person (id, date_of_birth, email, first_name, group_ref, last_name, password, website) values (default, ?, ?, ?, ?, ?, ?, ?)
Hibernate: insert into person (id, date_of_birth, email, first_name, group_ref, last_name, password, website) values (default, ?, ?, ?, ?, ?, ?, ?)
Hibernate: insert into person (id, date_of_birth, email, first_name, group_ref, last_name, password, website) values (default, ?, ?, ?, ?, ?, ?, ?)
Hibernate: insert into person (id, date_of_birth, email, first_name, group_ref, last_name, password, website) values (default, ?, ?, ?, ?, ?, ?, ?)
Hibernate: insert into person (id, date_of_birth, email, first_name, group_ref, last_name, password, website) values (default, ?, ?, ?, ?, ?, ?, ?)
Hibernate: insert into person (id, date_of_birth, email, first_name, group_ref, last_name, password, website) values (default, ?, ?, ?, ?, ?, ?, ?)
Hibernate: insert into person (id, date_of_birth, email, first_name, group_ref, last_name, password, website) values (default, ?, ?, ?, ?, ?, ?, ?)
Hibernate: insert into person (id, date_of_birth, email, first_name, group_ref, last_name, password, website) values (default, ?, ?, ?, ?, ?, ?, ?)
Hibernate: insert into person (id, date_of_birth, email, first_name, group_ref, last_name, password, website) values (default, ?, ?, ?, ?, ?, ?, ?)
Hibernate: insert into person (id, date_of_birth, email, first_name, group_ref, last_name, password, website) values (default, ?, ?, ?, ?, ?, ?, ?)
Hibernate: insert into person (id, date_of_birth, email, first_name, group_ref, last_name, password, website) values (default, ?, ?, ?, ?, ?, ?, ?)
Hibernate: insert into person (id, date_of_birth, email, first_name, group_ref, last_name, password, website) values (default, ?, ?, ?, ?, ?, ?, ?)
Hibernate: insert into person (id, date_of_birth, email, first_name, group_ref, last_name, password, website) values (default, ?, ?, ?, ?, ?, ?, ?)
Hibernate: insert into person (id, date_of_birth, email, first_name, group_ref, last_name, password, website) values (default, ?, ?, ?, ?, ?, ?, ?)
Hibernate: insert into person (id, date_of_birth, email, first_name, group_ref, last_name, password, website) values (default, ?, ?, ?, ?, ?, ?, ?)
Hibernate: insert into person (id, date_of_birth, email, first_name, group_ref, last_name, password, website) values (default, ?, ?, ?, ?, ?, ?, ?)
Hibernate: insert into person (id, date_of_birth, email, first_name, group_ref, last_name, password, website) values (default, ?, ?, ?, ?, ?, ?, ?)
Hibernate: insert into person (id, date_of_birth, email, first_name, group_ref, last_name, password, website) values (default, ?, ?, ?, ?, ?, ?, ?)
Hibernate: insert into person (id, date_of_birth, email, first_name, group_ref, last_name, password, website) values (default, ?, ?, ?, ?, ?, ?, ?)
Hibernate: insert into person (id, date_of_birth, email, first_name, group_ref, last_name, password, website) values (default, ?, ?, ?, ?, ?, ?, ?)
Hibernate: insert into person (id, date_of_birth, email, first_name, group_ref, last_name, password, website) values (default, ?, ?, ?, ?, ?, ?, ?)
Hibernate: insert into person (id, date_of_birth, email, first_name, group_ref, last_name, password, website) values (default, ?, ?, ?, ?, ?, ?, ?)
Hibernate: insert into person (id, date_of_birth, email, first_name, group_ref, last_name, password, website) values (default, ?, ?, ?, ?, ?, ?, ?)
Hibernate: insert into person (id, date_of_birth, email, first_name, group_ref, last_name, password, website) values (default, ?, ?, ?, ?, ?, ?, ?)
Hibernate: insert into person (id, date_of_birth, email, first_name, group_ref, last_name, password, website) values (default, ?, ?, ?, ?, ?, ?, ?)
Hibernate: insert into person (id, date_of_birth, email, first_name, group_ref, last_name, password, website) values (default, ?, ?, ?, ?, ?, ?, ?)
Hibernate: insert into person (id, date_of_birth, email, first_name, group_ref, last_name, password, website) values (default, ?, ?, ?, ?, ?, ?, ?)
Hibernate: insert into person (id, date_of_birth, email, first_name, group_ref, last_name, password, website) values (default, ?, ?, ?, ?, ?, ?, ?)
Hibernate: insert into person (id, date_of_birth, email, first_name, group_ref, last_name, password, website) values (default, ?, ?, ?, ?, ?, ?, ?)
Hibernate: insert into person (id, date_of_birth, email, first_name, group_ref, last_name, password, website) values (default, ?, ?, ?, ?, ?, ?, ?)
Hibernate: insert into person (id, date_of_birth, email, first_name, group_ref, last_name, password, website) values (default, ?, ?, ?, ?, ?, ?, ?)
Hibernate: insert into person (id, date_of_birth, email, first_name, group_ref, last_name, password, website) values (default, ?, ?, ?, ?, ?, ?, ?)
Hibernate: insert into person (id, date_of_birth, email, first_name, group_ref, last_name, password, website) values (default, ?, ?, ?, ?, ?, ?, ?)
Hibernate: insert into person (id, date_of_birth, email, first_name, group_ref, last_name, password, website) values (default, ?, ?, ?, ?, ?, ?, ?)
Hibernate: insert into person (id, date_of_birth, email, first_name, group_ref, last_name, password, website) values (default, ?, ?, ?, ?, ?, ?, ?)
Hibernate: insert into person (id, date_of_birth, email, first_name, group_ref, last_name, password, website) values (default, ?, ?, ?, ?, ?, ?, ?)
Hibernate: insert into person (id, date_of_birth, email, first_name, group_ref, last_name, password, website) values (default, ?, ?, ?, ?, ?, ?, ?)
Hibernate: insert into person (id, date_of_birth, email, first_name, group_ref, last_name, password, website) values (default, ?, ?, ?, ?, ?, ?, ?)
Hibernate: insert into person (id, date_of_birth, email, first_name, group_ref, last_name, password, website) values (default, ?, ?, ?, ?, ?, ?, ?)
Hibernate: insert into person (id, date_of_birth, email, first_name, group_ref, last_name, password, website) values (default, ?, ?, ?, ?, ?, ?, ?)
Hibernate: insert into person (id, date_of_birth, email, first_name, group_ref, last_name, password, website) values (default, ?, ?, ?, ?, ?, ?, ?)
Hibernate: insert into person (id, date_of_birth, email, first_name, group_ref, last_name, password, website) values (default, ?, ?, ?, ?, ?, ?, ?)
Hibernate: insert into person (id, date_of_birth, email, first_name, group_ref, last_name, password, website) values (default, ?, ?, ?, ?, ?, ?, ?)
Hibernate: insert into person (id, date_of_birth, email, first_name, group_ref, last_name, password, website) values (default, ?, ?, ?, ?, ?, ?, ?)
Hibernate: insert into person (id, date_of_birth, email, first_name, group_ref, last_name, password, website) values (default, ?, ?, ?, ?, ?, ?, ?)
Hibernate: insert into person (id, date_of_birth, email, first_name, group_ref, last_name, password, website) values (default, ?, ?, ?, ?, ?, ?, ?)
Hibernate: insert into person (id, date_of_birth, email, first_name, group_ref, last_name, password, website) values (default, ?, ?, ?, ?, ?, ?, ?)
Hibernate: insert into person (id, date_of_birth, email, first_name, group_ref, last_name, password, website) values (default, ?, ?, ?, ?, ?, ?, ?)
Hibernate: insert into person (id, date_of_birth, email, first_name, group_ref, last_name, password, website) values (default, ?, ?, ?, ?, ?, ?, ?)
Hibernate: insert into person (id, date_of_birth, email, first_name, group_ref, last_name, password, website) values (default, ?, ?, ?, ?, ?, ?, ?)
Hibernate: insert into person (id, date_of_birth, email, first_name, group_ref, last_name, password, website) values (default, ?, ?, ?, ?, ?, ?, ?)
Hibernate: insert into person (id, date_of_birth, email, first_name, group_ref, last_name, password, website) values (default, ?, ?, ?, ?, ?, ?, ?)
Hibernate: insert into person (id, date_of_birth, email, first_name, group_ref, last_name, password, website) values (default, ?, ?, ?, ?, ?, ?, ?)
Hibernate: insert into person (id, date_of_birth, email, first_name, group_ref, last_name, password, website) values (default, ?, ?, ?, ?, ?, ?, ?)
Hibernate: insert into person (id, date_of_birth, email, first_name, group_ref, last_name, password, website) values (default, ?, ?, ?, ?, ?, ?, ?)
Hibernate: insert into person (id, date_of_birth, email, first_name, group_ref, last_name, password, website) values (default, ?, ?, ?, ?, ?, ?, ?)
Hibernate: insert into person (id, date_of_birth, email, first_name, group_ref, last_name, password, website) values (default, ?, ?, ?, ?, ?, ?, ?)
Hibernate: insert into person (id, date_of_birth, email, first_name, group_ref, last_name, password, website) values (default, ?, ?, ?, ?, ?, ?, ?)
Hibernate: insert into person (id, date_of_birth, email, first_name, group_ref, last_name, password, website) values (default, ?, ?, ?, ?, ?, ?, ?)
Hibernate: insert into person (id, date_of_birth, email, first_name, group_ref, last_name, password, website) values (default, ?, ?, ?, ?, ?, ?, ?)
Hibernate: insert into person (id, date_of_birth, email, first_name, group_ref, last_name, password, website) values (default, ?, ?, ?, ?, ?, ?, ?)
Hibernate: insert into person (id, date_of_birth, email, first_name, group_ref, last_name, password, website) values (default, ?, ?, ?, ?, ?, ?, ?)
Hibernate: insert into person (id, date_of_birth, email, first_name, group_ref, last_name, password, website) values (default, ?, ?, ?, ?, ?, ?, ?)
Hibernate: insert into person (id, date_of_birth, email, first_name, group_ref, last_name, password, website) values (default, ?, ?, ?, ?, ?, ?, ?)
Hibernate: insert into person (id, date_of_birth, email, first_name, group_ref, last_name, password, website) values (default, ?, ?, ?, ?, ?, ?, ?)
Hibernate: insert into person (id, date_of_birth, email, first_name, group_ref, last_name, password, website) values (default, ?, ?, ?, ?, ?, ?, ?)
Hibernate: insert into person (id, date_of_birth, email, first_name, group_ref, last_name, password, website) values (default, ?, ?, ?, ?, ?, ?, ?)
Hibernate: insert into person (id, date_of_birth, email, first_name, group_ref, last_name, password, website) values (default, ?, ?, ?, ?, ?, ?, ?)
Hibernate: insert into person (id, date_of_birth, email, first_name, group_ref, last_name, password, website) values (default, ?, ?, ?, ?, ?, ?, ?)
Hibernate: insert into person (id, date_of_birth, email, first_name, group_ref, last_name, password, website) values (default, ?, ?, ?, ?, ?, ?, ?)
Hibernate: insert into person (id, date_of_birth, email, first_name, group_ref, last_name, password, website) values (default, ?, ?, ?, ?, ?, ?, ?)
Hibernate: insert into person (id, date_of_birth, email, first_name, group_ref, last_name, password, website) values (default, ?, ?, ?, ?, ?, ?, ?)
Hibernate: insert into person (id, date_of_birth, email, first_name, group_ref, last_name, password, website) values (default, ?, ?, ?, ?, ?, ?, ?)
Hibernate: insert into person (id, date_of_birth, email, first_name, group_ref, last_name, password, website) values (default, ?, ?, ?, ?, ?, ?, ?)
Hibernate: insert into person (id, date_of_birth, email, first_name, group_ref, last_name, password, website) values (default, ?, ?, ?, ?, ?, ?, ?)
Hibernate: insert into person (id, date_of_birth, email, first_name, group_ref, last_name, password, website) values (default, ?, ?, ?, ?, ?, ?, ?)
Hibernate: insert into person (id, date_of_birth, email, first_name, group_ref, last_name, password, website) values (default, ?, ?, ?, ?, ?, ?, ?)
Hibernate: insert into person (id, date_of_birth, email, first_name, group_ref, last_name, password, website) values (default, ?, ?, ?, ?, ?, ?, ?)
Hibernate: insert into person (id, date_of_birth, email, first_name, group_ref, last_name, password, website) values (default, ?, ?, ?, ?, ?, ?, ?)
Hibernate: insert into person (id, date_of_birth, email, first_name, group_ref, last_name, password, website) values (default, ?, ?, ?, ?, ?, ?, ?)
Hibernate: insert into person (id, date_of_birth, email, first_name, group_ref, last_name, password, website) values (default, ?, ?, ?, ?, ?, ?, ?)
Hibernate: insert into person (id, date_of_birth, email, first_name, group_ref, last_name, password, website) values (default, ?, ?, ?, ?, ?, ?, ?)
Hibernate: insert into person (id, date_of_birth, email, first_name, group_ref, last_name, password, website) values (default, ?, ?, ?, ?, ?, ?, ?)
Hibernate: insert into person (id, date_of_birth, email, first_name, group_ref, last_name, password, website) values (default, ?, ?, ?, ?, ?, ?, ?)
Hibernate: insert into person (id, date_of_birth, email, first_name, group_ref, last_name, password, website) values (default, ?, ?, ?, ?, ?, ?, ?)
Hibernate: insert into person (id, date_of_birth, email, first_name, group_ref, last_name, password, website) values (default, ?, ?, ?, ?, ?, ?, ?)
Hibernate: insert into person (id, date_of_birth, email, first_name, group_ref, last_name, password, website) values (default, ?, ?, ?, ?, ?, ?, ?)
Hibernate: insert into person (id, date_of_birth, email, first_name, group_ref, last_name, password, website) values (default, ?, ?, ?, ?, ?, ?, ?)
Hibernate: insert into person (id, date_of_birth, email, first_name, group_ref, last_name, password, website) values (default, ?, ?, ?, ?, ?, ?, ?)
Hibernate: insert into person (id, date_of_birth, email, first_name, group_ref, last_name, password, website) values (default, ?, ?, ?, ?, ?, ?, ?)
Hibernate: insert into person (id, date_of_birth, email, first_name, group_ref, last_name, password, website) values (default, ?, ?, ?, ?, ?, ?, ?)
Hibernate: insert into person (id, date_of_birth, email, first_name, group_ref, last_name, password, website) values (default, ?, ?, ?, ?, ?, ?, ?)
Hibernate: insert into person (id, date_of_birth, email, first_name, group_ref, last_name, password, website) values (default, ?, ?, ?, ?, ?, ?, ?)
Hibernate: insert into person (id, date_of_birth, email, first_name, group_ref, last_name, password, website) values (default, ?, ?, ?, ?, ?, ?, ?)
Hibernate: insert into person (id, date_of_birth, email, first_name, group_ref, last_name, password, website) values (default, ?, ?, ?, ?, ?, ?, ?)
Hibernate: insert into person (id, date_of_birth, email, first_name, group_ref, last_name, password, website) values (default, ?, ?, ?, ?, ?, ?, ?)
Hibernate: insert into person (id, date_of_birth, email, first_name, group_ref, last_name, password, website) values (default, ?, ?, ?, ?, ?, ?, ?)
Hibernate: insert into person (id, date_of_birth, email, first_name, group_ref, last_name, password, website) values (default, ?, ?, ?, ?, ?, ?, ?)
Hibernate: insert into person (id, date_of_birth, email, first_name, group_ref, last_name, password, website) values (default, ?, ?, ?, ?, ?, ?, ?)
Hibernate: insert into person (id, date_of_birth, email, first_name, group_ref, last_name, password, website) values (default, ?, ?, ?, ?, ?, ?, ?)
Hibernate: insert into person (id, date_of_birth, email, first_name, group_ref, last_name, password, website) values (default, ?, ?, ?, ?, ?, ?, ?)
Hibernate: insert into person (id, date_of_birth, email, first_name, group_ref, last_name, password, website) values (default, ?, ?, ?, ?, ?, ?, ?)
Hibernate: insert into person (id, date_of_birth, email, first_name, group_ref, last_name, password, website) values (default, ?, ?, ?, ?, ?, ?, ?)
Hibernate: insert into person (id, date_of_birth, email, first_name, group_ref, last_name, password, website) values (default, ?, ?, ?, ?, ?, ?, ?)
Hibernate: insert into person (id, date_of_birth, email, first_name, group_ref, last_name, password, website) values (default, ?, ?, ?, ?, ?, ?, ?)
Hibernate: insert into person (id, date_of_birth, email, first_name, group_ref, last_name, password, website) values (default, ?, ?, ?, ?, ?, ?, ?)
Hibernate: insert into person (id, date_of_birth, email, first_name, group_ref, last_name, password, website) values (default, ?, ?, ?, ?, ?, ?, ?)
Hibernate: insert into person (id, date_of_birth, email, first_name, group_ref, last_name, password, website) values (default, ?, ?, ?, ?, ?, ?, ?)
Hibernate: insert into person (id, date_of_birth, email, first_name, group_ref, last_name, password, website) values (default, ?, ?, ?, ?, ?, ?, ?)
Hibernate: insert into person (id, date_of_birth, email, first_name, group_ref, last_name, password, website) values (default, ?, ?, ?, ?, ?, ?, ?)
Hibernate: insert into person (id, date_of_birth, email, first_name, group_ref, last_name, password, website) values (default, ?, ?, ?, ?, ?, ?, ?)
Hibernate: insert into person (id, date_of_birth, email, first_name, group_ref, last_name, password, website) values (default, ?, ?, ?, ?, ?, ?, ?)
Hibernate: insert into person (id, date_of_birth, email, first_name, group_ref, last_name, password, website) values (default, ?, ?, ?, ?, ?, ?, ?)
Hibernate: insert into person (id, date_of_birth, email, first_name, group_ref, last_name, password, website) values (default, ?, ?, ?, ?, ?, ?, ?)
Hibernate: insert into person (id, date_of_birth, email, first_name, group_ref, last_name, password, website) values (default, ?, ?, ?, ?, ?, ?, ?)
Hibernate: insert into person (id, date_of_birth, email, first_name, group_ref, last_name, password, website) values (default, ?, ?, ?, ?, ?, ?, ?)
Hibernate: insert into person (id, date_of_birth, email, first_name, group_ref, last_name, password, website) values (default, ?, ?, ?, ?, ?, ?, ?)
Hibernate: insert into person (id, date_of_birth, email, first_name, group_ref, last_name, password, website) values (default, ?, ?, ?, ?, ?, ?, ?)
Hibernate: insert into person (id, date_of_birth, email, first_name, group_ref, last_name, password, website) values (default, ?, ?, ?, ?, ?, ?, ?)
Hibernate: insert into person (id, date_of_birth, email, first_name, group_ref, last_name, password, website) values (default, ?, ?, ?, ?, ?, ?, ?)
Hibernate: insert into person (id, date_of_birth, email, first_name, group_ref, last_name, password, website) values (default, ?, ?, ?, ?, ?, ?, ?)
Hibernate: insert into person (id, date_of_birth, email, first_name, group_ref, last_name, password, website) values (default, ?, ?, ?, ?, ?, ?, ?)
Hibernate: insert into person (id, date_of_birth, email, first_name, group_ref, last_name, password, website) values (default, ?, ?, ?, ?, ?, ?, ?)
Hibernate: insert into person (id, date_of_birth, email, first_name, group_ref, last_name, password, website) values (default, ?, ?, ?, ?, ?, ?, ?)
Hibernate: insert into person (id, date_of_birth, email, first_name, group_ref, last_name, password, website) values (default, ?, ?, ?, ?, ?, ?, ?)
Hibernate: insert into person (id, date_of_birth, email, first_name, group_ref, last_name, password, website) values (default, ?, ?, ?, ?, ?, ?, ?)
Hibernate: insert into person (id, date_of_birth, email, first_name, group_ref, last_name, password, website) values (default, ?, ?, ?, ?, ?, ?, ?)
Hibernate: insert into person (id, date_of_birth, email, first_name, group_ref, last_name, password, website) values (default, ?, ?, ?, ?, ?, ?, ?)
Hibernate: insert into person (id, date_of_birth, email, first_name, group_ref, last_name, password, website) values (default, ?, ?, ?, ?, ?, ?, ?)
Hibernate: insert into person (id, date_of_birth, email, first_name, group_ref, last_name, password, website) values (default, ?, ?, ?, ?, ?, ?, ?)
Hibernate: insert into person (id, date_of_birth, email, first_name, group_ref, last_name, password, website) values (default, ?, ?, ?, ?, ?, ?, ?)
Hibernate: insert into person (id, date_of_birth, email, first_name, group_ref, last_name, password, website) values (default, ?, ?, ?, ?, ?, ?, ?)
Hibernate: insert into person (id, date_of_birth, email, first_name, group_ref, last_name, password, website) values (default, ?, ?, ?, ?, ?, ?, ?)
Hibernate: insert into person (id, date_of_birth, email, first_name, group_ref, last_name, password, website) values (default, ?, ?, ?, ?, ?, ?, ?)
Hibernate: insert into person (id, date_of_birth, email, first_name, group_ref, last_name, password, website) values (default, ?, ?, ?, ?, ?, ?, ?)
Hibernate: insert into person (id, date_of_birth, email, first_name, group_ref, last_name, password, website) values (default, ?, ?, ?, ?, ?, ?, ?)
Hibernate: insert into person (id, date_of_birth, email, first_name, group_ref, last_name, password, website) values (default, ?, ?, ?, ?, ?, ?, ?)
Hibernate: insert into person (id, date_of_birth, email, first_name, group_ref, last_name, password, website) values (default, ?, ?, ?, ?, ?, ?, ?)
Hibernate: insert into person (id, date_of_birth, email, first_name, group_ref, last_name, password, website) values (default, ?, ?, ?, ?, ?, ?, ?)
Hibernate: insert into person (id, date_of_birth, email, first_name, group_ref, last_name, password, website) values (default, ?, ?, ?, ?, ?, ?, ?)
Hibernate: insert into person (id, date_of_birth, email, first_name, group_ref, last_name, password, website) values (default, ?, ?, ?, ?, ?, ?, ?)
Hibernate: insert into person (id, date_of_birth, email, first_name, group_ref, last_name, password, website) values (default, ?, ?, ?, ?, ?, ?, ?)
Hibernate: insert into person (id, date_of_birth, email, first_name, group_ref, last_name, password, website) values (default, ?, ?, ?, ?, ?, ?, ?)
Hibernate: insert into person (id, date_of_birth, email, first_name, group_ref, last_name, password, website) values (default, ?, ?, ?, ?, ?, ?, ?)
Hibernate: insert into person (id, date_of_birth, email, first_name, group_ref, last_name, password, website) values (default, ?, ?, ?, ?, ?, ?, ?)
Hibernate: insert into person (id, date_of_birth, email, first_name, group_ref, last_name, password, website) values (default, ?, ?, ?, ?, ?, ?, ?)
Hibernate: insert into person (id, date_of_birth, email, first_name, group_ref, last_name, password, website) values (default, ?, ?, ?, ?, ?, ?, ?)
Hibernate: insert into person (id, date_of_birth, email, first_name, group_ref, last_name, password, website) values (default, ?, ?, ?, ?, ?, ?, ?)
Hibernate: insert into person (id, date_of_birth, email, first_name, group_ref, last_name, password, website) values (default, ?, ?, ?, ?, ?, ?, ?)
Hibernate: insert into person (id, date_of_birth, email, first_name, group_ref, last_name, password, website) values (default, ?, ?, ?, ?, ?, ?, ?)
Hibernate: insert into person (id, date_of_birth, email, first_name, group_ref, last_name, password, website) values (default, ?, ?, ?, ?, ?, ?, ?)
Hibernate: insert into person (id, date_of_birth, email, first_name, group_ref, last_name, password, website) values (default, ?, ?, ?, ?, ?, ?, ?)
Hibernate: insert into person (id, date_of_birth, email, first_name, group_ref, last_name, password, website) values (default, ?, ?, ?, ?, ?, ?, ?)
Hibernate: insert into person (id, date_of_birth, email, first_name, group_ref, last_name, password, website) values (default, ?, ?, ?, ?, ?, ?, ?)
Hibernate: insert into person (id, date_of_birth, email, first_name, group_ref, last_name, password, website) values (default, ?, ?, ?, ?, ?, ?, ?)
Hibernate: insert into person (id, date_of_birth, email, first_name, group_ref, last_name, password, website) values (default, ?, ?, ?, ?, ?, ?, ?)
Hibernate: insert into person (id, date_of_birth, email, first_name, group_ref, last_name, password, website) values (default, ?, ?, ?, ?, ?, ?, ?)
Hibernate: insert into person (id, date_of_birth, email, first_name, group_ref, last_name, password, website) values (default, ?, ?, ?, ?, ?, ?, ?)
Hibernate: insert into person (id, date_of_birth, email, first_name, group_ref, last_name, password, website) values (default, ?, ?, ?, ?, ?, ?, ?)
Hibernate: insert into person (id, date_of_birth, email, first_name, group_ref, last_name, password, website) values (default, ?, ?, ?, ?, ?, ?, ?)
Hibernate: insert into person (id, date_of_birth, email, first_name, group_ref, last_name, password, website) values (default, ?, ?, ?, ?, ?, ?, ?)
Hibernate: insert into person (id, date_of_birth, email, first_name, group_ref, last_name, password, website) values (default, ?, ?, ?, ?, ?, ?, ?)
Hibernate: insert into person (id, date_of_birth, email, first_name, group_ref, last_name, password, website) values (default, ?, ?, ?, ?, ?, ?, ?)
Hibernate: insert into person (id, date_of_birth, email, first_name, group_ref, last_name, password, website) values (default, ?, ?, ?, ?, ?, ?, ?)
Hibernate: insert into person (id, date_of_birth, email, first_name, group_ref, last_name, password, website) values (default, ?, ?, ?, ?, ?, ?, ?)
Hibernate: insert into person (id, date_of_birth, email, first_name, group_ref, last_name, password, website) values (default, ?, ?, ?, ?, ?, ?, ?)
Hibernate: insert into person (id, date_of_birth, email, first_name, group_ref, last_name, password, website) values (default, ?, ?, ?, ?, ?, ?, ?)
Hibernate: insert into person (id, date_of_birth, email, first_name, group_ref, last_name, password, website) values (default, ?, ?, ?, ?, ?, ?, ?)
Hibernate: insert into person (id, date_of_birth, email, first_name, group_ref, last_name, password, website) values (default, ?, ?, ?, ?, ?, ?, ?)
Hibernate: insert into person (id, date_of_birth, email, first_name, group_ref, last_name, password, website) values (default, ?, ?, ?, ?, ?, ?, ?)
Hibernate: insert into person (id, date_of_birth, email, first_name, group_ref, last_name, password, website) values (default, ?, ?, ?, ?, ?, ?, ?)
Hibernate: insert into person (id, date_of_birth, email, first_name, group_ref, last_name, password, website) values (default, ?, ?, ?, ?, ?, ?, ?)
Hibernate: insert into person (id, date_of_birth, email, first_name, group_ref, last_name, password, website) values (default, ?, ?, ?, ?, ?, ?, ?)
Hibernate: insert into person (id, date_of_birth, email, first_name, group_ref, last_name, password, website) values (default, ?, ?, ?, ?, ?, ?, ?)
Hibernate: insert into person (id, date_of_birth, email, first_name, group_ref, last_name, password, website) values (default, ?, ?, ?, ?, ?, ?, ?)
Hibernate: insert into person (id, date_of_birth, email, first_name, group_ref, last_name, password, website) values (default, ?, ?, ?, ?, ?, ?, ?)
Hibernate: insert into person (id, date_of_birth, email, first_name, group_ref, last_name, password, website) values (default, ?, ?, ?, ?, ?, ?, ?)
Hibernate: insert into person (id, date_of_birth, email, first_name, group_ref, last_name, password, website) values (default, ?, ?, ?, ?, ?, ?, ?)
Hibernate: insert into person (id, date_of_birth, email, first_name, group_ref, last_name, password, website) values (default, ?, ?, ?, ?, ?, ?, ?)
Hibernate: insert into person (id, date_of_birth, email, first_name, group_ref, last_name, password, website) values (default, ?, ?, ?, ?, ?, ?, ?)
Hibernate: insert into person (id, date_of_birth, email, first_name, group_ref, last_name, password, website) values (default, ?, ?, ?, ?, ?, ?, ?)
Hibernate: insert into person (id, date_of_birth, email, first_name, group_ref, last_name, password, website) values (default, ?, ?, ?, ?, ?, ?, ?)
Hibernate: insert into person (id, date_of_birth, email, first_name, group_ref, last_name, password, website) values (default, ?, ?, ?, ?, ?, ?, ?)
Hibernate: insert into person (id, date_of_birth, email, first_name, group_ref, last_name, password, website) values (default, ?, ?, ?, ?, ?, ?, ?)
Hibernate: insert into person (id, date_of_birth, email, first_name, group_ref, last_name, password, website) values (default, ?, ?, ?, ?, ?, ?, ?)
Hibernate: insert into person (id, date_of_birth, email, first_name, group_ref, last_name, password, website) values (default, ?, ?, ?, ?, ?, ?, ?)
Hibernate: insert into person (id, date_of_birth, email, first_name, group_ref, last_name, password, website) values (default, ?, ?, ?, ?, ?, ?, ?)
Hibernate: insert into person (id, date_of_birth, email, first_name, group_ref, last_name, password, website) values (default, ?, ?, ?, ?, ?, ?, ?)
Hibernate: insert into person (id, date_of_birth, email, first_name, group_ref, last_name, password, website) values (default, ?, ?, ?, ?, ?, ?, ?)
Hibernate: insert into person (id, date_of_birth, email, first_name, group_ref, last_name, password, website) values (default, ?, ?, ?, ?, ?, ?, ?)
Hibernate: insert into person (id, date_of_birth, email, first_name, group_ref, last_name, password, website) values (default, ?, ?, ?, ?, ?, ?, ?)
Hibernate: insert into person (id, date_of_birth, email, first_name, group_ref, last_name, password, website) values (default, ?, ?, ?, ?, ?, ?, ?)
Hibernate: insert into person (id, date_of_birth, email, first_name, group_ref, last_name, password, website) values (default, ?, ?, ?, ?, ?, ?, ?)
Hibernate: insert into person (id, date_of_birth, email, first_name, group_ref, last_name, password, website) values (default, ?, ?, ?, ?, ?, ?, ?)
Hibernate: insert into person (id, date_of_birth, email, first_name, group_ref, last_name, password, website) values (default, ?, ?, ?, ?, ?, ?, ?)
Hibernate: insert into person (id, date_of_birth, email, first_name, group_ref, last_name, password, website) values (default, ?, ?, ?, ?, ?, ?, ?)
Hibernate: insert into person (id, date_of_birth, email, first_name, group_ref, last_name, password, website) values (default, ?, ?, ?, ?, ?, ?, ?)
Hibernate: insert into person (id, date_of_birth, email, first_name, group_ref, last_name, password, website) values (default, ?, ?, ?, ?, ?, ?, ?)
Hibernate: insert into person (id, date_of_birth, email, first_name, group_ref, last_name, password, website) values (default, ?, ?, ?, ?, ?, ?, ?)
Hibernate: insert into person (id, date_of_birth, email, first_name, group_ref, last_name, password, website) values (default, ?, ?, ?, ?, ?, ?, ?)
Hibernate: insert into person (id, date_of_birth, email, first_name, group_ref, last_name, password, website) values (default, ?, ?, ?, ?, ?, ?, ?)
Hibernate: insert into person (id, date_of_birth, email, first_name, group_ref, last_name, password, website) values (default, ?, ?, ?, ?, ?, ?, ?)
Hibernate: insert into person (id, date_of_birth, email, first_name, group_ref, last_name, password, website) values (default, ?, ?, ?, ?, ?, ?, ?)
Hibernate: insert into person (id, date_of_birth, email, first_name, group_ref, last_name, password, website) values (default, ?, ?, ?, ?, ?, ?, ?)
Hibernate: insert into person (id, date_of_birth, email, first_name, group_ref, last_name, password, website) values (default, ?, ?, ?, ?, ?, ?, ?)
Hibernate: insert into person (id, date_of_birth, email, first_name, group_ref, last_name, password, website) values (default, ?, ?, ?, ?, ?, ?, ?)
Hibernate: insert into person (id, date_of_birth, email, first_name, group_ref, last_name, password, website) values (default, ?, ?, ?, ?, ?, ?, ?)
Hibernate: insert into person (id, date_of_birth, email, first_name, group_ref, last_name, password, website) values (default, ?, ?, ?, ?, ?, ?, ?)
Hibernate: insert into person (id, date_of_birth, email, first_name, group_ref, last_name, password, website) values (default, ?, ?, ?, ?, ?, ?, ?)
Hibernate: insert into person (id, date_of_birth, email, first_name, group_ref, last_name, password, website) values (default, ?, ?, ?, ?, ?, ?, ?)
Hibernate: insert into person (id, date_of_birth, email, first_name, group_ref, last_name, password, website) values (default, ?, ?, ?, ?, ?, ?, ?)
Hibernate: insert into person (id, date_of_birth, email, first_name, group_ref, last_name, password, website) values (default, ?, ?, ?, ?, ?, ?, ?)
Hibernate: insert into person (id, date_of_birth, email, first_name, group_ref, last_name, password, website) values (default, ?, ?, ?, ?, ?, ?, ?)
Hibernate: insert into person (id, date_of_birth, email, first_name, group_ref, last_name, password, website) values (default, ?, ?, ?, ?, ?, ?, ?)
Hibernate: insert into person (id, date_of_birth, email, first_name, group_ref, last_name, password, website) values (default, ?, ?, ?, ?, ?, ?, ?)
Hibernate: insert into person (id, date_of_birth, email, first_name, group_ref, last_name, password, website) values (default, ?, ?, ?, ?, ?, ?, ?)
Hibernate: insert into person (id, date_of_birth, email, first_name, group_ref, last_name, password, website) values (default, ?, ?, ?, ?, ?, ?, ?)
Hibernate: insert into person (id, date_of_birth, email, first_name, group_ref, last_name, password, website) values (default, ?, ?, ?, ?, ?, ?, ?)
Hibernate: insert into person (id, date_of_birth, email, first_name, group_ref, last_name, password, website) values (default, ?, ?, ?, ?, ?, ?, ?)
Hibernate: insert into person (id, date_of_birth, email, first_name, group_ref, last_name, password, website) values (default, ?, ?, ?, ?, ?, ?, ?)
Hibernate: insert into person (id, date_of_birth, email, first_name, group_ref, last_name, password, website) values (default, ?, ?, ?, ?, ?, ?, ?)
Hibernate: insert into person (id, date_of_birth, email, first_name, group_ref, last_name, password, website) values (default, ?, ?, ?, ?, ?, ?, ?)
Hibernate: insert into person (id, date_of_birth, email, first_name, group_ref, last_name, password, website) values (default, ?, ?, ?, ?, ?, ?, ?)
Hibernate: insert into person (id, date_of_birth, email, first_name, group_ref, last_name, password, website) values (default, ?, ?, ?, ?, ?, ?, ?)
Hibernate: insert into person (id, date_of_birth, email, first_name, group_ref, last_name, password, website) values (default, ?, ?, ?, ?, ?, ?, ?)
Hibernate: insert into person (id, date_of_birth, email, first_name, group_ref, last_name, password, website) values (default, ?, ?, ?, ?, ?, ?, ?)
Hibernate: insert into person (id, date_of_birth, email, first_name, group_ref, last_name, password, website) values (default, ?, ?, ?, ?, ?, ?, ?)
Hibernate: insert into person (id, date_of_birth, email, first_name, group_ref, last_name, password, website) values (default, ?, ?, ?, ?, ?, ?, ?)
Hibernate: insert into person (id, date_of_birth, email, first_name, group_ref, last_name, password, website) values (default, ?, ?, ?, ?, ?, ?, ?)
Hibernate: insert into person (id, date_of_birth, email, first_name, group_ref, last_name, password, website) values (default, ?, ?, ?, ?, ?, ?, ?)
Hibernate: insert into person (id, date_of_birth, email, first_name, group_ref, last_name, password, website) values (default, ?, ?, ?, ?, ?, ?, ?)
Hibernate: insert into person (id, date_of_birth, email, first_name, group_ref, last_name, password, website) values (default, ?, ?, ?, ?, ?, ?, ?)
Hibernate: insert into person (id, date_of_birth, email, first_name, group_ref, last_name, password, website) values (default, ?, ?, ?, ?, ?, ?, ?)
Hibernate: insert into person (id, date_of_birth, email, first_name, group_ref, last_name, password, website) values (default, ?, ?, ?, ?, ?, ?, ?)
Hibernate: insert into person (id, date_of_birth, email, first_name, group_ref, last_name, password, website) values (default, ?, ?, ?, ?, ?, ?, ?)
Hibernate: insert into person (id, date_of_birth, email, first_name, group_ref, last_name, password, website) values (default, ?, ?, ?, ?, ?, ?, ?)
Hibernate: insert into person (id, date_of_birth, email, first_name, group_ref, last_name, password, website) values (default, ?, ?, ?, ?, ?, ?, ?)
Hibernate: insert into person (id, date_of_birth, email, first_name, group_ref, last_name, password, website) values (default, ?, ?, ?, ?, ?, ?, ?)
Hibernate: insert into person (id, date_of_birth, email, first_name, group_ref, last_name, password, website) values (default, ?, ?, ?, ?, ?, ?, ?)
Hibernate: insert into person (id, date_of_birth, email, first_name, group_ref, last_name, password, website) values (default, ?, ?, ?, ?, ?, ?, ?)
Hibernate: insert into person (id, date_of_birth, email, first_name, group_ref, last_name, password, website) values (default, ?, ?, ?, ?, ?, ?, ?)
Hibernate: insert into person (id, date_of_birth, email, first_name, group_ref, last_name, password, website) values (default, ?, ?, ?, ?, ?, ?, ?)
Hibernate: insert into person (id, date_of_birth, email, first_name, group_ref, last_name, password, website) values (default, ?, ?, ?, ?, ?, ?, ?)
Hibernate: insert into person (id, date_of_birth, email, first_name, group_ref, last_name, password, website) values (default, ?, ?, ?, ?, ?, ?, ?)
Hibernate: insert into person (id, date_of_birth, email, first_name, group_ref, last_name, password, website) values (default, ?, ?, ?, ?, ?, ?, ?)
Hibernate: insert into person (id, date_of_birth, email, first_name, group_ref, last_name, password, website) values (default, ?, ?, ?, ?, ?, ?, ?)
Hibernate: insert into person (id, date_of_birth, email, first_name, group_ref, last_name, password, website) values (default, ?, ?, ?, ?, ?, ?, ?)
Hibernate: insert into person (id, date_of_birth, email, first_name, group_ref, last_name, password, website) values (default, ?, ?, ?, ?, ?, ?, ?)
Hibernate: insert into person (id, date_of_birth, email, first_name, group_ref, last_name, password, website) values (default, ?, ?, ?, ?, ?, ?, ?)
Hibernate: insert into person (id, date_of_birth, email, first_name, group_ref, last_name, password, website) values (default, ?, ?, ?, ?, ?, ?, ?)
Hibernate: insert into person (id, date_of_birth, email, first_name, group_ref, last_name, password, website) values (default, ?, ?, ?, ?, ?, ?, ?)
Hibernate: insert into person (id, date_of_birth, email, first_name, group_ref, last_name, password, website) values (default, ?, ?, ?, ?, ?, ?, ?)
Hibernate: insert into person (id, date_of_birth, email, first_name, group_ref, last_name, password, website) values (default, ?, ?, ?, ?, ?, ?, ?)
Hibernate: insert into person (id, date_of_birth, email, first_name, group_ref, last_name, password, website) values (default, ?, ?, ?, ?, ?, ?, ?)
Hibernate: insert into person (id, date_of_birth, email, first_name, group_ref, last_name, password, website) values (default, ?, ?, ?, ?, ?, ?, ?)
Hibernate: insert into person (id, date_of_birth, email, first_name, group_ref, last_name, password, website) values (default, ?, ?, ?, ?, ?, ?, ?)
Hibernate: insert into person (id, date_of_birth, email, first_name, group_ref, last_name, password, website) values (default, ?, ?, ?, ?, ?, ?, ?)
Hibernate: insert into person (id, date_of_birth, email, first_name, group_ref, last_name, password, website) values (default, ?, ?, ?, ?, ?, ?, ?)
Hibernate: insert into person (id, date_of_birth, email, first_name, group_ref, last_name, password, website) values (default, ?, ?, ?, ?, ?, ?, ?)
Hibernate: insert into person (id, date_of_birth, email, first_name, group_ref, last_name, password, website) values (default, ?, ?, ?, ?, ?, ?, ?)
Hibernate: insert into person (id, date_of_birth, email, first_name, group_ref, last_name, password, website) values (default, ?, ?, ?, ?, ?, ?, ?)
Hibernate: insert into person (id, date_of_birth, email, first_name, group_ref, last_name, password, website) values (default, ?, ?, ?, ?, ?, ?, ?)
Hibernate: insert into person (id, date_of_birth, email, first_name, group_ref, last_name, password, website) values (default, ?, ?, ?, ?, ?, ?, ?)
Hibernate: insert into person (id, date_of_birth, email, first_name, group_ref, last_name, password, website) values (default, ?, ?, ?, ?, ?, ?, ?)
Hibernate: insert into person (id, date_of_birth, email, first_name, group_ref, last_name, password, website) values (default, ?, ?, ?, ?, ?, ?, ?)
Hibernate: insert into person (id, date_of_birth, email, first_name, group_ref, last_name, password, website) values (default, ?, ?, ?, ?, ?, ?, ?)
Hibernate: insert into person (id, date_of_birth, email, first_name, group_ref, last_name, password, website) values (default, ?, ?, ?, ?, ?, ?, ?)
Hibernate: insert into person (id, date_of_birth, email, first_name, group_ref, last_name, password, website) values (default, ?, ?, ?, ?, ?, ?, ?)
Hibernate: insert into person (id, date_of_birth, email, first_name, group_ref, last_name, password, website) values (default, ?, ?, ?, ?, ?, ?, ?)
Hibernate: insert into person (id, date_of_birth, email, first_name, group_ref, last_name, password, website) values (default, ?, ?, ?, ?, ?, ?, ?)
Hibernate: insert into person (id, date_of_birth, email, first_name, group_ref, last_name, password, website) values (default, ?, ?, ?, ?, ?, ?, ?)
Hibernate: insert into person (id, date_of_birth, email, first_name, group_ref, last_name, password, website) values (default, ?, ?, ?, ?, ?, ?, ?)
Hibernate: insert into person (id, date_of_birth, email, first_name, group_ref, last_name, password, website) values (default, ?, ?, ?, ?, ?, ?, ?)
Hibernate: insert into person (id, date_of_birth, email, first_name, group_ref, last_name, password, website) values (default, ?, ?, ?, ?, ?, ?, ?)
Hibernate: insert into person (id, date_of_birth, email, first_name, group_ref, last_name, password, website) values (default, ?, ?, ?, ?, ?, ?, ?)
Hibernate: insert into person (id, date_of_birth, email, first_name, group_ref, last_name, password, website) values (default, ?, ?, ?, ?, ?, ?, ?)
Hibernate: insert into person (id, date_of_birth, email, first_name, group_ref, last_name, password, website) values (default, ?, ?, ?, ?, ?, ?, ?)
Hibernate: insert into person (id, date_of_birth, email, first_name, group_ref, last_name, password, website) values (default, ?, ?, ?, ?, ?, ?, ?)
Hibernate: insert into person (id, date_of_birth, email, first_name, group_ref, last_name, password, website) values (default, ?, ?, ?, ?, ?, ?, ?)
Hibernate: insert into person (id, date_of_birth, email, first_name, group_ref, last_name, password, website) values (default, ?, ?, ?, ?, ?, ?, ?)
Hibernate: insert into person (id, date_of_birth, email, first_name, group_ref, last_name, password, website) values (default, ?, ?, ?, ?, ?, ?, ?)
Hibernate: insert into person (id, date_of_birth, email, first_name, group_ref, last_name, password, website) values (default, ?, ?, ?, ?, ?, ?, ?)
Hibernate: insert into person (id, date_of_birth, email, first_name, group_ref, last_name, password, website) values (default, ?, ?, ?, ?, ?, ?, ?)
Hibernate: insert into person (id, date_of_birth, email, first_name, group_ref, last_name, password, website) values (default, ?, ?, ?, ?, ?, ?, ?)
Hibernate: insert into person (id, date_of_birth, email, first_name, group_ref, last_name, password, website) values (default, ?, ?, ?, ?, ?, ?, ?)
Hibernate: insert into person (id, date_of_birth, email, first_name, group_ref, last_name, password, website) values (default, ?, ?, ?, ?, ?, ?, ?)
Hibernate: insert into person (id, date_of_birth, email, first_name, group_ref, last_name, password, website) values (default, ?, ?, ?, ?, ?, ?, ?)
Hibernate: insert into person (id, date_of_birth, email, first_name, group_ref, last_name, password, website) values (default, ?, ?, ?, ?, ?, ?, ?)
Hibernate: insert into person (id, date_of_birth, email, first_name, group_ref, last_name, password, website) values (default, ?, ?, ?, ?, ?, ?, ?)
Hibernate: insert into person (id, date_of_birth, email, first_name, group_ref, last_name, password, website) values (default, ?, ?, ?, ?, ?, ?, ?)
Hibernate: insert into person (id, date_of_birth, email, first_name, group_ref, last_name, password, website) values (default, ?, ?, ?, ?, ?, ?, ?)
Hibernate: insert into person (id, date_of_birth, email, first_name, group_ref, last_name, password, website) values (default, ?, ?, ?, ?, ?, ?, ?)
Hibernate: insert into person (id, date_of_birth, email, first_name, group_ref, last_name, password, website) values (default, ?, ?, ?, ?, ?, ?, ?)
Hibernate: insert into person (id, date_of_birth, email, first_name, group_ref, last_name, password, website) values (default, ?, ?, ?, ?, ?, ?, ?)
Hibernate: insert into person (id, date_of_birth, email, first_name, group_ref, last_name, password, website) values (default, ?, ?, ?, ?, ?, ?, ?)
Hibernate: insert into person (id, date_of_birth, email, first_name, group_ref, last_name, password, website) values (default, ?, ?, ?, ?, ?, ?, ?)
Hibernate: insert into person (id, date_of_birth, email, first_name, group_ref, last_name, password, website) values (default, ?, ?, ?, ?, ?, ?, ?)
Hibernate: insert into person (id, date_of_birth, email, first_name, group_ref, last_name, password, website) values (default, ?, ?, ?, ?, ?, ?, ?)
Hibernate: insert into person (id, date_of_birth, email, first_name, group_ref, last_name, password, website) values (default, ?, ?, ?, ?, ?, ?, ?)
Hibernate: insert into person (id, date_of_birth, email, first_name, group_ref, last_name, password, website) values (default, ?, ?, ?, ?, ?, ?, ?)
Hibernate: insert into person (id, date_of_birth, email, first_name, group_ref, last_name, password, website) values (default, ?, ?, ?, ?, ?, ?, ?)
Hibernate: insert into person (id, date_of_birth, email, first_name, group_ref, last_name, password, website) values (default, ?, ?, ?, ?, ?, ?, ?)
Hibernate: insert into person (id, date_of_birth, email, first_name, group_ref, last_name, password, website) values (default, ?, ?, ?, ?, ?, ?, ?)
Hibernate: insert into person (id, date_of_birth, email, first_name, group_ref, last_name, password, website) values (default, ?, ?, ?, ?, ?, ?, ?)
Hibernate: insert into person (id, date_of_birth, email, first_name, group_ref, last_name, password, website) values (default, ?, ?, ?, ?, ?, ?, ?)
Hibernate: insert into person (id, date_of_birth, email, first_name, group_ref, last_name, password, website) values (default, ?, ?, ?, ?, ?, ?, ?)
Hibernate: insert into person (id, date_of_birth, email, first_name, group_ref, last_name, password, website) values (default, ?, ?, ?, ?, ?, ?, ?)
Hibernate: insert into person (id, date_of_birth, email, first_name, group_ref, last_name, password, website) values (default, ?, ?, ?, ?, ?, ?, ?)
Hibernate: insert into person (id, date_of_birth, email, first_name, group_ref, last_name, password, website) values (default, ?, ?, ?, ?, ?, ?, ?)
Hibernate: insert into person (id, date_of_birth, email, first_name, group_ref, last_name, password, website) values (default, ?, ?, ?, ?, ?, ?, ?)
Hibernate: insert into person (id, date_of_birth, email, first_name, group_ref, last_name, password, website) values (default, ?, ?, ?, ?, ?, ?, ?)
Hibernate: insert into person (id, date_of_birth, email, first_name, group_ref, last_name, password, website) values (default, ?, ?, ?, ?, ?, ?, ?)
Hibernate: insert into person (id, date_of_birth, email, first_name, group_ref, last_name, password, website) values (default, ?, ?, ?, ?, ?, ?, ?)
Hibernate: insert into person (id, date_of_birth, email, first_name, group_ref, last_name, password, website) values (default, ?, ?, ?, ?, ?, ?, ?)
Hibernate: insert into person (id, date_of_birth, email, first_name, group_ref, last_name, password, website) values (default, ?, ?, ?, ?, ?, ?, ?)
Hibernate: insert into person (id, date_of_birth, email, first_name, group_ref, last_name, password, website) values (default, ?, ?, ?, ?, ?, ?, ?)
Hibernate: insert into person (id, date_of_birth, email, first_name, group_ref, last_name, password, website) values (default, ?, ?, ?, ?, ?, ?, ?)
Hibernate: insert into person (id, date_of_birth, email, first_name, group_ref, last_name, password, website) values (default, ?, ?, ?, ?, ?, ?, ?)
Hibernate: insert into person (id, date_of_birth, email, first_name, group_ref, last_name, password, website) values (default, ?, ?, ?, ?, ?, ?, ?)
Hibernate: insert into person (id, date_of_birth, email, first_name, group_ref, last_name, password, website) values (default, ?, ?, ?, ?, ?, ?, ?)
Hibernate: insert into person (id, date_of_birth, email, first_name, group_ref, last_name, password, website) values (default, ?, ?, ?, ?, ?, ?, ?)
Hibernate: insert into person (id, date_of_birth, email, first_name, group_ref, last_name, password, website) values (default, ?, ?, ?, ?, ?, ?, ?)
Hibernate: insert into person (id, date_of_birth, email, first_name, group_ref, last_name, password, website) values (default, ?, ?, ?, ?, ?, ?, ?)
Hibernate: insert into person (id, date_of_birth, email, first_name, group_ref, last_name, password, website) values (default, ?, ?, ?, ?, ?, ?, ?)
Hibernate: insert into person (id, date_of_birth, email, first_name, group_ref, last_name, password, website) values (default, ?, ?, ?, ?, ?, ?, ?)
Hibernate: insert into person (id, date_of_birth, email, first_name, group_ref, last_name, password, website) values (default, ?, ?, ?, ?, ?, ?, ?)
Hibernate: insert into person (id, date_of_birth, email, first_name, group_ref, last_name, password, website) values (default, ?, ?, ?, ?, ?, ?, ?)
Hibernate: insert into person (id, date_of_birth, email, first_name, group_ref, last_name, password, website) values (default, ?, ?, ?, ?, ?, ?, ?)
Hibernate: insert into person (id, date_of_birth, email, first_name, group_ref, last_name, password, website) values (default, ?, ?, ?, ?, ?, ?, ?)
Hibernate: insert into person (id, date_of_birth, email, first_name, group_ref, last_name, password, website) values (default, ?, ?, ?, ?, ?, ?, ?)
Hibernate: insert into person (id, date_of_birth, email, first_name, group_ref, last_name, password, website) values (default, ?, ?, ?, ?, ?, ?, ?)
Hibernate: insert into person (id, date_of_birth, email, first_name, group_ref, last_name, password, website) values (default, ?, ?, ?, ?, ?, ?, ?)
Hibernate: insert into person (id, date_of_birth, email, first_name, group_ref, last_name, password, website) values (default, ?, ?, ?, ?, ?, ?, ?)
Hibernate: insert into person (id, date_of_birth, email, first_name, group_ref, last_name, password, website) values (default, ?, ?, ?, ?, ?, ?, ?)
Hibernate: insert into person (id, date_of_birth, email, first_name, group_ref, last_name, password, website) values (default, ?, ?, ?, ?, ?, ?, ?)
Hibernate: insert into person (id, date_of_birth, email, first_name, group_ref, last_name, password, website) values (default, ?, ?, ?, ?, ?, ?, ?)
Hibernate: insert into person (id, date_of_birth, email, first_name, group_ref, last_name, password, website) values (default, ?, ?, ?, ?, ?, ?, ?)
Hibernate: insert into person (id, date_of_birth, email, first_name, group_ref, last_name, password, website) values (default, ?, ?, ?, ?, ?, ?, ?)
Hibernate: insert into person (id, date_of_birth, email, first_name, group_ref, last_name, password, website) values (default, ?, ?, ?, ?, ?, ?, ?)
Hibernate: insert into person (id, date_of_birth, email, first_name, group_ref, last_name, password, website) values (default, ?, ?, ?, ?, ?, ?, ?)
Hibernate: insert into person (id, date_of_birth, email, first_name, group_ref, last_name, password, website) values (default, ?, ?, ?, ?, ?, ?, ?)
Hibernate: insert into person (id, date_of_birth, email, first_name, group_ref, last_name, password, website) values (default, ?, ?, ?, ?, ?, ?, ?)
Hibernate: insert into person (id, date_of_birth, email, first_name, group_ref, last_name, password, website) values (default, ?, ?, ?, ?, ?, ?, ?)
Hibernate: insert into person (id, date_of_birth, email, first_name, group_ref, last_name, password, website) values (default, ?, ?, ?, ?, ?, ?, ?)
Hibernate: insert into person (id, date_of_birth, email, first_name, group_ref, last_name, password, website) values (default, ?, ?, ?, ?, ?, ?, ?)
Hibernate: insert into person (id, date_of_birth, email, first_name, group_ref, last_name, password, website) values (default, ?, ?, ?, ?, ?, ?, ?)
Hibernate: insert into person (id, date_of_birth, email, first_name, group_ref, last_name, password, website) values (default, ?, ?, ?, ?, ?, ?, ?)
Hibernate: insert into person (id, date_of_birth, email, first_name, group_ref, last_name, password, website) values (default, ?, ?, ?, ?, ?, ?, ?)
Hibernate: insert into person (id, date_of_birth, email, first_name, group_ref, last_name, password, website) values (default, ?, ?, ?, ?, ?, ?, ?)
Hibernate: insert into person (id, date_of_birth, email, first_name, group_ref, last_name, password, website) values (default, ?, ?, ?, ?, ?, ?, ?)
Hibernate: insert into person (id, date_of_birth, email, first_name, group_ref, last_name, password, website) values (default, ?, ?, ?, ?, ?, ?, ?)
Hibernate: insert into person (id, date_of_birth, email, first_name, group_ref, last_name, password, website) values (default, ?, ?, ?, ?, ?, ?, ?)
Hibernate: insert into person (id, date_of_birth, email, first_name, group_ref, last_name, password, website) values (default, ?, ?, ?, ?, ?, ?, ?)
Hibernate: insert into person (id, date_of_birth, email, first_name, group_ref, last_name, password, website) values (default, ?, ?, ?, ?, ?, ?, ?)
Hibernate: insert into person (id, date_of_birth, email, first_name, group_ref, last_name, password, website) values (default, ?, ?, ?, ?, ?, ?, ?)
Hibernate: insert into person (id, date_of_birth, email, first_name, group_ref, last_name, password, website) values (default, ?, ?, ?, ?, ?, ?, ?)
Hibernate: insert into person (id, date_of_birth, email, first_name, group_ref, last_name, password, website) values (default, ?, ?, ?, ?, ?, ?, ?)
Hibernate: insert into person (id, date_of_birth, email, first_name, group_ref, last_name, password, website) values (default, ?, ?, ?, ?, ?, ?, ?)
Hibernate: insert into person (id, date_of_birth, email, first_name, group_ref, last_name, password, website) values (default, ?, ?, ?, ?, ?, ?, ?)
Hibernate: insert into person (id, date_of_birth, email, first_name, group_ref, last_name, password, website) values (default, ?, ?, ?, ?, ?, ?, ?)
Hibernate: insert into person (id, date_of_birth, email, first_name, group_ref, last_name, password, website) values (default, ?, ?, ?, ?, ?, ?, ?)
Hibernate: insert into person (id, date_of_birth, email, first_name, group_ref, last_name, password, website) values (default, ?, ?, ?, ?, ?, ?, ?)
Hibernate: insert into person (id, date_of_birth, email, first_name, group_ref, last_name, password, website) values (default, ?, ?, ?, ?, ?, ?, ?)
Hibernate: insert into person (id, date_of_birth, email, first_name, group_ref, last_name, password, website) values (default, ?, ?, ?, ?, ?, ?, ?)
Hibernate: insert into person (id, date_of_birth, email, first_name, group_ref, last_name, password, website) values (default, ?, ?, ?, ?, ?, ?, ?)
Hibernate: insert into person (id, date_of_birth, email, first_name, group_ref, last_name, password, website) values (default, ?, ?, ?, ?, ?, ?, ?)
Hibernate: insert into person (id, date_of_birth, email, first_name, group_ref, last_name, password, website) values (default, ?, ?, ?, ?, ?, ?, ?)
Hibernate: insert into person (id, date_of_birth, email, first_name, group_ref, last_name, password, website) values (default, ?, ?, ?, ?, ?, ?, ?)
Hibernate: insert into person (id, date_of_birth, email, first_name, group_ref, last_name, password, website) values (default, ?, ?, ?, ?, ?, ?, ?)
Hibernate: insert into person (id, date_of_birth, email, first_name, group_ref, last_name, password, website) values (default, ?, ?, ?, ?, ?, ?, ?)
Hibernate: insert into person (id, date_of_birth, email, first_name, group_ref, last_name, password, website) values (default, ?, ?, ?, ?, ?, ?, ?)
Hibernate: insert into person (id, date_of_birth, email, first_name, group_ref, last_name, password, website) values (default, ?, ?, ?, ?, ?, ?, ?)
Hibernate: insert into person (id, date_of_birth, email, first_name, group_ref, last_name, password, website) values (default, ?, ?, ?, ?, ?, ?, ?)
Hibernate: insert into person (id, date_of_birth, email, first_name, group_ref, last_name, password, website) values (default, ?, ?, ?, ?, ?, ?, ?)
Hibernate: insert into person (id, date_of_birth, email, first_name, group_ref, last_name, password, website) values (default, ?, ?, ?, ?, ?, ?, ?)
Hibernate: insert into person (id, date_of_birth, email, first_name, group_ref, last_name, password, website) values (default, ?, ?, ?, ?, ?, ?, ?)
Hibernate: insert into person (id, date_of_birth, email, first_name, group_ref, last_name, password, website) values (default, ?, ?, ?, ?, ?, ?, ?)
Hibernate: insert into person (id, date_of_birth, email, first_name, group_ref, last_name, password, website) values (default, ?, ?, ?, ?, ?, ?, ?)
Hibernate: insert into person (id, date_of_birth, email, first_name, group_ref, last_name, password, website) values (default, ?, ?, ?, ?, ?, ?, ?)
Hibernate: insert into person (id, date_of_birth, email, first_name, group_ref, last_name, password, website) values (default, ?, ?, ?, ?, ?, ?, ?)
Hibernate: insert into person (id, date_of_birth, email, first_name, group_ref, last_name, password, website) values (default, ?, ?, ?, ?, ?, ?, ?)
Hibernate: insert into person (id, date_of_birth, email, first_name, group_ref, last_name, password, website) values (default, ?, ?, ?, ?, ?, ?, ?)
Hibernate: insert into person (id, date_of_birth, email, first_name, group_ref, last_name, password, website) values (default, ?, ?, ?, ?, ?, ?, ?)
Hibernate: insert into person (id, date_of_birth, email, first_name, group_ref, last_name, password, website) values (default, ?, ?, ?, ?, ?, ?, ?)
Hibernate: insert into person (id, date_of_birth, email, first_name, group_ref, last_name, password, website) values (default, ?, ?, ?, ?, ?, ?, ?)
Hibernate: insert into person (id, date_of_birth, email, first_name, group_ref, last_name, password, website) values (default, ?, ?, ?, ?, ?, ?, ?)
Hibernate: insert into person (id, date_of_birth, email, first_name, group_ref, last_name, password, website) values (default, ?, ?, ?, ?, ?, ?, ?)
Hibernate: insert into person (id, date_of_birth, email, first_name, group_ref, last_name, password, website) values (default, ?, ?, ?, ?, ?, ?, ?)
Hibernate: insert into person (id, date_of_birth, email, first_name, group_ref, last_name, password, website) values (default, ?, ?, ?, ?, ?, ?, ?)
Hibernate: insert into person (id, date_of_birth, email, first_name, group_ref, last_name, password, website) values (default, ?, ?, ?, ?, ?, ?, ?)
Hibernate: insert into person (id, date_of_birth, email, first_name, group_ref, last_name, password, website) values (default, ?, ?, ?, ?, ?, ?, ?)
Hibernate: insert into person (id, date_of_birth, email, first_name, group_ref, last_name, password, website) values (default, ?, ?, ?, ?, ?, ?, ?)
Hibernate: insert into person (id, date_of_birth, email, first_name, group_ref, last_name, password, website) values (default, ?, ?, ?, ?, ?, ?, ?)
Hibernate: insert into person (id, date_of_birth, email, first_name, group_ref, last_name, password, website) values (default, ?, ?, ?, ?, ?, ?, ?)
Hibernate: insert into person (id, date_of_birth, email, first_name, group_ref, last_name, password, website) values (default, ?, ?, ?, ?, ?, ?, ?)
Hibernate: insert into person (id, date_of_birth, email, first_name, group_ref, last_name, password, website) values (default, ?, ?, ?, ?, ?, ?, ?)
Hibernate: insert into person (id, date_of_birth, email, first_name, group_ref, last_name, password, website) values (default, ?, ?, ?, ?, ?, ?, ?)
Hibernate: insert into person (id, date_of_birth, email, first_name, group_ref, last_name, password, website) values (default, ?, ?, ?, ?, ?, ?, ?)
Hibernate: insert into person (id, date_of_birth, email, first_name, group_ref, last_name, password, website) values (default, ?, ?, ?, ?, ?, ?, ?)
Hibernate: insert into person (id, date_of_birth, email, first_name, group_ref, last_name, password, website) values (default, ?, ?, ?, ?, ?, ?, ?)
Hibernate: insert into person (id, date_of_birth, email, first_name, group_ref, last_name, password, website) values (default, ?, ?, ?, ?, ?, ?, ?)
Hibernate: insert into person (id, date_of_birth, email, first_name, group_ref, last_name, password, website) values (default, ?, ?, ?, ?, ?, ?, ?)
Hibernate: insert into person (id, date_of_birth, email, first_name, group_ref, last_name, password, website) values (default, ?, ?, ?, ?, ?, ?, ?)
Hibernate: insert into person (id, date_of_birth, email, first_name, group_ref, last_name, password, website) values (default, ?, ?, ?, ?, ?, ?, ?)
Hibernate: insert into person (id, date_of_birth, email, first_name, group_ref, last_name, password, website) values (default, ?, ?, ?, ?, ?, ?, ?)
Hibernate: insert into person (id, date_of_birth, email, first_name, group_ref, last_name, password, website) values (default, ?, ?, ?, ?, ?, ?, ?)
Hibernate: insert into person (id, date_of_birth, email, first_name, group_ref, last_name, password, website) values (default, ?, ?, ?, ?, ?, ?, ?)
Hibernate: insert into person (id, date_of_birth, email, first_name, group_ref, last_name, password, website) values (default, ?, ?, ?, ?, ?, ?, ?)
Hibernate: insert into person (id, date_of_birth, email, first_name, group_ref, last_name, password, website) values (default, ?, ?, ?, ?, ?, ?, ?)
Hibernate: insert into person (id, date_of_birth, email, first_name, group_ref, last_name, password, website) values (default, ?, ?, ?, ?, ?, ?, ?)
Hibernate: insert into person (id, date_of_birth, email, first_name, group_ref, last_name, password, website) values (default, ?, ?, ?, ?, ?, ?, ?)
Hibernate: insert into person (id, date_of_birth, email, first_name, group_ref, last_name, password, website) values (default, ?, ?, ?, ?, ?, ?, ?)
Hibernate: insert into person (id, date_of_birth, email, first_name, group_ref, last_name, password, website) values (default, ?, ?, ?, ?, ?, ?, ?)
Hibernate: insert into person (id, date_of_birth, email, first_name, group_ref, last_name, password, website) values (default, ?, ?, ?, ?, ?, ?, ?)
Hibernate: insert into person (id, date_of_birth, email, first_name, group_ref, last_name, password, website) values (default, ?, ?, ?, ?, ?, ?, ?)
Hibernate: insert into person (id, date_of_birth, email, first_name, group_ref, last_name, password, website) values (default, ?, ?, ?, ?, ?, ?, ?)
Hibernate: insert into person (id, date_of_birth, email, first_name, group_ref, last_name, password, website) values (default, ?, ?, ?, ?, ?, ?, ?)
Hibernate: insert into person (id, date_of_birth, email, first_name, group_ref, last_name, password, website) values (default, ?, ?, ?, ?, ?, ?, ?)
Hibernate: insert into person (id, date_of_birth, email, first_name, group_ref, last_name, password, website) values (default, ?, ?, ?, ?, ?, ?, ?)
Hibernate: insert into person (id, date_of_birth, email, first_name, group_ref, last_name, password, website) values (default, ?, ?, ?, ?, ?, ?, ?)
Hibernate: insert into person (id, date_of_birth, email, first_name, group_ref, last_name, password, website) values (default, ?, ?, ?, ?, ?, ?, ?)
Hibernate: insert into person (id, date_of_birth, email, first_name, group_ref, last_name, password, website) values (default, ?, ?, ?, ?, ?, ?, ?)
Hibernate: insert into person (id, date_of_birth, email, first_name, group_ref, last_name, password, website) values (default, ?, ?, ?, ?, ?, ?, ?)
Hibernate: insert into person (id, date_of_birth, email, first_name, group_ref, last_name, password, website) values (default, ?, ?, ?, ?, ?, ?, ?)
Hibernate: insert into person (id, date_of_birth, email, first_name, group_ref, last_name, password, website) values (default, ?, ?, ?, ?, ?, ?, ?)
Hibernate: insert into person (id, date_of_birth, email, first_name, group_ref, last_name, password, website) values (default, ?, ?, ?, ?, ?, ?, ?)
Hibernate: insert into person (id, date_of_birth, email, first_name, group_ref, last_name, password, website) values (default, ?, ?, ?, ?, ?, ?, ?)
Hibernate: insert into person (id, date_of_birth, email, first_name, group_ref, last_name, password, website) values (default, ?, ?, ?, ?, ?, ?, ?)
Hibernate: insert into person (id, date_of_birth, email, first_name, group_ref, last_name, password, website) values (default, ?, ?, ?, ?, ?, ?, ?)
Hibernate: insert into person (id, date_of_birth, email, first_name, group_ref, last_name, password, website) values (default, ?, ?, ?, ?, ?, ?, ?)
Hibernate: insert into person (id, date_of_birth, email, first_name, group_ref, last_name, password, website) values (default, ?, ?, ?, ?, ?, ?, ?)
Hibernate: insert into person (id, date_of_birth, email, first_name, group_ref, last_name, password, website) values (default, ?, ?, ?, ?, ?, ?, ?)
Hibernate: insert into person (id, date_of_birth, email, first_name, group_ref, last_name, password, website) values (default, ?, ?, ?, ?, ?, ?, ?)
Hibernate: insert into person (id, date_of_birth, email, first_name, group_ref, last_name, password, website) values (default, ?, ?, ?, ?, ?, ?, ?)
Hibernate: insert into person (id, date_of_birth, email, first_name, group_ref, last_name, password, website) values (default, ?, ?, ?, ?, ?, ?, ?)
Hibernate: insert into person (id, date_of_birth, email, first_name, group_ref, last_name, password, website) values (default, ?, ?, ?, ?, ?, ?, ?)
Hibernate: insert into person (id, date_of_birth, email, first_name, group_ref, last_name, password, website) values (default, ?, ?, ?, ?, ?, ?, ?)
Hibernate: insert into person (id, date_of_birth, email, first_name, group_ref, last_name, password, website) values (default, ?, ?, ?, ?, ?, ?, ?)
Hibernate: insert into person (id, date_of_birth, email, first_name, group_ref, last_name, password, website) values (default, ?, ?, ?, ?, ?, ?, ?)
Hibernate: insert into person (id, date_of_birth, email, first_name, group_ref, last_name, password, website) values (default, ?, ?, ?, ?, ?, ?, ?)
Hibernate: insert into person (id, date_of_birth, email, first_name, group_ref, last_name, password, website) values (default, ?, ?, ?, ?, ?, ?, ?)
Hibernate: insert into person (id, date_of_birth, email, first_name, group_ref, last_name, password, website) values (default, ?, ?, ?, ?, ?, ?, ?)
Hibernate: insert into person (id, date_of_birth, email, first_name, group_ref, last_name, password, website) values (default, ?, ?, ?, ?, ?, ?, ?)
Hibernate: insert into person (id, date_of_birth, email, first_name, group_ref, last_name, password, website) values (default, ?, ?, ?, ?, ?, ?, ?)
Hibernate: insert into person (id, date_of_birth, email, first_name, group_ref, last_name, password, website) values (default, ?, ?, ?, ?, ?, ?, ?)
Hibernate: insert into person (id, date_of_birth, email, first_name, group_ref, last_name, password, website) values (default, ?, ?, ?, ?, ?, ?, ?)
Hibernate: insert into person (id, date_of_birth, email, first_name, group_ref, last_name, password, website) values (default, ?, ?, ?, ?, ?, ?, ?)
Hibernate: insert into person (id, date_of_birth, email, first_name, group_ref, last_name, password, website) values (default, ?, ?, ?, ?, ?, ?, ?)
Hibernate: insert into person (id, date_of_birth, email, first_name, group_ref, last_name, password, website) values (default, ?, ?, ?, ?, ?, ?, ?)
Hibernate: insert into person (id, date_of_birth, email, first_name, group_ref, last_name, password, website) values (default, ?, ?, ?, ?, ?, ?, ?)
Hibernate: insert into person (id, date_of_birth, email, first_name, group_ref, last_name, password, website) values (default, ?, ?, ?, ?, ?, ?, ?)
Hibernate: insert into person (id, date_of_birth, email, first_name, group_ref, last_name, password, website) values (default, ?, ?, ?, ?, ?, ?, ?)
Hibernate: insert into person (id, date_of_birth, email, first_name, group_ref, last_name, password, website) values (default, ?, ?, ?, ?, ?, ?, ?)
Hibernate: insert into person (id, date_of_birth, email, first_name, group_ref, last_name, password, website) values (default, ?, ?, ?, ?, ?, ?, ?)
Hibernate: insert into person (id, date_of_birth, email, first_name, group_ref, last_name, password, website) values (default, ?, ?, ?, ?, ?, ?, ?)
Hibernate: insert into person (id, date_of_birth, email, first_name, group_ref, last_name, password, website) values (default, ?, ?, ?, ?, ?, ?, ?)
Hibernate: insert into person (id, date_of_birth, email, first_name, group_ref, last_name, password, website) values (default, ?, ?, ?, ?, ?, ?, ?)
Hibernate: insert into person (id, date_of_birth, email, first_name, group_ref, last_name, password, website) values (default, ?, ?, ?, ?, ?, ?, ?)
Hibernate: insert into person (id, date_of_birth, email, first_name, group_ref, last_name, password, website) values (default, ?, ?, ?, ?, ?, ?, ?)
Hibernate: insert into person (id, date_of_birth, email, first_name, group_ref, last_name, password, website) values (default, ?, ?, ?, ?, ?, ?, ?)
Hibernate: insert into person (id, date_of_birth, email, first_name, group_ref, last_name, password, website) values (default, ?, ?, ?, ?, ?, ?, ?)
Hibernate: insert into person (id, date_of_birth, email, first_name, group_ref, last_name, password, website) values (default, ?, ?, ?, ?, ?, ?, ?)
Hibernate: insert into person (id, date_of_birth, email, first_name, group_ref, last_name, password, website) values (default, ?, ?, ?, ?, ?, ?, ?)
Hibernate: insert into person (id, date_of_birth, email, first_name, group_ref, last_name, password, website) values (default, ?, ?, ?, ?, ?, ?, ?)
Hibernate: insert into person (id, date_of_birth, email, first_name, group_ref, last_name, password, website) values (default, ?, ?, ?, ?, ?, ?, ?)
Hibernate: insert into person (id, date_of_birth, email, first_name, group_ref, last_name, password, website) values (default, ?, ?, ?, ?, ?, ?, ?)
Hibernate: insert into person (id, date_of_birth, email, first_name, group_ref, last_name, password, website) values (default, ?, ?, ?, ?, ?, ?, ?)
Hibernate: insert into person (id, date_of_birth, email, first_name, group_ref, last_name, password, website) values (default, ?, ?, ?, ?, ?, ?, ?)
Hibernate: insert into person (id, date_of_birth, email, first_name, group_ref, last_name, password, website) values (default, ?, ?, ?, ?, ?, ?, ?)
Hibernate: insert into person (id, date_of_birth, email, first_name, group_ref, last_name, password, website) values (default, ?, ?, ?, ?, ?, ?, ?)
Hibernate: insert into person (id, date_of_birth, email, first_name, group_ref, last_name, password, website) values (default, ?, ?, ?, ?, ?, ?, ?)
Hibernate: insert into person (id, date_of_birth, email, first_name, group_ref, last_name, password, website) values (default, ?, ?, ?, ?, ?, ?, ?)
Hibernate: insert into person (id, date_of_birth, email, first_name, group_ref, last_name, password, website) values (default, ?, ?, ?, ?, ?, ?, ?)
Hibernate: insert into person (id, date_of_birth, email, first_name, group_ref, last_name, password, website) values (default, ?, ?, ?, ?, ?, ?, ?)
Hibernate: insert into person (id, date_of_birth, email, first_name, group_ref, last_name, password, website) values (default, ?, ?, ?, ?, ?, ?, ?)
Hibernate: insert into person (id, date_of_birth, email, first_name, group_ref, last_name, password, website) values (default, ?, ?, ?, ?, ?, ?, ?)
Hibernate: insert into person (id, date_of_birth, email, first_name, group_ref, last_name, password, website) values (default, ?, ?, ?, ?, ?, ?, ?)
Hibernate: insert into person (id, date_of_birth, email, first_name, group_ref, last_name, password, website) values (default, ?, ?, ?, ?, ?, ?, ?)
Hibernate: insert into person (id, date_of_birth, email, first_name, group_ref, last_name, password, website) values (default, ?, ?, ?, ?, ?, ?, ?)
Hibernate: insert into person (id, date_of_birth, email, first_name, group_ref, last_name, password, website) values (default, ?, ?, ?, ?, ?, ?, ?)
Hibernate: insert into person (id, date_of_birth, email, first_name, group_ref, last_name, password, website) values (default, ?, ?, ?, ?, ?, ?, ?)
Hibernate: insert into person (id, date_of_birth, email, first_name, group_ref, last_name, password, website) values (default, ?, ?, ?, ?, ?, ?, ?)
Hibernate: insert into person (id, date_of_birth, email, first_name, group_ref, last_name, password, website) values (default, ?, ?, ?, ?, ?, ?, ?)
Hibernate: insert into person (id, date_of_birth, email, first_name, group_ref, last_name, password, website) values (default, ?, ?, ?, ?, ?, ?, ?)
Hibernate: insert into person (id, date_of_birth, email, first_name, group_ref, last_name, password, website) values (default, ?, ?, ?, ?, ?, ?, ?)
Hibernate: insert into person (id, date_of_birth, email, first_name, group_ref, last_name, password, website) values (default, ?, ?, ?, ?, ?, ?, ?)
Hibernate: insert into person (id, date_of_birth, email, first_name, group_ref, last_name, password, website) values (default, ?, ?, ?, ?, ?, ?, ?)
Hibernate: insert into person (id, date_of_birth, email, first_name, group_ref, last_name, password, website) values (default, ?, ?, ?, ?, ?, ?, ?)
Hibernate: insert into person (id, date_of_birth, email, first_name, group_ref, last_name, password, website) values (default, ?, ?, ?, ?, ?, ?, ?)
Hibernate: insert into person (id, date_of_birth, email, first_name, group_ref, last_name, password, website) values (default, ?, ?, ?, ?, ?, ?, ?)
Hibernate: insert into person (id, date_of_birth, email, first_name, group_ref, last_name, password, website) values (default, ?, ?, ?, ?, ?, ?, ?)
Hibernate: insert into person (id, date_of_birth, email, first_name, group_ref, last_name, password, website) values (default, ?, ?, ?, ?, ?, ?, ?)
Hibernate: insert into person (id, date_of_birth, email, first_name, group_ref, last_name, password, website) values (default, ?, ?, ?, ?, ?, ?, ?)
Hibernate: insert into person (id, date_of_birth, email, first_name, group_ref, last_name, password, website) values (default, ?, ?, ?, ?, ?, ?, ?)
Hibernate: insert into person (id, date_of_birth, email, first_name, group_ref, last_name, password, website) values (default, ?, ?, ?, ?, ?, ?, ?)
Hibernate: insert into person (id, date_of_birth, email, first_name, group_ref, last_name, password, website) values (default, ?, ?, ?, ?, ?, ?, ?)
Hibernate: insert into person (id, date_of_birth, email, first_name, group_ref, last_name, password, website) values (default, ?, ?, ?, ?, ?, ?, ?)
Hibernate: insert into person (id, date_of_birth, email, first_name, group_ref, last_name, password, website) values (default, ?, ?, ?, ?, ?, ?, ?)
Hibernate: insert into person (id, date_of_birth, email, first_name, group_ref, last_name, password, website) values (default, ?, ?, ?, ?, ?, ?, ?)
Hibernate: insert into person (id, date_of_birth, email, first_name, group_ref, last_name, password, website) values (default, ?, ?, ?, ?, ?, ?, ?)
Hibernate: insert into person (id, date_of_birth, email, first_name, group_ref, last_name, password, website) values (default, ?, ?, ?, ?, ?, ?, ?)
Hibernate: insert into person (id, date_of_birth, email, first_name, group_ref, last_name, password, website) values (default, ?, ?, ?, ?, ?, ?, ?)
Hibernate: insert into person (id, date_of_birth, email, first_name, group_ref, last_name, password, website) values (default, ?, ?, ?, ?, ?, ?, ?)
Hibernate: insert into person (id, date_of_birth, email, first_name, group_ref, last_name, password, website) values (default, ?, ?, ?, ?, ?, ?, ?)
Hibernate: insert into person (id, date_of_birth, email, first_name, group_ref, last_name, password, website) values (default, ?, ?, ?, ?, ?, ?, ?)
Hibernate: insert into person (id, date_of_birth, email, first_name, group_ref, last_name, password, website) values (default, ?, ?, ?, ?, ?, ?, ?)
Hibernate: insert into person (id, date_of_birth, email, first_name, group_ref, last_name, password, website) values (default, ?, ?, ?, ?, ?, ?, ?)
Hibernate: insert into person (id, date_of_birth, email, first_name, group_ref, last_name, password, website) values (default, ?, ?, ?, ?, ?, ?, ?)
Hibernate: insert into person (id, date_of_birth, email, first_name, group_ref, last_name, password, website) values (default, ?, ?, ?, ?, ?, ?, ?)
Hibernate: insert into person (id, date_of_birth, email, first_name, group_ref, last_name, password, website) values (default, ?, ?, ?, ?, ?, ?, ?)
Hibernate: insert into person (id, date_of_birth, email, first_name, group_ref, last_name, password, website) values (default, ?, ?, ?, ?, ?, ?, ?)
Hibernate: insert into person (id, date_of_birth, email, first_name, group_ref, last_name, password, website) values (default, ?, ?, ?, ?, ?, ?, ?)
Hibernate: insert into person (id, date_of_birth, email, first_name, group_ref, last_name, password, website) values (default, ?, ?, ?, ?, ?, ?, ?)
Hibernate: insert into person (id, date_of_birth, email, first_name, group_ref, last_name, password, website) values (default, ?, ?, ?, ?, ?, ?, ?)
Hibernate: insert into person (id, date_of_birth, email, first_name, group_ref, last_name, password, website) values (default, ?, ?, ?, ?, ?, ?, ?)
Hibernate: insert into person (id, date_of_birth, email, first_name, group_ref, last_name, password, website) values (default, ?, ?, ?, ?, ?, ?, ?)
Hibernate: insert into person (id, date_of_birth, email, first_name, group_ref, last_name, password, website) values (default, ?, ?, ?, ?, ?, ?, ?)
Hibernate: insert into person (id, date_of_birth, email, first_name, group_ref, last_name, password, website) values (default, ?, ?, ?, ?, ?, ?, ?)
Hibernate: insert into person (id, date_of_birth, email, first_name, group_ref, last_name, password, website) values (default, ?, ?, ?, ?, ?, ?, ?)
Hibernate: insert into person (id, date_of_birth, email, first_name, group_ref, last_name, password, website) values (default, ?, ?, ?, ?, ?, ?, ?)
Hibernate: insert into person (id, date_of_birth, email, first_name, group_ref, last_name, password, website) values (default, ?, ?, ?, ?, ?, ?, ?)
Hibernate: insert into person (id, date_of_birth, email, first_name, group_ref, last_name, password, website) values (default, ?, ?, ?, ?, ?, ?, ?)
Hibernate: insert into person (id, date_of_birth, email, first_name, group_ref, last_name, password, website) values (default, ?, ?, ?, ?, ?, ?, ?)
Hibernate: insert into person (id, date_of_birth, email, first_name, group_ref, last_name, password, website) values (default, ?, ?, ?, ?, ?, ?, ?)
Hibernate: insert into person (id, date_of_birth, email, first_name, group_ref, last_name, password, website) values (default, ?, ?, ?, ?, ?, ?, ?)
Hibernate: insert into person (id, date_of_birth, email, first_name, group_ref, last_name, password, website) values (default, ?, ?, ?, ?, ?, ?, ?)
Hibernate: insert into person (id, date_of_birth, email, first_name, group_ref, last_name, password, website) values (default, ?, ?, ?, ?, ?, ?, ?)
Hibernate: insert into person (id, date_of_birth, email, first_name, group_ref, last_name, password, website) values (default, ?, ?, ?, ?, ?, ?, ?)
Hibernate: insert into person (id, date_of_birth, email, first_name, group_ref, last_name, password, website) values (default, ?, ?, ?, ?, ?, ?, ?)
Hibernate: insert into person (id, date_of_birth, email, first_name, group_ref, last_name, password, website) values (default, ?, ?, ?, ?, ?, ?, ?)
Hibernate: insert into person (id, date_of_birth, email, first_name, group_ref, last_name, password, website) values (default, ?, ?, ?, ?, ?, ?, ?)
Hibernate: insert into person (id, date_of_birth, email, first_name, group_ref, last_name, password, website) values (default, ?, ?, ?, ?, ?, ?, ?)
Hibernate: insert into person (id, date_of_birth, email, first_name, group_ref, last_name, password, website) values (default, ?, ?, ?, ?, ?, ?, ?)
Hibernate: insert into person (id, date_of_birth, email, first_name, group_ref, last_name, password, website) values (default, ?, ?, ?, ?, ?, ?, ?)
Hibernate: insert into person (id, date_of_birth, email, first_name, group_ref, last_name, password, website) values (default, ?, ?, ?, ?, ?, ?, ?)
Hibernate: insert into person (id, date_of_birth, email, first_name, group_ref, last_name, password, website) values (default, ?, ?, ?, ?, ?, ?, ?)
Hibernate: insert into person (id, date_of_birth, email, first_name, group_ref, last_name, password, website) values (default, ?, ?, ?, ?, ?, ?, ?)
Hibernate: insert into person (id, date_of_birth, email, first_name, group_ref, last_name, password, website) values (default, ?, ?, ?, ?, ?, ?, ?)
Hibernate: insert into person (id, date_of_birth, email, first_name, group_ref, last_name, password, website) values (default, ?, ?, ?, ?, ?, ?, ?)
Hibernate: insert into person (id, date_of_birth, email, first_name, group_ref, last_name, password, website) values (default, ?, ?, ?, ?, ?, ?, ?)
Hibernate: insert into person (id, date_of_birth, email, first_name, group_ref, last_name, password, website) values (default, ?, ?, ?, ?, ?, ?, ?)
Hibernate: insert into person (id, date_of_birth, email, first_name, group_ref, last_name, password, website) values (default, ?, ?, ?, ?, ?, ?, ?)
Hibernate: insert into person (id, date_of_birth, email, first_name, group_ref, last_name, password, website) values (default, ?, ?, ?, ?, ?, ?, ?)
Hibernate: insert into person (id, date_of_birth, email, first_name, group_ref, last_name, password, website) values (default, ?, ?, ?, ?, ?, ?, ?)
Hibernate: insert into person (id, date_of_birth, email, first_name, group_ref, last_name, password, website) values (default, ?, ?, ?, ?, ?, ?, ?)
Hibernate: insert into person (id, date_of_birth, email, first_name, group_ref, last_name, password, website) values (default, ?, ?, ?, ?, ?, ?, ?)
Hibernate: insert into person (id, date_of_birth, email, first_name, group_ref, last_name, password, website) values (default, ?, ?, ?, ?, ?, ?, ?)
Hibernate: insert into person (id, date_of_birth, email, first_name, group_ref, last_name, password, website) values (default, ?, ?, ?, ?, ?, ?, ?)
Hibernate: insert into person (id, date_of_birth, email, first_name, group_ref, last_name, password, website) values (default, ?, ?, ?, ?, ?, ?, ?)
Hibernate: insert into person (id, date_of_birth, email, first_name, group_ref, last_name, password, website) values (default, ?, ?, ?, ?, ?, ?, ?)
Hibernate: insert into person (id, date_of_birth, email, first_name, group_ref, last_name, password, website) values (default, ?, ?, ?, ?, ?, ?, ?)
Hibernate: insert into person (id, date_of_birth, email, first_name, group_ref, last_name, password, website) values (default, ?, ?, ?, ?, ?, ?, ?)
Hibernate: insert into person (id, date_of_birth, email, first_name, group_ref, last_name, password, website) values (default, ?, ?, ?, ?, ?, ?, ?)
Hibernate: insert into person (id, date_of_birth, email, first_name, group_ref, last_name, password, website) values (default, ?, ?, ?, ?, ?, ?, ?)
Hibernate: insert into person (id, date_of_birth, email, first_name, group_ref, last_name, password, website) values (default, ?, ?, ?, ?, ?, ?, ?)
Hibernate: insert into person (id, date_of_birth, email, first_name, group_ref, last_name, password, website) values (default, ?, ?, ?, ?, ?, ?, ?)
Hibernate: insert into person (id, date_of_birth, email, first_name, group_ref, last_name, password, website) values (default, ?, ?, ?, ?, ?, ?, ?)
Hibernate: insert into person (id, date_of_birth, email, first_name, group_ref, last_name, password, website) values (default, ?, ?, ?, ?, ?, ?, ?)
Hibernate: insert into person (id, date_of_birth, email, first_name, group_ref, last_name, password, website) values (default, ?, ?, ?, ?, ?, ?, ?)
Hibernate: insert into person (id, date_of_birth, email, first_name, group_ref, last_name, password, website) values (default, ?, ?, ?, ?, ?, ?, ?)
Hibernate: insert into person (id, date_of_birth, email, first_name, group_ref, last_name, password, website) values (default, ?, ?, ?, ?, ?, ?, ?)
Hibernate: insert into person (id, date_of_birth, email, first_name, group_ref, last_name, password, website) values (default, ?, ?, ?, ?, ?, ?, ?)
Hibernate: insert into person (id, date_of_birth, email, first_name, group_ref, last_name, password, website) values (default, ?, ?, ?, ?, ?, ?, ?)
Hibernate: insert into person (id, date_of_birth, email, first_name, group_ref, last_name, password, website) values (default, ?, ?, ?, ?, ?, ?, ?)
Hibernate: insert into person (id, date_of_birth, email, first_name, group_ref, last_name, password, website) values (default, ?, ?, ?, ?, ?, ?, ?)
Hibernate: insert into person (id, date_of_birth, email, first_name, group_ref, last_name, password, website) values (default, ?, ?, ?, ?, ?, ?, ?)
Hibernate: insert into person (id, date_of_birth, email, first_name, group_ref, last_name, password, website) values (default, ?, ?, ?, ?, ?, ?, ?)
Hibernate: insert into person (id, date_of_birth, email, first_name, group_ref, last_name, password, website) values (default, ?, ?, ?, ?, ?, ?, ?)
Hibernate: insert into person (id, date_of_birth, email, first_name, group_ref, last_name, password, website) values (default, ?, ?, ?, ?, ?, ?, ?)
Hibernate: insert into person (id, date_of_birth, email, first_name, group_ref, last_name, password, website) values (default, ?, ?, ?, ?, ?, ?, ?)
Hibernate: insert into person (id, date_of_birth, email, first_name, group_ref, last_name, password, website) values (default, ?, ?, ?, ?, ?, ?, ?)
Hibernate: insert into person (id, date_of_birth, email, first_name, group_ref, last_name, password, website) values (default, ?, ?, ?, ?, ?, ?, ?)
Hibernate: insert into person (id, date_of_birth, email, first_name, group_ref, last_name, password, website) values (default, ?, ?, ?, ?, ?, ?, ?)
Hibernate: insert into person (id, date_of_birth, email, first_name, group_ref, last_name, password, website) values (default, ?, ?, ?, ?, ?, ?, ?)
Hibernate: insert into person (id, date_of_birth, email, first_name, group_ref, last_name, password, website) values (default, ?, ?, ?, ?, ?, ?, ?)
Hibernate: insert into person (id, date_of_birth, email, first_name, group_ref, last_name, password, website) values (default, ?, ?, ?, ?, ?, ?, ?)
Hibernate: insert into person (id, date_of_birth, email, first_name, group_ref, last_name, password, website) values (default, ?, ?, ?, ?, ?, ?, ?)
Hibernate: insert into person (id, date_of_birth, email, first_name, group_ref, last_name, password, website) values (default, ?, ?, ?, ?, ?, ?, ?)
Hibernate: insert into person (id, date_of_birth, email, first_name, group_ref, last_name, password, website) values (default, ?, ?, ?, ?, ?, ?, ?)
Hibernate: insert into person (id, date_of_birth, email, first_name, group_ref, last_name, password, website) values (default, ?, ?, ?, ?, ?, ?, ?)
Hibernate: insert into person (id, date_of_birth, email, first_name, group_ref, last_name, password, website) values (default, ?, ?, ?, ?, ?, ?, ?)
Hibernate: insert into person (id, date_of_birth, email, first_name, group_ref, last_name, password, website) values (default, ?, ?, ?, ?, ?, ?, ?)
Hibernate: insert into person (id, date_of_birth, email, first_name, group_ref, last_name, password, website) values (default, ?, ?, ?, ?, ?, ?, ?)
Hibernate: insert into person (id, date_of_birth, email, first_name, group_ref, last_name, password, website) values (default, ?, ?, ?, ?, ?, ?, ?)
Hibernate: insert into person (id, date_of_birth, email, first_name, group_ref, last_name, password, website) values (default, ?, ?, ?, ?, ?, ?, ?)
Hibernate: insert into person (id, date_of_birth, email, first_name, group_ref, last_name, password, website) values (default, ?, ?, ?, ?, ?, ?, ?)
Hibernate: insert into person (id, date_of_birth, email, first_name, group_ref, last_name, password, website) values (default, ?, ?, ?, ?, ?, ?, ?)
Hibernate: insert into person (id, date_of_birth, email, first_name, group_ref, last_name, password, website) values (default, ?, ?, ?, ?, ?, ?, ?)
Hibernate: insert into person (id, date_of_birth, email, first_name, group_ref, last_name, password, website) values (default, ?, ?, ?, ?, ?, ?, ?)
Hibernate: insert into person (id, date_of_birth, email, first_name, group_ref, last_name, password, website) values (default, ?, ?, ?, ?, ?, ?, ?)
Hibernate: insert into person (id, date_of_birth, email, first_name, group_ref, last_name, password, website) values (default, ?, ?, ?, ?, ?, ?, ?)
Hibernate: insert into person (id, date_of_birth, email, first_name, group_ref, last_name, password, website) values (default, ?, ?, ?, ?, ?, ?, ?)
Hibernate: insert into person (id, date_of_birth, email, first_name, group_ref, last_name, password, website) values (default, ?, ?, ?, ?, ?, ?, ?)
Hibernate: insert into person (id, date_of_birth, email, first_name, group_ref, last_name, password, website) values (default, ?, ?, ?, ?, ?, ?, ?)
Hibernate: insert into person (id, date_of_birth, email, first_name, group_ref, last_name, password, website) values (default, ?, ?, ?, ?, ?, ?, ?)
Hibernate: insert into person (id, date_of_birth, email, first_name, group_ref, last_name, password, website) values (default, ?, ?, ?, ?, ?, ?, ?)
Hibernate: insert into person (id, date_of_birth, email, first_name, group_ref, last_name, password, website) values (default, ?, ?, ?, ?, ?, ?, ?)
Hibernate: insert into person (id, date_of_birth, email, first_name, group_ref, last_name, password, website) values (default, ?, ?, ?, ?, ?, ?, ?)
Hibernate: insert into person (id, date_of_birth, email, first_name, group_ref, last_name, password, website) values (default, ?, ?, ?, ?, ?, ?, ?)
Hibernate: insert into person (id, date_of_birth, email, first_name, group_ref, last_name, password, website) values (default, ?, ?, ?, ?, ?, ?, ?)
Hibernate: insert into person (id, date_of_birth, email, first_name, group_ref, last_name, password, website) values (default, ?, ?, ?, ?, ?, ?, ?)
Hibernate: insert into person (id, date_of_birth, email, first_name, group_ref, last_name, password, website) values (default, ?, ?, ?, ?, ?, ?, ?)
Hibernate: insert into person (id, date_of_birth, email, first_name, group_ref, last_name, password, website) values (default, ?, ?, ?, ?, ?, ?, ?)
Hibernate: insert into person (id, date_of_birth, email, first_name, group_ref, last_name, password, website) values (default, ?, ?, ?, ?, ?, ?, ?)
Hibernate: insert into person (id, date_of_birth, email, first_name, group_ref, last_name, password, website) values (default, ?, ?, ?, ?, ?, ?, ?)
Hibernate: insert into person (id, date_of_birth, email, first_name, group_ref, last_name, password, website) values (default, ?, ?, ?, ?, ?, ?, ?)
Hibernate: insert into person (id, date_of_birth, email, first_name, group_ref, last_name, password, website) values (default, ?, ?, ?, ?, ?, ?, ?)
Hibernate: insert into person (id, date_of_birth, email, first_name, group_ref, last_name, password, website) values (default, ?, ?, ?, ?, ?, ?, ?)
Hibernate: insert into person (id, date_of_birth, email, first_name, group_ref, last_name, password, website) values (default, ?, ?, ?, ?, ?, ?, ?)
Hibernate: insert into person (id, date_of_birth, email, first_name, group_ref, last_name, password, website) values (default, ?, ?, ?, ?, ?, ?, ?)
Hibernate: insert into person (id, date_of_birth, email, first_name, group_ref, last_name, password, website) values (default, ?, ?, ?, ?, ?, ?, ?)
Hibernate: insert into person (id, date_of_birth, email, first_name, group_ref, last_name, password, website) values (default, ?, ?, ?, ?, ?, ?, ?)
Hibernate: insert into person (id, date_of_birth, email, first_name, group_ref, last_name, password, website) values (default, ?, ?, ?, ?, ?, ?, ?)
Hibernate: insert into person (id, date_of_birth, email, first_name, group_ref, last_name, password, website) values (default, ?, ?, ?, ?, ?, ?, ?)
Hibernate: insert into person (id, date_of_birth, email, first_name, group_ref, last_name, password, website) values (default, ?, ?, ?, ?, ?, ?, ?)
Hibernate: insert into person (id, date_of_birth, email, first_name, group_ref, last_name, password, website) values (default, ?, ?, ?, ?, ?, ?, ?)
Hibernate: insert into person (id, date_of_birth, email, first_name, group_ref, last_name, password, website) values (default, ?, ?, ?, ?, ?, ?, ?)
Hibernate: insert into person (id, date_of_birth, email, first_name, group_ref, last_name, password, website) values (default, ?, ?, ?, ?, ?, ?, ?)
Hibernate: insert into person (id, date_of_birth, email, first_name, group_ref, last_name, password, website) values (default, ?, ?, ?, ?, ?, ?, ?)
Hibernate: insert into person (id, date_of_birth, email, first_name, group_ref, last_name, password, website) values (default, ?, ?, ?, ?, ?, ?, ?)
Hibernate: insert into person (id, date_of_birth, email, first_name, group_ref, last_name, password, website) values (default, ?, ?, ?, ?, ?, ?, ?)
Hibernate: insert into person (id, date_of_birth, email, first_name, group_ref, last_name, password, website) values (default, ?, ?, ?, ?, ?, ?, ?)
Hibernate: insert into person (id, date_of_birth, email, first_name, group_ref, last_name, password, website) values (default, ?, ?, ?, ?, ?, ?, ?)
Hibernate: insert into person (id, date_of_birth, email, first_name, group_ref, last_name, password, website) values (default, ?, ?, ?, ?, ?, ?, ?)
Hibernate: insert into person (id, date_of_birth, email, first_name, group_ref, last_name, password, website) values (default, ?, ?, ?, ?, ?, ?, ?)
Hibernate: insert into person (id, date_of_birth, email, first_name, group_ref, last_name, password, website) values (default, ?, ?, ?, ?, ?, ?, ?)
Hibernate: insert into person (id, date_of_birth, email, first_name, group_ref, last_name, password, website) values (default, ?, ?, ?, ?, ?, ?, ?)
Hibernate: insert into person (id, date_of_birth, email, first_name, group_ref, last_name, password, website) values (default, ?, ?, ?, ?, ?, ?, ?)
Hibernate: insert into person (id, date_of_birth, email, first_name, group_ref, last_name, password, website) values (default, ?, ?, ?, ?, ?, ?, ?)
Hibernate: insert into person (id, date_of_birth, email, first_name, group_ref, last_name, password, website) values (default, ?, ?, ?, ?, ?, ?, ?)
Hibernate: insert into person (id, date_of_birth, email, first_name, group_ref, last_name, password, website) values (default, ?, ?, ?, ?, ?, ?, ?)
Hibernate: insert into person (id, date_of_birth, email, first_name, group_ref, last_name, password, website) values (default, ?, ?, ?, ?, ?, ?, ?)
Hibernate: insert into person (id, date_of_birth, email, first_name, group_ref, last_name, password, website) values (default, ?, ?, ?, ?, ?, ?, ?)
Hibernate: insert into person (id, date_of_birth, email, first_name, group_ref, last_name, password, website) values (default, ?, ?, ?, ?, ?, ?, ?)
Hibernate: insert into person (id, date_of_birth, email, first_name, group_ref, last_name, password, website) values (default, ?, ?, ?, ?, ?, ?, ?)
Hibernate: insert into person (id, date_of_birth, email, first_name, group_ref, last_name, password, website) values (default, ?, ?, ?, ?, ?, ?, ?)
Hibernate: insert into person (id, date_of_birth, email, first_name, group_ref, last_name, password, website) values (default, ?, ?, ?, ?, ?, ?, ?)
Hibernate: insert into person (id, date_of_birth, email, first_name, group_ref, last_name, password, website) values (default, ?, ?, ?, ?, ?, ?, ?)
Hibernate: insert into person (id, date_of_birth, email, first_name, group_ref, last_name, password, website) values (default, ?, ?, ?, ?, ?, ?, ?)
Hibernate: insert into person (id, date_of_birth, email, first_name, group_ref, last_name, password, website) values (default, ?, ?, ?, ?, ?, ?, ?)
Hibernate: insert into person (id, date_of_birth, email, first_name, group_ref, last_name, password, website) values (default, ?, ?, ?, ?, ?, ?, ?)
Hibernate: insert into person (id, date_of_birth, email, first_name, group_ref, last_name, password, website) values (default, ?, ?, ?, ?, ?, ?, ?)
Hibernate: insert into person (id, date_of_birth, email, first_name, group_ref, last_name, password, website) values (default, ?, ?, ?, ?, ?, ?, ?)
Hibernate: insert into person (id, date_of_birth, email, first_name, group_ref, last_name, password, website) values (default, ?, ?, ?, ?, ?, ?, ?)
Hibernate: insert into person (id, date_of_birth, email, first_name, group_ref, last_name, password, website) values (default, ?, ?, ?, ?, ?, ?, ?)
Hibernate: insert into person (id, date_of_birth, email, first_name, group_ref, last_name, password, website) values (default, ?, ?, ?, ?, ?, ?, ?)
Hibernate: insert into person (id, date_of_birth, email, first_name, group_ref, last_name, password, website) values (default, ?, ?, ?, ?, ?, ?, ?)
Hibernate: insert into person (id, date_of_birth, email, first_name, group_ref, last_name, password, website) values (default, ?, ?, ?, ?, ?, ?, ?)
Hibernate: insert into person (id, date_of_birth, email, first_name, group_ref, last_name, password, website) values (default, ?, ?, ?, ?, ?, ?, ?)
Hibernate: insert into person (id, date_of_birth, email, first_name, group_ref, last_name, password, website) values (default, ?, ?, ?, ?, ?, ?, ?)
Hibernate: insert into person (id, date_of_birth, email, first_name, group_ref, last_name, password, website) values (default, ?, ?, ?, ?, ?, ?, ?)
Hibernate: insert into person (id, date_of_birth, email, first_name, group_ref, last_name, password, website) values (default, ?, ?, ?, ?, ?, ?, ?)
Hibernate: insert into person (id, date_of_birth, email, first_name, group_ref, last_name, password, website) values (default, ?, ?, ?, ?, ?, ?, ?)
Hibernate: insert into person (id, date_of_birth, email, first_name, group_ref, last_name, password, website) values (default, ?, ?, ?, ?, ?, ?, ?)
Hibernate: insert into person (id, date_of_birth, email, first_name, group_ref, last_name, password, website) values (default, ?, ?, ?, ?, ?, ?, ?)
Hibernate: insert into person (id, date_of_birth, email, first_name, group_ref, last_name, password, website) values (default, ?, ?, ?, ?, ?, ?, ?)
Hibernate: insert into person (id, date_of_birth, email, first_name, group_ref, last_name, password, website) values (default, ?, ?, ?, ?, ?, ?, ?)
Hibernate: insert into person (id, date_of_birth, email, first_name, group_ref, last_name, password, website) values (default, ?, ?, ?, ?, ?, ?, ?)
Hibernate: insert into person (id, date_of_birth, email, first_name, group_ref, last_name, password, website) values (default, ?, ?, ?, ?, ?, ?, ?)
Hibernate: insert into person (id, date_of_birth, email, first_name, group_ref, last_name, password, website) values (default, ?, ?, ?, ?, ?, ?, ?)
Hibernate: insert into person (id, date_of_birth, email, first_name, group_ref, last_name, password, website) values (default, ?, ?, ?, ?, ?, ?, ?)
Hibernate: insert into person (id, date_of_birth, email, first_name, group_ref, last_name, password, website) values (default, ?, ?, ?, ?, ?, ?, ?)
Hibernate: insert into person (id, date_of_birth, email, first_name, group_ref, last_name, password, website) values (default, ?, ?, ?, ?, ?, ?, ?)
Hibernate: insert into person (id, date_of_birth, email, first_name, group_ref, last_name, password, website) values (default, ?, ?, ?, ?, ?, ?, ?)
Hibernate: insert into person (id, date_of_birth, email, first_name, group_ref, last_name, password, website) values (default, ?, ?, ?, ?, ?, ?, ?)
Hibernate: insert into person (id, date_of_birth, email, first_name, group_ref, last_name, password, website) values (default, ?, ?, ?, ?, ?, ?, ?)
Hibernate: insert into person (id, date_of_birth, email, first_name, group_ref, last_name, password, website) values (default, ?, ?, ?, ?, ?, ?, ?)
Hibernate: insert into person (id, date_of_birth, email, first_name, group_ref, last_name, password, website) values (default, ?, ?, ?, ?, ?, ?, ?)
Hibernate: insert into person (id, date_of_birth, email, first_name, group_ref, last_name, password, website) values (default, ?, ?, ?, ?, ?, ?, ?)
Hibernate: insert into person (id, date_of_birth, email, first_name, group_ref, last_name, password, website) values (default, ?, ?, ?, ?, ?, ?, ?)
Hibernate: insert into person (id, date_of_birth, email, first_name, group_ref, last_name, password, website) values (default, ?, ?, ?, ?, ?, ?, ?)
Hibernate: insert into person (id, date_of_birth, email, first_name, group_ref, last_name, password, website) values (default, ?, ?, ?, ?, ?, ?, ?)
Hibernate: insert into person (id, date_of_birth, email, first_name, group_ref, last_name, password, website) values (default, ?, ?, ?, ?, ?, ?, ?)
Hibernate: insert into person (id, date_of_birth, email, first_name, group_ref, last_name, password, website) values (default, ?, ?, ?, ?, ?, ?, ?)
Hibernate: insert into person (id, date_of_birth, email, first_name, group_ref, last_name, password, website) values (default, ?, ?, ?, ?, ?, ?, ?)
Hibernate: insert into person (id, date_of_birth, email, first_name, group_ref, last_name, password, website) values (default, ?, ?, ?, ?, ?, ?, ?)
Hibernate: insert into person (id, date_of_birth, email, first_name, group_ref, last_name, password, website) values (default, ?, ?, ?, ?, ?, ?, ?)
Hibernate: insert into person (id, date_of_birth, email, first_name, group_ref, last_name, password, website) values (default, ?, ?, ?, ?, ?, ?, ?)
Hibernate: insert into person (id, date_of_birth, email, first_name, group_ref, last_name, password, website) values (default, ?, ?, ?, ?, ?, ?, ?)
Hibernate: insert into person (id, date_of_birth, email, first_name, group_ref, last_name, password, website) values (default, ?, ?, ?, ?, ?, ?, ?)
Hibernate: insert into person (id, date_of_birth, email, first_name, group_ref, last_name, password, website) values (default, ?, ?, ?, ?, ?, ?, ?)
Hibernate: insert into person (id, date_of_birth, email, first_name, group_ref, last_name, password, website) values (default, ?, ?, ?, ?, ?, ?, ?)
Hibernate: insert into person (id, date_of_birth, email, first_name, group_ref, last_name, password, website) values (default, ?, ?, ?, ?, ?, ?, ?)
Hibernate: insert into person (id, date_of_birth, email, first_name, group_ref, last_name, password, website) values (default, ?, ?, ?, ?, ?, ?, ?)
Hibernate: insert into person (id, date_of_birth, email, first_name, group_ref, last_name, password, website) values (default, ?, ?, ?, ?, ?, ?, ?)
Hibernate: insert into person (id, date_of_birth, email, first_name, group_ref, last_name, password, website) values (default, ?, ?, ?, ?, ?, ?, ?)
Hibernate: insert into person (id, date_of_birth, email, first_name, group_ref, last_name, password, website) values (default, ?, ?, ?, ?, ?, ?, ?)
Hibernate: insert into person (id, date_of_birth, email, first_name, group_ref, last_name, password, website) values (default, ?, ?, ?, ?, ?, ?, ?)
Hibernate: insert into person (id, date_of_birth, email, first_name, group_ref, last_name, password, website) values (default, ?, ?, ?, ?, ?, ?, ?)
Hibernate: insert into person (id, date_of_birth, email, first_name, group_ref, last_name, password, website) values (default, ?, ?, ?, ?, ?, ?, ?)
Hibernate: insert into person (id, date_of_birth, email, first_name, group_ref, last_name, password, website) values (default, ?, ?, ?, ?, ?, ?, ?)
Hibernate: insert into person (id, date_of_birth, email, first_name, group_ref, last_name, password, website) values (default, ?, ?, ?, ?, ?, ?, ?)
Hibernate: insert into person (id, date_of_birth, email, first_name, group_ref, last_name, password, website) values (default, ?, ?, ?, ?, ?, ?, ?)
Hibernate: insert into person (id, date_of_birth, email, first_name, group_ref, last_name, password, website) values (default, ?, ?, ?, ?, ?, ?, ?)
Hibernate: insert into person (id, date_of_birth, email, first_name, group_ref, last_name, password, website) values (default, ?, ?, ?, ?, ?, ?, ?)
Hibernate: insert into person (id, date_of_birth, email, first_name, group_ref, last_name, password, website) values (default, ?, ?, ?, ?, ?, ?, ?)
Hibernate: insert into person (id, date_of_birth, email, first_name, group_ref, last_name, password, website) values (default, ?, ?, ?, ?, ?, ?, ?)
Hibernate: insert into person (id, date_of_birth, email, first_name, group_ref, last_name, password, website) values (default, ?, ?, ?, ?, ?, ?, ?)
Hibernate: insert into person (id, date_of_birth, email, first_name, group_ref, last_name, password, website) values (default, ?, ?, ?, ?, ?, ?, ?)
Hibernate: insert into person (id, date_of_birth, email, first_name, group_ref, last_name, password, website) values (default, ?, ?, ?, ?, ?, ?, ?)
Hibernate: insert into person (id, date_of_birth, email, first_name, group_ref, last_name, password, website) values (default, ?, ?, ?, ?, ?, ?, ?)
Hibernate: insert into person (id, date_of_birth, email, first_name, group_ref, last_name, password, website) values (default, ?, ?, ?, ?, ?, ?, ?)
Hibernate: insert into person (id, date_of_birth, email, first_name, group_ref, last_name, password, website) values (default, ?, ?, ?, ?, ?, ?, ?)
Hibernate: insert into person (id, date_of_birth, email, first_name, group_ref, last_name, password, website) values (default, ?, ?, ?, ?, ?, ?, ?)
Hibernate: insert into person (id, date_of_birth, email, first_name, group_ref, last_name, password, website) values (default, ?, ?, ?, ?, ?, ?, ?)
Hibernate: insert into person (id, date_of_birth, email, first_name, group_ref, last_name, password, website) values (default, ?, ?, ?, ?, ?, ?, ?)
Hibernate: insert into person (id, date_of_birth, email, first_name, group_ref, last_name, password, website) values (default, ?, ?, ?, ?, ?, ?, ?)
Hibernate: insert into person (id, date_of_birth, email, first_name, group_ref, last_name, password, website) values (default, ?, ?, ?, ?, ?, ?, ?)
Hibernate: insert into person (id, date_of_birth, email, first_name, group_ref, last_name, password, website) values (default, ?, ?, ?, ?, ?, ?, ?)
Hibernate: insert into person (id, date_of_birth, email, first_name, group_ref, last_name, password, website) values (default, ?, ?, ?, ?, ?, ?, ?)
Hibernate: insert into person (id, date_of_birth, email, first_name, group_ref, last_name, password, website) values (default, ?, ?, ?, ?, ?, ?, ?)
Hibernate: insert into person (id, date_of_birth, email, first_name, group_ref, last_name, password, website) values (default, ?, ?, ?, ?, ?, ?, ?)
Hibernate: insert into person (id, date_of_birth, email, first_name, group_ref, last_name, password, website) values (default, ?, ?, ?, ?, ?, ?, ?)
Hibernate: insert into person (id, date_of_birth, email, first_name, group_ref, last_name, password, website) values (default, ?, ?, ?, ?, ?, ?, ?)
Hibernate: insert into person (id, date_of_birth, email, first_name, group_ref, last_name, password, website) values (default, ?, ?, ?, ?, ?, ?, ?)
Hibernate: insert into person (id, date_of_birth, email, first_name, group_ref, last_name, password, website) values (default, ?, ?, ?, ?, ?, ?, ?)
Hibernate: insert into person (id, date_of_birth, email, first_name, group_ref, last_name, password, website) values (default, ?, ?, ?, ?, ?, ?, ?)
Hibernate: insert into person (id, date_of_birth, email, first_name, group_ref, last_name, password, website) values (default, ?, ?, ?, ?, ?, ?, ?)
Hibernate: insert into person (id, date_of_birth, email, first_name, group_ref, last_name, password, website) values (default, ?, ?, ?, ?, ?, ?, ?)
Hibernate: insert into person (id, date_of_birth, email, first_name, group_ref, last_name, password, website) values (default, ?, ?, ?, ?, ?, ?, ?)
Hibernate: insert into person (id, date_of_birth, email, first_name, group_ref, last_name, password, website) values (default, ?, ?, ?, ?, ?, ?, ?)
Hibernate: insert into person (id, date_of_birth, email, first_name, group_ref, last_name, password, website) values (default, ?, ?, ?, ?, ?, ?, ?)
Hibernate: insert into person (id, date_of_birth, email, first_name, group_ref, last_name, password, website) values (default, ?, ?, ?, ?, ?, ?, ?)
Hibernate: insert into person (id, date_of_birth, email, first_name, group_ref, last_name, password, website) values (default, ?, ?, ?, ?, ?, ?, ?)
Hibernate: insert into person (id, date_of_birth, email, first_name, group_ref, last_name, password, website) values (default, ?, ?, ?, ?, ?, ?, ?)
Hibernate: insert into person (id, date_of_birth, email, first_name, group_ref, last_name, password, website) values (default, ?, ?, ?, ?, ?, ?, ?)
Hibernate: insert into person (id, date_of_birth, email, first_name, group_ref, last_name, password, website) values (default, ?, ?, ?, ?, ?, ?, ?)
Hibernate: insert into person (id, date_of_birth, email, first_name, group_ref, last_name, password, website) values (default, ?, ?, ?, ?, ?, ?, ?)
Hibernate: insert into person (id, date_of_birth, email, first_name, group_ref, last_name, password, website) values (default, ?, ?, ?, ?, ?, ?, ?)
Hibernate: insert into person (id, date_of_birth, email, first_name, group_ref, last_name, password, website) values (default, ?, ?, ?, ?, ?, ?, ?)
Hibernate: insert into person (id, date_of_birth, email, first_name, group_ref, last_name, password, website) values (default, ?, ?, ?, ?, ?, ?, ?)
Hibernate: insert into person (id, date_of_birth, email, first_name, group_ref, last_name, password, website) values (default, ?, ?, ?, ?, ?, ?, ?)
Hibernate: insert into person (id, date_of_birth, email, first_name, group_ref, last_name, password, website) values (default, ?, ?, ?, ?, ?, ?, ?)
Hibernate: insert into person (id, date_of_birth, email, first_name, group_ref, last_name, password, website) values (default, ?, ?, ?, ?, ?, ?, ?)
Hibernate: insert into person (id, date_of_birth, email, first_name, group_ref, last_name, password, website) values (default, ?, ?, ?, ?, ?, ?, ?)
Hibernate: insert into person (id, date_of_birth, email, first_name, group_ref, last_name, password, website) values (default, ?, ?, ?, ?, ?, ?, ?)
Hibernate: insert into person (id, date_of_birth, email, first_name, group_ref, last_name, password, website) values (default, ?, ?, ?, ?, ?, ?, ?)
Hibernate: insert into person (id, date_of_birth, email, first_name, group_ref, last_name, password, website) values (default, ?, ?, ?, ?, ?, ?, ?)
Hibernate: insert into person (id, date_of_birth, email, first_name, group_ref, last_name, password, website) values (default, ?, ?, ?, ?, ?, ?, ?)
Hibernate: insert into person (id, date_of_birth, email, first_name, group_ref, last_name, password, website) values (default, ?, ?, ?, ?, ?, ?, ?)
Hibernate: insert into person (id, date_of_birth, email, first_name, group_ref, last_name, password, website) values (default, ?, ?, ?, ?, ?, ?, ?)
Hibernate: insert into person (id, date_of_birth, email, first_name, group_ref, last_name, password, website) values (default, ?, ?, ?, ?, ?, ?, ?)
Hibernate: insert into person (id, date_of_birth, email, first_name, group_ref, last_name, password, website) values (default, ?, ?, ?, ?, ?, ?, ?)
Hibernate: insert into person (id, date_of_birth, email, first_name, group_ref, last_name, password, website) values (default, ?, ?, ?, ?, ?, ?, ?)
Hibernate: insert into person (id, date_of_birth, email, first_name, group_ref, last_name, password, website) values (default, ?, ?, ?, ?, ?, ?, ?)
Hibernate: insert into person (id, date_of_birth, email, first_name, group_ref, last_name, password, website) values (default, ?, ?, ?, ?, ?, ?, ?)
Hibernate: insert into person (id, date_of_birth, email, first_name, group_ref, last_name, password, website) values (default, ?, ?, ?, ?, ?, ?, ?)
Hibernate: insert into person (id, date_of_birth, email, first_name, group_ref, last_name, password, website) values (default, ?, ?, ?, ?, ?, ?, ?)
Hibernate: insert into person (id, date_of_birth, email, first_name, group_ref, last_name, password, website) values (default, ?, ?, ?, ?, ?, ?, ?)
Hibernate: insert into person (id, date_of_birth, email, first_name, group_ref, last_name, password, website) values (default, ?, ?, ?, ?, ?, ?, ?)
Hibernate: insert into person (id, date_of_birth, email, first_name, group_ref, last_name, password, website) values (default, ?, ?, ?, ?, ?, ?, ?)
Hibernate: insert into person (id, date_of_birth, email, first_name, group_ref, last_name, password, website) values (default, ?, ?, ?, ?, ?, ?, ?)
Hibernate: insert into person (id, date_of_birth, email, first_name, group_ref, last_name, password, website) values (default, ?, ?, ?, ?, ?, ?, ?)
Hibernate: insert into person (id, date_of_birth, email, first_name, group_ref, last_name, password, website) values (default, ?, ?, ?, ?, ?, ?, ?)
Hibernate: insert into person (id, date_of_birth, email, first_name, group_ref, last_name, password, website) values (default, ?, ?, ?, ?, ?, ?, ?)
Hibernate: insert into person (id, date_of_birth, email, first_name, group_ref, last_name, password, website) values (default, ?, ?, ?, ?, ?, ?, ?)
Hibernate: insert into person (id, date_of_birth, email, first_name, group_ref, last_name, password, website) values (default, ?, ?, ?, ?, ?, ?, ?)
Hibernate: insert into person (id, date_of_birth, email, first_name, group_ref, last_name, password, website) values (default, ?, ?, ?, ?, ?, ?, ?)
Hibernate: insert into person (id, date_of_birth, email, first_name, group_ref, last_name, password, website) values (default, ?, ?, ?, ?, ?, ?, ?)
Hibernate: insert into person (id, date_of_birth, email, first_name, group_ref, last_name, password, website) values (default, ?, ?, ?, ?, ?, ?, ?)
Hibernate: insert into person (id, date_of_birth, email, first_name, group_ref, last_name, password, website) values (default, ?, ?, ?, ?, ?, ?, ?)
Hibernate: insert into person (id, date_of_birth, email, first_name, group_ref, last_name, password, website) values (default, ?, ?, ?, ?, ?, ?, ?)
Hibernate: insert into person (id, date_of_birth, email, first_name, group_ref, last_name, password, website) values (default, ?, ?, ?, ?, ?, ?, ?)
Hibernate: insert into person (id, date_of_birth, email, first_name, group_ref, last_name, password, website) values (default, ?, ?, ?, ?, ?, ?, ?)
Hibernate: insert into person (id, date_of_birth, email, first_name, group_ref, last_name, password, website) values (default, ?, ?, ?, ?, ?, ?, ?)
Hibernate: insert into person (id, date_of_birth, email, first_name, group_ref, last_name, password, website) values (default, ?, ?, ?, ?, ?, ?, ?)
Hibernate: insert into person (id, date_of_birth, email, first_name, group_ref, last_name, password, website) values (default, ?, ?, ?, ?, ?, ?, ?)
Hibernate: insert into person (id, date_of_birth, email, first_name, group_ref, last_name, password, website) values (default, ?, ?, ?, ?, ?, ?, ?)
Hibernate: insert into person (id, date_of_birth, email, first_name, group_ref, last_name, password, website) values (default, ?, ?, ?, ?, ?, ?, ?)
Hibernate: insert into person (id, date_of_birth, email, first_name, group_ref, last_name, password, website) values (default, ?, ?, ?, ?, ?, ?, ?)
Hibernate: insert into person (id, date_of_birth, email, first_name, group_ref, last_name, password, website) values (default, ?, ?, ?, ?, ?, ?, ?)
Hibernate: insert into person (id, date_of_birth, email, first_name, group_ref, last_name, password, website) values (default, ?, ?, ?, ?, ?, ?, ?)
Hibernate: insert into person (id, date_of_birth, email, first_name, group_ref, last_name, password, website) values (default, ?, ?, ?, ?, ?, ?, ?)
Hibernate: insert into person (id, date_of_birth, email, first_name, group_ref, last_name, password, website) values (default, ?, ?, ?, ?, ?, ?, ?)
Hibernate: insert into person (id, date_of_birth, email, first_name, group_ref, last_name, password, website) values (default, ?, ?, ?, ?, ?, ?, ?)
Hibernate: insert into person (id, date_of_birth, email, first_name, group_ref, last_name, password, website) values (default, ?, ?, ?, ?, ?, ?, ?)
Hibernate: insert into person (id, date_of_birth, email, first_name, group_ref, last_name, password, website) values (default, ?, ?, ?, ?, ?, ?, ?)
Hibernate: insert into person (id, date_of_birth, email, first_name, group_ref, last_name, password, website) values (default, ?, ?, ?, ?, ?, ?, ?)
Hibernate: insert into person (id, date_of_birth, email, first_name, group_ref, last_name, password, website) values (default, ?, ?, ?, ?, ?, ?, ?)
Hibernate: insert into person (id, date_of_birth, email, first_name, group_ref, last_name, password, website) values (default, ?, ?, ?, ?, ?, ?, ?)
Hibernate: insert into person (id, date_of_birth, email, first_name, group_ref, last_name, password, website) values (default, ?, ?, ?, ?, ?, ?, ?)
Hibernate: insert into person (id, date_of_birth, email, first_name, group_ref, last_name, password, website) values (default, ?, ?, ?, ?, ?, ?, ?)
Hibernate: insert into person (id, date_of_birth, email, first_name, group_ref, last_name, password, website) values (default, ?, ?, ?, ?, ?, ?, ?)
Hibernate: insert into person (id, date_of_birth, email, first_name, group_ref, last_name, password, website) values (default, ?, ?, ?, ?, ?, ?, ?)
Hibernate: insert into person (id, date_of_birth, email, first_name, group_ref, last_name, password, website) values (default, ?, ?, ?, ?, ?, ?, ?)
Hibernate: insert into person (id, date_of_birth, email, first_name, group_ref, last_name, password, website) values (default, ?, ?, ?, ?, ?, ?, ?)
Hibernate: insert into person (id, date_of_birth, email, first_name, group_ref, last_name, password, website) values (default, ?, ?, ?, ?, ?, ?, ?)
Hibernate: insert into person (id, date_of_birth, email, first_name, group_ref, last_name, password, website) values (default, ?, ?, ?, ?, ?, ?, ?)
Hibernate: insert into person (id, date_of_birth, email, first_name, group_ref, last_name, password, website) values (default, ?, ?, ?, ?, ?, ?, ?)
Hibernate: insert into person (id, date_of_birth, email, first_name, group_ref, last_name, password, website) values (default, ?, ?, ?, ?, ?, ?, ?)
Hibernate: insert into person (id, date_of_birth, email, first_name, group_ref, last_name, password, website) values (default, ?, ?, ?, ?, ?, ?, ?)
Hibernate: insert into person (id, date_of_birth, email, first_name, group_ref, last_name, password, website) values (default, ?, ?, ?, ?, ?, ?, ?)
Hibernate: insert into person (id, date_of_birth, email, first_name, group_ref, last_name, password, website) values (default, ?, ?, ?, ?, ?, ?, ?)
Hibernate: insert into person (id, date_of_birth, email, first_name, group_ref, last_name, password, website) values (default, ?, ?, ?, ?, ?, ?, ?)
Hibernate: insert into person (id, date_of_birth, email, first_name, group_ref, last_name, password, website) values (default, ?, ?, ?, ?, ?, ?, ?)
Hibernate: insert into person (id, date_of_birth, email, first_name, group_ref, last_name, password, website) values (default, ?, ?, ?, ?, ?, ?, ?)
Hibernate: insert into person (id, date_of_birth, email, first_name, group_ref, last_name, password, website) values (default, ?, ?, ?, ?, ?, ?, ?)
Hibernate: insert into person (id, date_of_birth, email, first_name, group_ref, last_name, password, website) values (default, ?, ?, ?, ?, ?, ?, ?)
Hibernate: insert into person (id, date_of_birth, email, first_name, group_ref, last_name, password, website) values (default, ?, ?, ?, ?, ?, ?, ?)
Hibernate: insert into person (id, date_of_birth, email, first_name, group_ref, last_name, password, website) values (default, ?, ?, ?, ?, ?, ?, ?)
Hibernate: insert into person (id, date_of_birth, email, first_name, group_ref, last_name, password, website) values (default, ?, ?, ?, ?, ?, ?, ?)
Hibernate: insert into person (id, date_of_birth, email, first_name, group_ref, last_name, password, website) values (default, ?, ?, ?, ?, ?, ?, ?)
Hibernate: insert into person (id, date_of_birth, email, first_name, group_ref, last_name, password, website) values (default, ?, ?, ?, ?, ?, ?, ?)
Hibernate: insert into person (id, date_of_birth, email, first_name, group_ref, last_name, password, website) values (default, ?, ?, ?, ?, ?, ?, ?)
Hibernate: insert into person (id, date_of_birth, email, first_name, group_ref, last_name, password, website) values (default, ?, ?, ?, ?, ?, ?, ?)
Hibernate: insert into person (id, date_of_birth, email, first_name, group_ref, last_name, password, website) values (default, ?, ?, ?, ?, ?, ?, ?)
Hibernate: insert into person (id, date_of_birth, email, first_name, group_ref, last_name, password, website) values (default, ?, ?, ?, ?, ?, ?, ?)
Hibernate: insert into person (id, date_of_birth, email, first_name, group_ref, last_name, password, website) values (default, ?, ?, ?, ?, ?, ?, ?)
Hibernate: insert into person (id, date_of_birth, email, first_name, group_ref, last_name, password, website) values (default, ?, ?, ?, ?, ?, ?, ?)
Hibernate: insert into person (id, date_of_birth, email, first_name, group_ref, last_name, password, website) values (default, ?, ?, ?, ?, ?, ?, ?)
Hibernate: insert into person (id, date_of_birth, email, first_name, group_ref, last_name, password, website) values (default, ?, ?, ?, ?, ?, ?, ?)
Hibernate: insert into person (id, date_of_birth, email, first_name, group_ref, last_name, password, website) values (default, ?, ?, ?, ?, ?, ?, ?)
Hibernate: insert into person (id, date_of_birth, email, first_name, group_ref, last_name, password, website) values (default, ?, ?, ?, ?, ?, ?, ?)
Hibernate: insert into person (id, date_of_birth, email, first_name, group_ref, last_name, password, website) values (default, ?, ?, ?, ?, ?, ?, ?)
Hibernate: insert into person (id, date_of_birth, email, first_name, group_ref, last_name, password, website) values (default, ?, ?, ?, ?, ?, ?, ?)
Hibernate: insert into person (id, date_of_birth, email, first_name, group_ref, last_name, password, website) values (default, ?, ?, ?, ?, ?, ?, ?)
Hibernate: insert into person (id, date_of_birth, email, first_name, group_ref, last_name, password, website) values (default, ?, ?, ?, ?, ?, ?, ?)
Hibernate: insert into person (id, date_of_birth, email, first_name, group_ref, last_name, password, website) values (default, ?, ?, ?, ?, ?, ?, ?)
Hibernate: insert into person (id, date_of_birth, email, first_name, group_ref, last_name, password, website) values (default, ?, ?, ?, ?, ?, ?, ?)
Hibernate: insert into person (id, date_of_birth, email, first_name, group_ref, last_name, password, website) values (default, ?, ?, ?, ?, ?, ?, ?)
Hibernate: insert into person (id, date_of_birth, email, first_name, group_ref, last_name, password, website) values (default, ?, ?, ?, ?, ?, ?, ?)
Hibernate: insert into person (id, date_of_birth, email, first_name, group_ref, last_name, password, website) values (default, ?, ?, ?, ?, ?, ?, ?)
Hibernate: insert into person (id, date_of_birth, email, first_name, group_ref, last_name, password, website) values (default, ?, ?, ?, ?, ?, ?, ?)
Hibernate: insert into person (id, date_of_birth, email, first_name, group_ref, last_name, password, website) values (default, ?, ?, ?, ?, ?, ?, ?)
Hibernate: insert into person (id, date_of_birth, email, first_name, group_ref, last_name, password, website) values (default, ?, ?, ?, ?, ?, ?, ?)
Hibernate: insert into person (id, date_of_birth, email, first_name, group_ref, last_name, password, website) values (default, ?, ?, ?, ?, ?, ?, ?)
Hibernate: insert into person (id, date_of_birth, email, first_name, group_ref, last_name, password, website) values (default, ?, ?, ?, ?, ?, ?, ?)
Hibernate: insert into person (id, date_of_birth, email, first_name, group_ref, last_name, password, website) values (default, ?, ?, ?, ?, ?, ?, ?)
Hibernate: insert into person (id, date_of_birth, email, first_name, group_ref, last_name, password, website) values (default, ?, ?, ?, ?, ?, ?, ?)
Hibernate: insert into person (id, date_of_birth, email, first_name, group_ref, last_name, password, website) values (default, ?, ?, ?, ?, ?, ?, ?)
Hibernate: insert into person (id, date_of_birth, email, first_name, group_ref, last_name, password, website) values (default, ?, ?, ?, ?, ?, ?, ?)
Hibernate: insert into person (id, date_of_birth, email, first_name, group_ref, last_name, password, website) values (default, ?, ?, ?, ?, ?, ?, ?)
Hibernate: insert into person (id, date_of_birth, email, first_name, group_ref, last_name, password, website) values (default, ?, ?, ?, ?, ?, ?, ?)
Hibernate: insert into person (id, date_of_birth, email, first_name, group_ref, last_name, password, website) values (default, ?, ?, ?, ?, ?, ?, ?)
Hibernate: insert into person (id, date_of_birth, email, first_name, group_ref, last_name, password, website) values (default, ?, ?, ?, ?, ?, ?, ?)
Hibernate: insert into person (id, date_of_birth, email, first_name, group_ref, last_name, password, website) values (default, ?, ?, ?, ?, ?, ?, ?)
Hibernate: insert into person (id, date_of_birth, email, first_name, group_ref, last_name, password, website) values (default, ?, ?, ?, ?, ?, ?, ?)
Hibernate: insert into person (id, date_of_birth, email, first_name, group_ref, last_name, password, website) values (default, ?, ?, ?, ?, ?, ?, ?)
Hibernate: insert into person (id, date_of_birth, email, first_name, group_ref, last_name, password, website) values (default, ?, ?, ?, ?, ?, ?, ?)
Hibernate: insert into person (id, date_of_birth, email, first_name, group_ref, last_name, password, website) values (default, ?, ?, ?, ?, ?, ?, ?)
Hibernate: insert into person (id, date_of_birth, email, first_name, group_ref, last_name, password, website) values (default, ?, ?, ?, ?, ?, ?, ?)
Hibernate: insert into person (id, date_of_birth, email, first_name, group_ref, last_name, password, website) values (default, ?, ?, ?, ?, ?, ?, ?)
Hibernate: insert into person (id, date_of_birth, email, first_name, group_ref, last_name, password, website) values (default, ?, ?, ?, ?, ?, ?, ?)
Hibernate: insert into person (id, date_of_birth, email, first_name, group_ref, last_name, password, website) values (default, ?, ?, ?, ?, ?, ?, ?)
Hibernate: insert into person (id, date_of_birth, email, first_name, group_ref, last_name, password, website) values (default, ?, ?, ?, ?, ?, ?, ?)
Hibernate: insert into person (id, date_of_birth, email, first_name, group_ref, last_name, password, website) values (default, ?, ?, ?, ?, ?, ?, ?)
Hibernate: insert into person (id, date_of_birth, email, first_name, group_ref, last_name, password, website) values (default, ?, ?, ?, ?, ?, ?, ?)
Hibernate: insert into person (id, date_of_birth, email, first_name, group_ref, last_name, password, website) values (default, ?, ?, ?, ?, ?, ?, ?)
Hibernate: insert into person (id, date_of_birth, email, first_name, group_ref, last_name, password, website) values (default, ?, ?, ?, ?, ?, ?, ?)
Hibernate: insert into person (id, date_of_birth, email, first_name, group_ref, last_name, password, website) values (default, ?, ?, ?, ?, ?, ?, ?)
Hibernate: insert into person (id, date_of_birth, email, first_name, group_ref, last_name, password, website) values (default, ?, ?, ?, ?, ?, ?, ?)
Hibernate: insert into person (id, date_of_birth, email, first_name, group_ref, last_name, password, website) values (default, ?, ?, ?, ?, ?, ?, ?)
Hibernate: insert into person (id, date_of_birth, email, first_name, group_ref, last_name, password, website) values (default, ?, ?, ?, ?, ?, ?, ?)
Hibernate: insert into person (id, date_of_birth, email, first_name, group_ref, last_name, password, website) values (default, ?, ?, ?, ?, ?, ?, ?)
Hibernate: insert into person (id, date_of_birth, email, first_name, group_ref, last_name, password, website) values (default, ?, ?, ?, ?, ?, ?, ?)
Hibernate: insert into person (id, date_of_birth, email, first_name, group_ref, last_name, password, website) values (default, ?, ?, ?, ?, ?, ?, ?)
Hibernate: insert into person (id, date_of_birth, email, first_name, group_ref, last_name, password, website) values (default, ?, ?, ?, ?, ?, ?, ?)
Hibernate: insert into person (id, date_of_birth, email, first_name, group_ref, last_name, password, website) values (default, ?, ?, ?, ?, ?, ?, ?)
Hibernate: insert into person (id, date_of_birth, email, first_name, group_ref, last_name, password, website) values (default, ?, ?, ?, ?, ?, ?, ?)
Hibernate: insert into person (id, date_of_birth, email, first_name, group_ref, last_name, password, website) values (default, ?, ?, ?, ?, ?, ?, ?)
Hibernate: insert into person (id, date_of_birth, email, first_name, group_ref, last_name, password, website) values (default, ?, ?, ?, ?, ?, ?, ?)
Hibernate: insert into person (id, date_of_birth, email, first_name, group_ref, last_name, password, website) values (default, ?, ?, ?, ?, ?, ?, ?)
Hibernate: insert into person (id, date_of_birth, email, first_name, group_ref, last_name, password, website) values (default, ?, ?, ?, ?, ?, ?, ?)
Hibernate: insert into person (id, date_of_birth, email, first_name, group_ref, last_name, password, website) values (default, ?, ?, ?, ?, ?, ?, ?)
Hibernate: insert into person (id, date_of_birth, email, first_name, group_ref, last_name, password, website) values (default, ?, ?, ?, ?, ?, ?, ?)
Hibernate: insert into person (id, date_of_birth, email, first_name, group_ref, last_name, password, website) values (default, ?, ?, ?, ?, ?, ?, ?)
Hibernate: insert into person (id, date_of_birth, email, first_name, group_ref, last_name, password, website) values (default, ?, ?, ?, ?, ?, ?, ?)
Hibernate: insert into person (id, date_of_birth, email, first_name, group_ref, last_name, password, website) values (default, ?, ?, ?, ?, ?, ?, ?)
Hibernate: insert into person (id, date_of_birth, email, first_name, group_ref, last_name, password, website) values (default, ?, ?, ?, ?, ?, ?, ?)
Hibernate: insert into person (id, date_of_birth, email, first_name, group_ref, last_name, password, website) values (default, ?, ?, ?, ?, ?, ?, ?)
Hibernate: insert into person (id, date_of_birth, email, first_name, group_ref, last_name, password, website) values (default, ?, ?, ?, ?, ?, ?, ?)
Hibernate: insert into person (id, date_of_birth, email, first_name, group_ref, last_name, password, website) values (default, ?, ?, ?, ?, ?, ?, ?)
Hibernate: insert into person (id, date_of_birth, email, first_name, group_ref, last_name, password, website) values (default, ?, ?, ?, ?, ?, ?, ?)
Hibernate: insert into person (id, date_of_birth, email, first_name, group_ref, last_name, password, website) values (default, ?, ?, ?, ?, ?, ?, ?)
Hibernate: insert into person (id, date_of_birth, email, first_name, group_ref, last_name, password, website) values (default, ?, ?, ?, ?, ?, ?, ?)
Hibernate: insert into person (id, date_of_birth, email, first_name, group_ref, last_name, password, website) values (default, ?, ?, ?, ?, ?, ?, ?)
Hibernate: insert into person (id, date_of_birth, email, first_name, group_ref, last_name, password, website) values (default, ?, ?, ?, ?, ?, ?, ?)
Hibernate: insert into person (id, date_of_birth, email, first_name, group_ref, last_name, password, website) values (default, ?, ?, ?, ?, ?, ?, ?)
Hibernate: insert into person (id, date_of_birth, email, first_name, group_ref, last_name, password, website) values (default, ?, ?, ?, ?, ?, ?, ?)
Hibernate: insert into person (id, date_of_birth, email, first_name, group_ref, last_name, password, website) values (default, ?, ?, ?, ?, ?, ?, ?)
Hibernate: insert into person (id, date_of_birth, email, first_name, group_ref, last_name, password, website) values (default, ?, ?, ?, ?, ?, ?, ?)
Hibernate: insert into person (id, date_of_birth, email, first_name, group_ref, last_name, password, website) values (default, ?, ?, ?, ?, ?, ?, ?)
Hibernate: insert into person (id, date_of_birth, email, first_name, group_ref, last_name, password, website) values (default, ?, ?, ?, ?, ?, ?, ?)
Hibernate: insert into person (id, date_of_birth, email, first_name, group_ref, last_name, password, website) values (default, ?, ?, ?, ?, ?, ?, ?)
Hibernate: insert into person (id, date_of_birth, email, first_name, group_ref, last_name, password, website) values (default, ?, ?, ?, ?, ?, ?, ?)
Hibernate: insert into person (id, date_of_birth, email, first_name, group_ref, last_name, password, website) values (default, ?, ?, ?, ?, ?, ?, ?)
Hibernate: insert into person (id, date_of_birth, email, first_name, group_ref, last_name, password, website) values (default, ?, ?, ?, ?, ?, ?, ?)
Hibernate: insert into person (id, date_of_birth, email, first_name, group_ref, last_name, password, website) values (default, ?, ?, ?, ?, ?, ?, ?)
Hibernate: insert into person (id, date_of_birth, email, first_name, group_ref, last_name, password, website) values (default, ?, ?, ?, ?, ?, ?, ?)
Hibernate: insert into person (id, date_of_birth, email, first_name, group_ref, last_name, password, website) values (default, ?, ?, ?, ?, ?, ?, ?)
Hibernate: insert into person (id, date_of_birth, email, first_name, group_ref, last_name, password, website) values (default, ?, ?, ?, ?, ?, ?, ?)
Hibernate: insert into person (id, date_of_birth, email, first_name, group_ref, last_name, password, website) values (default, ?, ?, ?, ?, ?, ?, ?)
Hibernate: insert into person (id, date_of_birth, email, first_name, group_ref, last_name, password, website) values (default, ?, ?, ?, ?, ?, ?, ?)
Hibernate: insert into person (id, date_of_birth, email, first_name, group_ref, last_name, password, website) values (default, ?, ?, ?, ?, ?, ?, ?)
Hibernate: insert into person (id, date_of_birth, email, first_name, group_ref, last_name, password, website) values (default, ?, ?, ?, ?, ?, ?, ?)
Hibernate: insert into person (id, date_of_birth, email, first_name, group_ref, last_name, password, website) values (default, ?, ?, ?, ?, ?, ?, ?)
Hibernate: insert into person (id, date_of_birth, email, first_name, group_ref, last_name, password, website) values (default, ?, ?, ?, ?, ?, ?, ?)
Hibernate: insert into person (id, date_of_birth, email, first_name, group_ref, last_name, password, website) values (default, ?, ?, ?, ?, ?, ?, ?)
Hibernate: insert into person (id, date_of_birth, email, first_name, group_ref, last_name, password, website) values (default, ?, ?, ?, ?, ?, ?, ?)
Hibernate: insert into person (id, date_of_birth, email, first_name, group_ref, last_name, password, website) values (default, ?, ?, ?, ?, ?, ?, ?)
Hibernate: insert into person (id, date_of_birth, email, first_name, group_ref, last_name, password, website) values (default, ?, ?, ?, ?, ?, ?, ?)
Hibernate: insert into person (id, date_of_birth, email, first_name, group_ref, last_name, password, website) values (default, ?, ?, ?, ?, ?, ?, ?)
Hibernate: insert into person (id, date_of_birth, email, first_name, group_ref, last_name, password, website) values (default, ?, ?, ?, ?, ?, ?, ?)
Hibernate: insert into person (id, date_of_birth, email, first_name, group_ref, last_name, password, website) values (default, ?, ?, ?, ?, ?, ?, ?)
Hibernate: insert into person (id, date_of_birth, email, first_name, group_ref, last_name, password, website) values (default, ?, ?, ?, ?, ?, ?, ?)
Hibernate: insert into person (id, date_of_birth, email, first_name, group_ref, last_name, password, website) values (default, ?, ?, ?, ?, ?, ?, ?)
Hibernate: insert into person (id, date_of_birth, email, first_name, group_ref, last_name, password, website) values (default, ?, ?, ?, ?, ?, ?, ?)
Hibernate: insert into person (id, date_of_birth, email, first_name, group_ref, last_name, password, website) values (default, ?, ?, ?, ?, ?, ?, ?)
Hibernate: insert into person (id, date_of_birth, email, first_name, group_ref, last_name, password, website) values (default, ?, ?, ?, ?, ?, ?, ?)
Hibernate: insert into person (id, date_of_birth, email, first_name, group_ref, last_name, password, website) values (default, ?, ?, ?, ?, ?, ?, ?)
Hibernate: insert into person (id, date_of_birth, email, first_name, group_ref, last_name, password, website) values (default, ?, ?, ?, ?, ?, ?, ?)
Hibernate: insert into person (id, date_of_birth, email, first_name, group_ref, last_name, password, website) values (default, ?, ?, ?, ?, ?, ?, ?)
Hibernate: insert into person (id, date_of_birth, email, first_name, group_ref, last_name, password, website) values (default, ?, ?, ?, ?, ?, ?, ?)
Hibernate: insert into person (id, date_of_birth, email, first_name, group_ref, last_name, password, website) values (default, ?, ?, ?, ?, ?, ?, ?)
Hibernate: insert into person (id, date_of_birth, email, first_name, group_ref, last_name, password, website) values (default, ?, ?, ?, ?, ?, ?, ?)
Hibernate: insert into person (id, date_of_birth, email, first_name, group_ref, last_name, password, website) values (default, ?, ?, ?, ?, ?, ?, ?)
Hibernate: insert into person (id, date_of_birth, email, first_name, group_ref, last_name, password, website) values (default, ?, ?, ?, ?, ?, ?, ?)
Hibernate: insert into person (id, date_of_birth, email, first_name, group_ref, last_name, password, website) values (default, ?, ?, ?, ?, ?, ?, ?)
Hibernate: insert into person (id, date_of_birth, email, first_name, group_ref, last_name, password, website) values (default, ?, ?, ?, ?, ?, ?, ?)
Hibernate: insert into person (id, date_of_birth, email, first_name, group_ref, last_name, password, website) values (default, ?, ?, ?, ?, ?, ?, ?)
Hibernate: insert into person (id, date_of_birth, email, first_name, group_ref, last_name, password, website) values (default, ?, ?, ?, ?, ?, ?, ?)
Hibernate: insert into person (id, date_of_birth, email, first_name, group_ref, last_name, password, website) values (default, ?, ?, ?, ?, ?, ?, ?)
Hibernate: insert into person (id, date_of_birth, email, first_name, group_ref, last_name, password, website) values (default, ?, ?, ?, ?, ?, ?, ?)
Hibernate: insert into person (id, date_of_birth, email, first_name, group_ref, last_name, password, website) values (default, ?, ?, ?, ?, ?, ?, ?)
Hibernate: insert into person (id, date_of_birth, email, first_name, group_ref, last_name, password, website) values (default, ?, ?, ?, ?, ?, ?, ?)
Hibernate: insert into person (id, date_of_birth, email, first_name, group_ref, last_name, password, website) values (default, ?, ?, ?, ?, ?, ?, ?)
Hibernate: insert into person (id, date_of_birth, email, first_name, group_ref, last_name, password, website) values (default, ?, ?, ?, ?, ?, ?, ?)
Hibernate: insert into person (id, date_of_birth, email, first_name, group_ref, last_name, password, website) values (default, ?, ?, ?, ?, ?, ?, ?)
Hibernate: insert into person (id, date_of_birth, email, first_name, group_ref, last_name, password, website) values (default, ?, ?, ?, ?, ?, ?, ?)
Hibernate: insert into person (id, date_of_birth, email, first_name, group_ref, last_name, password, website) values (default, ?, ?, ?, ?, ?, ?, ?)
Hibernate: insert into person (id, date_of_birth, email, first_name, group_ref, last_name, password, website) values (default, ?, ?, ?, ?, ?, ?, ?)
Hibernate: insert into person (id, date_of_birth, email, first_name, group_ref, last_name, password, website) values (default, ?, ?, ?, ?, ?, ?, ?)
Hibernate: insert into person (id, date_of_birth, email, first_name, group_ref, last_name, password, website) values (default, ?, ?, ?, ?, ?, ?, ?)
Hibernate: insert into person (id, date_of_birth, email, first_name, group_ref, last_name, password, website) values (default, ?, ?, ?, ?, ?, ?, ?)
Hibernate: insert into person (id, date_of_birth, email, first_name, group_ref, last_name, password, website) values (default, ?, ?, ?, ?, ?, ?, ?)
Hibernate: insert into person (id, date_of_birth, email, first_name, group_ref, last_name, password, website) values (default, ?, ?, ?, ?, ?, ?, ?)
Hibernate: insert into person (id, date_of_birth, email, first_name, group_ref, last_name, password, website) values (default, ?, ?, ?, ?, ?, ?, ?)
Hibernate: insert into person (id, date_of_birth, email, first_name, group_ref, last_name, password, website) values (default, ?, ?, ?, ?, ?, ?, ?)
Hibernate: insert into person (id, date_of_birth, email, first_name, group_ref, last_name, password, website) values (default, ?, ?, ?, ?, ?, ?, ?)
Hibernate: insert into person (id, date_of_birth, email, first_name, group_ref, last_name, password, website) values (default, ?, ?, ?, ?, ?, ?, ?)
Hibernate: insert into person (id, date_of_birth, email, first_name, group_ref, last_name, password, website) values (default, ?, ?, ?, ?, ?, ?, ?)
Hibernate: insert into person (id, date_of_birth, email, first_name, group_ref, last_name, password, website) values (default, ?, ?, ?, ?, ?, ?, ?)
Hibernate: insert into person (id, date_of_birth, email, first_name, group_ref, last_name, password, website) values (default, ?, ?, ?, ?, ?, ?, ?)
Hibernate: insert into person (id, date_of_birth, email, first_name, group_ref, last_name, password, website) values (default, ?, ?, ?, ?, ?, ?, ?)
Hibernate: insert into person (id, date_of_birth, email, first_name, group_ref, last_name, password, website) values (default, ?, ?, ?, ?, ?, ?, ?)
Hibernate: insert into person (id, date_of_birth, email, first_name, group_ref, last_name, password, website) values (default, ?, ?, ?, ?, ?, ?, ?)
Hibernate: insert into person (id, date_of_birth, email, first_name, group_ref, last_name, password, website) values (default, ?, ?, ?, ?, ?, ?, ?)
Hibernate: insert into person (id, date_of_birth, email, first_name, group_ref, last_name, password, website) values (default, ?, ?, ?, ?, ?, ?, ?)
Hibernate: insert into person (id, date_of_birth, email, first_name, group_ref, last_name, password, website) values (default, ?, ?, ?, ?, ?, ?, ?)
Hibernate: insert into person (id, date_of_birth, email, first_name, group_ref, last_name, password, website) values (default, ?, ?, ?, ?, ?, ?, ?)
pamelia.spencer@yahoo.com
9ase3f6xea9
]]></system-out>
  </testcase>
</testsuite>